<?xml version="1.0" encoding="UTF-8"?>
<testsuites>
  <testsuite name="abnormal" timestamp="2023-02-08T20:07:59Z" hostname="dde705f2eefc" tests="14" skipped="7" failures="0" errors="0" time="0.834">
    <testcase time="0.0449999999999999" classname="abnormal" name="s_count_abnormal_works_with_healthy_input_and_default_arguments"/>
    <testcase time="0.201" classname="abnormal" name="s_count_abnormal_works_with_healthy_input_and_default_arguments">
      <skipped message="Reason: On CRAN ('test-abnormal.R:24')"/>
    </testcase>
    <testcase time="0.036" classname="abnormal" name="s_count_abnormal_works_when_excluding_patients_with_abnormality_at_baseline"/>
    <testcase time="0.00499999999999989" classname="abnormal" name="s_count_abnormal_works_when_excluding_patients_with_abnormality_at_baseline">
      <skipped message="Reason: On CRAN ('test-abnormal.R:51')"/>
    </testcase>
    <testcase time="0.0329999999999999" classname="abnormal" name="s_count_abnormal_also_works_with_tibble_and_custom_arguments"/>
    <testcase time="0.00499999999999989" classname="abnormal" name="s_count_abnormal_also_works_with_tibble_and_custom_arguments">
      <skipped message="Reason: On CRAN ('test-abnormal.R:80')"/>
    </testcase>
    <testcase time="0.125" classname="abnormal" name="count_abnormal_works_with_default_arguments"/>
    <testcase time="0.04" classname="abnormal" name="count_abnormal_works_with_default_arguments">
      <skipped message="Reason: On CRAN ('test-abnormal.R:103')"/>
    </testcase>
    <testcase time="0.077" classname="abnormal" name="count_abnormal_works_with_custom_arguments"/>
    <testcase time="0.097" classname="abnormal" name="count_abnormal_works_with_custom_arguments">
      <skipped message="Reason: On CRAN ('test-abnormal.R:134')"/>
    </testcase>
    <testcase time="0.122" classname="abnormal" name="count_abnormal_works_with_default_arguments_and_visit"/>
    <testcase time="0.0269999999999997" classname="abnormal" name="count_abnormal_works_with_default_arguments_and_visit">
      <skipped message="Reason: On CRAN ('test-abnormal.R:160')"/>
    </testcase>
    <testcase time="0.016" classname="abnormal" name="s_count_abnormal_works_with_healthy_input_and_grouped_abnormal_arguments"/>
    <testcase time="0.00499999999999989" classname="abnormal" name="s_count_abnormal_works_with_healthy_input_and_grouped_abnormal_arguments">
      <skipped message="Reason: On CRAN ('test-abnormal.R:186')"/>
    </testcase>
  </testsuite>
  <testsuite name="abnormal_by_baseline" timestamp="2023-02-08T20:08:00Z" hostname="dde705f2eefc" tests="13" skipped="5" failures="0" errors="0" time="0.321">
    <testcase time="0.0250000000000004" classname="abnormal_by_baseline" name="s_count_abnormal_by_baseline_works_with_healthy_input_and_default_arguments"/>
    <testcase time="0.00499999999999989" classname="abnormal_by_baseline" name="s_count_abnormal_by_baseline_works_with_healthy_input_and_default_arguments">
      <skipped message="Reason: On CRAN ('test-abnormal_by_baseline.R:16')"/>
    </testcase>
    <testcase time="0.0129999999999999" classname="abnormal_by_baseline" name="s_count_abnormal_by_baseline_also_works_with_tibble_and_custom_arguments"/>
    <testcase time="0.00499999999999989" classname="abnormal_by_baseline" name="s_count_abnormal_by_baseline_also_works_with_tibble_and_custom_arguments">
      <skipped message="Reason: On CRAN ('test-abnormal_by_baseline.R:46')"/>
    </testcase>
    <testcase time="0.028" classname="abnormal_by_baseline" name="count_abnormal_by_baseline_throws_warning_with_character_var"/>
    <testcase time="0.00099999999999989" classname="abnormal_by_baseline" name="count_abnormal_by_baseline_throws_warning_with_character_var"/>
    <testcase time="0.00499999999999989" classname="abnormal_by_baseline" name="count_abnormal_by_baseline_throws_warning_with_character_var">
      <skipped message="Reason: On CRAN ('test-abnormal_by_baseline.R:80')"/>
    </testcase>
    <testcase time="0.0899999999999999" classname="abnormal_by_baseline" name="count_abnormal_by_baseline_works_with_default_arguments"/>
    <testcase time="0.0270000000000001" classname="abnormal_by_baseline" name="count_abnormal_by_baseline_works_with_default_arguments">
      <skipped message="Reason: On CRAN ('test-abnormal_by_baseline.R:94')"/>
    </testcase>
    <testcase time="0.0720000000000001" classname="abnormal_by_baseline" name="count_abnormal_by_baseline_works_with_custom_arguments"/>
    <testcase time="0.028" classname="abnormal_by_baseline" name="count_abnormal_by_baseline_works_with_custom_arguments">
      <skipped message="Reason: On CRAN ('test-abnormal_by_baseline.R:113')"/>
    </testcase>
    <testcase time="0.016" classname="abnormal_by_baseline" name="s_count_abnormal_by_baseline_gives_error_for_NA_input"/>
    <testcase time="0.00599999999999978" classname="abnormal_by_baseline" name="s_count_abnormal_by_baseline_gives_error_for_NA_input"/>
  </testsuite>
  <testsuite name="abnormal_by_marked" timestamp="2023-02-08T20:08:13Z" hostname="dde705f2eefc" tests="7" skipped="3" failures="0" errors="0" time="41.507">
    <testcase time="19.297" classname="abnormal_by_marked" name="s_count_abnormal_by_marked_works_as_expected"/>
    <testcase time="0.00499999999999901" classname="abnormal_by_marked" name="s_count_abnormal_by_marked_works_as_expected">
      <skipped message="Reason: On CRAN ('test-abnormal_by_marked.R:80')"/>
    </testcase>
    <testcase time="7.277" classname="abnormal_by_marked" name="s_count_abnormal_by_marked_works_as_expected"/>
    <testcase time="0.00499999999999901" classname="abnormal_by_marked" name="s_count_abnormal_by_marked_works_as_expected">
      <skipped message="Reason: On CRAN ('test-abnormal_by_marked.R:135')"/>
    </testcase>
    <testcase time="7.292" classname="abnormal_by_marked" name="s_count_abnormal_by_marked_returns_an_error_when_abn_dir_contains_two_direction_values"/>
    <testcase time="7.588" classname="abnormal_by_marked" name="count_abnormal_by_marked_works_as_expected"/>
    <testcase time="0.0429999999999993" classname="abnormal_by_marked" name="count_abnormal_by_marked_works_as_expected">
      <skipped message="Reason: On CRAN ('test-abnormal_by_marked.R:253')"/>
    </testcase>
  </testsuite>
  <testsuite name="abnormal_by_worst_grade" timestamp="2023-02-08T20:08:42Z" hostname="dde705f2eefc" tests="5" skipped="2" failures="0" errors="0" time="0.314">
    <testcase time="0.0799999999999983" classname="abnormal_by_worst_grade" name="s_count_abnormal_by_worst_grade_works_as_expected"/>
    <testcase time="0.00500000000000256" classname="abnormal_by_worst_grade" name="s_count_abnormal_by_worst_grade_works_as_expected">
      <skipped message="Reason: On CRAN ('test-abnormal_by_worst_grade.R:66')"/>
    </testcase>
    <testcase time="0.128" classname="abnormal_by_worst_grade" name="count_abnormal_by_worst_grade_works_as_expected"/>
    <testcase time="0.0350000000000037" classname="abnormal_by_worst_grade" name="count_abnormal_by_worst_grade_works_as_expected">
      <skipped message="Reason: On CRAN ('test-abnormal_by_worst_grade.R:94')"/>
    </testcase>
    <testcase time="0.0659999999999954" classname="abnormal_by_worst_grade" name="count_abnormal_by_worst_grade_returns_an_error_when_variables_param_and_variables_grade_dir_are_taking_variable_names_not_used_for_splitting_the_layout_in_rows."/>
  </testsuite>
  <testsuite name="abnormal_by_worst_grade_worsen" timestamp="2023-02-08T20:08:42Z" hostname="dde705f2eefc" tests="20" skipped="10" failures="0" errors="0" time="1.126">
    <testcase time="0.363" classname="abnormal_by_worst_grade_worsen" name="h_adlb_worsen_stacks_data_correctly_simple_case_"/>
    <testcase time="0.0410000000000039" classname="abnormal_by_worst_grade_worsen" name="h_adlb_worsen_stacks_data_correctly_simple_case_">
      <skipped message="Reason: On CRAN ('test-abnormal_by_worst_grade_worsen.R:64')"/>
    </testcase>
    <testcase time="0.0450000000000017" classname="abnormal_by_worst_grade_worsen" name="h_adlb_worsen_stacks_data_correctly"/>
    <testcase time="0.0249999999999986" classname="abnormal_by_worst_grade_worsen" name="h_adlb_worsen_stacks_data_correctly">
      <skipped message="Reason: On CRAN ('test-abnormal_by_worst_grade_worsen.R:80')"/>
    </testcase>
    <testcase time="0.0129999999999981" classname="abnormal_by_worst_grade_worsen" name="h_worsen_counter_counts_data_low_correctly"/>
    <testcase time="0.00500000000000256" classname="abnormal_by_worst_grade_worsen" name="h_worsen_counter_counts_data_low_correctly">
      <skipped message="Reason: On CRAN ('test-abnormal_by_worst_grade_worsen.R:100')"/>
    </testcase>
    <testcase time="0.0120000000000005" classname="abnormal_by_worst_grade_worsen" name="h_worsen_counter_counts_data_high_correctly"/>
    <testcase time="0.00499999999999545" classname="abnormal_by_worst_grade_worsen" name="h_worsen_counter_counts_data_high_correctly">
      <skipped message="Reason: On CRAN ('test-abnormal_by_worst_grade_worsen.R:120')"/>
    </testcase>
    <testcase time="0.0120000000000005" classname="abnormal_by_worst_grade_worsen" name="h_worsen_counter_counts_data_low_no_high_correctly"/>
    <testcase time="0.00500000000000256" classname="abnormal_by_worst_grade_worsen" name="h_worsen_counter_counts_data_low_no_high_correctly">
      <skipped message="Reason: On CRAN ('test-abnormal_by_worst_grade_worsen.R:140')"/>
    </testcase>
    <testcase time="0.0120000000000005" classname="abnormal_by_worst_grade_worsen" name="h_worsen_counter_counts_data_low_no_low_correctly"/>
    <testcase time="0.00499999999999545" classname="abnormal_by_worst_grade_worsen" name="h_worsen_counter_counts_data_low_no_low_correctly">
      <skipped message="Reason: On CRAN ('test-abnormal_by_worst_grade_worsen.R:160')"/>
    </testcase>
    <testcase time="0.0120000000000005" classname="abnormal_by_worst_grade_worsen" name="s_count_abnormal_lab_worsen_by_baseline"/>
    <testcase time="0.00500000000000256" classname="abnormal_by_worst_grade_worsen" name="s_count_abnormal_lab_worsen_by_baseline">
      <skipped message="Reason: On CRAN ('test-abnormal_by_worst_grade_worsen.R:182')"/>
    </testcase>
    <testcase time="0.292000000000002" classname="abnormal_by_worst_grade_worsen" name="count_abnormal_lab_worsen_by_baseline"/>
    <testcase time="0.0929999999999964" classname="abnormal_by_worst_grade_worsen" name="count_abnormal_lab_worsen_by_baseline">
      <skipped message="Reason: On CRAN ('test-abnormal_by_worst_grade_worsen.R:209')"/>
    </testcase>
    <testcase time="0.044000000000004" classname="abnormal_by_worst_grade_worsen" name="h_adlb_worsen_all_high"/>
    <testcase time="0.0429999999999993" classname="abnormal_by_worst_grade_worsen" name="h_adlb_worsen_all_high">
      <skipped message="Reason: On CRAN ('test-abnormal_by_worst_grade_worsen.R:231')"/>
    </testcase>
    <testcase time="0.0459999999999994" classname="abnormal_by_worst_grade_worsen" name="h_adlb_worsen_all_low"/>
    <testcase time="0.0480000000000018" classname="abnormal_by_worst_grade_worsen" name="h_adlb_worsen_all_low">
      <skipped message="Reason: On CRAN ('test-abnormal_by_worst_grade_worsen.R:253')"/>
    </testcase>
  </testsuite>
  <testsuite name="analyze_vars_in_cols" timestamp="2023-02-08T20:08:44Z" hostname="dde705f2eefc" tests="5" skipped="2" failures="0" errors="0" time="0.414">
    <testcase time="0.206999999999994" classname="analyze_vars_in_cols" name="analyze_vars_in_cols_works_correctly"/>
    <testcase time="0.0609999999999999" classname="analyze_vars_in_cols" name="analyze_vars_in_cols_works_correctly">
      <skipped message="Reason: On CRAN ('test-analyze_vars_in_cols.R:11')"/>
    </testcase>
    <testcase time="0.0210000000000008" classname="analyze_vars_in_cols" name="analyze_vars_in_cols_throws_error_when_vars_and_.stats_lengths_differ_in_len"/>
    <testcase time="0.095000000000006" classname="analyze_vars_in_cols" name="custom_labels_can_be_set_with_labelstr"/>
    <testcase time="0.029999999999994" classname="analyze_vars_in_cols" name="custom_labels_can_be_set_with_labelstr">
      <skipped message="Reason: On CRAN ('test-analyze_vars_in_cols.R:35')"/>
    </testcase>
  </testsuite>
  <testsuite name="combination_function" timestamp="2023-02-08T20:08:44Z" hostname="dde705f2eefc" tests="16" skipped="0" failures="0" errors="0" time="0.081">
    <testcase time="0.0160000000000053" classname="combination_function" name="CombinationFunction_class_can_be_used_with_standard_constructor"/>
    <testcase time="0.00900000000000034" classname="combination_function" name="CombinationFunction_class_can_be_used_with_standard_constructor"/>
    <testcase time="0.00300000000000011" classname="combination_function" name="CombinationFunction_class_can_be_used_with_standard_constructor"/>
    <testcase time="0.0069999999999979" classname="combination_function" name="CombinationFunction_custom_constructor_works"/>
    <testcase time="0.00499999999999545" classname="combination_function" name="CombinationFunction_method_works"/>
    <testcase time="0.00300000000000011" classname="combination_function" name="CombinationFunction_method_works"/>
    <testcase time="0.00300000000000011" classname="combination_function" name="CombinationFunction_method_works"/>
    <testcase time="0.00399999999999778" classname="combination_function" name="CombinationFunction_method_works"/>
    <testcase time="0.00300000000000011" classname="combination_function" name="CombinationFunction_method_works"/>
    <testcase time="0.00399999999999778" classname="combination_function" name="CombinationFunction_method_works"/>
    <testcase time="0.00400000000000489" classname="combination_function" name="CombinationFunction_method_works"/>
    <testcase time="0.00399999999999778" classname="combination_function" name="CombinationFunction_method_works"/>
    <testcase time="0.00399999999999778" classname="combination_function" name="CombinationFunction_method_works"/>
    <testcase time="0.00500000000000256" classname="combination_function" name="CombinationFunction_chain_of_logical_combinations_works"/>
    <testcase time="0.00300000000000011" classname="combination_function" name="CombinationFunction_chain_of_logical_combinations_works"/>
    <testcase time="0.00399999999999778" classname="combination_function" name="CombinationFunction_chain_of_logical_combinations_works"/>
  </testsuite>
  <testsuite name="compare_variables" timestamp="2023-02-08T20:08:44Z" hostname="dde705f2eefc" tests="24" skipped="8" failures="0" errors="0" time="0.415">
    <testcase time="0.0110000000000028" classname="compare_variables" name="s_compare_works_for_numeric"/>
    <testcase time="0.00100000000000477" classname="compare_variables" name="s_compare_works_for_numeric"/>
    <testcase time="0.00499999999999545" classname="compare_variables" name="s_compare_works_for_numeric">
      <skipped message="Reason: On CRAN ('test-compare_variables.R:9')"/>
    </testcase>
    <testcase time="0.0120000000000005" classname="compare_variables" name="s_compare_for_numeric_does_not_give_p_value_when_not_at_least_2_values_in_each_group"/>
    <testcase time="0.00200000000000244" classname="compare_variables" name="s_compare_for_numeric_does_not_give_p_value_when_not_at_least_2_values_in_each_group"/>
    <testcase time="0.00999999999999801" classname="compare_variables" name="s_compare_for_numeric_does_not_give_p_value_when_not_at_least_2_values_in_each_group">
      <skipped message="Reason: On CRAN ('test-compare_variables.R:20')"/>
    </testcase>
    <testcase time="0.0129999999999981" classname="compare_variables" name="s_compare_for_factor_works_in_usual_case"/>
    <testcase time="0.00200000000000244" classname="compare_variables" name="s_compare_for_factor_works_in_usual_case"/>
    <testcase time="0.00500000000000256" classname="compare_variables" name="s_compare_for_factor_works_in_usual_case">
      <skipped message="Reason: On CRAN ('test-compare_variables.R:29')"/>
    </testcase>
    <testcase time="0.0129999999999981" classname="compare_variables" name="s_compare_for_factor_handles_explicit_NAs_as_expected"/>
    <testcase time="0.000999999999997669" classname="compare_variables" name="s_compare_for_factor_handles_explicit_NAs_as_expected"/>
    <testcase time="0.00500000000000256" classname="compare_variables" name="s_compare_for_factor_handles_explicit_NAs_as_expected">
      <skipped message="Reason: On CRAN ('test-compare_variables.R:47')"/>
    </testcase>
    <testcase time="0.0159999999999982" classname="compare_variables" name="s_compare_for_character_works_as_expected"/>
    <testcase time="0.00200000000000244" classname="compare_variables" name="s_compare_for_character_works_as_expected"/>
    <testcase time="0.00399999999999778" classname="compare_variables" name="s_compare_for_character_works_as_expected">
      <skipped message="Reason: On CRAN ('test-compare_variables.R:69')"/>
    </testcase>
    <testcase time="0.0120000000000005" classname="compare_variables" name="s_compare_for_logical_works_as_expected"/>
    <testcase time="0.00200000000000244" classname="compare_variables" name="s_compare_for_logical_works_as_expected"/>
    <testcase time="0.00499999999999545" classname="compare_variables" name="s_compare_for_logical_works_as_expected">
      <skipped message="Reason: On CRAN ('test-compare_variables.R:78')"/>
    </testcase>
    <testcase time="0.0110000000000028" classname="compare_variables" name="s_compare_for_logical_handles_NAs_as_FALSE_if_not_removed"/>
    <testcase time="0.00399999999999778" classname="compare_variables" name="s_compare_for_logical_handles_NAs_as_FALSE_if_not_removed"/>
    <testcase time="0.112000000000002" classname="compare_variables" name="compare_vars_works_with_default_settings_in_rtables_layout_pipeline"/>
    <testcase time="0.0379999999999967" classname="compare_variables" name="compare_vars_works_with_default_settings_in_rtables_layout_pipeline">
      <skipped message="Reason: On CRAN ('test-compare_variables.R:100')"/>
    </testcase>
    <testcase time="0.0960000000000036" classname="compare_variables" name="compare_vars_works_with_custom_settings"/>
    <testcase time="0.0330000000000013" classname="compare_variables" name="compare_vars_works_with_custom_settings">
      <skipped message="Reason: On CRAN ('test-compare_variables.R:115')"/>
    </testcase>
  </testsuite>
  <testsuite name="control_logistic" timestamp="2023-02-08T20:08:44Z" hostname="dde705f2eefc" tests="4" skipped="1" failures="0" errors="0" time="0.039">
    <testcase time="0.0150000000000006" classname="control_logistic" name="control_logistic_works_with_customized_parameters"/>
    <testcase time="0.00399999999999778" classname="control_logistic" name="control_logistic_works_with_customized_parameters">
      <skipped message="Reason: On CRAN ('test-control_logistic.R:8')"/>
    </testcase>
    <testcase time="0.0140000000000029" classname="control_logistic" name="control_logistic_fails_wrong_inputs"/>
    <testcase time="0.00600000000000023" classname="control_logistic" name="control_logistic_fails_wrong_inputs"/>
  </testsuite>
  <testsuite name="control_step" timestamp="2023-02-08T20:08:44Z" hostname="dde705f2eefc" tests="5" skipped="1" failures="0" errors="0" time="0.037">
    <testcase time="0.00799999999999557" classname="control_step" name="control_step_works_with_customized_parameters"/>
    <testcase time="0.00399999999999778" classname="control_step" name="control_step_works_with_customized_parameters">
      <skipped message="Reason: On CRAN ('test-control_step.R:5')"/>
    </testcase>
    <testcase time="0.0140000000000029" classname="control_step" name="control_step_fails_wrong_inputs"/>
    <testcase time="0.00600000000000023" classname="control_step" name="control_step_fails_wrong_inputs"/>
    <testcase time="0.00500000000000256" classname="control_step" name="control_step_fails_wrong_inputs"/>
  </testsuite>
  <testsuite name="control_survival" timestamp="2023-02-08T20:08:44Z" hostname="dde705f2eefc" tests="14" skipped="3" failures="0" errors="0" time="0.104">
    <testcase time="0.00799999999999557" classname="control_survival" name="control_coxph_works_with_customized_parameters"/>
    <testcase time="0.00500000000000256" classname="control_survival" name="control_coxph_works_with_customized_parameters">
      <skipped message="Reason: On CRAN ('test-control_survival.R:7')"/>
    </testcase>
    <testcase time="0.0139999999999958" classname="control_survival" name="control_coxph_fails_wrong_inputs"/>
    <testcase time="0.00500000000000256" classname="control_survival" name="control_coxph_fails_wrong_inputs"/>
    <testcase time="0.00399999999999778" classname="control_survival" name="control_surv_time_works_with_customized_parameters"/>
    <testcase time="0.00500000000000256" classname="control_survival" name="control_surv_time_works_with_customized_parameters">
      <skipped message="Reason: On CRAN ('test-control_survival.R:21')"/>
    </testcase>
    <testcase time="0.0140000000000029" classname="control_survival" name="control_surv_time_fails_wrong_inputs"/>
    <testcase time="0.00499999999999545" classname="control_survival" name="control_surv_time_fails_wrong_inputs"/>
    <testcase time="0.00500000000000256" classname="control_survival" name="control_surv_time_fails_wrong_inputs"/>
    <testcase time="0.00399999999999778" classname="control_survival" name="control_surv_timepoint_works_with_customized_parameters"/>
    <testcase time="0.00500000000000256" classname="control_survival" name="control_surv_timepoint_works_with_customized_parameters">
      <skipped message="Reason: On CRAN ('test-control_survival.R:36')"/>
    </testcase>
    <testcase time="0.0140000000000029" classname="control_survival" name="control_surv_timepoint_fails_wrong_inputs"/>
    <testcase time="0.00499999999999545" classname="control_survival" name="control_surv_timepoint_fails_wrong_inputs"/>
    <testcase time="0.0110000000000028" classname="control_survival" name="control_surv_timepoint_fails_wrong_inputs"/>
  </testsuite>
  <testsuite name="count_cumulative" timestamp="2023-02-08T20:08:45Z" hostname="dde705f2eefc" tests="12" skipped="6" failures="0" errors="0" time="0.181">
    <testcase time="0.00900000000000034" classname="count_cumulative" name="h_count_cumulative_works_with_healthy_input_and_default_arguments"/>
    <testcase time="0.00499999999999545" classname="count_cumulative" name="h_count_cumulative_works_with_healthy_input_and_default_arguments">
      <skipped message="Reason: On CRAN ('test-count_cumulative.R:12')"/>
    </testcase>
    <testcase time="0.0100000000000051" classname="count_cumulative" name="h_count_cumulative_works_with_customized_arguments"/>
    <testcase time="0.00499999999999545" classname="count_cumulative" name="h_count_cumulative_works_with_customized_arguments">
      <skipped message="Reason: On CRAN ('test-count_cumulative.R:30')"/>
    </testcase>
    <testcase time="0.0100000000000051" classname="count_cumulative" name="s_count_cumulative_works_with_healthy_input_and_default_arguments"/>
    <testcase time="0.00499999999999545" classname="count_cumulative" name="s_count_cumulative_works_with_healthy_input_and_default_arguments">
      <skipped message="Reason: On CRAN ('test-count_cumulative.R:44')"/>
    </testcase>
    <testcase time="0.00999999999999801" classname="count_cumulative" name="s_count_cumulative_works_with_customized_arguments"/>
    <testcase time="0.00500000000000256" classname="count_cumulative" name="s_count_cumulative_works_with_customized_arguments">
      <skipped message="Reason: On CRAN ('test-count_cumulative.R:62')"/>
    </testcase>
    <testcase time="0.0420000000000016" classname="count_cumulative" name="count_cumulative_works_with_default_arguments"/>
    <testcase time="0.0189999999999984" classname="count_cumulative" name="count_cumulative_works_with_default_arguments">
      <skipped message="Reason: On CRAN ('test-count_cumulative.R:81')"/>
    </testcase>
    <testcase time="0.0420000000000016" classname="count_cumulative" name="count_cumulative_works_with_customized_arguments"/>
    <testcase time="0.0189999999999984" classname="count_cumulative" name="count_cumulative_works_with_customized_arguments">
      <skipped message="Reason: On CRAN ('test-count_cumulative.R:103')"/>
    </testcase>
  </testsuite>
  <testsuite name="count_missed_doses" timestamp="2023-02-08T20:08:45Z" hostname="dde705f2eefc" tests="10" skipped="5" failures="0" errors="0" time="0.144">
    <testcase time="0.0159999999999982" classname="count_missed_doses" name="s_count_nonmissing_works_with_numeric_input"/>
    <testcase time="0.00400000000000489" classname="count_missed_doses" name="s_count_nonmissing_works_with_numeric_input">
      <skipped message="Reason: On CRAN ('test-count_missed_doses.R:8')"/>
    </testcase>
    <testcase time="0.0109999999999957" classname="count_missed_doses" name="s_count_nonmissing_also_works_with_character_input"/>
    <testcase time="0.00400000000000489" classname="count_missed_doses" name="s_count_nonmissing_also_works_with_character_input">
      <skipped message="Reason: On CRAN ('test-count_missed_doses.R:17')"/>
    </testcase>
    <testcase time="0.0109999999999957" classname="count_missed_doses" name="d_count_missed_doses_works_as_expected"/>
    <testcase time="0.00500000000000256" classname="count_missed_doses" name="d_count_missed_doses_works_as_expected">
      <skipped message="Reason: On CRAN ('test-count_missed_doses.R:24')"/>
    </testcase>
    <testcase time="0.00999999999999801" classname="count_missed_doses" name="s_count_missed_doses_works_as_expected"/>
    <testcase time="0.00500000000000256" classname="count_missed_doses" name="s_count_missed_doses_works_as_expected">
      <skipped message="Reason: On CRAN ('test-count_missed_doses.R:35')"/>
    </testcase>
    <testcase time="0.0569999999999951" classname="count_missed_doses" name="count_missed_doses_works_as_expected"/>
    <testcase time="0.0210000000000008" classname="count_missed_doses" name="count_missed_doses_works_as_expected">
      <skipped message="Reason: On CRAN ('test-count_missed_doses.R:55')"/>
    </testcase>
  </testsuite>
  <testsuite name="count_occurrences" timestamp="2023-02-08T20:08:45Z" hostname="dde705f2eefc" tests="13" skipped="4" failures="0" errors="0" time="0.208">
    <testcase time="0.0160000000000053" classname="count_occurrences" name="s_count_occurrences_functions_as_expected_with_valid_input_and_default_arguments"/>
    <testcase time="0.00499999999999545" classname="count_occurrences" name="s_count_occurrences_functions_as_expected_with_valid_input_and_default_arguments">
      <skipped message="Reason: On CRAN ('test-count_occurrences.R:10')"/>
    </testcase>
    <testcase time="0.0130000000000052" classname="count_occurrences" name="s_count_occurrences_drops_non_appearing_levels_by_default"/>
    <testcase time="0.0069999999999979" classname="count_occurrences" name="s_count_occurrences_keeps_non_appearing_levels_if_requested"/>
    <testcase time="0.00300000000000011" classname="count_occurrences" name="s_count_occurrences_keeps_non_appearing_levels_if_requested"/>
    <testcase time="0.00300000000000011" classname="count_occurrences" name="s_count_occurrences_keeps_non_appearing_levels_if_requested"/>
    <testcase time="0.00900000000000034" classname="count_occurrences" name="s_count_occurrences_fails_when_it_receives_empty_.df_row_and_drop_TRUE"/>
    <testcase time="0.00499999999999545" classname="count_occurrences" name="s_count_occurrences_functions_as_expected_when_requesting_different_denominator"/>
    <testcase time="0.00500000000000256" classname="count_occurrences" name="s_count_occurrences_functions_as_expected_when_requesting_different_denominator">
      <skipped message="Reason: On CRAN ('test-count_occurrences.R:65')"/>
    </testcase>
    <testcase time="0.0630000000000024" classname="count_occurrences" name="count_occurrences_functions_as_expected_with_valid_input_and_default_arguments"/>
    <testcase time="0.0259999999999962" classname="count_occurrences" name="count_occurrences_functions_as_expected_with_valid_input_and_default_arguments">
      <skipped message="Reason: On CRAN ('test-count_occurrences.R:91')"/>
    </testcase>
    <testcase time="0.036999999999999" classname="count_occurrences" name="count_occurrences_functions_as_expected_with_label_row_specified"/>
    <testcase time="0.0160000000000053" classname="count_occurrences" name="count_occurrences_functions_as_expected_with_label_row_specified">
      <skipped message="Reason: On CRAN ('test-count_occurrences.R:117')"/>
    </testcase>
  </testsuite>
  <testsuite name="count_occurrences_by_grade" timestamp="2023-02-08T20:08:45Z" hostname="dde705f2eefc" tests="24" skipped="11" failures="0" errors="0" time="1.09">
    <testcase time="0.0189999999999984" classname="count_occurrences_by_grade" name="h_append_grade_groups_works_with_valid_input"/>
    <testcase time="0.00399999999999778" classname="count_occurrences_by_grade" name="h_append_grade_groups_works_with_valid_input">
      <skipped message="Reason: On CRAN ('test-count_occurrences_by_grade.R:26')"/>
    </testcase>
    <testcase time="0.0160000000000053" classname="count_occurrences_by_grade" name="h_append_grade_groups_works_with_valid_input_with_revers_order_and_one_element_grade_groups"/>
    <testcase time="0.00499999999999545" classname="count_occurrences_by_grade" name="h_append_grade_groups_works_with_valid_input_with_revers_order_and_one_element_grade_groups">
      <skipped message="Reason: On CRAN ('test-count_occurrences_by_grade.R:40')"/>
    </testcase>
    <testcase time="0.0150000000000006" classname="count_occurrences_by_grade" name="s_count_occurrences_by_grade_works_with_valid_input_and_default_arguments_for_grade"/>
    <testcase time="0.00500000000000256" classname="count_occurrences_by_grade" name="s_count_occurrences_by_grade_works_with_valid_input_and_default_arguments_for_grade">
      <skipped message="Reason: On CRAN ('test-count_occurrences_by_grade.R:48')"/>
    </testcase>
    <testcase time="0.0120000000000005" classname="count_occurrences_by_grade" name="s_count_occurrences_by_grade_works_with_valid_input_for_grade_grouping"/>
    <testcase time="0.00499999999999545" classname="count_occurrences_by_grade" name="s_count_occurrences_by_grade_works_with_valid_input_for_grade_grouping">
      <skipped message="Reason: On CRAN ('test-count_occurrences_by_grade.R:74')"/>
    </testcase>
    <testcase time="0.0120000000000005" classname="count_occurrences_by_grade" name="s_count_occurrences_by_grade_works_with_valid_input_for_intensity_and_custom_arguments"/>
    <testcase time="0.00500000000000256" classname="count_occurrences_by_grade" name="s_count_occurrences_by_grade_works_with_valid_input_for_intensity_and_custom_arguments">
      <skipped message="Reason: On CRAN ('test-count_occurrences_by_grade.R:109')"/>
    </testcase>
    <testcase time="0.0679999999999978" classname="count_occurrences_by_grade" name="count_occurrences_by_grade_works_with_default_arguments_for_intensity"/>
    <testcase time="0.0220000000000056" classname="count_occurrences_by_grade" name="count_occurrences_by_grade_works_with_default_arguments_for_intensity">
      <skipped message="Reason: On CRAN ('test-count_occurrences_by_grade.R:123')"/>
    </testcase>
    <testcase time="0.0769999999999982" classname="count_occurrences_by_grade" name="count_occurrences_by_grade_label_works_when_more_than_one_variables_are_analyzed"/>
    <testcase time="0.0450000000000017" classname="count_occurrences_by_grade" name="count_occurrences_by_grade_label_works_when_more_than_one_variables_are_analyzed">
      <skipped message="Reason: On CRAN ('test-count_occurrences_by_grade.R:148')"/>
    </testcase>
    <testcase time="0.0599999999999952" classname="count_occurrences_by_grade" name="count_occurrences_by_grade_works_with_custom_arguments_for_grade"/>
    <testcase time="0.0339999999999989" classname="count_occurrences_by_grade" name="count_occurrences_by_grade_works_with_custom_arguments_for_grade">
      <skipped message="Reason: On CRAN ('test-count_occurrences_by_grade.R:174')"/>
    </testcase>
    <testcase time="0.0660000000000025" classname="count_occurrences_by_grade" name="summarize_occurrences_by_grade_works_with_default_arguments_for_intensity"/>
    <testcase time="0.0300000000000011" classname="count_occurrences_by_grade" name="summarize_occurrences_by_grade_works_with_default_arguments_for_intensity">
      <skipped message="Reason: On CRAN ('test-count_occurrences_by_grade.R:194')"/>
    </testcase>
    <testcase time="0.0940000000000012" classname="count_occurrences_by_grade" name="summarize_occurrences_by_grade_works_with_custom_arguments_for_grade"/>
    <testcase time="0.0489999999999995" classname="count_occurrences_by_grade" name="summarize_occurrences_by_grade_works_with_custom_arguments_for_grade">
      <skipped message="Reason: On CRAN ('test-count_occurrences_by_grade.R:241')"/>
    </testcase>
    <testcase time="0.0649999999999977" classname="count_occurrences_by_grade" name="count_occurrences_by_grade_works_with_trim_levels_in_group_split_function"/>
    <testcase time="0.0279999999999987" classname="count_occurrences_by_grade" name="count_occurrences_by_grade_works_with_trim_levels_in_group_split_function">
      <skipped message="Reason: On CRAN ('test-count_occurrences_by_grade.R:273')"/>
    </testcase>
    <testcase time="0.319000000000003" classname="count_occurrences_by_grade" name="summarize__and_count_occurrences_by_grade_works_with_pagination_and_sorting"/>
    <testcase time="0.0349999999999966" classname="count_occurrences_by_grade" name="summarize__and_count_occurrences_by_grade_works_with_pagination_and_sorting"/>
  </testsuite>
  <testsuite name="count_patients_events_in_cols" timestamp="2023-02-08T20:08:46Z" hostname="dde705f2eefc" tests="8" skipped="4" failures="0" errors="0" time="0.16">
    <testcase time="0.0130000000000052" classname="count_patients_events_in_cols" name="s_count_patients_and_multiple_events_works_as_expected"/>
    <testcase time="0.00499999999999545" classname="count_patients_events_in_cols" name="s_count_patients_and_multiple_events_works_as_expected">
      <skipped message="Reason: On CRAN ('test-count_patients_events_in_cols.R:23')"/>
    </testcase>
    <testcase time="0.0110000000000028" classname="count_patients_events_in_cols" name="s_count_patients_and_multiple_events_can_have_empty_stats_if_requested"/>
    <testcase time="0.00500000000000256" classname="count_patients_events_in_cols" name="s_count_patients_and_multiple_events_can_have_empty_stats_if_requested">
      <skipped message="Reason: On CRAN ('test-count_patients_events_in_cols.R:39')"/>
    </testcase>
    <testcase time="0.0509999999999948" classname="count_patients_events_in_cols" name="summarize_patients_events_in_cols_works_well_with_default_arguments"/>
    <testcase time="0.0230000000000032" classname="count_patients_events_in_cols" name="summarize_patients_events_in_cols_works_well_with_default_arguments">
      <skipped message="Reason: On CRAN ('test-count_patients_events_in_cols.R:55')"/>
    </testcase>
    <testcase time="0.036999999999999" classname="count_patients_events_in_cols" name="summarize_patients_events_in_cols_works_well_with_custom_arguments"/>
    <testcase time="0.0150000000000006" classname="count_patients_events_in_cols" name="summarize_patients_events_in_cols_works_well_with_custom_arguments">
      <skipped message="Reason: On CRAN ('test-count_patients_events_in_cols.R:75')"/>
    </testcase>
  </testsuite>
  <testsuite name="count_patients_with_event" timestamp="2023-02-08T20:08:46Z" hostname="dde705f2eefc" tests="20" skipped="10" failures="0" errors="0" time="0.59">
    <testcase time="0.0169999999999959" classname="count_patients_with_event" name="s_count_patients_with_event_handles_NA"/>
    <testcase time="0.00500000000000256" classname="count_patients_with_event" name="s_count_patients_with_event_handles_NA">
      <skipped message="Reason: On CRAN ('test-count_patients_with_event.R:14')"/>
    </testcase>
    <testcase time="0.0110000000000028" classname="count_patients_with_event" name="s_count_patients_with_event_handles_multiple_columns"/>
    <testcase time="0.00399999999999778" classname="count_patients_with_event" name="s_count_patients_with_event_handles_multiple_columns">
      <skipped message="Reason: On CRAN ('test-count_patients_with_event.R:31')"/>
    </testcase>
    <testcase time="0.0679999999999978" classname="count_patients_with_event" name="count_patients_with_event_works_as_expected"/>
    <testcase time="0.0210000000000008" classname="count_patients_with_event" name="count_patients_with_event_works_as_expected">
      <skipped message="Reason: On CRAN ('test-count_patients_with_event.R:63')"/>
    </testcase>
    <testcase time="0.0519999999999996" classname="count_patients_with_event" name="count_patients_with_event_works_as_expected_for_different_column_count"/>
    <testcase time="0.0210000000000008" classname="count_patients_with_event" name="count_patients_with_event_works_as_expected_for_different_column_count">
      <skipped message="Reason: On CRAN ('test-count_patients_with_event.R:101')"/>
    </testcase>
    <testcase time="0.0120000000000005" classname="count_patients_with_event" name="s_count_patients_with_flags_handles_NA"/>
    <testcase time="0.00500000000000256" classname="count_patients_with_event" name="s_count_patients_with_flags_handles_NA">
      <skipped message="Reason: On CRAN ('test-count_patients_with_event.R:117')"/>
    </testcase>
    <testcase time="0.0120000000000005" classname="count_patients_with_event" name="s_count_patients_with_flags_handles_multiple_columns"/>
    <testcase time="0.00499999999999545" classname="count_patients_with_event" name="s_count_patients_with_flags_handles_multiple_columns">
      <skipped message="Reason: On CRAN ('test-count_patients_with_event.R:134')"/>
    </testcase>
    <testcase time="0.0700000000000003" classname="count_patients_with_event" name="count_patients_with_flags_works_as_expected"/>
    <testcase time="0.0210000000000008" classname="count_patients_with_event" name="count_patients_with_flags_works_as_expected">
      <skipped message="Reason: On CRAN ('test-count_patients_with_event.R:176')"/>
    </testcase>
    <testcase time="0.0810000000000031" classname="count_patients_with_event" name="count_patients_with_flags_works_as_expected_when_specifying_table_names"/>
    <testcase time="0.0259999999999962" classname="count_patients_with_event" name="count_patients_with_flags_works_as_expected_when_specifying_table_names">
      <skipped message="Reason: On CRAN ('test-count_patients_with_event.R:224')"/>
    </testcase>
    <testcase time="0.106000000000002" classname="count_patients_with_event" name="count_patients_with_flags_works_with_label_row_specified"/>
    <testcase time="0.0360000000000014" classname="count_patients_with_event" name="count_patients_with_flags_works_with_label_row_specified">
      <skipped message="Reason: On CRAN ('test-count_patients_with_event.R:263')"/>
    </testcase>
    <testcase time="0.0109999999999957" classname="count_patients_with_event" name="s_count_patients_with_event_works_with_factor_filters"/>
    <testcase time="0.00600000000000023" classname="count_patients_with_event" name="s_count_patients_with_event_works_with_factor_filters">
      <skipped message="Reason: On CRAN ('test-count_patients_with_event.R:283')"/>
    </testcase>
  </testsuite>
  <testsuite name="count_values" timestamp="2023-02-08T20:08:47Z" hostname="dde705f2eefc" tests="20" skipped="10" failures="0" errors="0" time="0.276">
    <testcase time="0.0150000000000006" classname="count_values" name="s_count_values_works_for_character_input_without_NAs"/>
    <testcase time="0.00500000000000256" classname="count_values" name="s_count_values_works_for_character_input_without_NAs">
      <skipped message="Reason: On CRAN ('test-count_values.R:8')"/>
    </testcase>
    <testcase time="0.0110000000000028" classname="count_values" name="s_count_values_works_for_character_input_with_NAs"/>
    <testcase time="0.00399999999999778" classname="count_values" name="s_count_values_works_for_character_input_with_NAs">
      <skipped message="Reason: On CRAN ('test-count_values.R:24')"/>
    </testcase>
    <testcase time="0.0180000000000007" classname="count_values" name="s_count_values_can_pass_options_to_s_summary_s_logical_method"/>
    <testcase time="0.00399999999999778" classname="count_values" name="s_count_values_can_pass_options_to_s_summary_s_logical_method">
      <skipped message="Reason: On CRAN ('test-count_values.R:39')"/>
    </testcase>
    <testcase time="0.0110000000000028" classname="count_values" name="s_count_values_for_factor_gives_same_result_as_for_character"/>
    <testcase time="0.00499999999999545" classname="count_values" name="s_count_values_for_factor_gives_same_result_as_for_character">
      <skipped message="Reason: On CRAN ('test-count_values.R:47')"/>
    </testcase>
    <testcase time="0.0100000000000051" classname="count_values" name="s_count_values_for_factor_gives_the_same_result_as_for_character_for_values_not_in_factor_level"/>
    <testcase time="0.00499999999999545" classname="count_values" name="s_count_values_for_factor_gives_the_same_result_as_for_character_for_values_not_in_factor_level">
      <skipped message="Reason: On CRAN ('test-count_values.R:55')"/>
    </testcase>
    <testcase time="0.0339999999999989" classname="count_values" name="count_values_works_as_expected_with_a_single_value"/>
    <testcase time="0.0120000000000005" classname="count_values" name="count_values_works_as_expected_with_a_single_value">
      <skipped message="Reason: On CRAN ('test-count_values.R:64')"/>
    </testcase>
    <testcase time="0.0459999999999994" classname="count_values" name="count_values_works_as_expected_with_multiple_values_and_variables"/>
    <testcase time="0.0190000000000055" classname="count_values" name="count_values_works_as_expected_with_multiple_values_and_variables">
      <skipped message="Reason: On CRAN ('test-count_values.R:81')"/>
    </testcase>
    <testcase time="0.0109999999999957" classname="count_values" name="s_count_values_for_logical_vector"/>
    <testcase time="0.00500000000000256" classname="count_values" name="s_count_values_for_logical_vector">
      <skipped message="Reason: On CRAN ('test-count_values.R:91')"/>
    </testcase>
    <testcase time="0.0110000000000028" classname="count_values" name="s_count_values_for_logical_vector_with_NA"/>
    <testcase time="0.00499999999999545" classname="count_values" name="s_count_values_for_logical_vector_with_NA">
      <skipped message="Reason: On CRAN ('test-count_values.R:101')"/>
    </testcase>
    <testcase time="0.0330000000000013" classname="count_values" name="count_values_works_as_expected_with_multiple_values_and_variables"/>
    <testcase time="0.0120000000000005" classname="count_values" name="count_values_works_as_expected_with_multiple_values_and_variables">
      <skipped message="Reason: On CRAN ('test-count_values.R:118')"/>
    </testcase>
  </testsuite>
  <testsuite name="coxph" timestamp="2023-02-08T20:08:47Z" hostname="dde705f2eefc" tests="19" skipped="6" failures="0" errors="0" time="0.427">
    <testcase time="0.0220000000000056" classname="coxph" name="pairwise_works_correctly"/>
    <testcase time="0.000999999999997669" classname="coxph" name="pairwise_works_correctly"/>
    <testcase time="0.00499999999999545" classname="coxph" name="pairwise_works_correctly">
      <skipped message="Reason: On CRAN ('test-coxph.R:5')"/>
    </testcase>
    <testcase time="0.0110000000000028" classname="coxph" name="univariate_works_correctly"/>
    <testcase time="0.00200000000000244" classname="coxph" name="univariate_works_correctly"/>
    <testcase time="0.187999999999995" classname="coxph" name="univariate_works_correctly">
      <skipped message="Reason: On CRAN ('test-coxph.R:12')"/>
    </testcase>
    <testcase time="0.0110000000000028" classname="coxph" name="rht_works_correctly"/>
    <testcase time="0.000999999999997669" classname="coxph" name="rht_works_correctly"/>
    <testcase time="0.00500000000000256" classname="coxph" name="rht_works_correctly">
      <skipped message="Reason: On CRAN ('test-coxph.R:19')"/>
    </testcase>
    <testcase time="0.0319999999999965" classname="coxph" name="estimate_coef_works_correctly"/>
    <testcase time="0.00500000000000256" classname="coxph" name="estimate_coef_works_correctly">
      <skipped message="Reason: On CRAN ('test-coxph.R:43')"/>
    </testcase>
    <testcase time="0.0320000000000036" classname="coxph" name="try_car_anova_works_correctly"/>
    <testcase time="0.00499999999999545" classname="coxph" name="try_car_anova_works_correctly">
      <skipped message="Reason: On CRAN ('test-coxph.R:58')"/>
    </testcase>
    <testcase time="0.0140000000000029" classname="coxph" name="check_formula_returns_correct_error"/>
    <testcase time="0.00799999999999557" classname="coxph" name="check_covariate_formulas_works_correctly"/>
    <testcase time="0.00600000000000023" classname="coxph" name="name_covariate_names_works_correctly"/>
    <testcase time="0.00800000000000267" classname="coxph" name="check_increments_gives_correct_warning"/>
    <testcase time="0.0640000000000001" classname="coxph" name="s_cox_multivariate_works_correctly_with_character_input"/>
    <testcase time="0.0069999999999979" classname="coxph" name="s_cox_multivariate_works_correctly_with_character_input">
      <skipped message="Reason: On CRAN ('test-coxph.R:110')"/>
    </testcase>
  </testsuite>
  <testsuite name="coxreg" timestamp="2023-02-08T20:08:48Z" hostname="dde705f2eefc" tests="79" skipped="28" failures="0" errors="0" time="1.533">
    <testcase time="0.0230000000000032" classname="coxreg" name="h_coxreg_univar_formulas_creates_formulas_with_covariate"/>
    <testcase time="0.00500000000000256" classname="coxreg" name="h_coxreg_univar_formulas_creates_formulas_with_covariate">
      <skipped message="Reason: On CRAN ('test-coxreg.R:43')"/>
    </testcase>
    <testcase time="0.00999999999999801" classname="coxreg" name="h_coxreg_univar_formulas_creates_formulas_with_strata"/>
    <testcase time="0.00399999999999778" classname="coxreg" name="h_coxreg_univar_formulas_creates_formulas_with_strata">
      <skipped message="Reason: On CRAN ('test-coxreg.R:55')"/>
    </testcase>
    <testcase time="0.0100000000000051" classname="coxreg" name="h_coxreg_univar_formulas_creates_formula_for_reference_when_treatment_is_only_considered"/>
    <testcase time="0.00499999999999545" classname="coxreg" name="h_coxreg_univar_formulas_creates_formula_for_reference_when_treatment_is_only_considered">
      <skipped message="Reason: On CRAN ('test-coxreg.R:66')"/>
    </testcase>
    <testcase time="0.0100000000000051" classname="coxreg" name="h_coxreg_univar_formulas_creates_formulas_with_interactions"/>
    <testcase time="0.00499999999999545" classname="coxreg" name="h_coxreg_univar_formulas_creates_formulas_with_interactions">
      <skipped message="Reason: On CRAN ('test-coxreg.R:79')"/>
    </testcase>
    <testcase time="0.0100000000000051" classname="coxreg" name="h_coxreg_univar_formulas_creates_formula_without_treatment_arm"/>
    <testcase time="0.00399999999999778" classname="coxreg" name="h_coxreg_univar_formulas_creates_formula_without_treatment_arm">
      <skipped message="Reason: On CRAN ('test-coxreg.R:91')"/>
    </testcase>
    <testcase time="0.0210000000000008" classname="coxreg" name="h_coxreg_univar_formulas_fails_when_requesting_interaction_without_treatment_arm"/>
    <testcase time="0.0069999999999979" classname="coxreg" name="h_coxreg_univar_formulas_fails_when_requesting_interaction_without_covariates"/>
    <testcase time="0.00500000000000256" classname="coxreg" name="h_coxreg_univar_formulas_creates_formulas_with_multiple_strata"/>
    <testcase time="0.00499999999999545" classname="coxreg" name="h_coxreg_univar_formulas_creates_formulas_with_multiple_strata">
      <skipped message="Reason: On CRAN ('test-coxreg.R:123')"/>
    </testcase>
    <testcase time="0.0420000000000016" classname="coxreg" name="h_coxreg_multivar_extract_extracts_correct_coxph_results_when_covariate_names_overlap"/>
    <testcase time="0.00600000000000023" classname="coxreg" name="h_coxreg_multivar_extract_extracts_correct_coxph_results_when_covariate_names_overlap">
      <skipped message="Reason: On CRAN ('test-coxreg.R:135')"/>
    </testcase>
    <testcase time="0.0260000000000034" classname="coxreg" name="h_coxreg_multivar_extract_extracts_correct_coxph_results_when_covariate_is_a_factor"/>
    <testcase time="0.00499999999999545" classname="coxreg" name="h_coxreg_multivar_extract_extracts_correct_coxph_results_when_covariate_is_a_factor">
      <skipped message="Reason: On CRAN ('test-coxreg.R:146')"/>
    </testcase>
    <testcase time="0.0110000000000028" classname="coxreg" name="h_coxreg_multivar_formula_creates_formula_without_covariate"/>
    <testcase time="0.00500000000000256" classname="coxreg" name="h_coxreg_multivar_formula_creates_formula_without_covariate">
      <skipped message="Reason: On CRAN ('test-coxreg.R:157')"/>
    </testcase>
    <testcase time="0.0109999999999957" classname="coxreg" name="h_coxreg_multivar_formula_creates_formulas_with_a_strata"/>
    <testcase time="0.00399999999999778" classname="coxreg" name="h_coxreg_multivar_formula_creates_formulas_with_a_strata">
      <skipped message="Reason: On CRAN ('test-coxreg.R:169')"/>
    </testcase>
    <testcase time="0.0110000000000028" classname="coxreg" name="h_coxreg_multivar_formula_creates_formulas_with_multiple_strata"/>
    <testcase time="0.00500000000000256" classname="coxreg" name="h_coxreg_multivar_formula_creates_formulas_with_multiple_strata">
      <skipped message="Reason: On CRAN ('test-coxreg.R:181')"/>
    </testcase>
    <testcase time="0.0109999999999957" classname="coxreg" name="h_coxreg_multivar_formula_creates_formula_with_covariate"/>
    <testcase time="0.00400000000000489" classname="coxreg" name="h_coxreg_multivar_formula_creates_formula_with_covariate">
      <skipped message="Reason: On CRAN ('test-coxreg.R:192')"/>
    </testcase>
    <testcase time="0.0109999999999957" classname="coxreg" name="h_coxreg_multivar_formula_creates_formula_without_treatment_arm"/>
    <testcase time="0.00500000000000256" classname="coxreg" name="h_coxreg_multivar_formula_creates_formula_without_treatment_arm">
      <skipped message="Reason: On CRAN ('test-coxreg.R:203')"/>
    </testcase>
    <testcase time="0.0109999999999957" classname="coxreg" name="h_coxreg_multivar_formula_creates_formulas_with_multiple_strata_and_without_arm"/>
    <testcase time="0.00500000000000256" classname="coxreg" name="h_coxreg_multivar_formula_creates_formulas_with_multiple_strata_and_without_arm">
      <skipped message="Reason: On CRAN ('test-coxreg.R:215')"/>
    </testcase>
    <testcase time="0.00999999999999801" classname="coxreg" name="control_coxreg_returns_a_standard_list_of_parameters"/>
    <testcase time="0.00500000000000256" classname="coxreg" name="control_coxreg_returns_a_standard_list_of_parameters">
      <skipped message="Reason: On CRAN ('test-coxreg.R:224')"/>
    </testcase>
    <testcase time="0.0249999999999986" classname="coxreg" name="fit_coxreg_univar_returns_model_results_as_expected"/>
    <testcase time="0.0110000000000028" classname="coxreg" name="fit_coxreg_univar_returns_model_results_as_expected">
      <skipped message="Reason: On CRAN ('test-coxreg.R:247')"/>
    </testcase>
    <testcase time="0.0259999999999962" classname="coxreg" name="fit_coxreg_univar_runs_with_non_represented_level_of_a_factor"/>
    <testcase time="0.0140000000000029" classname="coxreg" name="fit_coxreg_univar_is_stopped_when_there_are_not_2_arms"/>
    <testcase time="0.00900000000000034" classname="coxreg" name="fit_coxreg_univar_is_stopped_when_likelihood_method_is_used_together_with_strata"/>
    <testcase time="0.00999999999999801" classname="coxreg" name="fit_coxreg_univar_works_without_treatment_arm"/>
    <testcase time="0.00300000000000011" classname="coxreg" name="fit_coxreg_univar_works_without_treatment_arm"/>
    <testcase time="0.00500000000000256" classname="coxreg" name="fit_coxreg_univar_works_without_treatment_arm">
      <skipped message="Reason: On CRAN ('test-coxreg.R:297')"/>
    </testcase>
    <testcase time="0.019999999999996" classname="coxreg" name="tidy.summary.coxph_method_tidies_up_the_Cox_regression_model"/>
    <testcase time="0.00600000000000023" classname="coxreg" name="tidy.summary.coxph_method_tidies_up_the_Cox_regression_model">
      <skipped message="Reason: On CRAN ('test-coxreg.R:308')"/>
    </testcase>
    <testcase time="0.0180000000000007" classname="coxreg" name="h_coxreg_univar_extract_extracts_coxph_results"/>
    <testcase time="0.00600000000000023" classname="coxreg" name="h_coxreg_univar_extract_extracts_coxph_results">
      <skipped message="Reason: On CRAN ('test-coxreg.R:319')"/>
    </testcase>
    <testcase time="0.0309999999999988" classname="coxreg" name="muffled_car_anova_muffles_notes_about_dropped_strata_term"/>
    <testcase time="0.00800000000000267" classname="coxreg" name="muffled_car_anova_muffles_notes_about_dropped_strata_term"/>
    <testcase time="0.0159999999999982" classname="coxreg" name="muffled_car_anova_gives_a_hint_in_the_error_message_when_an_error_occurs"/>
    <testcase time="0.0380000000000038" classname="coxreg" name="tidy.coxreg.univar_method_tidies_up_the_univariate_Cox_regression_model"/>
    <testcase time="0.0069999999999979" classname="coxreg" name="tidy.coxreg.univar_method_tidies_up_the_univariate_Cox_regression_model">
      <skipped message="Reason: On CRAN ('test-coxreg.R:359')"/>
    </testcase>
    <testcase time="0.0349999999999966" classname="coxreg" name="tidy.coxreg.univar_method_works_with_only_numeric_covariates_with_strata"/>
    <testcase time="0.00600000000000023" classname="coxreg" name="tidy.coxreg.univar_method_works_with_only_numeric_covariates_with_strata">
      <skipped message="Reason: On CRAN ('test-coxreg.R:373')"/>
    </testcase>
    <testcase time="0.0470000000000041" classname="coxreg" name="tidy.coxreg.univar_method_works_without_treatment_arm"/>
    <testcase time="0.00200000000000244" classname="coxreg" name="tidy.coxreg.univar_method_works_without_treatment_arm"/>
    <testcase time="0.00599999999999312" classname="coxreg" name="tidy.coxreg.univar_method_works_without_treatment_arm">
      <skipped message="Reason: On CRAN ('test-coxreg.R:387')"/>
    </testcase>
    <testcase time="0.0310000000000059" classname="coxreg" name="h_coxreg_extract_interaction_works_with_factor_as_covariate"/>
    <testcase time="0.00600000000000023" classname="coxreg" name="h_coxreg_extract_interaction_works_with_factor_as_covariate"/>
    <testcase time="0.0210000000000008" classname="coxreg" name="h_coxreg_inter_effect_works_with_numerics_as_covariate"/>
    <testcase time="0.00299999999999301" classname="coxreg" name="h_coxreg_inter_effect_works_with_numerics_as_covariate"/>
    <testcase time="0.00800000000000267" classname="coxreg" name="h_coxreg_inter_effect_works_with_numerics_as_covariate"/>
    <testcase time="0.0260000000000034" classname="coxreg" name="h_coxreg_inter_effect.numerics_works_with_____in_effect_levels"/>
    <testcase time="0.0180000000000007" classname="coxreg" name="h_coxreg_inter_effect.numerics_works_with_____in_effect_levels"/>
    <testcase time="0.00799999999999557" classname="coxreg" name="h_coxreg_inter_effect.numerics_works_with_____in_effect_levels"/>
    <testcase time="0.0140000000000029" classname="coxreg" name="h_coxreg_inter_estimations_results_identical_to_soon_deprecated_estimate_coef"/>
    <testcase time="0.0180000000000007" classname="coxreg" name="fit_coxreg_multivar_returns_model_results_as_expected"/>
    <testcase time="0.00600000000000023" classname="coxreg" name="fit_coxreg_multivar_returns_model_results_as_expected">
      <skipped message="Reason: On CRAN ('test-coxreg.R:504')"/>
    </testcase>
    <testcase time="0.0150000000000006" classname="coxreg" name="fit_coxreg_multivar_is_stopped_when_likelihood_method_is_used_together_with_strata"/>
    <testcase time="0.0139999999999958" classname="coxreg" name="fit_coxreg_multivar_works_correctly_also_without_treatment_arm"/>
    <testcase time="0.00200000000000244" classname="coxreg" name="fit_coxreg_multivar_works_correctly_also_without_treatment_arm"/>
    <testcase time="0.00499999999999545" classname="coxreg" name="fit_coxreg_multivar_works_correctly_also_without_treatment_arm"/>
    <testcase time="0.0500000000000043" classname="coxreg" name="tidy.coxreg.multivar_method_tidies_up_the_multi_variable_Cox_regression_model"/>
    <testcase time="0.00799999999999557" classname="coxreg" name="tidy.coxreg.multivar_method_tidies_up_the_multi_variable_Cox_regression_model">
      <skipped message="Reason: On CRAN ('test-coxreg.R:556')"/>
    </testcase>
    <testcase time="0.0450000000000017" classname="coxreg" name="s_coxreg_converts_tabulated_results_in_a_list"/>
    <testcase time="0.00600000000000023" classname="coxreg" name="s_coxreg_converts_tabulated_results_in_a_list">
      <skipped message="Reason: On CRAN ('test-coxreg.R:573')"/>
    </testcase>
    <testcase time="0.134" classname="coxreg" name="summarize_coxreg_adds_the_univariate_Cox_regression_layer_to_rtables"/>
    <testcase time="0.0350000000000037" classname="coxreg" name="summarize_coxreg_adds_the_univariate_Cox_regression_layer_to_rtables">
      <skipped message="Reason: On CRAN ('test-coxreg.R:596')"/>
    </testcase>
    <testcase time="0.181999999999995" classname="coxreg" name="summarize_coxreg_adds_the_multi_variable_Cox_regression_layer_to_rtables"/>
    <testcase time="0.0459999999999994" classname="coxreg" name="summarize_coxreg_adds_the_multi_variable_Cox_regression_layer_to_rtables">
      <skipped message="Reason: On CRAN ('test-coxreg.R:618')"/>
    </testcase>
    <testcase time="0.135999999999996" classname="coxreg" name="summarize_coxreg_works_without_treatment_arm_in_univariate_case"/>
    <testcase time="0.0350000000000037" classname="coxreg" name="summarize_coxreg_works_without_treatment_arm_in_univariate_case">
      <skipped message="Reason: On CRAN ('test-coxreg.R:640')"/>
    </testcase>
  </testsuite>
  <testsuite name="decorate_grob" timestamp="2023-02-08T20:08:49Z" hostname="dde705f2eefc" tests="7" skipped="1" failures="0" errors="0" time="0.56">
    <testcase time="0.0300000000000011" classname="decorate_grob" name="decorate_grob_returns_no_warnings_when_creating_an_empty_plot"/>
    <testcase time="0.019999999999996" classname="decorate_grob" name="decorate_grob_returns_no_warnings_when_creating_a_non_empty_plot"/>
    <testcase time="0.00500000000000256" classname="decorate_grob" name="split_string_works_with_default_settings"/>
    <testcase time="0.00500000000000256" classname="decorate_grob" name="split_string_works_with_default_settings">
      <skipped message="Reason: On CRAN ('test-decorate_grob.R:51')"/>
    </testcase>
    <testcase time="0.0209999999999937" classname="decorate_grob" name="decorate_grob_factory_returns_page_warning_correctly"/>
    <testcase time="0.409000000000006" classname="decorate_grob" name="decorate_grob_set_returns_no_warnings_when_creating_a_non_empty_plot"/>
    <testcase time="0.0700000000000003" classname="decorate_grob" name="decorate_grob_set_returns_no_warnings_when_creating_a_non_empty_plot"/>
  </testsuite>
  <testsuite name="desctools_binom_diff" timestamp="2023-02-08T20:08:50Z" hostname="dde705f2eefc" tests="10" skipped="5" failures="0" errors="0" time="0.156">
    <testcase time="0.0109999999999957" classname="desctools_binom_diff" name="desctools_binom_produces_correct_output"/>
    <testcase time="0.00500000000000256" classname="desctools_binom_diff" name="desctools_binom_produces_correct_output">
      <skipped message="Reason: On CRAN ('test-desctools_binom_diff.R:18')"/>
    </testcase>
    <testcase time="0.0180000000000007" classname="desctools_binom_diff" name="desctools_binom_produces_correct_output_for_all_methods"/>
    <testcase time="0.00499999999999545" classname="desctools_binom_diff" name="desctools_binom_produces_correct_output_for_all_methods">
      <skipped message="Reason: On CRAN ('test-desctools_binom_diff.R:33')"/>
    </testcase>
    <testcase time="0.0180000000000007" classname="desctools_binom_diff" name="desctools_binomci_produces_correct_output_with_default_settings"/>
    <testcase time="0.00500000000000256" classname="desctools_binom_diff" name="desctools_binomci_produces_correct_output_with_default_settings">
      <skipped message="Reason: On CRAN ('test-desctools_binom_diff.R:42')"/>
    </testcase>
    <testcase time="0.0109999999999957" classname="desctools_binom_diff" name="desctools_binomci_produces_correct_output_with_custom_settings"/>
    <testcase time="0.00400000000000489" classname="desctools_binom_diff" name="desctools_binomci_produces_correct_output_with_custom_settings">
      <skipped message="Reason: On CRAN ('test-desctools_binom_diff.R:51')"/>
    </testcase>
    <testcase time="0.0739999999999981" classname="desctools_binom_diff" name="desctools_binomci_produces_correct_output_for_all_methods"/>
    <testcase time="0.00500000000000256" classname="desctools_binom_diff" name="desctools_binomci_produces_correct_output_for_all_methods">
      <skipped message="Reason: On CRAN ('test-desctools_binom_diff.R:63')"/>
    </testcase>
  </testsuite>
  <testsuite name="df_explicit_na" timestamp="2023-02-08T20:08:50Z" hostname="dde705f2eefc" tests="17" skipped="5" failures="0" errors="0" time="0.14">
    <testcase time="0.0189999999999984" classname="df_explicit_na" name="Default_fill_in_of_missing_values_and_conversion_to_factor_works_as_expected"/>
    <testcase time="0.00600000000000023" classname="df_explicit_na" name="Default_fill_in_of_missing_values_and_conversion_to_factor_works_as_expected">
      <skipped message="Reason: On CRAN ('test-df_explicit_na.R:22')"/>
    </testcase>
    <testcase time="0.0120000000000005" classname="df_explicit_na" name="Default_settings_work_when_input_data_does_not_have_labels"/>
    <testcase time="0.00600000000000023" classname="df_explicit_na" name="Default_settings_work_when_input_data_does_not_have_labels">
      <skipped message="Reason: On CRAN ('test-df_explicit_na.R:36')"/>
    </testcase>
    <testcase time="0.0120000000000005" classname="df_explicit_na" name="Only_replace_missing_values_without_modifying_character_or_logical_variables"/>
    <testcase time="0.00600000000000023" classname="df_explicit_na" name="Only_replace_missing_values_without_modifying_character_or_logical_variables">
      <skipped message="Reason: On CRAN ('test-df_explicit_na.R:44')"/>
    </testcase>
    <testcase time="0.0120000000000005" classname="df_explicit_na" name="Conversion_to_factor_works_with_some_variables_omitted"/>
    <testcase time="0.00600000000000023" classname="df_explicit_na" name="Conversion_to_factor_works_with_some_variables_omitted">
      <skipped message="Reason: On CRAN ('test-df_explicit_na.R:57')"/>
    </testcase>
    <testcase time="0.0120000000000005" classname="df_explicit_na" name="Only_convert_logical_variables_but_not_character_variables"/>
    <testcase time="0.00599999999999312" classname="df_explicit_na" name="Only_convert_logical_variables_but_not_character_variables">
      <skipped message="Reason: On CRAN ('test-df_explicit_na.R:70')"/>
    </testcase>
    <testcase time="0.0140000000000029" classname="df_explicit_na" name="Check_Errors"/>
    <testcase time="0.00500000000000256" classname="df_explicit_na" name="Check_Errors"/>
    <testcase time="0.00499999999999545" classname="df_explicit_na" name="Check_Errors"/>
    <testcase time="0.00500000000000256" classname="df_explicit_na" name="Check_Errors"/>
    <testcase time="0.00500000000000256" classname="df_explicit_na" name="Check_Errors"/>
    <testcase time="0.00499999999999545" classname="df_explicit_na" name="df_explicit_na_just_returns_unmodified_data_if_all_columns_are_omitted"/>
    <testcase time="0.00400000000000489" classname="df_explicit_na" name="df_explicit_na_just_returns_unmodified_data_if_all_columns_are_omitted"/>
  </testsuite>
  <testsuite name="estimate_incidence_rate" timestamp="2023-02-08T20:08:50Z" hostname="dde705f2eefc" tests="20" skipped="8" failures="0" errors="0" time="0.238">
    <testcase time="0.0139999999999958" classname="estimate_incidence_rate" name="control_incidence_rate_works_with_customized_parameters"/>
    <testcase time="0.00500000000000256" classname="estimate_incidence_rate" name="control_incidence_rate_works_with_customized_parameters">
      <skipped message="Reason: On CRAN ('test-estimate_incidence_rate.R:10')"/>
    </testcase>
    <testcase time="0.0139999999999958" classname="estimate_incidence_rate" name="control_incidence_rate_fails_with_wrong_input"/>
    <testcase time="0.00500000000000256" classname="estimate_incidence_rate" name="control_incidence_rate_fails_with_wrong_input"/>
    <testcase time="0.00500000000000256" classname="estimate_incidence_rate" name="control_incidence_rate_fails_with_wrong_input"/>
    <testcase time="0.00499999999999545" classname="estimate_incidence_rate" name="control_incidence_rate_fails_with_wrong_input"/>
    <testcase time="0.00500000000000256" classname="estimate_incidence_rate" name="h_incidence_rate_normal_works_as_expected_with_healthy_input"/>
    <testcase time="0.00399999999999778" classname="estimate_incidence_rate" name="h_incidence_rate_normal_works_as_expected_with_healthy_input">
      <skipped message="Reason: On CRAN ('test-estimate_incidence_rate.R:24')"/>
    </testcase>
    <testcase time="0.0110000000000028" classname="estimate_incidence_rate" name="h_incidence_rate_normal_log_works_as_expected_with_healthy_input"/>
    <testcase time="0.00500000000000256" classname="estimate_incidence_rate" name="h_incidence_rate_normal_log_works_as_expected_with_healthy_input">
      <skipped message="Reason: On CRAN ('test-estimate_incidence_rate.R:31')"/>
    </testcase>
    <testcase time="0.0109999999999957" classname="estimate_incidence_rate" name="h_incidence_rate_exact_works_as_expected_with_healthy_input"/>
    <testcase time="0.00500000000000256" classname="estimate_incidence_rate" name="h_incidence_rate_exact_works_as_expected_with_healthy_input">
      <skipped message="Reason: On CRAN ('test-estimate_incidence_rate.R:38')"/>
    </testcase>
    <testcase time="0.00999999999999801" classname="estimate_incidence_rate" name="h_incidence_rate_byar_works_as_expected_with_healthy_input"/>
    <testcase time="0.00500000000000256" classname="estimate_incidence_rate" name="h_incidence_rate_byar_works_as_expected_with_healthy_input">
      <skipped message="Reason: On CRAN ('test-estimate_incidence_rate.R:45')"/>
    </testcase>
    <testcase time="0.0109999999999957" classname="estimate_incidence_rate" name="h_incidence_rate_works_as_expected_with_healthy_input"/>
    <testcase time="0.00500000000000256" classname="estimate_incidence_rate" name="h_incidence_rate_works_as_expected_with_healthy_input">
      <skipped message="Reason: On CRAN ('test-estimate_incidence_rate.R:56')"/>
    </testcase>
    <testcase time="0.0180000000000007" classname="estimate_incidence_rate" name="s_incidence_rate_works_as_expected_with_healthy_input"/>
    <testcase time="0.00500000000000256" classname="estimate_incidence_rate" name="s_incidence_rate_works_as_expected_with_healthy_input">
      <skipped message="Reason: On CRAN ('test-estimate_incidence_rate.R:81')"/>
    </testcase>
    <testcase time="0.0699999999999932" classname="estimate_incidence_rate" name="estimate_incidence_rate_works_as_expected_with_healthy_input"/>
    <testcase time="0.0250000000000057" classname="estimate_incidence_rate" name="estimate_incidence_rate_works_as_expected_with_healthy_input">
      <skipped message="Reason: On CRAN ('test-estimate_incidence_rate.R:110')"/>
    </testcase>
  </testsuite>
  <testsuite name="estimate_multinom_rsp" timestamp="2023-02-08T20:08:50Z" hostname="dde705f2eefc" tests="10" skipped="3" failures="0" errors="0" time="0.181">
    <testcase time="0.0159999999999982" classname="estimate_multinom_rsp" name="d_onco_rsp_label_provide_right_response_labels"/>
    <testcase time="0.00500000000000256" classname="estimate_multinom_rsp" name="d_onco_rsp_label_provide_right_response_labels">
      <skipped message="Reason: On CRAN ('test-estimate_multinom_rsp.R:6')"/>
    </testcase>
    <testcase time="0.0159999999999982" classname="estimate_multinom_rsp" name="d_onco_rsp_label_describe_label_with_x_being_a_factor"/>
    <testcase time="0.00499999999999545" classname="estimate_multinom_rsp" name="d_onco_rsp_label_describe_label_with_x_being_a_factor">
      <skipped message="Reason: On CRAN ('test-estimate_multinom_rsp.R:14')"/>
    </testcase>
    <testcase time="0.0130000000000052" classname="estimate_multinom_rsp" name="s_length_proportion_works_as_expected_with_healthy_input"/>
    <testcase time="0.00799999999999557" classname="estimate_multinom_rsp" name="s_length_proportion_fails_with_bad_input"/>
    <testcase time="0.00500000000000256" classname="estimate_multinom_rsp" name="s_length_proportion_fails_with_bad_input"/>
    <testcase time="0.00500000000000256" classname="estimate_multinom_rsp" name="s_length_proportion_fails_with_bad_input"/>
    <testcase time="0.0790000000000006" classname="estimate_multinom_rsp" name="estimate_multinomial_response_returns_right_result"/>
    <testcase time="0.0289999999999964" classname="estimate_multinom_rsp" name="estimate_multinomial_response_returns_right_result">
      <skipped message="Reason: On CRAN ('test-estimate_multinom_rsp.R:48')"/>
    </testcase>
  </testsuite>
  <testsuite name="estimate_proportion" timestamp="2023-02-08T20:08:50Z" hostname="dde705f2eefc" tests="34" skipped="17" failures="0" errors="0" time="0.504">
    <testcase time="0.0180000000000007" classname="estimate_proportion" name="prop_wilson_returns_right_result"/>
    <testcase time="0.00500000000000256" classname="estimate_proportion" name="prop_wilson_returns_right_result">
      <skipped message="Reason: On CRAN ('test-estimate_proportion.R:9')"/>
    </testcase>
    <testcase time="0.00999999999999801" classname="estimate_proportion" name="strata_normal_quantile_works_with_general_factor_table"/>
    <testcase time="0.00499999999999545" classname="estimate_proportion" name="strata_normal_quantile_works_with_general_factor_table">
      <skipped message="Reason: On CRAN ('test-estimate_proportion.R:29')"/>
    </testcase>
    <testcase time="0.0110000000000028" classname="estimate_proportion" name="update_weights_strat_wilson_works_with_general_inputs"/>
    <testcase time="0.00500000000000256" classname="estimate_proportion" name="update_weights_strat_wilson_works_with_general_inputs">
      <skipped message="Reason: On CRAN ('test-estimate_proportion.R:43')"/>
    </testcase>
    <testcase time="0.0120000000000005" classname="estimate_proportion" name="update_weights_strat_wilson_convergence_test"/>
    <testcase time="0.00499999999999545" classname="estimate_proportion" name="update_weights_strat_wilson_convergence_test">
      <skipped message="Reason: On CRAN ('test-estimate_proportion.R:78')"/>
    </testcase>
    <testcase time="0.0120000000000005" classname="estimate_proportion" name="prop_strat_wilson_returns_right_results"/>
    <testcase time="0.00500000000000256" classname="estimate_proportion" name="prop_strat_wilson_returns_right_results">
      <skipped message="Reason: On CRAN ('test-estimate_proportion.R:106')"/>
    </testcase>
    <testcase time="0.0180000000000007" classname="estimate_proportion" name="prop_strat_wilson_returns_right_result_with_inserted_weights"/>
    <testcase time="0.00499999999999545" classname="estimate_proportion" name="prop_strat_wilson_returns_right_result_with_inserted_weights">
      <skipped message="Reason: On CRAN ('test-estimate_proportion.R:131')"/>
    </testcase>
    <testcase time="0.0110000000000028" classname="estimate_proportion" name="prop_clopper_pearson_returns_right_result"/>
    <testcase time="0.00500000000000256" classname="estimate_proportion" name="prop_clopper_pearson_returns_right_result">
      <skipped message="Reason: On CRAN ('test-estimate_proportion.R:142')"/>
    </testcase>
    <testcase time="0.00999999999999801" classname="estimate_proportion" name="prop_wald_returns_right_result"/>
    <testcase time="0.00500000000000256" classname="estimate_proportion" name="prop_wald_returns_right_result">
      <skipped message="Reason: On CRAN ('test-estimate_proportion.R:154')"/>
    </testcase>
    <testcase time="0.0109999999999957" classname="estimate_proportion" name="prop_agresti_coull_returns_right_result"/>
    <testcase time="0.00500000000000256" classname="estimate_proportion" name="prop_agresti_coull_returns_right_result">
      <skipped message="Reason: On CRAN ('test-estimate_proportion.R:170')"/>
    </testcase>
    <testcase time="0.0109999999999957" classname="estimate_proportion" name="prop_jeffreys_returns_right_result"/>
    <testcase time="0.00500000000000256" classname="estimate_proportion" name="prop_jeffreys_returns_right_result">
      <skipped message="Reason: On CRAN ('test-estimate_proportion.R:181')"/>
    </testcase>
    <testcase time="0.0120000000000005" classname="estimate_proportion" name="prop_strat_wilson_output_matches_equivalent_SAS_function_output"/>
    <testcase time="0.00500000000000256" classname="estimate_proportion" name="prop_strat_wilson_output_matches_equivalent_SAS_function_output">
      <skipped message="Reason: On CRAN ('test-estimate_proportion.R:203')"/>
    </testcase>
    <testcase time="0.0109999999999957" classname="estimate_proportion" name="s_proportion_returns_right_result"/>
    <testcase time="0.00500000000000256" classname="estimate_proportion" name="s_proportion_returns_right_result">
      <skipped message="Reason: On CRAN ('test-estimate_proportion.R:210')"/>
    </testcase>
    <testcase time="0.0110000000000028" classname="estimate_proportion" name="_s_proportion_works_with_Jeffreys_CI"/>
    <testcase time="0.00499999999999545" classname="estimate_proportion" name="_s_proportion_works_with_Jeffreys_CI">
      <skipped message="Reason: On CRAN ('test-estimate_proportion.R:223')"/>
    </testcase>
    <testcase time="0.0110000000000028" classname="estimate_proportion" name="_s_proportion_works_with_Agresti_Coull_CI"/>
    <testcase time="0.00499999999999545" classname="estimate_proportion" name="_s_proportion_works_with_Agresti_Coull_CI">
      <skipped message="Reason: On CRAN ('test-estimate_proportion.R:247')"/>
    </testcase>
    <testcase time="0.0900000000000034" classname="estimate_proportion" name="_estimate_proportion_is_compatible_with_rtables_"/>
    <testcase time="0.00600000000000023" classname="estimate_proportion" name="_estimate_proportion_is_compatible_with_rtables_">
      <skipped message="Reason: On CRAN ('test-estimate_proportion.R:281')"/>
    </testcase>
    <testcase time="0.0839999999999961" classname="estimate_proportion" name="_estimate_proportion_and_strat_wilson_is_compatible_with_rtables_"/>
    <testcase time="0.00500000000000256" classname="estimate_proportion" name="_estimate_proportion_and_strat_wilson_is_compatible_with_rtables_">
      <skipped message="Reason: On CRAN ('test-estimate_proportion.R:307')"/>
    </testcase>
    <testcase time="0.0739999999999981" classname="estimate_proportion" name="_estimate_proportion_and_strat_wilson_with_equal_weights_and_specific_number_of_interactions_works_with_rtables_"/>
    <testcase time="0.00600000000000023" classname="estimate_proportion" name="_estimate_proportion_and_strat_wilson_with_equal_weights_and_specific_number_of_interactions_works_with_rtables_">
      <skipped message="Reason: On CRAN ('test-estimate_proportion.R:339')"/>
    </testcase>
  </testsuite>
  <testsuite name="fit_rsp_step" timestamp="2023-02-08T20:08:51Z" hostname="dde705f2eefc" tests="16" skipped="3" failures="0" errors="0" time="0.413">
    <testcase time="0.219000000000001" classname="fit_rsp_step" name="fit_rsp_step_works_as_expected_with_default_options"/>
    <testcase time="0.00100000000000477" classname="fit_rsp_step" name="fit_rsp_step_works_as_expected_with_default_options"/>
    <testcase time="0.00199999999999534" classname="fit_rsp_step" name="fit_rsp_step_works_as_expected_with_default_options"/>
    <testcase time="0.00500000000000256" classname="fit_rsp_step" name="fit_rsp_step_works_as_expected_with_default_options">
      <skipped message="Reason: On CRAN ('test-fit_rsp_step.R:29')"/>
    </testcase>
    <testcase time="0.0319999999999965" classname="fit_rsp_step" name="fit_rsp_step_works_as_expected_with_global_model_fit"/>
    <testcase time="0.00100000000000477" classname="fit_rsp_step" name="fit_rsp_step_works_as_expected_with_global_model_fit"/>
    <testcase time="0.00300000000000011" classname="fit_rsp_step" name="fit_rsp_step_works_as_expected_with_global_model_fit"/>
    <testcase time="0.00499999999999545" classname="fit_rsp_step" name="fit_rsp_step_works_as_expected_with_global_model_fit">
      <skipped message="Reason: On CRAN ('test-fit_rsp_step.R:58')"/>
    </testcase>
    <testcase time="0.0309999999999988" classname="fit_rsp_step" name="fit_rsp_step_works_as_expected_with_strata"/>
    <testcase time="0.00100000000000477" classname="fit_rsp_step" name="fit_rsp_step_works_as_expected_with_strata"/>
    <testcase time="0.00199999999999534" classname="fit_rsp_step" name="fit_rsp_step_works_as_expected_with_strata"/>
    <testcase time="0.00500000000000256" classname="fit_rsp_step" name="fit_rsp_step_works_as_expected_with_strata">
      <skipped message="Reason: On CRAN ('test-fit_rsp_step.R:81')"/>
    </testcase>
    <testcase time="0.0970000000000013" classname="fit_rsp_step" name="fit_rsp_step_works_as_expected_with_null_bandwidth"/>
    <testcase time="0.000999999999997669" classname="fit_rsp_step" name="fit_rsp_step_works_as_expected_with_null_bandwidth"/>
    <testcase time="0.00400000000000489" classname="fit_rsp_step" name="fit_rsp_step_works_as_expected_with_null_bandwidth"/>
    <testcase time="0.00399999999999778" classname="fit_rsp_step" name="fit_rsp_step_works_as_expected_with_null_bandwidth"/>
  </testsuite>
  <testsuite name="fit_survival_step" timestamp="2023-02-08T20:08:51Z" hostname="dde705f2eefc" tests="12" skipped="3" failures="0" errors="0" time="0.372">
    <testcase time="0.222999999999999" classname="fit_survival_step" name="fit_survival_step_works_as_expected_with_default_options"/>
    <testcase time="0.000999999999997669" classname="fit_survival_step" name="fit_survival_step_works_as_expected_with_default_options"/>
    <testcase time="0.00200000000000244" classname="fit_survival_step" name="fit_survival_step_works_as_expected_with_default_options"/>
    <testcase time="0.00399999999999778" classname="fit_survival_step" name="fit_survival_step_works_as_expected_with_default_options">
      <skipped message="Reason: On CRAN ('test-fit_survival_step.R:34')"/>
    </testcase>
    <testcase time="0.0330000000000013" classname="fit_survival_step" name="fit_survival_step_works_as_expected_with_global_model_fit"/>
    <testcase time="0.000999999999997669" classname="fit_survival_step" name="fit_survival_step_works_as_expected_with_global_model_fit"/>
    <testcase time="0.00200000000000244" classname="fit_survival_step" name="fit_survival_step_works_as_expected_with_global_model_fit"/>
    <testcase time="0.00500000000000256" classname="fit_survival_step" name="fit_survival_step_works_as_expected_with_global_model_fit">
      <skipped message="Reason: On CRAN ('test-fit_survival_step.R:65')"/>
    </testcase>
    <testcase time="0.0929999999999964" classname="fit_survival_step" name="fit_survival_step_works_as_expected_with_null_bandwidth"/>
    <testcase time="0.00100000000000477" classname="fit_survival_step" name="fit_survival_step_works_as_expected_with_null_bandwidth"/>
    <testcase time="0.00199999999999534" classname="fit_survival_step" name="fit_survival_step_works_as_expected_with_null_bandwidth"/>
    <testcase time="0.00500000000000256" classname="fit_survival_step" name="fit_survival_step_works_as_expected_with_null_bandwidth">
      <skipped message="Reason: On CRAN ('test-fit_survival_step.R:88')"/>
    </testcase>
  </testsuite>
  <testsuite name="footnotes" timestamp="2023-02-08T20:08:52Z" hostname="dde705f2eefc" tests="4" skipped="2" failures="0" errors="0" time="0.034">
    <testcase time="0.0139999999999958" classname="footnotes" name="footnotes_works_correctly"/>
    <testcase time="0.00500000000000256" classname="footnotes" name="footnotes_works_correctly">
      <skipped message="Reason: On CRAN ('test-footnotes.R:6')"/>
    </testcase>
    <testcase time="0.0110000000000028" classname="footnotes" name="add_footnotes_works_correctly"/>
    <testcase time="0.00399999999999778" classname="footnotes" name="add_footnotes_works_correctly">
      <skipped message="Reason: On CRAN ('test-footnotes.R:15')"/>
    </testcase>
  </testsuite>
  <testsuite name="formats" timestamp="2023-02-08T20:08:52Z" hostname="dde705f2eefc" tests="34" skipped="16" failures="0" errors="0" time="0.27">
    <testcase time="0.0159999999999982" classname="formats" name="format_fraction_works_with_healthy_inputs"/>
    <testcase time="0.00500000000000256" classname="formats" name="format_fraction_works_with_healthy_inputs">
      <skipped message="Reason: On CRAN ('test-formats.R:5')"/>
    </testcase>
    <testcase time="0.00999999999999801" classname="formats" name="format_fraction_works_with_0_numerator_input"/>
    <testcase time="0.00399999999999778" classname="formats" name="format_fraction_works_with_0_numerator_input">
      <skipped message="Reason: On CRAN ('test-formats.R:12')"/>
    </testcase>
    <testcase time="0.0110000000000028" classname="formats" name="format_fraction_fixed_dp_works_with_healthy_inputs"/>
    <testcase time="0.00399999999999778" classname="formats" name="format_fraction_fixed_dp_works_with_healthy_inputs">
      <skipped message="Reason: On CRAN ('test-formats.R:19')"/>
    </testcase>
    <testcase time="0.0110000000000028" classname="formats" name="format_fraction_fixed_dp_works_with_whole_number_percentages"/>
    <testcase time="0.00999999999999801" classname="formats" name="format_fraction_fixed_dp_works_with_whole_number_percentages">
      <skipped message="Reason: On CRAN ('test-formats.R:26')"/>
    </testcase>
    <testcase time="0.0100000000000051" classname="formats" name="format_fraction_fixed_dp_works_with_0_numerator_input"/>
    <testcase time="0.00499999999999545" classname="formats" name="format_fraction_fixed_dp_works_with_0_numerator_input">
      <skipped message="Reason: On CRAN ('test-formats.R:33')"/>
    </testcase>
    <testcase time="0.00999999999999801" classname="formats" name="format_count_fraction_works_with_healthy_inputs"/>
    <testcase time="0.00500000000000256" classname="formats" name="format_count_fraction_works_with_healthy_inputs">
      <skipped message="Reason: On CRAN ('test-formats.R:40')"/>
    </testcase>
    <testcase time="0.00999999999999801" classname="formats" name="format_count_fraction_works_with_count_of_0"/>
    <testcase time="0.00500000000000256" classname="formats" name="format_count_fraction_works_with_count_of_0">
      <skipped message="Reason: On CRAN ('test-formats.R:47')"/>
    </testcase>
    <testcase time="0.00999999999999801" classname="formats" name="format_count_fraction_fixed_dp_works_with_healthy_inputs"/>
    <testcase time="0.00500000000000256" classname="formats" name="format_count_fraction_fixed_dp_works_with_healthy_inputs">
      <skipped message="Reason: On CRAN ('test-formats.R:54')"/>
    </testcase>
    <testcase time="0.00999999999999801" classname="formats" name="format_count_fraction_fixed_dp_works_with_healthy_inputs"/>
    <testcase time="0.00500000000000256" classname="formats" name="format_count_fraction_fixed_dp_works_with_healthy_inputs">
      <skipped message="Reason: On CRAN ('test-formats.R:61')"/>
    </testcase>
    <testcase time="0.00999999999999801" classname="formats" name="format_count_fraction_fixed_dp_works_with_count_of_0"/>
    <testcase time="0.00500000000000256" classname="formats" name="format_count_fraction_fixed_dp_works_with_count_of_0">
      <skipped message="Reason: On CRAN ('test-formats.R:68')"/>
    </testcase>
    <testcase time="0.0139999999999958" classname="formats" name="format_fraction_fails_with_bad_inputs"/>
    <testcase time="0.00500000000000256" classname="formats" name="format_fraction_fails_with_bad_inputs"/>
    <testcase time="0.00600000000000023" classname="formats" name="format_xx_works_with_easy_inputs"/>
    <testcase time="0.00500000000000256" classname="formats" name="format_xx_works_with_easy_inputs">
      <skipped message="Reason: On CRAN ('test-formats.R:87')"/>
    </testcase>
    <testcase time="0.0109999999999957" classname="formats" name="format_fraction_threshold_works_with_easy_inputs"/>
    <testcase time="0.00400000000000489" classname="formats" name="format_fraction_threshold_works_with_easy_inputs">
      <skipped message="Reason: On CRAN ('test-formats.R:96')"/>
    </testcase>
    <testcase time="0.0109999999999957" classname="formats" name="h_get_format_threshold_works_with_easy_inputs"/>
    <testcase time="0.00500000000000256" classname="formats" name="h_get_format_threshold_works_with_easy_inputs">
      <skipped message="Reason: On CRAN ('test-formats.R:104')"/>
    </testcase>
    <testcase time="0.0109999999999957" classname="formats" name="h_format_threshold_works_with_easy_inputs"/>
    <testcase time="0.00500000000000256" classname="formats" name="h_format_threshold_works_with_easy_inputs">
      <skipped message="Reason: On CRAN ('test-formats.R:118')"/>
    </testcase>
    <testcase time="0.0110000000000028" classname="formats" name="format_extreme_values_works_with_easy_inputs"/>
    <testcase time="0.00499999999999545" classname="formats" name="format_extreme_values_works_with_easy_inputs">
      <skipped message="Reason: On CRAN ('test-formats.R:127')"/>
    </testcase>
    <testcase time="0.0110000000000028" classname="formats" name="format_extreme_values_ci_works_with_easy_inputs"/>
    <testcase time="0.00500000000000256" classname="formats" name="format_extreme_values_ci_works_with_easy_inputs">
      <skipped message="Reason: On CRAN ('test-formats.R:136')"/>
    </testcase>
  </testsuite>
  <testsuite name="g_forest" timestamp="2023-02-08T20:08:52Z" hostname="dde705f2eefc" tests="2" skipped="0" failures="0" errors="0" time="2.633">
    <testcase time="2.505" classname="g_forest" name="g_forest_default_plot_works"/>
    <testcase time="0.128" classname="g_forest" name="g_forest_works_with_custom_arguments"/>
  </testsuite>
  <testsuite name="g_km" timestamp="2023-02-08T20:08:55Z" hostname="dde705f2eefc" tests="3" skipped="0" failures="0" errors="0" time="0.602">
    <testcase time="0.186" classname="g_km" name="g_km_default_plot_works"/>
    <testcase time="0.270000000000003" classname="g_km" name="g_km_default_plot_witch_ci_ribbon_TRUE_works"/>
    <testcase time="0.146000000000001" classname="g_km" name="g_km_plot_with_in_group_labels_works"/>
  </testsuite>
  <testsuite name="g_lineplot" timestamp="2023-02-08T20:08:55Z" hostname="dde705f2eefc" tests="2" skipped="0" failures="2" errors="0" time="0.516">
    <testcase time="0.131999999999998" classname="g_lineplot" name="g_lineplot_works_with_default_settings">
      <failure type="failure" message="`g_lineplot(adlb, adsl)` produced warnings. ('test-g_lineplot.R:7')">`g_lineplot(adlb, adsl)` produced warnings.</failure>
    </testcase>
    <testcase time="0.384" classname="g_lineplot" name="g_lineplot_works_with_custom_settings_and_statistics_table">
      <failure type="failure" message="`g_lineplot(...)` produced warnings. ('test-g_lineplot.R:11')">`g_lineplot(...)` produced warnings.</failure>
    </testcase>
  </testsuite>
  <testsuite name="g_step" timestamp="2023-02-08T20:08:56Z" hostname="dde705f2eefc" tests="12" skipped="2" failures="0" errors="0" time="0.236">
    <testcase time="0.103999999999999" classname="g_step" name="g_step_works_with_default_settings"/>
    <testcase time="0.0249999999999986" classname="g_step" name="g_step_works_with_custom_settings"/>
    <testcase time="0.00800000000000267" classname="g_step" name="tidy.step_works_as_expected_for_survival_STEP_results"/>
    <testcase time="0.000999999999997669" classname="g_step" name="tidy.step_works_as_expected_for_survival_STEP_results"/>
    <testcase time="0.00500000000000256" classname="g_step" name="tidy.step_works_as_expected_for_survival_STEP_results">
      <skipped message="Reason: On CRAN ('test-g_step.R:36')"/>
    </testcase>
    <testcase time="0.0489999999999995" classname="g_step" name="tidy.step_works_as_expected_for_response_STEP_results"/>
    <testcase time="0.00200000000000244" classname="g_step" name="tidy.step_works_as_expected_for_response_STEP_results"/>
    <testcase time="0.00499999999999545" classname="g_step" name="tidy.step_works_as_expected_for_response_STEP_results">
      <skipped message="Reason: On CRAN ('test-g_step.R:65')"/>
    </testcase>
    <testcase time="0.0150000000000006" classname="g_step" name="tidy.step_gives_expected_warnings_when_there_are_NAs_in_y_variables"/>
    <testcase time="0.0069999999999979" classname="g_step" name="tidy.step_gives_expected_warnings_when_there_are_NAs_in_y_variables"/>
    <testcase time="0.00900000000000034" classname="g_step" name="tidy.step_gives_expected_warnings_when_there_are_very_large_values_in_y_variables"/>
    <testcase time="0.00600000000000023" classname="g_step" name="tidy.step_gives_expected_warnings_when_there_are_very_large_values_in_y_variables"/>
  </testsuite>
  <testsuite name="g_waterfall" timestamp="2023-02-08T20:08:56Z" hostname="dde705f2eefc" tests="2" skipped="0" failures="0" errors="0" time="0.035">
    <testcase time="0.0160000000000053" classname="g_waterfall" name="g_waterfall_default_plot_works"/>
    <testcase time="0.0189999999999984" classname="g_waterfall" name="g_waterfall_plot_with_labels_and_colors_works"/>
  </testsuite>
  <testsuite name="h_adsl_adlb_merge_using_worst_flag" timestamp="2023-02-08T20:08:56Z" hostname="dde705f2eefc" tests="10" skipped="5" failures="0" errors="0" time="0.361">
    <testcase time="0.0599999999999952" classname="h_adsl_adlb_merge_using_worst_flag" name="h_adsl_adlb_merge_using_worst_flag_generates_missing_for_patients_without_any_lab"/>
    <testcase time="0.00800000000000267" classname="h_adsl_adlb_merge_using_worst_flag" name="h_adsl_adlb_merge_using_worst_flag_generates_missing_for_patients_without_any_lab">
      <skipped message="Reason: On CRAN ('test-h_adsl_adlb_merge_using_worst_flag.R:10')"/>
    </testcase>
    <testcase time="0.0609999999999999" classname="h_adsl_adlb_merge_using_worst_flag" name="h_adsl_adlb_merge_using_worst_flag_generates_missing_for_patients_missing_baseline_lab"/>
    <testcase time="0.00800000000000267" classname="h_adsl_adlb_merge_using_worst_flag" name="h_adsl_adlb_merge_using_worst_flag_generates_missing_for_patients_missing_baseline_lab">
      <skipped message="Reason: On CRAN ('test-h_adsl_adlb_merge_using_worst_flag.R:24')"/>
    </testcase>
    <testcase time="0.0629999999999953" classname="h_adsl_adlb_merge_using_worst_flag" name="h_adsl_adlb_merge_using_worst_flag_generates_missing_for_patients_missing_post_baseline_lab"/>
    <testcase time="0.00800000000000267" classname="h_adsl_adlb_merge_using_worst_flag" name="h_adsl_adlb_merge_using_worst_flag_generates_missing_for_patients_missing_post_baseline_lab">
      <skipped message="Reason: On CRAN ('test-h_adsl_adlb_merge_using_worst_flag.R:38')"/>
    </testcase>
    <testcase time="0.0700000000000003" classname="h_adsl_adlb_merge_using_worst_flag" name="h_adsl_adlb_merge_using_worst_flag_generates_missing_for_patients_without_any_worst_flagged_post_baseline_values"/>
    <testcase time="0.00800000000000267" classname="h_adsl_adlb_merge_using_worst_flag" name="h_adsl_adlb_merge_using_worst_flag_generates_missing_for_patients_without_any_worst_flagged_post_baseline_values">
      <skipped message="Reason: On CRAN ('test-h_adsl_adlb_merge_using_worst_flag.R:54')"/>
    </testcase>
    <testcase time="0.0659999999999954" classname="h_adsl_adlb_merge_using_worst_flag" name="h_adsl_adlb_merge_using_worst_flag_generates_missing_and_by_visit_lab_results"/>
    <testcase time="0.00900000000000034" classname="h_adsl_adlb_merge_using_worst_flag" name="h_adsl_adlb_merge_using_worst_flag_generates_missing_and_by_visit_lab_results">
      <skipped message="Reason: On CRAN ('test-h_adsl_adlb_merge_using_worst_flag.R:67')"/>
    </testcase>
  </testsuite>
  <testsuite name="h_format_row" timestamp="2023-02-08T20:08:56Z" hostname="dde705f2eefc" tests="2" skipped="1" failures="0" errors="0" time="0.021">
    <testcase time="0.0159999999999982" classname="h_format_row" name="h_format_row_returns_the_correct_dataframe"/>
    <testcase time="0.00500000000000256" classname="h_format_row" name="h_format_row_returns_the_correct_dataframe">
      <skipped message="Reason: On CRAN ('test-h_format_row.R:11')"/>
    </testcase>
  </testsuite>
  <testsuite name="h_logistic_regression" timestamp="2023-02-08T20:08:57Z" hostname="dde705f2eefc" tests="54" skipped="16" failures="0" errors="0" time="0.507">
    <testcase time="0.054000000000002" classname="h_logistic_regression" name="h_get_interaction_vars_works_as_expected"/>
    <testcase time="0.00499999999999545" classname="h_logistic_regression" name="h_get_interaction_vars_works_as_expected">
      <skipped message="Reason: On CRAN ('test-h_logistic_regression.R:28')"/>
    </testcase>
    <testcase time="0.0150000000000006" classname="h_logistic_regression" name="h_interaction_coef_name_works_as_expected"/>
    <testcase time="0.00500000000000256" classname="h_logistic_regression" name="h_interaction_coef_name_works_as_expected">
      <skipped message="Reason: On CRAN ('test-h_logistic_regression.R:49')"/>
    </testcase>
    <testcase time="0.0150000000000006" classname="h_logistic_regression" name="h_or_cat_interaction_works_as_expected"/>
    <testcase time="0.000999999999997669" classname="h_logistic_regression" name="h_or_cat_interaction_works_as_expected"/>
    <testcase time="0.00100000000000477" classname="h_logistic_regression" name="h_or_cat_interaction_works_as_expected"/>
    <testcase time="0.000999999999997669" classname="h_logistic_regression" name="h_or_cat_interaction_works_as_expected"/>
    <testcase time="0.000999999999997669" classname="h_logistic_regression" name="h_or_cat_interaction_works_as_expected"/>
    <testcase time="0.00100000000000477" classname="h_logistic_regression" name="h_or_cat_interaction_works_as_expected"/>
    <testcase time="0.00899999999999324" classname="h_logistic_regression" name="h_or_cat_interaction_works_as_expected"/>
    <testcase time="0.00600000000000023" classname="h_logistic_regression" name="h_or_cat_interaction_works_as_expected">
      <skipped message="Reason: On CRAN ('test-h_logistic_regression.R:74')"/>
    </testcase>
    <testcase time="0.0150000000000006" classname="h_logistic_regression" name="h_or_cont_interaction_works_as_expected_with_median_increment"/>
    <testcase time="0.00100000000000477" classname="h_logistic_regression" name="h_or_cont_interaction_works_as_expected_with_median_increment"/>
    <testcase time="0.000999999999997669" classname="h_logistic_regression" name="h_or_cont_interaction_works_as_expected_with_median_increment"/>
    <testcase time="0.00100000000000477" classname="h_logistic_regression" name="h_or_cont_interaction_works_as_expected_with_median_increment"/>
    <testcase time="0.000999999999997669" classname="h_logistic_regression" name="h_or_cont_interaction_works_as_expected_with_median_increment"/>
    <testcase time="0.000999999999997669" classname="h_logistic_regression" name="h_or_cont_interaction_works_as_expected_with_median_increment"/>
    <testcase time="0.00200000000000244" classname="h_logistic_regression" name="h_or_cont_interaction_works_as_expected_with_median_increment"/>
    <testcase time="0.00500000000000256" classname="h_logistic_regression" name="h_or_cont_interaction_works_as_expected_with_median_increment">
      <skipped message="Reason: On CRAN ('test-h_logistic_regression.R:107')"/>
    </testcase>
    <testcase time="0.0150000000000006" classname="h_logistic_regression" name="h_or_cont_interaction_works_as_expected_with_custom_increments"/>
    <testcase time="0.000999999999997669" classname="h_logistic_regression" name="h_or_cont_interaction_works_as_expected_with_custom_increments"/>
    <testcase time="0.00200000000000244" classname="h_logistic_regression" name="h_or_cont_interaction_works_as_expected_with_custom_increments"/>
    <testcase time="0.00199999999999534" classname="h_logistic_regression" name="h_or_cont_interaction_works_as_expected_with_custom_increments"/>
    <testcase time="0.00500000000000256" classname="h_logistic_regression" name="h_or_cont_interaction_works_as_expected_with_custom_increments">
      <skipped message="Reason: On CRAN ('test-h_logistic_regression.R:146')"/>
    </testcase>
    <testcase time="0.0150000000000006" classname="h_logistic_regression" name="h_or_interaction_works_as_expected"/>
    <testcase time="0.00600000000000023" classname="h_logistic_regression" name="h_or_interaction_works_as_expected"/>
    <testcase time="0.00499999999999545" classname="h_logistic_regression" name="h_simple_term_labels_works_correctly_with_factor_input"/>
    <testcase time="0.00500000000000256" classname="h_logistic_regression" name="h_simple_term_labels_works_correctly_with_factor_input">
      <skipped message="Reason: On CRAN ('test-h_logistic_regression.R:204')"/>
    </testcase>
    <testcase time="0.0110000000000028" classname="h_logistic_regression" name="h_interaction_term_labels_works_correctly_with_factor_input"/>
    <testcase time="0.00499999999999545" classname="h_logistic_regression" name="h_interaction_term_labels_works_correctly_with_factor_input">
      <skipped message="Reason: On CRAN ('test-h_logistic_regression.R:218')"/>
    </testcase>
    <testcase time="0.0110000000000028" classname="h_logistic_regression" name="h_interaction_term_labels_works_correctly_when_any_term_can_be_fulfilled"/>
    <testcase time="0.00500000000000256" classname="h_logistic_regression" name="h_interaction_term_labels_works_correctly_when_any_term_can_be_fulfilled">
      <skipped message="Reason: On CRAN ('test-h_logistic_regression.R:230')"/>
    </testcase>
    <testcase time="0.0209999999999937" classname="h_logistic_regression" name="h_glm_simple_term_extract_works_for_factor_and_numeric_variables"/>
    <testcase time="0.007000000000005" classname="h_logistic_regression" name="h_glm_simple_term_extract_works_for_factor_and_numeric_variables">
      <skipped message="Reason: On CRAN ('test-h_logistic_regression.R:247')"/>
    </testcase>
    <testcase time="0.0169999999999959" classname="h_logistic_regression" name="h_glm_simple_term_extract_can_extract_continuous_variable_results_from_clogit_objects"/>
    <testcase time="0.00200000000000244" classname="h_logistic_regression" name="h_glm_simple_term_extract_can_extract_continuous_variable_results_from_clogit_objects"/>
    <testcase time="0.00600000000000023" classname="h_logistic_regression" name="h_glm_simple_term_extract_can_extract_continuous_variable_results_from_clogit_objects">
      <skipped message="Reason: On CRAN ('test-h_logistic_regression.R:279')"/>
    </testcase>
    <testcase time="0.0219999999999985" classname="h_logistic_regression" name="h_glm_interaction_extract_works_for_categorical_interaction"/>
    <testcase time="0.00800000000000267" classname="h_logistic_regression" name="h_glm_interaction_extract_works_for_categorical_interaction">
      <skipped message="Reason: On CRAN ('test-h_logistic_regression.R:296')"/>
    </testcase>
    <testcase time="0.0210000000000008" classname="h_logistic_regression" name="h_glm_interaction_extract_works_for_continuous_interaction"/>
    <testcase time="0.0069999999999979" classname="h_logistic_regression" name="h_glm_interaction_extract_works_for_continuous_interaction">
      <skipped message="Reason: On CRAN ('test-h_logistic_regression.R:313')"/>
    </testcase>
    <testcase time="0.0320000000000036" classname="h_logistic_regression" name="h_logistic_simple_terms_works"/>
    <testcase time="0.00799999999999557" classname="h_logistic_regression" name="h_logistic_simple_terms_works">
      <skipped message="Reason: On CRAN ('test-h_logistic_regression.R:332')"/>
    </testcase>
    <testcase time="0.0180000000000007" classname="h_logistic_regression" name="h_logistic_simple_terms_can_extract_continuous_variable_results_from_clogit_objects"/>
    <testcase time="0.00200000000000244" classname="h_logistic_regression" name="h_logistic_simple_terms_can_extract_continuous_variable_results_from_clogit_objects"/>
    <testcase time="0.00600000000000023" classname="h_logistic_regression" name="h_logistic_simple_terms_can_extract_continuous_variable_results_from_clogit_objects">
      <skipped message="Reason: On CRAN ('test-h_logistic_regression.R:365')"/>
    </testcase>
    <testcase time="0.0240000000000009" classname="h_logistic_regression" name="h_glm_inter_term_extract_works_as_expected_with_categorical_interaction"/>
    <testcase time="0.00800000000000267" classname="h_logistic_regression" name="h_glm_inter_term_extract_works_as_expected_with_categorical_interaction">
      <skipped message="Reason: On CRAN ('test-h_logistic_regression.R:387')"/>
    </testcase>
    <testcase time="0.0240000000000009" classname="h_logistic_regression" name="h_glm_inter_term_extract_works_as_expected_with_continuous_interaction"/>
    <testcase time="0.00499999999999545" classname="h_logistic_regression" name="h_glm_inter_term_extract_works_as_expected_with_continuous_interaction"/>
    <testcase time="0.0320000000000036" classname="h_logistic_regression" name="h_logistic_inter_terms_works_as_expected"/>
    <testcase time="0.00300000000000011" classname="h_logistic_regression" name="h_logistic_inter_terms_works_as_expected"/>
    <testcase time="0.00499999999999545" classname="h_logistic_regression" name="h_logistic_inter_terms_works_as_expected">
      <skipped message="Reason: On CRAN ('test-h_logistic_regression.R:434')"/>
    </testcase>
  </testsuite>
  <testsuite name="h_map_for_count_abnormal" timestamp="2023-02-08T20:08:57Z" hostname="dde705f2eefc" tests="14" skipped="7" failures="0" errors="0" time="0.262">
    <testcase time="0.0290000000000035" classname="h_map_for_count_abnormal" name="h_map_for_count_abnormal_returns_the_correct_map_for_default_method_with_healthy_single_input"/>
    <testcase time="0.0120000000000005" classname="h_map_for_count_abnormal" name="h_map_for_count_abnormal_returns_the_correct_map_for_default_method_with_healthy_single_input">
      <skipped message="Reason: On CRAN ('test-h_map_for_count_abnormal.R:26')"/>
    </testcase>
    <testcase time="0.0229999999999961" classname="h_map_for_count_abnormal" name="h_map_for_count_abnormal_returns_the_correct_map_for_range_method_with_healthy_single_input"/>
    <testcase time="0.0130000000000052" classname="h_map_for_count_abnormal" name="h_map_for_count_abnormal_returns_the_correct_map_for_range_method_with_healthy_single_input">
      <skipped message="Reason: On CRAN ('test-h_map_for_count_abnormal.R:47')"/>
    </testcase>
    <testcase time="0.0209999999999937" classname="h_map_for_count_abnormal" name="h_map_for_count_abnormal_returns_the_correct_map_for_default_method_with_unused_LOW_LOW_HIGH_HIGH_input"/>
    <testcase time="0.0200000000000031" classname="h_map_for_count_abnormal" name="h_map_for_count_abnormal_returns_the_correct_map_for_default_method_with_unused_LOW_LOW_HIGH_HIGH_input">
      <skipped message="Reason: On CRAN ('test-h_map_for_count_abnormal.R:68')"/>
    </testcase>
    <testcase time="0.0240000000000009" classname="h_map_for_count_abnormal" name="h_map_for_count_abnormal_returns_the_correct_map_for_range_method_with_unused_LOW_LOW_HIGH_HIGH_input"/>
    <testcase time="0.0120000000000005" classname="h_map_for_count_abnormal" name="h_map_for_count_abnormal_returns_the_correct_map_for_range_method_with_unused_LOW_LOW_HIGH_HIGH_input">
      <skipped message="Reason: On CRAN ('test-h_map_for_count_abnormal.R:94')"/>
    </testcase>
    <testcase time="0.0240000000000009" classname="h_map_for_count_abnormal" name="h_map_for_count_abnormal_returns_the_correct_map_for_default_method_with_unused_LOW_LOW_HIGH_HIGH_input"/>
    <testcase time="0.0129999999999981" classname="h_map_for_count_abnormal" name="h_map_for_count_abnormal_returns_the_correct_map_for_default_method_with_unused_LOW_LOW_HIGH_HIGH_input">
      <skipped message="Reason: On CRAN ('test-h_map_for_count_abnormal.R:120')"/>
    </testcase>
    <testcase time="0.0230000000000032" classname="h_map_for_count_abnormal" name="h_map_for_count_abnormal_returns_the_correct_map_for_range_method_with_unused_LOW_LOW_HIGH_HIGH_input"/>
    <testcase time="0.0119999999999933" classname="h_map_for_count_abnormal" name="h_map_for_count_abnormal_returns_the_correct_map_for_range_method_with_unused_LOW_LOW_HIGH_HIGH_input">
      <skipped message="Reason: On CRAN ('test-h_map_for_count_abnormal.R:148')"/>
    </testcase>
    <testcase time="0.0230000000000032" classname="h_map_for_count_abnormal" name="h_map_for_count_abnormal_returns_the_correct_map_for_range_method_with_unused_LOW_LOW_HIGH_HIGH_input"/>
    <testcase time="0.0129999999999981" classname="h_map_for_count_abnormal" name="h_map_for_count_abnormal_returns_the_correct_map_for_range_method_with_unused_LOW_LOW_HIGH_HIGH_input">
      <skipped message="Reason: On CRAN ('test-h_map_for_count_abnormal.R:175')"/>
    </testcase>
  </testsuite>
  <testsuite name="h_pkparam_sort" timestamp="2023-02-08T20:08:57Z" hostname="dde705f2eefc" tests="4" skipped="2" failures="0" errors="0" time="0.042">
    <testcase time="0.0180000000000007" classname="h_pkparam_sort" name="h_pkparam_sort_with_PARAMCD"/>
    <testcase time="0.00500000000000256" classname="h_pkparam_sort" name="h_pkparam_sort_with_PARAMCD">
      <skipped message="Reason: On CRAN ('test-h_pkparam_sort.R:6')"/>
    </testcase>
    <testcase time="0.0139999999999958" classname="h_pkparam_sort" name="h_pkparam_sort_with_out_PARAMCD"/>
    <testcase time="0.00500000000000256" classname="h_pkparam_sort" name="h_pkparam_sort_with_out_PARAMCD">
      <skipped message="Reason: On CRAN ('test-h_pkparam_sort.R:17')"/>
    </testcase>
  </testsuite>
  <testsuite name="h_response_biomarkers_subgroups" timestamp="2023-02-08T20:08:57Z" hostname="dde705f2eefc" tests="15" skipped="5" failures="0" errors="0" time="0.213">
    <testcase time="0.0260000000000034" classname="h_response_biomarkers_subgroups" name="h_rsp_to_logistic_variables_works_as_expected"/>
    <testcase time="0.00199999999999534" classname="h_response_biomarkers_subgroups" name="h_rsp_to_logistic_variables_works_as_expected"/>
    <testcase time="0.00500000000000256" classname="h_response_biomarkers_subgroups" name="h_rsp_to_logistic_variables_works_as_expected">
      <skipped message="Reason: On CRAN ('test-h_response_biomarkers_subgroups.R:31')"/>
    </testcase>
    <testcase time="0.0309999999999988" classname="h_response_biomarkers_subgroups" name="h_logistic_mult_cont_df_works_as_expected"/>
    <testcase time="0.000999999999997669" classname="h_response_biomarkers_subgroups" name="h_logistic_mult_cont_df_works_as_expected"/>
    <testcase time="0.007000000000005" classname="h_response_biomarkers_subgroups" name="h_logistic_mult_cont_df_works_as_expected">
      <skipped message="Reason: On CRAN ('test-h_response_biomarkers_subgroups.R:50')"/>
    </testcase>
    <testcase time="0.019999999999996" classname="h_response_biomarkers_subgroups" name="h_logistic_mult_cont_df_returns_missing_values_if_data_is_empty_0_rows_"/>
    <testcase time="0.00200000000000244" classname="h_response_biomarkers_subgroups" name="h_logistic_mult_cont_df_returns_missing_values_if_data_is_empty_0_rows_"/>
    <testcase time="0.00600000000000023" classname="h_response_biomarkers_subgroups" name="h_logistic_mult_cont_df_returns_missing_values_if_data_is_empty_0_rows_">
      <skipped message="Reason: On CRAN ('test-h_response_biomarkers_subgroups.R:67')"/>
    </testcase>
    <testcase time="0.0319999999999965" classname="h_response_biomarkers_subgroups" name="h_logistic_mult_cont_df_also_works_with_response_not_being_called_rsp"/>
    <testcase time="0.00200000000000244" classname="h_response_biomarkers_subgroups" name="h_logistic_mult_cont_df_also_works_with_response_not_being_called_rsp"/>
    <testcase time="0.00600000000000023" classname="h_response_biomarkers_subgroups" name="h_logistic_mult_cont_df_also_works_with_response_not_being_called_rsp">
      <skipped message="Reason: On CRAN ('test-h_response_biomarkers_subgroups.R:85')"/>
    </testcase>
    <testcase time="0.0489999999999995" classname="h_response_biomarkers_subgroups" name="h_tab_rsp_one_biomarker_works_as_expected"/>
    <testcase time="0.00200000000000244" classname="h_response_biomarkers_subgroups" name="h_tab_rsp_one_biomarker_works_as_expected"/>
    <testcase time="0.0219999999999985" classname="h_response_biomarkers_subgroups" name="h_tab_rsp_one_biomarker_works_as_expected">
      <skipped message="Reason: On CRAN ('test-h_response_biomarkers_subgroups.R:112')"/>
    </testcase>
  </testsuite>
  <testsuite name="h_response_subgroups" timestamp="2023-02-08T20:08:58Z" hostname="dde705f2eefc" tests="29" skipped="14" failures="0" errors="0" time="0.524">
    <testcase time="0.0649999999999977" classname="h_response_subgroups" name="h_proportion_df_functions_as_expected_with_valid_input_and_default_arguments"/>
    <testcase time="0.00600000000000023" classname="h_response_subgroups" name="h_proportion_df_functions_as_expected_with_valid_input_and_default_arguments">
      <skipped message="Reason: On CRAN ('test-h_response_subgroups.R:28')"/>
    </testcase>
    <testcase time="0.0120000000000005" classname="h_response_subgroups" name="h_proportion_df_functions_as_expected_when_0_responses_in_one_group"/>
    <testcase time="0.00500000000000256" classname="h_response_subgroups" name="h_proportion_df_functions_as_expected_when_0_responses_in_one_group">
      <skipped message="Reason: On CRAN ('test-h_response_subgroups.R:38')"/>
    </testcase>
    <testcase time="0.0219999999999985" classname="h_response_subgroups" name="h_proportion_df_fails_with_wrong_input"/>
    <testcase time="0.00600000000000023" classname="h_response_subgroups" name="h_proportion_df_functions_when_0_obs_in_one_arm"/>
    <testcase time="0.00600000000000023" classname="h_response_subgroups" name="h_proportion_df_functions_when_0_obs_in_one_arm">
      <skipped message="Reason: On CRAN ('test-h_response_subgroups.R:55')"/>
    </testcase>
    <testcase time="0.0319999999999965" classname="h_response_subgroups" name="h_proportion_subgroups_df_functions_as_expected_with_valid_input_and_default_arguments"/>
    <testcase time="0.00600000000000023" classname="h_response_subgroups" name="h_proportion_subgroups_df_functions_as_expected_with_valid_input_and_default_arguments">
      <skipped message="Reason: On CRAN ('test-h_response_subgroups.R:67')"/>
    </testcase>
    <testcase time="0.0130000000000052" classname="h_response_subgroups" name="h_proportion_subgroups_df_functions_as_expected_when_subgroups_is_NULL."/>
    <testcase time="0.00600000000000023" classname="h_response_subgroups" name="h_proportion_subgroups_df_functions_as_expected_when_subgroups_is_NULL.">
      <skipped message="Reason: On CRAN ('test-h_response_subgroups.R:79')"/>
    </testcase>
    <testcase time="0.036999999999999" classname="h_response_subgroups" name="h_proportion_subgroups_df_works_as_expected_with_groups_lists"/>
    <testcase time="0.00499999999999545" classname="h_response_subgroups" name="h_proportion_subgroups_df_works_as_expected_with_groups_lists">
      <skipped message="Reason: On CRAN ('test-h_response_subgroups.R:98')"/>
    </testcase>
    <testcase time="0.0150000000000006" classname="h_response_subgroups" name="h_odds_ratio_df_functions_as_expected_with_valid_input_and_default_arguments"/>
    <testcase time="0.00600000000000023" classname="h_response_subgroups" name="h_odds_ratio_df_functions_as_expected_with_valid_input_and_default_arguments">
      <skipped message="Reason: On CRAN ('test-h_response_subgroups.R:108')"/>
    </testcase>
    <testcase time="0.0160000000000053" classname="h_response_subgroups" name="h_odds_ratio_df_functions_as_expected_with_valid_input_and_non_default_arguments"/>
    <testcase time="0.00600000000000023" classname="h_response_subgroups" name="h_odds_ratio_df_functions_as_expected_with_valid_input_and_non_default_arguments">
      <skipped message="Reason: On CRAN ('test-h_response_subgroups.R:122')"/>
    </testcase>
    <testcase time="0.0219999999999985" classname="h_response_subgroups" name="h_odds_ratio_df_functions_as_expected_with_strata"/>
    <testcase time="0.0069999999999979" classname="h_response_subgroups" name="h_odds_ratio_df_functions_as_expected_with_strata">
      <skipped message="Reason: On CRAN ('test-h_response_subgroups.R:137')"/>
    </testcase>
    <testcase time="0.0110000000000028" classname="h_response_subgroups" name="h_odds_ratio_df_functions_when_0_obs_in_one_arm"/>
    <testcase time="0.00600000000000023" classname="h_response_subgroups" name="h_odds_ratio_df_functions_when_0_obs_in_one_arm">
      <skipped message="Reason: On CRAN ('test-h_response_subgroups.R:151')"/>
    </testcase>
    <testcase time="0.0529999999999973" classname="h_response_subgroups" name="h_odds_ratio_subgroups_df_functions_as_expected_with_valid_input_and_default_arguments"/>
    <testcase time="0.0069999999999979" classname="h_response_subgroups" name="h_odds_ratio_subgroups_df_functions_as_expected_with_valid_input_and_default_arguments">
      <skipped message="Reason: On CRAN ('test-h_response_subgroups.R:163')"/>
    </testcase>
    <testcase time="0.0150000000000006" classname="h_response_subgroups" name="h_odds_ratio_subgroups_df_functions_as_expected_when_subgroups_is_NULL."/>
    <testcase time="0.00600000000000023" classname="h_response_subgroups" name="h_odds_ratio_subgroups_df_functions_as_expected_when_subgroups_is_NULL.">
      <skipped message="Reason: On CRAN ('test-h_response_subgroups.R:175')"/>
    </testcase>
    <testcase time="0.0690000000000026" classname="h_response_subgroups" name="h_odds_ratio_subgroups_df_functions_as_expected_with_strata"/>
    <testcase time="0.0069999999999979" classname="h_response_subgroups" name="h_odds_ratio_subgroups_df_functions_as_expected_with_strata">
      <skipped message="Reason: On CRAN ('test-h_response_subgroups.R:193')"/>
    </testcase>
    <testcase time="0.0510000000000019" classname="h_response_subgroups" name="h_odds_ratio_subgroups_df_works_as_expected_with_groups_lists"/>
    <testcase time="0.00600000000000023" classname="h_response_subgroups" name="h_odds_ratio_subgroups_df_works_as_expected_with_groups_lists">
      <skipped message="Reason: On CRAN ('test-h_response_subgroups.R:216')"/>
    </testcase>
  </testsuite>
  <testsuite name="h_stack_by_baskets" timestamp="2023-02-08T20:08:58Z" hostname="dde705f2eefc" tests="8" skipped="3" failures="0" errors="0" time="0.209">
    <testcase time="0.0739999999999981" classname="h_stack_by_baskets" name="h_stack_by_baskets_returns_the_correct_dataframe"/>
    <testcase time="0.0200000000000031" classname="h_stack_by_baskets" name="h_stack_by_baskets_returns_the_correct_dataframe">
      <skipped message="Reason: On CRAN ('test-h_stack_by_baskets.R:8')"/>
    </testcase>
    <testcase time="0.0289999999999964" classname="h_stack_by_baskets" name="h_stack_by_baskets_fails_when_selecting_Standardized_Customized_query_names_that_do_not_start_with_SMQ_or_CQ_"/>
    <testcase time="0.0230000000000032" classname="h_stack_by_baskets" name="h_stack_by_baskets_fails_when_selecting_Standardized_Customized_query_names_that_do_not_end_with_NAM_"/>
    <testcase time="0.0219999999999985" classname="h_stack_by_baskets" name="h_stack_by_baskets_returns_an_empty_dataframe_with_desired_variables_and_labels_when_there_are_no_adverse_events_falling_within_any_of_the_baskets_selected"/>
    <testcase time="0.00500000000000256" classname="h_stack_by_baskets" name="h_stack_by_baskets_returns_an_empty_dataframe_with_desired_variables_and_labels_when_there_are_no_adverse_events_falling_within_any_of_the_baskets_selected">
      <skipped message="Reason: On CRAN ('test-h_stack_by_baskets.R:45')"/>
    </testcase>
    <testcase time="0.0309999999999988" classname="h_stack_by_baskets" name="The_levels_of_the_SMQ_column_does_also_include_the_options_from_aag_summary_not_observed_in_ADAE"/>
    <testcase time="0.00499999999999545" classname="h_stack_by_baskets" name="The_levels_of_the_SMQ_column_does_also_include_the_options_from_aag_summary_not_observed_in_ADAE">
      <skipped message="Reason: On CRAN ('test-h_stack_by_baskets.R:73')"/>
    </testcase>
  </testsuite>
  <testsuite name="h_step" timestamp="2023-02-08T20:08:58Z" hostname="dde705f2eefc" tests="51" skipped="8" failures="0" errors="0" time="0.656">
    <testcase time="0.0360000000000014" classname="h_step" name="h_step_window_works_as_expected_for_percentiles"/>
    <testcase time="0.000999999999997669" classname="h_step" name="h_step_window_works_as_expected_for_percentiles"/>
    <testcase time="0.00200000000000244" classname="h_step" name="h_step_window_works_as_expected_for_percentiles"/>
    <testcase time="0.00500000000000256" classname="h_step" name="h_step_window_works_as_expected_for_percentiles">
      <skipped message="Reason: On CRAN ('test-h_step.R:30')"/>
    </testcase>
    <testcase time="0.0109999999999957" classname="h_step" name="h_step_window_works_as_expected_for_actual_biomarker_values"/>
    <testcase time="0.00100000000000477" classname="h_step" name="h_step_window_works_as_expected_for_actual_biomarker_values"/>
    <testcase time="0.00499999999999545" classname="h_step" name="h_step_window_works_as_expected_for_actual_biomarker_values">
      <skipped message="Reason: On CRAN ('test-h_step.R:56')"/>
    </testcase>
    <testcase time="0.0120000000000005" classname="h_step" name="h_step_window_also_works_for_bandwidth_NULL_"/>
    <testcase time="0.00300000000000011" classname="h_step" name="h_step_window_also_works_for_bandwidth_NULL_"/>
    <testcase time="0.00400000000000489" classname="h_step" name="h_step_window_also_works_for_bandwidth_NULL_"/>
    <testcase time="0.00300000000000011" classname="h_step" name="h_step_window_also_works_for_bandwidth_NULL_"/>
    <testcase time="0.0120000000000005" classname="h_step" name="h_step_trt_effect_works_for_Cox_models_without_interaction"/>
    <testcase time="0.0189999999999984" classname="h_step" name="h_step_trt_effect_works_for_Cox_models_with_interaction"/>
    <testcase time="0.0069999999999979" classname="h_step" name="h_step_trt_effect_works_for_Cox_models_with_interaction"/>
    <testcase time="0.00200000000000244" classname="h_step" name="h_step_trt_effect_works_for_Cox_models_with_interaction"/>
    <testcase time="0.00499999999999545" classname="h_step" name="h_step_trt_effect_works_for_Cox_models_with_interaction">
      <skipped message="Reason: On CRAN ('test-h_step.R:124')"/>
    </testcase>
    <testcase time="0.0160000000000053" classname="h_step" name="h_step_trt_effect_works_for_Cox_models_with_strata"/>
    <testcase time="0.00499999999999545" classname="h_step" name="h_step_trt_effect_works_for_Cox_models_with_strata"/>
    <testcase time="0.0100000000000051" classname="h_step" name="h_step_trt_effect_works_for_logistic_regression_models_without_interaction"/>
    <testcase time="0.0139999999999958" classname="h_step" name="h_step_trt_effect_works_for_logistic_regression_models_with_interaction"/>
    <testcase time="0.00600000000000023" classname="h_step" name="h_step_trt_effect_works_for_logistic_regression_models_with_interaction"/>
    <testcase time="0.00200000000000244" classname="h_step" name="h_step_trt_effect_works_for_logistic_regression_models_with_interaction"/>
    <testcase time="0.00499999999999545" classname="h_step" name="h_step_trt_effect_works_for_logistic_regression_models_with_interaction">
      <skipped message="Reason: On CRAN ('test-h_step.R:193')"/>
    </testcase>
    <testcase time="0.0640000000000001" classname="h_step" name="h_step_trt_effect_works_for_conditional_logistic_regression_without_interaction"/>
    <testcase time="0.183" classname="h_step" name="h_step_trt_effect_works_for_conditional_logistic_regression_with_interaction"/>
    <testcase time="0.00200000000000244" classname="h_step" name="h_step_trt_effect_works_for_conditional_logistic_regression_with_interaction"/>
    <testcase time="0.00500000000000256" classname="h_step" name="h_step_trt_effect_works_for_conditional_logistic_regression_with_interaction">
      <skipped message="Reason: On CRAN ('test-h_step.R:232')"/>
    </testcase>
    <testcase time="0.0139999999999958" classname="h_step" name="h_step_survival_formula_works_correctly_without_covariates_or_strata"/>
    <testcase time="0.00500000000000256" classname="h_step" name="h_step_survival_formula_works_correctly_without_covariates_or_strata"/>
    <testcase time="0.0069999999999979" classname="h_step" name="h_step_survival_formula_works_correctly_with_covariates"/>
    <testcase time="0.00800000000000267" classname="h_step" name="h_step_survival_formula_works_correctly_with_strata"/>
    <testcase time="0.0129999999999981" classname="h_step" name="h_step_survival_est_works_as_expected"/>
    <testcase time="0.00399999999999778" classname="h_step" name="h_step_survival_est_works_as_expected"/>
    <testcase time="0.00200000000000244" classname="h_step" name="h_step_survival_est_works_as_expected"/>
    <testcase time="0.00600000000000023" classname="h_step" name="h_step_survival_est_works_as_expected">
      <skipped message="Reason: On CRAN ('test-h_step.R:302')"/>
    </testcase>
    <testcase time="0.0230000000000032" classname="h_step" name="h_step_survival_est_gives_a_readable_warning_when_fitting_warnings_occur"/>
    <testcase time="0.00799999999999557" classname="h_step" name="h_step_rsp_formula_works_correctly_without_covariates"/>
    <testcase time="0.00500000000000256" classname="h_step" name="h_step_rsp_formula_works_correctly_without_covariates"/>
    <testcase time="0.0069999999999979" classname="h_step" name="h_step_rsp_formula_works_correctly_with_covariates"/>
    <testcase time="0.00800000000000267" classname="h_step" name="h_step_rsp_formula_works_correctly_with_different_response_definition"/>
    <testcase time="0.0150000000000006" classname="h_step" name="h_step_rsp_formula_works_correctly_with_strata"/>
    <testcase time="0.00600000000000023" classname="h_step" name="h_step_rsp_formula_works_correctly_with_strata"/>
    <testcase time="0.0129999999999981" classname="h_step" name="h_step_rsp_est_works_as_expected_without_strata"/>
    <testcase time="0.00399999999999778" classname="h_step" name="h_step_rsp_est_works_as_expected_without_strata"/>
    <testcase time="0.00300000000000011" classname="h_step" name="h_step_rsp_est_works_as_expected_without_strata"/>
    <testcase time="0.00500000000000256" classname="h_step" name="h_step_rsp_est_works_as_expected_without_strata">
      <skipped message="Reason: On CRAN ('test-h_step.R:427')"/>
    </testcase>
    <testcase time="0.0219999999999985" classname="h_step" name="h_step_rsp_est_works_as_expected_with_strata"/>
    <testcase time="0.00399999999999778" classname="h_step" name="h_step_rsp_est_works_as_expected_with_strata"/>
    <testcase time="0.00200000000000244" classname="h_step" name="h_step_rsp_est_works_as_expected_with_strata"/>
    <testcase time="0.00500000000000256" classname="h_step" name="h_step_rsp_est_works_as_expected_with_strata">
      <skipped message="Reason: On CRAN ('test-h_step.R:464')"/>
    </testcase>
    <testcase time="0.027000000000001" classname="h_step" name="h_step_rsp_est_gives_a_readable_warning_when_fitting_warnings_occur"/>
  </testsuite>
  <testsuite name="h_survival_biomarkers_subgroups" timestamp="2023-02-08T20:08:59Z" hostname="dde705f2eefc" tests="12" skipped="4" failures="0" errors="0" time="0.199">
    <testcase time="0.0229999999999961" classname="h_survival_biomarkers_subgroups" name="h_surv_to_coxreg_variables_works_as_expected"/>
    <testcase time="0.000999999999997669" classname="h_survival_biomarkers_subgroups" name="h_surv_to_coxreg_variables_works_as_expected"/>
    <testcase time="0.00500000000000256" classname="h_survival_biomarkers_subgroups" name="h_surv_to_coxreg_variables_works_as_expected">
      <skipped message="Reason: On CRAN ('test-h_survival_biomarkers_subgroups.R:37')"/>
    </testcase>
    <testcase time="0.0559999999999974" classname="h_survival_biomarkers_subgroups" name="h_coxreg_mult_cont_df_works_as_expected"/>
    <testcase time="0.00200000000000244" classname="h_survival_biomarkers_subgroups" name="h_coxreg_mult_cont_df_works_as_expected"/>
    <testcase time="0.00600000000000023" classname="h_survival_biomarkers_subgroups" name="h_coxreg_mult_cont_df_works_as_expected">
      <skipped message="Reason: On CRAN ('test-h_survival_biomarkers_subgroups.R:57')"/>
    </testcase>
    <testcase time="0.0129999999999981" classname="h_survival_biomarkers_subgroups" name="h_coxreg_mult_cont_df_returns_missing_values_if_data_is_empty_0_rows_"/>
    <testcase time="0.00200000000000244" classname="h_survival_biomarkers_subgroups" name="h_coxreg_mult_cont_df_returns_missing_values_if_data_is_empty_0_rows_"/>
    <testcase time="0.00600000000000023" classname="h_survival_biomarkers_subgroups" name="h_coxreg_mult_cont_df_returns_missing_values_if_data_is_empty_0_rows_">
      <skipped message="Reason: On CRAN ('test-h_survival_biomarkers_subgroups.R:75')"/>
    </testcase>
    <testcase time="0.0600000000000023" classname="h_survival_biomarkers_subgroups" name="h_tab_surv_one_biomarker_works_as_expected"/>
    <testcase time="0.00199999999999534" classname="h_survival_biomarkers_subgroups" name="h_tab_surv_one_biomarker_works_as_expected"/>
    <testcase time="0.0230000000000032" classname="h_survival_biomarkers_subgroups" name="h_tab_surv_one_biomarker_works_as_expected">
      <skipped message="Reason: On CRAN ('test-h_survival_biomarkers_subgroups.R:103')"/>
    </testcase>
  </testsuite>
  <testsuite name="h_survival_duration_subgroups" timestamp="2023-02-08T20:08:59Z" hostname="dde705f2eefc" tests="33" skipped="16" failures="0" errors="0" time="0.64">
    <testcase time="0.046999999999997" classname="h_survival_duration_subgroups" name="h_survtime_df_functions_as_expected_with_valid_input_and_default_arguments"/>
    <testcase time="0.00500000000000256" classname="h_survival_duration_subgroups" name="h_survtime_df_functions_as_expected_with_valid_input_and_default_arguments">
      <skipped message="Reason: On CRAN ('test-h_survival_duration_subgroups.R:35')"/>
    </testcase>
    <testcase time="0.0169999999999959" classname="h_survival_duration_subgroups" name="h_survtime_df_functions_as_expected_when_median_is_NA"/>
    <testcase time="0.00600000000000023" classname="h_survival_duration_subgroups" name="h_survtime_df_functions_as_expected_when_median_is_NA">
      <skipped message="Reason: On CRAN ('test-h_survival_duration_subgroups.R:55')"/>
    </testcase>
    <testcase time="0.0150000000000006" classname="h_survival_duration_subgroups" name="h_survtime_df_functions_as_expected_when_0_records_in_one_group"/>
    <testcase time="0.00500000000000256" classname="h_survival_duration_subgroups" name="h_survtime_df_functions_as_expected_when_0_records_in_one_group">
      <skipped message="Reason: On CRAN ('test-h_survival_duration_subgroups.R:75')"/>
    </testcase>
    <testcase time="0.0150000000000006" classname="h_survival_duration_subgroups" name="h_survtime_df_fails_with_wrong_input"/>
    <testcase time="0.0069999999999979" classname="h_survival_duration_subgroups" name="h_split_by_subgroups_functions_as_expected_with_valid_input_and_default_arguments"/>
    <testcase time="0.00800000000000267" classname="h_survival_duration_subgroups" name="h_split_by_subgroups_functions_as_expected_with_valid_input_and_default_arguments">
      <skipped message="Reason: On CRAN ('test-h_survival_duration_subgroups.R:102')"/>
    </testcase>
    <testcase time="0.0129999999999981" classname="h_survival_duration_subgroups" name="h_split_by_subgroups_works_as_expected_with_groups_lists"/>
    <testcase time="0.00500000000000256" classname="h_survival_duration_subgroups" name="h_split_by_subgroups_works_as_expected_with_groups_lists">
      <skipped message="Reason: On CRAN ('test-h_survival_duration_subgroups.R:124')"/>
    </testcase>
    <testcase time="0.0769999999999982" classname="h_survival_duration_subgroups" name="h_survtime_subgroups_df_functions_as_expected_with_valid_input_and_default_arguments"/>
    <testcase time="0.00600000000000023" classname="h_survival_duration_subgroups" name="h_survtime_subgroups_df_functions_as_expected_with_valid_input_and_default_arguments">
      <skipped message="Reason: On CRAN ('test-h_survival_duration_subgroups.R:139')"/>
    </testcase>
    <testcase time="0.0180000000000007" classname="h_survival_duration_subgroups" name="h_survtime_subgroups_df_functions_as_expected_when_subgroups_is_NULL."/>
    <testcase time="0.00600000000000023" classname="h_survival_duration_subgroups" name="h_survtime_subgroups_df_functions_as_expected_when_subgroups_is_NULL.">
      <skipped message="Reason: On CRAN ('test-h_survival_duration_subgroups.R:151')"/>
    </testcase>
    <testcase time="0.0659999999999954" classname="h_survival_duration_subgroups" name="h_survtime_subgroups_df_works_as_expected_with_groups_lists"/>
    <testcase time="0.00500000000000256" classname="h_survival_duration_subgroups" name="h_survtime_subgroups_df_works_as_expected_with_groups_lists">
      <skipped message="Reason: On CRAN ('test-h_survival_duration_subgroups.R:170')"/>
    </testcase>
    <testcase time="0.0180000000000007" classname="h_survival_duration_subgroups" name="h_coxph_df_functions_as_expected_with_valid_input_and_default_arguments"/>
    <testcase time="0.00600000000000023" classname="h_survival_duration_subgroups" name="h_coxph_df_functions_as_expected_with_valid_input_and_default_arguments">
      <skipped message="Reason: On CRAN ('test-h_survival_duration_subgroups.R:183')"/>
    </testcase>
    <testcase time="0.0189999999999984" classname="h_survival_duration_subgroups" name="h_coxph_df_functions_as_expected_with_one_stratification_factor"/>
    <testcase time="0.00600000000000023" classname="h_survival_duration_subgroups" name="h_coxph_df_functions_as_expected_with_one_stratification_factor">
      <skipped message="Reason: On CRAN ('test-h_survival_duration_subgroups.R:198')"/>
    </testcase>
    <testcase time="0.0200000000000031" classname="h_survival_duration_subgroups" name="h_coxph_df_functions_as_expected_with_multiple_stratification_factors"/>
    <testcase time="0.00600000000000023" classname="h_survival_duration_subgroups" name="h_coxph_df_functions_as_expected_with_multiple_stratification_factors">
      <skipped message="Reason: On CRAN ('test-h_survival_duration_subgroups.R:212')"/>
    </testcase>
    <testcase time="0.0169999999999959" classname="h_survival_duration_subgroups" name="h_coxph_df_functions_as_expected_when_0_records_in_one_group"/>
    <testcase time="0.007000000000005" classname="h_survival_duration_subgroups" name="h_coxph_df_functions_as_expected_when_0_records_in_one_group">
      <skipped message="Reason: On CRAN ('test-h_survival_duration_subgroups.R:226')"/>
    </testcase>
    <testcase time="0.0719999999999956" classname="h_survival_duration_subgroups" name="h_coxph_subgroups_df_functions_as_expected_with_valid_input_and_default_arguments"/>
    <testcase time="0.0069999999999979" classname="h_survival_duration_subgroups" name="h_coxph_subgroups_df_functions_as_expected_with_valid_input_and_default_arguments">
      <skipped message="Reason: On CRAN ('test-h_survival_duration_subgroups.R:238')"/>
    </testcase>
    <testcase time="0.0430000000000064" classname="h_survival_duration_subgroups" name="h_coxph_subgroups_df_functions_as_expected_with_stratification_factors"/>
    <testcase time="0.0069999999999979" classname="h_survival_duration_subgroups" name="h_coxph_subgroups_df_functions_as_expected_with_stratification_factors">
      <skipped message="Reason: On CRAN ('test-h_survival_duration_subgroups.R:263')"/>
    </testcase>
    <testcase time="0.0180000000000007" classname="h_survival_duration_subgroups" name="h_coxph_subgroups_df_functions_as_expected_when_subgroups_is_NULL."/>
    <testcase time="0.00600000000000023" classname="h_survival_duration_subgroups" name="h_coxph_subgroups_df_functions_as_expected_when_subgroups_is_NULL.">
      <skipped message="Reason: On CRAN ('test-h_survival_duration_subgroups.R:275')"/>
    </testcase>
    <testcase time="0.0619999999999976" classname="h_survival_duration_subgroups" name="h_coxph_subgroups_df_works_as_expected_with_groups_lists"/>
    <testcase time="0.00500000000000256" classname="h_survival_duration_subgroups" name="h_coxph_subgroups_df_works_as_expected_with_groups_lists">
      <skipped message="Reason: On CRAN ('test-h_survival_duration_subgroups.R:294')"/>
    </testcase>
  </testsuite>
  <testsuite name="individual_patient_plot" timestamp="2023-02-08T20:09:00Z" hostname="dde705f2eefc" tests="7" skipped="0" failures="0" errors="0" time="0.177">
    <testcase time="0.0349999999999966" classname="individual_patient_plot" name="h_g_ipp_works_correctly"/>
    <testcase time="0.0210000000000008" classname="individual_patient_plot" name="h_g_ipp_works_with_default_color_palette"/>
    <testcase time="0.0120000000000005" classname="individual_patient_plot" name="g_ipp_default_plot_works_with_plotting_choices_all_in_one"/>
    <testcase time="0.0240000000000009" classname="individual_patient_plot" name="g_ipp_default_plot_works_with_plotting_choices_split_by_max_obs"/>
    <testcase time="0.00500000000000256" classname="individual_patient_plot" name="g_ipp_default_plot_works_with_plotting_choices_split_by_max_obs"/>
    <testcase time="0.0749999999999957" classname="individual_patient_plot" name="g_ipp_default_plot_works_with_plotting_choices_separate_by_obs"/>
    <testcase time="0.00500000000000256" classname="individual_patient_plot" name="g_ipp_default_plot_works_with_plotting_choices_separate_by_obs"/>
  </testsuite>
  <testsuite name="kaplan_meier_plot" timestamp="2023-02-08T20:09:00Z" hostname="dde705f2eefc" tests="27" skipped="11" failures="0" errors="0" time="1.25">
    <testcase time="0.0180000000000007" classname="kaplan_meier_plot" name="h_data_plot_works_as_expected"/>
    <testcase time="0.00499999999999545" classname="kaplan_meier_plot" name="h_data_plot_works_as_expected">
      <skipped message="Reason: On CRAN ('test-kaplan_meier_plot.R:13')"/>
    </testcase>
    <testcase time="0.0260000000000034" classname="kaplan_meier_plot" name="h_data_plot_respects_the_ordering_of_the_arm_variable_factor_levels"/>
    <testcase time="0.00499999999999545" classname="kaplan_meier_plot" name="h_data_plot_respects_the_ordering_of_the_arm_variable_factor_levels">
      <skipped message="Reason: On CRAN ('test-kaplan_meier_plot.R:25')"/>
    </testcase>
    <testcase time="0.0230000000000032" classname="kaplan_meier_plot" name="h_data_plot_adds_rows_that_have_time_0_and_estimate_1"/>
    <testcase time="0.00500000000000256" classname="kaplan_meier_plot" name="h_data_plot_adds_rows_that_have_time_0_and_estimate_1">
      <skipped message="Reason: On CRAN ('test-kaplan_meier_plot.R:36')"/>
    </testcase>
    <testcase time="0.0169999999999959" classname="kaplan_meier_plot" name="h_xticks_works_with_default_settings"/>
    <testcase time="0.0110000000000028" classname="kaplan_meier_plot" name="h_xticks_works_with_default_settings">
      <skipped message="Reason: On CRAN ('test-kaplan_meier_plot.R:49')"/>
    </testcase>
    <testcase time="0.019999999999996" classname="kaplan_meier_plot" name="h_xticks_works_with_xticks_number"/>
    <testcase time="0.00500000000000256" classname="kaplan_meier_plot" name="h_xticks_works_with_xticks_number">
      <skipped message="Reason: On CRAN ('test-kaplan_meier_plot.R:57')"/>
    </testcase>
    <testcase time="0.0110000000000028" classname="kaplan_meier_plot" name="h_xticks_works_with_xticks_numeric"/>
    <testcase time="0.00399999999999778" classname="kaplan_meier_plot" name="h_xticks_works_with_xticks_numeric">
      <skipped message="Reason: On CRAN ('test-kaplan_meier_plot.R:66')"/>
    </testcase>
    <testcase time="0.0150000000000006" classname="kaplan_meier_plot" name="h_xticks_returns_error_when_xticks_non_numeric"/>
    <testcase time="0.0110000000000028" classname="kaplan_meier_plot" name="h_xticks_works_with_max_time_only"/>
    <testcase time="0.00499999999999545" classname="kaplan_meier_plot" name="h_xticks_works_with_max_time_only">
      <skipped message="Reason: On CRAN ('test-kaplan_meier_plot.R:79')"/>
    </testcase>
    <testcase time="0.0110000000000028" classname="kaplan_meier_plot" name="h_xticks_works_with_xticks_numeric_when_max_time_is_not_NULL"/>
    <testcase time="0.00499999999999545" classname="kaplan_meier_plot" name="h_xticks_works_with_xticks_numeric_when_max_time_is_not_NULL">
      <skipped message="Reason: On CRAN ('test-kaplan_meier_plot.R:87')"/>
    </testcase>
    <testcase time="0.0160000000000053" classname="kaplan_meier_plot" name="h_xticks_works_with_xticks_number_when_max_time_is_not_NULL"/>
    <testcase time="0.00499999999999545" classname="kaplan_meier_plot" name="h_xticks_works_with_xticks_number_when_max_time_is_not_NULL">
      <skipped message="Reason: On CRAN ('test-kaplan_meier_plot.R:94')"/>
    </testcase>
    <testcase time="0.0130000000000052" classname="kaplan_meier_plot" name="h_tbl_median_surv_estimates_median_survival_time_with_CI"/>
    <testcase time="0.00600000000000023" classname="kaplan_meier_plot" name="h_tbl_median_surv_estimates_median_survival_time_with_CI">
      <skipped message="Reason: On CRAN ('test-kaplan_meier_plot.R:102')"/>
    </testcase>
    <testcase time="0.0349999999999966" classname="kaplan_meier_plot" name="h_tbl_coxph_pairwise_estimates_HR_CI_and_pvalue"/>
    <testcase time="0.00600000000000023" classname="kaplan_meier_plot" name="h_tbl_coxph_pairwise_estimates_HR_CI_and_pvalue">
      <skipped message="Reason: On CRAN ('test-kaplan_meier_plot.R:117')"/>
    </testcase>
    <testcase time="0.0459999999999994" classname="kaplan_meier_plot" name="h_grob_coxph_returns_error_when_only_one_arm"/>
    <testcase time="0.289000000000001" classname="kaplan_meier_plot" name="g_km_works_with_default_settings"/>
    <testcase time="0.332000000000001" classname="kaplan_meier_plot" name="g_km_works_with_title_footnotes_and_annotation"/>
    <testcase time="0.305" classname="kaplan_meier_plot" name="g_km_works_with_custom_settings"/>
  </testsuite>
  <testsuite name="logistic_regression" timestamp="2023-02-08T20:09:01Z" hostname="dde705f2eefc" tests="27" skipped="6" failures="0" errors="0" time="2.037">
    <testcase time="0.0510000000000019" classname="logistic_regression" name="fit_logistic_works_with_default_paramters"/>
    <testcase time="0.00900000000000034" classname="logistic_regression" name="fit_logistic_works_with_default_paramters"/>
    <testcase time="0.00399999999999778" classname="logistic_regression" name="fit_logistic_works_with_default_paramters"/>
    <testcase time="0.0140000000000029" classname="logistic_regression" name="fit_logistic_works_with_covariates_and_interaction"/>
    <testcase time="0.0139999999999958" classname="logistic_regression" name="fit_logistic_works_with_covariates_and_interaction"/>
    <testcase time="0.00600000000000023" classname="logistic_regression" name="fit_logistic_works_with_covariates_and_interaction"/>
    <testcase time="0.0110000000000028" classname="logistic_regression" name="fit_logistic_works_with_different_response_definition"/>
    <testcase time="0.0109999999999957" classname="logistic_regression" name="fit_logistic_works_with_a_single_stratification_variable"/>
    <testcase time="0.00100000000000477" classname="logistic_regression" name="fit_logistic_works_with_a_single_stratification_variable"/>
    <testcase time="0.00600000000000023" classname="logistic_regression" name="fit_logistic_works_with_a_single_stratification_variable"/>
    <testcase time="0.0180000000000007" classname="logistic_regression" name="fit_logistic_works_with_two_stratification_variables"/>
    <testcase time="0.00199999999999534" classname="logistic_regression" name="fit_logistic_works_with_two_stratification_variables"/>
    <testcase time="0.00900000000000034" classname="logistic_regression" name="fit_logistic_works_with_two_stratification_variables"/>
    <testcase time="0.0390000000000015" classname="logistic_regression" name="tidy.glm_works_as_expected_for_simple_case"/>
    <testcase time="0.0180000000000007" classname="logistic_regression" name="tidy.glm_works_as_expected_for_simple_case">
      <skipped message="Reason: On CRAN ('test-logistic_regression.R:145')"/>
    </testcase>
    <testcase time="0.0779999999999959" classname="logistic_regression" name="tidy.glm_works_as_expected_for_interaction_case"/>
    <testcase time="0.0110000000000099" classname="logistic_regression" name="tidy.glm_works_as_expected_for_interaction_case">
      <skipped message="Reason: On CRAN ('test-logistic_regression.R:163')"/>
    </testcase>
    <testcase time="0.0689999999999884" classname="logistic_regression" name="logistic_regression_cols_works_as_expected"/>
    <testcase time="0.0250000000000057" classname="logistic_regression" name="logistic_regression_cols_works_as_expected">
      <skipped message="Reason: On CRAN ('test-logistic_regression.R:190')"/>
    </testcase>
    <testcase time="0.0100000000000051" classname="logistic_regression" name="logistic_summary_by_flag_works"/>
    <testcase time="0.00600000000000023" classname="logistic_regression" name="logistic_summary_by_flag_works"/>
    <testcase time="0.525999999999996" classname="logistic_regression" name="summarize_logistic_works_as_expected_for_interaction_model_with_continuous_variable"/>
    <testcase time="0.120999999999995" classname="logistic_regression" name="summarize_logistic_works_as_expected_for_interaction_model_with_continuous_variable">
      <skipped message="Reason: On CRAN ('test-logistic_regression.R:224')"/>
    </testcase>
    <testcase time="0.573999999999998" classname="logistic_regression" name="summarize_logistic_works_as_expected_for_interaction_model_with_categorical_variable"/>
    <testcase time="0.118000000000009" classname="logistic_regression" name="summarize_logistic_works_as_expected_for_interaction_model_with_categorical_variable">
      <skipped message="Reason: On CRAN ('test-logistic_regression.R:248')"/>
    </testcase>
    <testcase time="0.222999999999999" classname="logistic_regression" name="summarize_logistic_works_as_expected_for_simple_model_without_interactions"/>
    <testcase time="0.0630000000000024" classname="logistic_regression" name="summarize_logistic_works_as_expected_for_simple_model_without_interactions">
      <skipped message="Reason: On CRAN ('test-logistic_regression.R:268')"/>
    </testcase>
  </testsuite>
  <testsuite name="make_afun" timestamp="2023-02-08T20:09:03Z" hostname="dde705f2eefc" tests="26" skipped="7" failures="0" errors="0" time="0.215">
    <testcase time="0.0180000000000007" classname="make_afun" name="make_afun_works_with_healthy_input_statistics_function_taking_df_"/>
    <testcase time="0.00100000000000477" classname="make_afun" name="make_afun_works_with_healthy_input_statistics_function_taking_df_"/>
    <testcase time="0.00300000000000011" classname="make_afun" name="make_afun_works_with_healthy_input_statistics_function_taking_df_"/>
    <testcase time="0.00300000000000011" classname="make_afun" name="make_afun_works_with_healthy_input_statistics_function_taking_df_"/>
    <testcase time="0.007000000000005" classname="make_afun" name="make_afun_works_with_healthy_input_statistics_function_taking_df_">
      <skipped message="Reason: On CRAN ('test-make_afun.R:35')"/>
    </testcase>
    <testcase time="0.00999999999999091" classname="make_afun" name="make_afun_processes_additional_rtables_arguments_correctly"/>
    <testcase time="0.00200000000000955" classname="make_afun" name="make_afun_processes_additional_rtables_arguments_correctly"/>
    <testcase time="0.0029999999999859" classname="make_afun" name="make_afun_processes_additional_rtables_arguments_correctly"/>
    <testcase time="0.00400000000000489" classname="make_afun" name="make_afun_processes_additional_rtables_arguments_correctly"/>
    <testcase time="0.00600000000000023" classname="make_afun" name="make_afun_processes_additional_rtables_arguments_correctly">
      <skipped message="Reason: On CRAN ('test-make_afun.R:88')"/>
    </testcase>
    <testcase time="0.00999999999999091" classname="make_afun" name="make_afun_works_with_healthy_input_function_taking_x_"/>
    <testcase time="0.00100000000000477" classname="make_afun" name="make_afun_works_with_healthy_input_function_taking_x_"/>
    <testcase time="0.00400000000000489" classname="make_afun" name="make_afun_works_with_healthy_input_function_taking_x_"/>
    <testcase time="0.00300000000000011" classname="make_afun" name="make_afun_works_with_healthy_input_function_taking_x_"/>
    <testcase time="0.00600000000000023" classname="make_afun" name="make_afun_works_with_healthy_input_function_taking_x_">
      <skipped message="Reason: On CRAN ('test-make_afun.R:122')"/>
    </testcase>
    <testcase time="0.0109999999999957" classname="make_afun" name="make_afun_produces_empty_cells_and_keeps_labels_when_applied_to_empty_character"/>
    <testcase time="0.00100000000000477" classname="make_afun" name="make_afun_produces_empty_cells_and_keeps_labels_when_applied_to_empty_character"/>
    <testcase time="0.00399999999999068" classname="make_afun" name="make_afun_produces_empty_cells_and_keeps_labels_when_applied_to_empty_character"/>
    <testcase time="0.00200000000000955" classname="make_afun" name="make_afun_produces_empty_cells_and_keeps_labels_when_applied_to_empty_character"/>
    <testcase time="0.00699999999999079" classname="make_afun" name="make_afun_produces_empty_cells_and_keeps_labels_when_applied_to_empty_character">
      <skipped message="Reason: On CRAN ('test-make_afun.R:170')"/>
    </testcase>
    <testcase time="0.0420000000000016" classname="make_afun" name="make_afun_by_default_removes_results_from_.in_ref_col_"/>
    <testcase time="0.0180000000000007" classname="make_afun" name="make_afun_by_default_removes_results_from_.in_ref_col_">
      <skipped message="Reason: On CRAN ('test-make_afun.R:214')"/>
    </testcase>
    <testcase time="0.0120000000000005" classname="make_afun" name="make_afun_works_with_nested_lists"/>
    <testcase time="0.0139999999999958" classname="make_afun" name="make_afun_works_with_nested_lists">
      <skipped message="Reason: On CRAN ('test-make_afun.R:238')"/>
    </testcase>
    <testcase time="0.0170000000000101" classname="make_afun" name="make_afun_can_subset_on_non_nested_results_when_unnesting_took_place"/>
    <testcase time="0.00600000000000023" classname="make_afun" name="make_afun_can_subset_on_non_nested_results_when_unnesting_took_place">
      <skipped message="Reason: On CRAN ('test-make_afun.R:266')"/>
    </testcase>
  </testsuite>
  <testsuite name="odds_ratio" timestamp="2023-02-08T20:09:03Z" hostname="dde705f2eefc" tests="15" skipped="7" failures="0" errors="0" time="0.338">
    <testcase time="0.019999999999996" classname="odds_ratio" name="or_glm_estimates_right_OR_and_CI"/>
    <testcase time="0.00499999999999545" classname="odds_ratio" name="or_glm_estimates_right_OR_and_CI">
      <skipped message="Reason: On CRAN ('test-odds_ratio.R:14')"/>
    </testcase>
    <testcase time="0.0160000000000053" classname="odds_ratio" name="or_clogit_estimates_right_OR_and_CI"/>
    <testcase time="0.00499999999999545" classname="odds_ratio" name="or_clogit_estimates_right_OR_and_CI">
      <skipped message="Reason: On CRAN ('test-odds_ratio.R:36')"/>
    </testcase>
    <testcase time="0.01400000000001" classname="odds_ratio" name="s_odds_ratio_estimates_right_OR_and_CI_unstratified_analysis_"/>
    <testcase time="0.00499999999999545" classname="odds_ratio" name="s_odds_ratio_estimates_right_OR_and_CI_unstratified_analysis_">
      <skipped message="Reason: On CRAN ('test-odds_ratio.R:53')"/>
    </testcase>
    <testcase time="0.0169999999999959" classname="odds_ratio" name="s_odds_ratio_estimates_right_OR_and_CI_stratified_analysis_"/>
    <testcase time="0.00499999999999545" classname="odds_ratio" name="s_odds_ratio_estimates_right_OR_and_CI_stratified_analysis_">
      <skipped message="Reason: On CRAN ('test-odds_ratio.R:74')"/>
    </testcase>
    <testcase time="0.0220000000000056" classname="odds_ratio" name="s_odds_ratio_returns_error_for_incorrect_groups"/>
    <testcase time="0.0690000000000026" classname="odds_ratio" name="estimate_odds_ratio_estimates_right_OR_and_CI_unstratified_analysis_"/>
    <testcase time="0.0180000000000007" classname="odds_ratio" name="estimate_odds_ratio_estimates_right_OR_and_CI_unstratified_analysis_">
      <skipped message="Reason: On CRAN ('test-odds_ratio.R:111')"/>
    </testcase>
    <testcase time="0.0579999999999927" classname="odds_ratio" name="estimate_odds_ratio_estimates_right_OR_and_CI_stratified_analysis_"/>
    <testcase time="0.0160000000000053" classname="odds_ratio" name="estimate_odds_ratio_estimates_right_OR_and_CI_stratified_analysis_">
      <skipped message="Reason: On CRAN ('test-odds_ratio.R:128')"/>
    </testcase>
    <testcase time="0.0520000000000067" classname="odds_ratio" name="estimate_odds_ratio_works_with_strata_and_combined_groups"/>
    <testcase time="0.0159999999999911" classname="odds_ratio" name="estimate_odds_ratio_works_with_strata_and_combined_groups">
      <skipped message="Reason: On CRAN ('test-odds_ratio.R:159')"/>
    </testcase>
  </testsuite>
  <testsuite name="prop_diff" timestamp="2023-02-08T20:09:04Z" hostname="dde705f2eefc" tests="30" skipped="11" failures="0" errors="0" time="0.427">
    <testcase time="0.0190000000000055" classname="prop_diff" name="_prop_diff_ha_proportion_difference_by_Anderson_Hauck_"/>
    <testcase time="0.00499999999999545" classname="prop_diff" name="_prop_diff_ha_proportion_difference_by_Anderson_Hauck_">
      <skipped message="Reason: On CRAN ('test-prop_diff.R:9')"/>
    </testcase>
    <testcase time="0.0120000000000005" classname="prop_diff" name="_prop_diff_nc_proportion_difference_by_Newcombe_"/>
    <testcase time="0.00499999999999545" classname="prop_diff" name="_prop_diff_nc_proportion_difference_by_Newcombe_">
      <skipped message="Reason: On CRAN ('test-prop_diff.R:30')"/>
    </testcase>
    <testcase time="0.0110000000000099" classname="prop_diff" name="_prop_diff_wald_proportion_difference_by_Wald_s_test_with_correction_"/>
    <testcase time="0.00499999999999545" classname="prop_diff" name="_prop_diff_wald_proportion_difference_by_Wald_s_test_with_correction_">
      <skipped message="Reason: On CRAN ('test-prop_diff.R:49')"/>
    </testcase>
    <testcase time="0.0120000000000005" classname="prop_diff" name="_prop_diff_wald_proportion_difference_by_Wald_s_test_without_correction_"/>
    <testcase time="0.00499999999999545" classname="prop_diff" name="_prop_diff_wald_proportion_difference_by_Wald_s_test_without_correction_">
      <skipped message="Reason: On CRAN ('test-prop_diff.R:81')"/>
    </testcase>
    <testcase time="0.0120000000000005" classname="prop_diff" name="_prop_diff_cmh_proportion_difference_by_CMH_"/>
    <testcase time="0.00500000000000966" classname="prop_diff" name="_prop_diff_cmh_proportion_difference_by_CMH_">
      <skipped message="Reason: On CRAN ('test-prop_diff.R:120')"/>
    </testcase>
    <testcase time="0.0120000000000005" classname="prop_diff" name="prop_diff_cmh_works_correctly_when_some_strata_don_t_have_both_groups"/>
    <testcase time="0.00999999999999091" classname="prop_diff" name="prop_diff_cmh_works_correctly_when_some_strata_don_t_have_both_groups"/>
    <testcase time="0.00499999999999545" classname="prop_diff" name="prop_diff_cmh_works_correctly_when_some_strata_don_t_have_both_groups"/>
    <testcase time="0.00200000000000955" classname="prop_diff" name="prop_diff_cmh_works_correctly_when_some_strata_don_t_have_both_groups"/>
    <testcase time="0.00600000000000023" classname="prop_diff" name="prop_diff_cmh_works_correctly_when_some_strata_don_t_have_both_groups">
      <skipped message="Reason: On CRAN ('test-prop_diff.R:150')"/>
    </testcase>
    <testcase time="0.0210000000000008" classname="prop_diff" name="_prop_strat_nc_proportion_difference_by_stratified_Newcombe_with_cmh_weights"/>
    <testcase time="0.00499999999999545" classname="prop_diff" name="_prop_strat_nc_proportion_difference_by_stratified_Newcombe_with_cmh_weights"/>
    <testcase time="0.0130000000000052" classname="prop_diff" name="_prop_strat_nc_proportion_difference_by_stratified_Newcombe_with_wilson_h_weights"/>
    <testcase time="0.00399999999999068" classname="prop_diff" name="_prop_strat_nc_proportion_difference_by_stratified_Newcombe_with_wilson_h_weights"/>
    <testcase time="0.00900000000000034" classname="prop_diff" name="prop_diff_strat_nc_output_matches_equivalent_SAS_function_output"/>
    <testcase time="0.00500000000000966" classname="prop_diff" name="prop_diff_strat_nc_output_matches_equivalent_SAS_function_output">
      <skipped message="Reason: On CRAN ('test-prop_diff.R:225')"/>
    </testcase>
    <testcase time="0.0619999999999976" classname="prop_diff" name="_estimate_proportion_diff_is_compatible_with_rtables_"/>
    <testcase time="0.0180000000000007" classname="prop_diff" name="_estimate_proportion_diff_is_compatible_with_rtables_">
      <skipped message="Reason: On CRAN ('test-prop_diff.R:246')"/>
    </testcase>
    <testcase time="0.0440000000000111" classname="prop_diff" name="_estimate_proportion_diff_and_cmh_is_compatible_with_rtables_"/>
    <testcase time="0.0180000000000007" classname="prop_diff" name="_estimate_proportion_diff_and_cmh_is_compatible_with_rtables_">
      <skipped message="Reason: On CRAN ('test-prop_diff.R:272')"/>
    </testcase>
    <testcase time="0.0719999999999885" classname="prop_diff" name="_estimate_proportion_diff_and_strat_newcombe_is_compatible_with_rtables_"/>
    <testcase time="0.007000000000005" classname="prop_diff" name="s_proportion_diff_works_with_no_strata"/>
    <testcase time="0.00499999999999545" classname="prop_diff" name="s_proportion_diff_works_with_no_strata">
      <skipped message="Reason: On CRAN ('test-prop_diff.R:333')"/>
    </testcase>
    <testcase time="0.0130000000000052" classname="prop_diff" name="s_proportion_diff_works_with_strata"/>
    <testcase time="0.00499999999999545" classname="prop_diff" name="s_proportion_diff_works_with_strata">
      <skipped message="Reason: On CRAN ('test-prop_diff.R:357')"/>
    </testcase>
  </testsuite>
  <testsuite name="prune_occurrences" timestamp="2023-02-08T20:09:06Z" hostname="dde705f2eefc" tests="21" skipped="7" failures="0" errors="0" time="3.183">
    <testcase time="1.599" classname="prune_occurrences" name="keep_rows_works_in_a_special_case_identical_to_standard_pruning"/>
    <testcase time="0.0480000000000018" classname="prune_occurrences" name="keep_rows_works_in_a_special_case_identical_to_standard_pruning"/>
    <testcase time="0.00900000000000034" classname="prune_occurrences" name="keep_rows_prunes_everything_if_condition_is_always_FALSE_"/>
    <testcase time="0.0180000000000007" classname="prune_occurrences" name="keep_rows_keeps_everything_if_condition_is_always_TRUE_"/>
    <testcase time="0.019999999999996" classname="prune_occurrences" name="keep_content_rows_works_as_expected"/>
    <testcase time="0.0820000000000078" classname="prune_occurrences" name="has_count_in_cols_result_works_in_a_special_case_identical_to_standard_pruning"/>
    <testcase time="0.0379999999999967" classname="prune_occurrences" name="has_count_in_cols_result_performs_comparisons_correctly"/>
    <testcase time="0.0229999999999961" classname="prune_occurrences" name="has_count_in_cols_result_performs_comparisons_correctly">
      <skipped message="Reason: On CRAN ('test-prune_occurrences.R:57')"/>
    </testcase>
    <testcase time="0.0289999999999964" classname="prune_occurrences" name="has_count_in_any_col_result_performs_comparisons_correctly"/>
    <testcase time="0.0200000000000102" classname="prune_occurrences" name="has_count_in_any_col_result_performs_comparisons_correctly">
      <skipped message="Reason: On CRAN ('test-prune_occurrences.R:72')"/>
    </testcase>
    <testcase time="0.961999999999989" classname="prune_occurrences" name="has_fraction_in_cols_result_works_in_a_special_case_identical_to_standard_pruning"/>
    <testcase time="0.0230000000000103" classname="prune_occurrences" name="has_fraction_in_cols_result_performs_comparisons_correctly"/>
    <testcase time="0.0369999999999919" classname="prune_occurrences" name="has_fraction_in_cols_result_performs_comparisons_correctly">
      <skipped message="Reason: On CRAN ('test-prune_occurrences.R:94')"/>
    </testcase>
    <testcase time="0.0330000000000013" classname="prune_occurrences" name="has_fraction_in_any_col_result_performs_comparisons_correctly"/>
    <testcase time="0.0220000000000056" classname="prune_occurrences" name="has_fraction_in_any_col_result_performs_comparisons_correctly">
      <skipped message="Reason: On CRAN ('test-prune_occurrences.R:112')"/>
    </testcase>
    <testcase time="0.0279999999999916" classname="prune_occurrences" name="has_fractions_difference_result_performs_comparisons_correctly"/>
    <testcase time="0.0200000000000102" classname="prune_occurrences" name="has_fractions_difference_result_performs_comparisons_correctly">
      <skipped message="Reason: On CRAN ('test-prune_occurrences.R:127')"/>
    </testcase>
    <testcase time="0.0289999999999964" classname="prune_occurrences" name="has_counts_difference_result_performs_comparisons_correctly"/>
    <testcase time="0.0210000000000008" classname="prune_occurrences" name="has_counts_difference_result_performs_comparisons_correctly">
      <skipped message="Reason: On CRAN ('test-prune_occurrences.R:142')"/>
    </testcase>
    <testcase time="0.0769999999999982" classname="prune_occurrences" name="combination_of_pruning_functions_works"/>
    <testcase time="0.0450000000000017" classname="prune_occurrences" name="combination_of_pruning_functions_works">
      <skipped message="Reason: On CRAN ('test-prune_occurrences.R:164')"/>
    </testcase>
  </testsuite>
  <testsuite name="response_biomarkers_subgroups" timestamp="2023-02-08T20:09:07Z" hostname="dde705f2eefc" tests="14" skipped="5" failures="0" errors="0" time="1.014">
    <testcase time="0.0919999999999987" classname="response_biomarkers_subgroups" name="extract_rsp_biomarkers_functions_as_expected_with_valid_input_and_default_arguments"/>
    <testcase time="0.00199999999999534" classname="response_biomarkers_subgroups" name="extract_rsp_biomarkers_functions_as_expected_with_valid_input_and_default_arguments"/>
    <testcase time="0.007000000000005" classname="response_biomarkers_subgroups" name="extract_rsp_biomarkers_functions_as_expected_with_valid_input_and_default_arguments">
      <skipped message="Reason: On CRAN ('test-response_biomarkers_subgroups.R:35')"/>
    </testcase>
    <testcase time="0.0919999999999987" classname="response_biomarkers_subgroups" name="extract_rsp_biomarkers_works_as_expected_with_other_custom_options"/>
    <testcase time="0.00199999999999534" classname="response_biomarkers_subgroups" name="extract_rsp_biomarkers_works_as_expected_with_other_custom_options"/>
    <testcase time="0.00500000000000966" classname="response_biomarkers_subgroups" name="extract_rsp_biomarkers_works_as_expected_with_other_custom_options">
      <skipped message="Reason: On CRAN ('test-response_biomarkers_subgroups.R:70')"/>
    </testcase>
    <testcase time="0.415999999999997" classname="response_biomarkers_subgroups" name="tabulate_rsp_biomarkers_works_as_expected_with_valid_input"/>
    <testcase time="0.090999999999994" classname="response_biomarkers_subgroups" name="tabulate_rsp_biomarkers_works_as_expected_with_valid_input">
      <skipped message="Reason: On CRAN ('test-response_biomarkers_subgroups.R:99')"/>
    </testcase>
    <testcase time="0.027000000000001" classname="response_biomarkers_subgroups" name="tabulate_rsp_biomarkers_functions_as_expected_with_NULL_subgroups"/>
    <testcase time="0.135000000000005" classname="response_biomarkers_subgroups" name="tabulate_rsp_biomarkers_functions_as_expected_with_NULL_subgroups"/>
    <testcase time="0.0379999999999967" classname="response_biomarkers_subgroups" name="tabulate_rsp_biomarkers_functions_as_expected_with_NULL_subgroups">
      <skipped message="Reason: On CRAN ('test-response_biomarkers_subgroups.R:118')"/>
    </testcase>
    <testcase time="0.0760000000000076" classname="response_biomarkers_subgroups" name="tabulate_rsp_biomarkers_works_with_only_a_single_biomarker_in_the_data_frame"/>
    <testcase time="0.00199999999999534" classname="response_biomarkers_subgroups" name="tabulate_rsp_biomarkers_works_with_only_a_single_biomarker_in_the_data_frame"/>
    <testcase time="0.0289999999999964" classname="response_biomarkers_subgroups" name="tabulate_rsp_biomarkers_works_with_only_a_single_biomarker_in_the_data_frame">
      <skipped message="Reason: On CRAN ('test-response_biomarkers_subgroups.R:142')"/>
    </testcase>
  </testsuite>
  <testsuite name="response_subgroups" timestamp="2023-02-08T20:09:08Z" hostname="dde705f2eefc" tests="23" skipped="11" failures="0" errors="0" time="3.317">
    <testcase time="0.129000000000005" classname="response_subgroups" name="extract_rsp_subgroups_functions_as_expected_with_valid_input_and_default_arguments"/>
    <testcase time="0.00900000000000034" classname="response_subgroups" name="extract_rsp_subgroups_functions_as_expected_with_valid_input_and_default_arguments">
      <skipped message="Reason: On CRAN ('test-response_subgroups.R:30')"/>
    </testcase>
    <testcase time="0.019999999999996" classname="response_subgroups" name="extract_rsp_subgroups_functions_as_expected_with_NULL_subgroups"/>
    <testcase time="0.007000000000005" classname="response_subgroups" name="extract_rsp_subgroups_functions_as_expected_with_NULL_subgroups">
      <skipped message="Reason: On CRAN ('test-response_subgroups.R:42')"/>
    </testcase>
    <testcase time="0.0789999999999935" classname="response_subgroups" name="extract_rsp_subgroups_works_as_expected_with_groups_lists"/>
    <testcase time="0.00499999999999545" classname="response_subgroups" name="extract_rsp_subgroups_works_as_expected_with_groups_lists">
      <skipped message="Reason: On CRAN ('test-response_subgroups.R:62')"/>
    </testcase>
    <testcase time="0.103000000000009" classname="response_subgroups" name="extract_rsp_subgroups_functions_as_expected_with_strata"/>
    <testcase time="0.00900000000000034" classname="response_subgroups" name="extract_rsp_subgroups_functions_as_expected_with_strata">
      <skipped message="Reason: On CRAN ('test-response_subgroups.R:81')"/>
    </testcase>
    <testcase time="0.0409999999999968" classname="response_subgroups" name="a_response_subgroups_functions_as_expected_with_valid_input"/>
    <testcase time="0.0180000000000007" classname="response_subgroups" name="a_response_subgroups_functions_as_expected_with_valid_input">
      <skipped message="Reason: On CRAN ('test-response_subgroups.R:100')"/>
    </testcase>
    <testcase time="0.646000000000001" classname="response_subgroups" name="tabulate_rsp_subgroups_functions_as_expected_with_valid_input"/>
    <testcase time="0.0690000000000026" classname="response_subgroups" name="tabulate_rsp_subgroups_functions_as_expected_with_valid_input">
      <skipped message="Reason: On CRAN ('test-response_subgroups.R:120')"/>
    </testcase>
    <testcase time="0.661000000000001" classname="response_subgroups" name="tabulate_rsp_subgroups_correctly_calculates_column_indices"/>
    <testcase time="0.00499999999999545" classname="response_subgroups" name="tabulate_rsp_subgroups_correctly_calculates_column_indices">
      <skipped message="Reason: On CRAN ('test-response_subgroups.R:142')"/>
    </testcase>
    <testcase time="0.481999999999999" classname="response_subgroups" name="tabulate_rsp_subgroups_functions_as_expected_with_valid_input_extreme_values_in_OR_table"/>
    <testcase time="0.0529999999999973" classname="response_subgroups" name="tabulate_rsp_subgroups_functions_as_expected_with_valid_input_extreme_values_in_OR_table">
      <skipped message="Reason: On CRAN ('test-response_subgroups.R:183')"/>
    </testcase>
    <testcase time="0.204999999999998" classname="response_subgroups" name="tabulate_rsp_subgroups_functions_as_expected_with_NULL_subgroups"/>
    <testcase time="0.0490000000000066" classname="response_subgroups" name="tabulate_rsp_subgroups_functions_as_expected_with_NULL_subgroups">
      <skipped message="Reason: On CRAN ('test-response_subgroups.R:203')"/>
    </testcase>
    <testcase time="0.0949999999999989" classname="response_subgroups" name="tabulate_rsp_subgroups_functions_as_expected_when_0_obs_in_one_arm"/>
    <testcase time="0.540999999999997" classname="response_subgroups" name="tabulate_rsp_subgroups_functions_as_expected_when_0_obs_in_one_arm"/>
    <testcase time="0.0730000000000075" classname="response_subgroups" name="tabulate_rsp_subgroups_functions_as_expected_when_0_obs_in_one_arm">
      <skipped message="Reason: On CRAN ('test-response_subgroups.R:223')"/>
    </testcase>
    <testcase time="0.0120000000000005" classname="response_subgroups" name="d_rsp_subgroups_colvars_functions_as_expected_with_valid_input"/>
    <testcase time="0.00600000000000023" classname="response_subgroups" name="d_rsp_subgroups_colvars_functions_as_expected_with_valid_input">
      <skipped message="Reason: On CRAN ('test-response_subgroups.R:236')"/>
    </testcase>
  </testsuite>
  <testsuite name="rtables_access" timestamp="2023-02-08T20:09:13Z" hostname="dde705f2eefc" tests="13" skipped="5" failures="0" errors="0" time="2.024">
    <testcase time="1.45699999999999" classname="rtables_access" name="h_row_first_values_works_as_expected"/>
    <testcase time="0.019999999999996" classname="rtables_access" name="h_row_first_values_works_as_expected">
      <skipped message="Reason: On CRAN ('test-rtables_access.R:17')"/>
    </testcase>
    <testcase time="0.0280000000000058" classname="rtables_access" name="h_row_counts_works_as_expected"/>
    <testcase time="0.0220000000000056" classname="rtables_access" name="h_row_counts_works_as_expected">
      <skipped message="Reason: On CRAN ('test-rtables_access.R:49')"/>
    </testcase>
    <testcase time="0.019999999999996" classname="rtables_access" name="h_row_counts_returns_NA_with_empty_analysis_row"/>
    <testcase time="0.027000000000001" classname="rtables_access" name="h_row_counts_returns_NA_with_empty_analysis_row">
      <skipped message="Reason: On CRAN ('test-rtables_access.R:63')"/>
    </testcase>
    <testcase time="0.0330000000000013" classname="rtables_access" name="h_row_fractions_works_as_expected"/>
    <testcase time="0.0210000000000008" classname="rtables_access" name="h_row_fractions_works_as_expected">
      <skipped message="Reason: On CRAN ('test-rtables_access.R:77')"/>
    </testcase>
    <testcase time="0.0150000000000006" classname="rtables_access" name="h_col_counts_works_as_expected"/>
    <testcase time="0.00499999999999545" classname="rtables_access" name="h_col_counts_works_as_expected">
      <skipped message="Reason: On CRAN ('test-rtables_access.R:91')"/>
    </testcase>
    <testcase time="0.340999999999994" classname="rtables_access" name="is_leaf_table_works_as_expected"/>
    <testcase time="0.00300000000000011" classname="rtables_access" name="is_leaf_table_works_as_expected"/>
    <testcase time="0.0320000000000107" classname="rtables_access" name="h_content_first_row_works_as_expected"/>
  </testsuite>
  <testsuite name="score_occurrences" timestamp="2023-02-08T20:09:14Z" hostname="dde705f2eefc" tests="13" skipped="5" failures="0" errors="0" time="0.837">
    <testcase time="0.331999999999994" classname="score_occurrences" name="score_occurrences_functions_as_expected"/>
    <testcase time="0.0630000000000024" classname="score_occurrences" name="score_occurrences_functions_as_expected">
      <skipped message="Reason: On CRAN ('test-score_occurrences.R:90')"/>
    </testcase>
    <testcase time="0.0139999999999958" classname="score_occurrences" name="score_occurrences_functions_as_expected_with_empty_analysis_rows"/>
    <testcase time="0.0619999999999976" classname="score_occurrences" name="score_occurrences_functions_as_expected_with_empty_analysis_rows">
      <skipped message="Reason: On CRAN ('test-score_occurrences.R:102')"/>
    </testcase>
    <testcase time="0.0109999999999957" classname="score_occurrences" name="score_occurrences_cols_functions_as_expected"/>
    <testcase time="0.00500000000000966" classname="score_occurrences" name="score_occurrences_cols_functions_as_expected"/>
    <testcase time="0.0749999999999886" classname="score_occurrences" name="score_occurrences_cols_functions_as_expected">
      <skipped message="Reason: On CRAN ('test-score_occurrences.R:113')"/>
    </testcase>
    <testcase time="0.0880000000000081" classname="score_occurrences" name="score_occurrences_subtable_functions_as_expected"/>
    <testcase time="0.00400000000000489" classname="score_occurrences" name="score_occurrences_subtable_functions_as_expected"/>
    <testcase time="0.0519999999999925" classname="score_occurrences" name="score_occurrences_subtable_functions_as_expected">
      <skipped message="Reason: On CRAN ('test-score_occurrences.R:134')"/>
    </testcase>
    <testcase time="0.090999999999994" classname="score_occurrences" name="score_occurrences_cont_cols_functions_as_expected"/>
    <testcase time="0.00300000000000011" classname="score_occurrences" name="score_occurrences_cont_cols_functions_as_expected"/>
    <testcase time="0.0370000000000061" classname="score_occurrences" name="score_occurrences_cont_cols_functions_as_expected">
      <skipped message="Reason: On CRAN ('test-score_occurrences.R:156')"/>
    </testcase>
  </testsuite>
  <testsuite name="split_cols_by_groups" timestamp="2023-02-08T20:09:15Z" hostname="dde705f2eefc" tests="34" skipped="15" failures="0" errors="0" time="0.551">
    <testcase time="0.019999999999996" classname="split_cols_by_groups" name="groups_list_to_df_works_as_expected"/>
    <testcase time="0.0180000000000007" classname="split_cols_by_groups" name="groups_list_to_df_works_as_expected">
      <skipped message="Reason: On CRAN ('test-split_cols_by_groups.R:12')"/>
    </testcase>
    <testcase time="0.0160000000000053" classname="split_cols_by_groups" name="combine_groups_combines_character_vectors"/>
    <testcase time="0.00100000000000477" classname="split_cols_by_groups" name="combine_groups_combines_character_vectors"/>
    <testcase time="0.012999999999991" classname="split_cols_by_groups" name="combine_groups_combines_character_vectors">
      <skipped message="Reason: On CRAN ('test-split_cols_by_groups.R:21')"/>
    </testcase>
    <testcase time="0.0139999999999958" classname="split_cols_by_groups" name="combine_groups_combines_factors"/>
    <testcase time="0.00200000000000955" classname="split_cols_by_groups" name="combine_groups_combines_factors"/>
    <testcase time="0.00600000000000023" classname="split_cols_by_groups" name="combine_groups_combines_factors">
      <skipped message="Reason: On CRAN ('test-split_cols_by_groups.R:28')"/>
    </testcase>
    <testcase time="0.012999999999991" classname="split_cols_by_groups" name="combine_groups_combines_factors_with_given_reference"/>
    <testcase time="0.00500000000000966" classname="split_cols_by_groups" name="combine_groups_combines_factors_with_given_reference">
      <skipped message="Reason: On CRAN ('test-split_cols_by_groups.R:35')"/>
    </testcase>
    <testcase time="0.0109999999999957" classname="split_cols_by_groups" name="combine_groups_use_good_separator"/>
    <testcase time="0.00499999999999545" classname="split_cols_by_groups" name="combine_groups_use_good_separator">
      <skipped message="Reason: On CRAN ('test-split_cols_by_groups.R:42')"/>
    </testcase>
    <testcase time="0.0110000000000099" classname="split_cols_by_groups" name="combine_groups_can_use_multiple_reference"/>
    <testcase time="0.00499999999999545" classname="split_cols_by_groups" name="combine_groups_can_use_multiple_reference">
      <skipped message="Reason: On CRAN ('test-split_cols_by_groups.R:53')"/>
    </testcase>
    <testcase time="0.0409999999999968" classname="split_cols_by_groups" name="split_cols_by_groups_manages_combinations_of_columns"/>
    <testcase time="0.0180000000000007" classname="split_cols_by_groups" name="split_cols_by_groups_manages_combinations_of_columns">
      <skipped message="Reason: On CRAN ('test-split_cols_by_groups.R:69')"/>
    </testcase>
    <testcase time="0.0430000000000064" classname="split_cols_by_groups" name="split_cols_by_groups_manages_combinations_of_columns_with_reference"/>
    <testcase time="0.0159999999999911" classname="split_cols_by_groups" name="split_cols_by_groups_manages_combinations_of_columns_with_reference">
      <skipped message="Reason: On CRAN ('test-split_cols_by_groups.R:92')"/>
    </testcase>
    <testcase time="0.0550000000000068" classname="split_cols_by_groups" name="split_cols_by_groups_equivalent_to_split_cols_by_when_no_groups"/>
    <testcase time="0.0219999999999914" classname="split_cols_by_groups" name="split_cols_by_groups_equivalent_to_split_cols_by_when_no_groups">
      <skipped message="Reason: On CRAN ('test-split_cols_by_groups.R:103')"/>
    </testcase>
    <testcase time="0.0400000000000063" classname="split_cols_by_groups" name="split_cols_by_groups_equivalent_to_split_cols_by_with_ref_col_but_no_groups"/>
    <testcase time="0.0210000000000008" classname="split_cols_by_groups" name="split_cols_by_groups_equivalent_to_split_cols_by_with_ref_col_but_no_groups">
      <skipped message="Reason: On CRAN ('test-split_cols_by_groups.R:121')"/>
    </testcase>
    <testcase time="0.0429999999999922" classname="split_cols_by_groups" name="split_cols_by_groups_manages_combinations_of_columns_with_reference_and_alt_counts_df"/>
    <testcase time="0.0180000000000007" classname="split_cols_by_groups" name="split_cols_by_groups_manages_combinations_of_columns_with_reference_and_alt_counts_df">
      <skipped message="Reason: On CRAN ('test-split_cols_by_groups.R:148')"/>
    </testcase>
    <testcase time="0.0160000000000053" classname="split_cols_by_groups" name="combine_counts_combines_character_vectors"/>
    <testcase time="0.012999999999991" classname="split_cols_by_groups" name="combine_counts_combines_character_vectors"/>
    <testcase time="0.00300000000000011" classname="split_cols_by_groups" name="combine_counts_combines_character_vectors"/>
    <testcase time="0.00600000000000023" classname="split_cols_by_groups" name="combine_counts_combines_character_vectors">
      <skipped message="Reason: On CRAN ('test-split_cols_by_groups.R:158')"/>
    </testcase>
    <testcase time="0.0150000000000006" classname="split_cols_by_groups" name="combine_counts_combines_factors"/>
    <testcase time="0.00600000000000023" classname="split_cols_by_groups" name="combine_counts_combines_factors">
      <skipped message="Reason: On CRAN ('test-split_cols_by_groups.R:167')"/>
    </testcase>
    <testcase time="0.0120000000000005" classname="split_cols_by_groups" name="combine_counts_combines_factors"/>
    <testcase time="0.00600000000000023" classname="split_cols_by_groups" name="combine_counts_combines_factors">
      <skipped message="Reason: On CRAN ('test-split_cols_by_groups.R:176')"/>
    </testcase>
    <testcase time="0.0120000000000005" classname="split_cols_by_groups" name="combine_counts_with_groups_list_NULL"/>
    <testcase time="0.00500000000000966" classname="split_cols_by_groups" name="combine_counts_with_groups_list_NULL">
      <skipped message="Reason: On CRAN ('test-split_cols_by_groups.R:185')"/>
    </testcase>
  </testsuite>
  <testsuite name="stat" timestamp="2023-02-08T20:09:15Z" hostname="dde705f2eefc" tests="16" skipped="7" failures="0" errors="0" time="0.129">
    <testcase time="0.0179999999999865" classname="stat" name="stat_mean_ci_works_for_series_without_NAs_including_extreme_case_n_1_and_various_n_min_values_"/>
    <testcase time="0.00400000000000489" classname="stat" name="stat_mean_ci_works_for_series_without_NAs_including_extreme_case_n_1_and_various_n_min_values_">
      <skipped message="Reason: On CRAN ('test-stat.R:7')"/>
    </testcase>
    <testcase time="0.0109999999999957" classname="stat" name="stat_mean_ci_works_for_series_with_NAs_including_extreme_case_n_1_and_various_n_min_values_"/>
    <testcase time="0.00500000000000966" classname="stat" name="stat_mean_ci_works_for_series_with_NAs_including_extreme_case_n_1_and_various_n_min_values_">
      <skipped message="Reason: On CRAN ('test-stat.R:33')"/>
    </testcase>
    <testcase time="0.0109999999999957" classname="stat" name="stat_mean_pval_works_for_series_without_NAs_including_extreme_case_n_1_and_various_n_min_values_"/>
    <testcase time="0.00400000000000489" classname="stat" name="stat_mean_pval_works_for_series_without_NAs_including_extreme_case_n_1_and_various_n_min_values_">
      <skipped message="Reason: On CRAN ('test-stat.R:104')"/>
    </testcase>
    <testcase time="0.0109999999999957" classname="stat" name="stat_mean_pval_works_for_series_with_NAs_including_extreme_case_n_1_and_various_n_min_values_"/>
    <testcase time="0.00499999999999545" classname="stat" name="stat_mean_pval_works_for_series_with_NAs_including_extreme_case_n_1_and_various_n_min_values_">
      <skipped message="Reason: On CRAN ('test-stat.R:125')"/>
    </testcase>
    <testcase time="0.0130000000000052" classname="stat" name="stat_mean_pval_returns_the_correct_p_value"/>
    <testcase time="0.00499999999999545" classname="stat" name="stat_mean_pval_returns_the_correct_p_value"/>
    <testcase time="0.00400000000000489" classname="stat" name="stat_median_ci_works_for_series_without_NAs_including_extreme_case_n_1_"/>
    <testcase time="0.00499999999999545" classname="stat" name="stat_median_ci_works_for_series_without_NAs_including_extreme_case_n_1_">
      <skipped message="Reason: On CRAN ('test-stat.R:194')"/>
    </testcase>
    <testcase time="0.0120000000000005" classname="stat" name="stat_median_ci_works_for_series_with_NAs_including_extreme_case_n_1_"/>
    <testcase time="0.00500000000000966" classname="stat" name="stat_median_ci_works_for_series_with_NAs_including_extreme_case_n_1_">
      <skipped message="Reason: On CRAN ('test-stat.R:213')"/>
    </testcase>
    <testcase time="0.0109999999999957" classname="stat" name="stat_median_ci_works_for_named_numeric_values_when_name_is_missing_"/>
    <testcase time="0.00499999999999545" classname="stat" name="stat_median_ci_works_for_named_numeric_values_when_name_is_missing_">
      <skipped message="Reason: On CRAN ('test-stat.R:268')"/>
    </testcase>
  </testsuite>
  <testsuite name="summarize_ancova" timestamp="2023-02-08T20:09:15Z" hostname="dde705f2eefc" tests="14" skipped="4" failures="0" errors="0" time="1.102">
    <testcase time="0.100000000000009" classname="summarize_ancova" name="h_ancova_works_with_healthy_input"/>
    <testcase time="0.00799999999999557" classname="summarize_ancova" name="h_ancova_works_with_healthy_input">
      <skipped message="Reason: On CRAN ('test-summarize_ancova.R:10')"/>
    </testcase>
    <testcase time="0.0160000000000053" classname="summarize_ancova" name="h_ancova_fails_wrong_inputs"/>
    <testcase time="0.00600000000000023" classname="summarize_ancova" name="h_ancova_fails_wrong_inputs"/>
    <testcase time="0.0409999999999968" classname="summarize_ancova" name="s_ancova_works_with_healthy_input"/>
    <testcase time="0.00499999999999545" classname="summarize_ancova" name="s_ancova_works_with_healthy_input">
      <skipped message="Reason: On CRAN ('test-summarize_ancova.R:45')"/>
    </testcase>
    <testcase time="0.0370000000000061" classname="summarize_ancova" name="s_ancova_fails_wrong_inputs"/>
    <testcase time="0.0799999999999983" classname="summarize_ancova" name="s_ancova_works_with_interaction_and_.in_ref_col_TRUE"/>
    <testcase time="0.00499999999999545" classname="summarize_ancova" name="s_ancova_works_with_interaction_and_.in_ref_col_TRUE">
      <skipped message="Reason: On CRAN ('test-summarize_ancova.R:85')"/>
    </testcase>
    <testcase time="0.483999999999995" classname="summarize_ancova" name="summarize_ancova_works_with_healthy_inputs"/>
    <testcase time="0.054000000000002" classname="summarize_ancova" name="summarize_ancova_works_with_healthy_inputs">
      <skipped message="Reason: On CRAN ('test-summarize_ancova.R:108')"/>
    </testcase>
    <testcase time="0.238" classname="summarize_ancova" name="summarize_ancova_works_with_interaction"/>
    <testcase time="0.0240000000000009" classname="summarize_ancova" name="summarize_ancova_works_with_interaction"/>
    <testcase time="0.00400000000000489" classname="summarize_ancova" name="summarize_ancova_works_with_interaction"/>
  </testsuite>
  <testsuite name="summarize_change" timestamp="2023-02-08T20:09:16Z" hostname="dde705f2eefc" tests="8" skipped="4" failures="0" errors="0" time="0.224">
    <testcase time="0.012999999999991" classname="summarize_change" name="s_change_from_baseline_handles_empty_data_complete_missing_for_a_visit_"/>
    <testcase time="0.00500000000000966" classname="summarize_change" name="s_change_from_baseline_handles_empty_data_complete_missing_for_a_visit_">
      <skipped message="Reason: On CRAN ('test-summarize_change.R:16')"/>
    </testcase>
    <testcase time="0.0120000000000005" classname="summarize_change" name="s_change_from_baseline_handles_NA_in_baseline_values"/>
    <testcase time="0.00599999999998602" classname="summarize_change" name="s_change_from_baseline_handles_NA_in_baseline_values">
      <skipped message="Reason: On CRAN ('test-summarize_change.R:34')"/>
    </testcase>
    <testcase time="0.01400000000001" classname="summarize_change" name="s_change_from_baseline_handles_baseline_substitution"/>
    <testcase time="0.00499999999999545" classname="summarize_change" name="s_change_from_baseline_handles_baseline_substitution">
      <skipped message="Reason: On CRAN ('test-summarize_change.R:53')"/>
    </testcase>
    <testcase time="0.126999999999995" classname="summarize_change" name="summarize_change_works_as_expected"/>
    <testcase time="0.0420000000000016" classname="summarize_change" name="summarize_change_works_as_expected">
      <skipped message="Reason: On CRAN ('test-summarize_change.R:78')"/>
    </testcase>
  </testsuite>
  <testsuite name="summarize_colvars" timestamp="2023-02-08T20:09:17Z" hostname="dde705f2eefc" tests="6" skipped="3" failures="0" errors="0" time="0.725">
    <testcase time="0.194000000000003" classname="summarize_colvars" name="summarize_colvars_works_as_expected_without_column_split_and_default_behavior"/>
    <testcase time="0.0490000000000066" classname="summarize_colvars" name="summarize_colvars_works_as_expected_without_column_split_and_default_behavior">
      <skipped message="Reason: On CRAN ('test-summarize_colvars.R:28')"/>
    </testcase>
    <testcase time="0.188000000000002" classname="summarize_colvars" name="summarize_colvars_works_as_expected_with_column_split"/>
    <testcase time="0.0729999999999933" classname="summarize_colvars" name="summarize_colvars_works_as_expected_with_column_split">
      <skipped message="Reason: On CRAN ('test-summarize_colvars.R:43')"/>
    </testcase>
    <testcase time="0.171999999999997" classname="summarize_colvars" name="summarize_colvars_works_when_selecting_statistics_and_custom_formatting"/>
    <testcase time="0.0490000000000066" classname="summarize_colvars" name="summarize_colvars_works_when_selecting_statistics_and_custom_formatting">
      <skipped message="Reason: On CRAN ('test-summarize_colvars.R:63')"/>
    </testcase>
  </testsuite>
  <testsuite name="summarize_glm_count" timestamp="2023-02-08T20:09:17Z" hostname="dde705f2eefc" tests="28" skipped="10" failures="0" errors="0" time="0.918">
    <testcase time="0.0549999999999926" classname="summarize_glm_count" name="h_glm_poisson_glm_fit_works_with_healthy_input"/>
    <testcase time="0.00600000000000023" classname="summarize_glm_count" name="h_glm_poisson_glm_fit_works_with_healthy_input">
      <skipped message="Reason: On CRAN ('test-summarize_glm_count.R:18')"/>
    </testcase>
    <testcase time="0.0619999999999976" classname="summarize_glm_count" name="h_glm_poisson_emmeans_fit_works_with_healthy_input"/>
    <testcase time="0.00600000000000023" classname="summarize_glm_count" name="h_glm_poisson_emmeans_fit_works_with_healthy_input">
      <skipped message="Reason: On CRAN ('test-summarize_glm_count.R:35')"/>
    </testcase>
    <testcase time="0.01400000000001" classname="summarize_glm_count" name="h_glm_poisson_fails_wrong_inputs"/>
    <testcase time="0.00499999999999545" classname="summarize_glm_count" name="h_glm_poisson_fails_wrong_inputs"/>
    <testcase time="0.0430000000000064" classname="summarize_glm_count" name="h_glm_quasipoisson_glm_fit_works_with_healthy_input"/>
    <testcase time="0.00499999999999545" classname="summarize_glm_count" name="h_glm_quasipoisson_glm_fit_works_with_healthy_input">
      <skipped message="Reason: On CRAN ('test-summarize_glm_count.R:73')"/>
    </testcase>
    <testcase time="0.0669999999999931" classname="summarize_glm_count" name="h_glm_quasipoisson_emmeans_fit_works_with_healthy_input"/>
    <testcase time="0.00600000000000023" classname="summarize_glm_count" name="h_glm_quasipoisson_emmeans_fit_works_with_healthy_input">
      <skipped message="Reason: On CRAN ('test-summarize_glm_count.R:89')"/>
    </testcase>
    <testcase time="0.01400000000001" classname="summarize_glm_count" name="h_glm_quasipoisson_fails_wrong_inputs"/>
    <testcase time="0.00499999999999545" classname="summarize_glm_count" name="h_glm_quasipoisson_fails_wrong_inputs"/>
    <testcase time="0.0400000000000063" classname="summarize_glm_count" name="h_glm_count_glm_fit_works_with_healthy_input"/>
    <testcase time="0.00600000000000023" classname="summarize_glm_count" name="h_glm_count_glm_fit_works_with_healthy_input">
      <skipped message="Reason: On CRAN ('test-summarize_glm_count.R:128')"/>
    </testcase>
    <testcase time="0.0589999999999975" classname="summarize_glm_count" name="h_glm_count_emmeans_fit_works_with_healthy_input"/>
    <testcase time="0.00600000000000023" classname="summarize_glm_count" name="h_glm_count_emmeans_fit_works_with_healthy_input">
      <skipped message="Reason: On CRAN ('test-summarize_glm_count.R:145')"/>
    </testcase>
    <testcase time="0.0139999999999958" classname="summarize_glm_count" name="h_glm_count_fails_wrong_inputs"/>
    <testcase time="0.00499999999999545" classname="summarize_glm_count" name="h_glm_count_fails_wrong_inputs"/>
    <testcase time="0.0499999999999972" classname="summarize_glm_count" name="h_ppmeans_works_with_healthy_input"/>
    <testcase time="0.00600000000000023" classname="summarize_glm_count" name="h_ppmeans_works_with_healthy_input">
      <skipped message="Reason: On CRAN ('test-summarize_glm_count.R:185')"/>
    </testcase>
    <testcase time="0.0660000000000025" classname="summarize_glm_count" name="s_glm_count_works_with_healthy_input"/>
    <testcase time="0.00500000000000966" classname="summarize_glm_count" name="s_glm_count_works_with_healthy_input">
      <skipped message="Reason: On CRAN ('test-summarize_glm_count.R:206')"/>
    </testcase>
    <testcase time="0.0689999999999884" classname="summarize_glm_count" name="s_glm_count_works_with_no_reference_group_selected."/>
    <testcase time="0.00600000000000023" classname="summarize_glm_count" name="s_glm_count_works_with_no_reference_group_selected.">
      <skipped message="Reason: On CRAN ('test-summarize_glm_count.R:229')"/>
    </testcase>
    <testcase time="0.01400000000001" classname="summarize_glm_count" name="s_glm_count_fails_wrong_inputs"/>
    <testcase time="0.00799999999999557" classname="summarize_glm_count" name="glm_count_fails_when_negative_binomial_distribution_is_selected."/>
    <testcase time="0.225999999999999" classname="summarize_glm_count" name="summarize_glm_count_works_with_healthy_inputs"/>
    <testcase time="0.0499999999999972" classname="summarize_glm_count" name="summarize_glm_count_works_with_healthy_inputs">
      <skipped message="Reason: On CRAN ('test-summarize_glm_count.R:288')"/>
    </testcase>
  </testsuite>
  <testsuite name="summarize_num_patients" timestamp="2023-02-08T20:09:18Z" hostname="dde705f2eefc" tests="28" skipped="14" failures="0" errors="0" time="0.588">
    <testcase time="0.0190000000000055" classname="summarize_num_patients" name="s_num_patients_works_as_expected_with_healthy_input"/>
    <testcase time="0.00499999999999545" classname="summarize_num_patients" name="s_num_patients_works_as_expected_with_healthy_input">
      <skipped message="Reason: On CRAN ('test-summarize_num_patients.R:6')"/>
    </testcase>
    <testcase time="0.0110000000000099" classname="summarize_num_patients" name="s_num_patients_works_as_expected_with_empty_input"/>
    <testcase time="0.00399999999999068" classname="summarize_num_patients" name="s_num_patients_works_as_expected_with_empty_input">
      <skipped message="Reason: On CRAN ('test-summarize_num_patients.R:14')"/>
    </testcase>
    <testcase time="0.0109999999999957" classname="summarize_num_patients" name="s_num_patients_works_as_expected_with_unique_count_suffix_FALSE"/>
    <testcase time="0.00500000000000966" classname="summarize_num_patients" name="s_num_patients_works_as_expected_with_unique_count_suffix_FALSE">
      <skipped message="Reason: On CRAN ('test-summarize_num_patients.R:22')"/>
    </testcase>
    <testcase time="0.0109999999999957" classname="summarize_num_patients" name="s_num_patients_content_works_as_expected_with_healthy_input"/>
    <testcase time="0.00400000000000489" classname="summarize_num_patients" name="s_num_patients_content_works_as_expected_with_healthy_input">
      <skipped message="Reason: On CRAN ('test-summarize_num_patients.R:33')"/>
    </testcase>
    <testcase time="0.0480000000000018" classname="summarize_num_patients" name="summarize_num_patients_works_as_expected_with_healthy_input"/>
    <testcase time="0.0219999999999914" classname="summarize_num_patients" name="summarize_num_patients_works_as_expected_with_healthy_input">
      <skipped message="Reason: On CRAN ('test-summarize_num_patients.R:51')"/>
    </testcase>
    <testcase time="0.0120000000000005" classname="summarize_num_patients" name="s_num_patients_count_by_works_as_expected_with_healthy_input"/>
    <testcase time="0.00400000000000489" classname="summarize_num_patients" name="s_num_patients_count_by_works_as_expected_with_healthy_input">
      <skipped message="Reason: On CRAN ('test-summarize_num_patients.R:90')"/>
    </testcase>
    <testcase time="0.0109999999999957" classname="summarize_num_patients" name="s_num_patients_count_by_with_missing_works_as_expected_with_healthy_input"/>
    <testcase time="0.00499999999999545" classname="summarize_num_patients" name="s_num_patients_count_by_with_missing_works_as_expected_with_healthy_input">
      <skipped message="Reason: On CRAN ('test-summarize_num_patients.R:99')"/>
    </testcase>
    <testcase time="0.0110000000000099" classname="summarize_num_patients" name="s_num_patients_count_by_with_missing_case_2_works_as_expected_with_healthy_input"/>
    <testcase time="0.00499999999999545" classname="summarize_num_patients" name="s_num_patients_count_by_with_missing_case_2_works_as_expected_with_healthy_input">
      <skipped message="Reason: On CRAN ('test-summarize_num_patients.R:108')"/>
    </testcase>
    <testcase time="0.0109999999999957" classname="summarize_num_patients" name="s_num_patients_content_with_count_by_works_as_expected_with_healthy_input"/>
    <testcase time="0.00500000000000966" classname="summarize_num_patients" name="s_num_patients_content_with_count_by_works_as_expected_with_healthy_input">
      <skipped message="Reason: On CRAN ('test-summarize_num_patients.R:119')"/>
    </testcase>
    <testcase time="0.0109999999999957" classname="summarize_num_patients" name="s_num_patients_content_with_count_by_case_2_works_as_expected_with_healthy_input"/>
    <testcase time="0.00499999999999545" classname="summarize_num_patients" name="s_num_patients_content_with_count_by_case_2_works_as_expected_with_healthy_input">
      <skipped message="Reason: On CRAN ('test-summarize_num_patients.R:130')"/>
    </testcase>
    <testcase time="0.0120000000000005" classname="summarize_num_patients" name="s_num_patients_content_with_count_by_trivial_cases_identical_to_without_count_by"/>
    <testcase time="0.00400000000000489" classname="summarize_num_patients" name="s_num_patients_content_with_count_by_trivial_cases_identical_to_without_count_by">
      <skipped message="Reason: On CRAN ('test-summarize_num_patients.R:141')"/>
    </testcase>
    <testcase time="0.0430000000000064" classname="summarize_num_patients" name="summarize_num_patients_with_count_by_works_as_expected_with_healthy_input"/>
    <testcase time="0.0279999999999916" classname="summarize_num_patients" name="summarize_num_patients_with_count_by_works_as_expected_with_healthy_input">
      <skipped message="Reason: On CRAN ('test-summarize_num_patients.R:159')"/>
    </testcase>
    <testcase time="0.0420000000000016" classname="summarize_num_patients" name="summarize_num_patients_with_count_by_different_combinations_works_as_expected_with_healthy_input"/>
    <testcase time="0.0240000000000009" classname="summarize_num_patients" name="summarize_num_patients_with_count_by_different_combinations_works_as_expected_with_healthy_input">
      <skipped message="Reason: On CRAN ('test-summarize_num_patients.R:208')"/>
    </testcase>
    <testcase time="0.156000000000006" classname="summarize_num_patients" name="analyze_num_patients_works_well_for_pagination"/>
    <testcase time="0.0589999999999975" classname="summarize_num_patients" name="analyze_num_patients_works_well_for_pagination">
      <skipped message="Reason: On CRAN ('test-summarize_num_patients.R:241')"/>
    </testcase>
  </testsuite>
  <testsuite name="summarize_patients_exposure_in_cols" timestamp="2023-02-08T20:09:19Z" hostname="dde705f2eefc" tests="8" skipped="4" failures="0" errors="0" time="0.347">
    <testcase time="0.0189999999999912" classname="summarize_patients_exposure_in_cols" name="s_count_patients_sum_exposure_works_as_expected"/>
    <testcase time="0.00400000000000489" classname="summarize_patients_exposure_in_cols" name="s_count_patients_sum_exposure_works_as_expected">
      <skipped message="Reason: On CRAN ('test-summarize_patients_exposure_in_cols.R:23')"/>
    </testcase>
    <testcase time="0.120000000000005" classname="summarize_patients_exposure_in_cols" name="summarize_patients_exposure_in_cols_works_well_with_default_arguments"/>
    <testcase time="0.0409999999999968" classname="summarize_patients_exposure_in_cols" name="summarize_patients_exposure_in_cols_works_well_with_default_arguments">
      <skipped message="Reason: On CRAN ('test-summarize_patients_exposure_in_cols.R:39')"/>
    </testcase>
    <testcase time="0.0919999999999987" classname="summarize_patients_exposure_in_cols" name="summarize_patients_exposure_in_cols_works_well_with_custom_arguments"/>
    <testcase time="0.0319999999999965" classname="summarize_patients_exposure_in_cols" name="summarize_patients_exposure_in_cols_works_well_with_custom_arguments">
      <skipped message="Reason: On CRAN ('test-summarize_patients_exposure_in_cols.R:63')"/>
    </testcase>
    <testcase time="0.034000000000006" classname="summarize_patients_exposure_in_cols" name="summarize_patients_exposure_in_cols_returns_correct_column_label_when_no_variable_split_and_only_one_statistic"/>
    <testcase time="0.00499999999999545" classname="summarize_patients_exposure_in_cols" name="summarize_patients_exposure_in_cols_returns_correct_column_label_when_no_variable_split_and_only_one_statistic">
      <skipped message="Reason: On CRAN ('test-summarize_patients_exposure_in_cols.R:84')"/>
    </testcase>
  </testsuite>
  <testsuite name="summarize_variables" timestamp="2023-02-08T20:09:19Z" hostname="dde705f2eefc" tests="61" skipped="23" failures="0" errors="0" time="2.465">
    <testcase time="0.0220000000000056" classname="summarize_variables" name="control_summarize_vars_works_with_customized_parameters"/>
    <testcase time="0.00499999999999545" classname="summarize_variables" name="control_summarize_vars_works_with_customized_parameters">
      <skipped message="Reason: On CRAN ('test-summarize_variables.R:8')"/>
    </testcase>
    <testcase time="0.0139999999999958" classname="summarize_variables" name="control_summarize_vars_fails_wrong_inputs"/>
    <testcase time="0.00600000000000023" classname="summarize_variables" name="control_summarize_vars_fails_wrong_inputs"/>
    <testcase time="0.00600000000000023" classname="summarize_variables" name="s_summary_return_NA_for_x_length_0L"/>
    <testcase time="0.00500000000000966" classname="summarize_variables" name="s_summary_return_NA_for_x_length_0L">
      <skipped message="Reason: On CRAN ('test-summarize_variables.R:22')"/>
    </testcase>
    <testcase time="0.0109999999999957" classname="summarize_variables" name="s_summary_handles_NA"/>
    <testcase time="0.00600000000000023" classname="summarize_variables" name="s_summary_handles_NA">
      <skipped message="Reason: On CRAN ('test-summarize_variables.R:32')"/>
    </testcase>
    <testcase time="0.0109999999999957" classname="summarize_variables" name="s_summary_returns_right_results_for_n_2"/>
    <testcase time="0.00500000000000966" classname="summarize_variables" name="s_summary_returns_right_results_for_n_2">
      <skipped message="Reason: On CRAN ('test-summarize_variables.R:46')"/>
    </testcase>
    <testcase time="0.0120000000000005" classname="summarize_variables" name="s_summary_returns_right_results_for_n_8"/>
    <testcase time="0.00499999999999545" classname="summarize_variables" name="s_summary_returns_right_results_for_n_8">
      <skipped message="Reason: On CRAN ('test-summarize_variables.R:54')"/>
    </testcase>
    <testcase time="0.0109999999999957" classname="summarize_variables" name="s_summary_works_with_factors"/>
    <testcase time="0.00499999999999545" classname="summarize_variables" name="s_summary_works_with_factors">
      <skipped message="Reason: On CRAN ('test-summarize_variables.R:63')"/>
    </testcase>
    <testcase time="0.0200000000000102" classname="summarize_variables" name="s_summary_fails_with_factors_that_have_no_levels_or_have_empty_string_levels"/>
    <testcase time="0.00499999999999545" classname="summarize_variables" name="s_summary_fails_with_factors_that_have_no_levels_or_have_empty_string_levels"/>
    <testcase time="0.00799999999999557" classname="summarize_variables" name="s_summary_fails_when_factors_have_NA_levels"/>
    <testcase time="0.00600000000000023" classname="summarize_variables" name="s_summary_works_with_factors_with_NA_values_handled_and_correctly_removes_them_by_default"/>
    <testcase time="0.00500000000000966" classname="summarize_variables" name="s_summary_works_with_factors_with_NA_values_handled_and_correctly_removes_them_by_default">
      <skipped message="Reason: On CRAN ('test-summarize_variables.R:84')"/>
    </testcase>
    <testcase time="0.0109999999999957" classname="summarize_variables" name="s_summary_works_with_length_0_factors_that_have_levels"/>
    <testcase time="0.00499999999999545" classname="summarize_variables" name="s_summary_works_with_length_0_factors_that_have_levels">
      <skipped message="Reason: On CRAN ('test-summarize_variables.R:93')"/>
    </testcase>
    <testcase time="0.0100000000000051" classname="summarize_variables" name="s_summary_works_with_factors_and_different_denominator_choices"/>
    <testcase time="0.00499999999999545" classname="summarize_variables" name="s_summary_works_with_factors_and_different_denominator_choices">
      <skipped message="Reason: On CRAN ('test-summarize_variables.R:102')"/>
    </testcase>
    <testcase time="0.0150000000000006" classname="summarize_variables" name="s_summary_works_with_characters_by_converting_to_character"/>
    <testcase time="0.00400000000000489" classname="summarize_variables" name="s_summary_works_with_characters_by_converting_to_character"/>
    <testcase time="0.00799999999999557" classname="summarize_variables" name="s_summary_works_with_characters_by_converting_to_character_and_handling_empty_strings"/>
    <testcase time="0.00199999999999534" classname="summarize_variables" name="s_summary_works_with_characters_by_converting_to_character_and_handling_empty_strings"/>
    <testcase time="0.00600000000000023" classname="summarize_variables" name="s_summary_works_with_characters_by_converting_to_character_and_handling_empty_strings">
      <skipped message="Reason: On CRAN ('test-summarize_variables.R:125')"/>
    </testcase>
    <testcase time="0.0150000000000006" classname="summarize_variables" name="s_summary_does_not_work_for_length_0_character_vectors"/>
    <testcase time="0.00499999999999545" classname="summarize_variables" name="s_summary_works_with_logical_vectors"/>
    <testcase time="0.00500000000000966" classname="summarize_variables" name="s_summary_works_with_logical_vectors">
      <skipped message="Reason: On CRAN ('test-summarize_variables.R:139')"/>
    </testcase>
    <testcase time="0.0109999999999957" classname="summarize_variables" name="s_summary_works_with_logical_vectors_and_by_default_removes_NA"/>
    <testcase time="0.00499999999999545" classname="summarize_variables" name="s_summary_works_with_logical_vectors_and_by_default_removes_NA">
      <skipped message="Reason: On CRAN ('test-summarize_variables.R:148')"/>
    </testcase>
    <testcase time="0.0100000000000051" classname="summarize_variables" name="s_summary_works_with_logical_vectors_and_by_if_requested_does_not_remove_NA_from_n"/>
    <testcase time="0.00600000000000023" classname="summarize_variables" name="s_summary_works_with_logical_vectors_and_by_if_requested_does_not_remove_NA_from_n">
      <skipped message="Reason: On CRAN ('test-summarize_variables.R:157')"/>
    </testcase>
    <testcase time="0.245999999999995" classname="summarize_variables" name="create_afun_summary_creates_an_afun_that_works"/>
    <testcase time="0.097999999999999" classname="summarize_variables" name="create_afun_summary_creates_an_afun_that_works">
      <skipped message="Reason: On CRAN ('test-summarize_variables.R:184')"/>
    </testcase>
    <testcase time="0.0500000000000114" classname="summarize_variables" name="_summarize_vars_works_with_healthy_input_default_na.rm_TRUE_."/>
    <testcase time="0.0189999999999912" classname="summarize_variables" name="_summarize_vars_works_with_healthy_input_default_na.rm_TRUE_.">
      <skipped message="Reason: On CRAN ('test-summarize_variables.R:195')"/>
    </testcase>
    <testcase time="0.0460000000000065" classname="summarize_variables" name="_summarize_vars_works_with_healthy_input_and_control_function."/>
    <testcase time="0.0219999999999914" classname="summarize_variables" name="_summarize_vars_works_with_healthy_input_and_control_function.">
      <skipped message="Reason: On CRAN ('test-summarize_variables.R:210')"/>
    </testcase>
    <testcase time="0.0430000000000064" classname="summarize_variables" name="_summarize_vars_works_with_healthy_input_alternative_na.rm_FALSE_"/>
    <testcase time="0.0190000000000055" classname="summarize_variables" name="_summarize_vars_works_with_healthy_input_alternative_na.rm_FALSE_">
      <skipped message="Reason: On CRAN ('test-summarize_variables.R:221')"/>
    </testcase>
    <testcase time="0.0439999999999969" classname="summarize_variables" name="_summarize_vars_works_with_healthy_factor_input"/>
    <testcase time="0.0169999999999959" classname="summarize_variables" name="_summarize_vars_works_with_healthy_factor_input">
      <skipped message="Reason: On CRAN ('test-summarize_variables.R:232')"/>
    </testcase>
    <testcase time="0.0409999999999968" classname="summarize_variables" name="_summarize_vars_works_with_healthy_factor_input_alternative_na.rm_FALSE_"/>
    <testcase time="0.0200000000000102" classname="summarize_variables" name="_summarize_vars_works_with_healthy_factor_input_alternative_na.rm_FALSE_">
      <skipped message="Reason: On CRAN ('test-summarize_variables.R:244')"/>
    </testcase>
    <testcase time="0.412999999999997" classname="summarize_variables" name="_summarize_vars_works_with_factors_and_different_denominators"/>
    <testcase time="0.00399999999999068" classname="summarize_variables" name="_summarize_vars_works_with_factors_and_different_denominators"/>
    <testcase time="0.00200000000000955" classname="summarize_variables" name="_summarize_vars_works_with_factors_and_different_denominators"/>
    <testcase time="0.0840000000000032" classname="summarize_variables" name="_summarize_vars_works_with_factors_and_different_denominators">
      <skipped message="Reason: On CRAN ('test-summarize_variables.R:270')"/>
    </testcase>
    <testcase time="0.430999999999997" classname="summarize_variables" name="summarize_vars_works_in_demographic_table_example"/>
    <testcase time="0.271000000000001" classname="summarize_variables" name="summarize_vars_works_in_demographic_table_example">
      <skipped message="Reason: On CRAN ('test-summarize_variables.R:281')"/>
    </testcase>
    <testcase time="0.0500000000000114" classname="summarize_variables" name="_summarize_vars_works_with_character_input_and_gives_the_same_result_as_with_factor"/>
    <testcase time="0.0289999999999964" classname="summarize_variables" name="_summarize_vars_works_with_character_input_and_gives_the_same_result_as_with_factor"/>
    <testcase time="0.0459999999999923" classname="summarize_variables" name="_summarize_vars_does_not_work_with_sparse_character_input_due_to_missing_statistics"/>
    <testcase time="0.041000000000011" classname="summarize_variables" name="_summarize_vars_does_not_work_with_sparse_character_input_due_to_missing_statistics"/>
    <testcase time="0.0289999999999964" classname="summarize_variables" name="_summarize_vars_works_with_logical_input"/>
    <testcase time="0.0150000000000006" classname="summarize_variables" name="_summarize_vars_works_with_logical_input">
      <skipped message="Reason: On CRAN ('test-summarize_variables.R:329')"/>
    </testcase>
    <testcase time="0.0679999999999978" classname="summarize_variables" name="_summarize_vars_works_with_empty_named_numeric_variables"/>
    <testcase time="0.0259999999999962" classname="summarize_variables" name="_summarize_vars_works_with_empty_named_numeric_variables">
      <skipped message="Reason: On CRAN ('test-summarize_variables.R:346')"/>
    </testcase>
  </testsuite>
  <testsuite name="survival_biomarkers_subgroups" timestamp="2023-02-08T20:09:22Z" hostname="dde705f2eefc" tests="12" skipped="5" failures="0" errors="0" time="1.514">
    <testcase time="0.266000000000005" classname="survival_biomarkers_subgroups" name="extract_survival_biomarkers_functions_as_expected_with_valid_input_and_default_arguments"/>
    <testcase time="0.00699999999999079" classname="survival_biomarkers_subgroups" name="extract_survival_biomarkers_functions_as_expected_with_valid_input_and_default_arguments">
      <skipped message="Reason: On CRAN ('test-survival_biomarkers_subgroups.R:36')"/>
    </testcase>
    <testcase time="0.25" classname="survival_biomarkers_subgroups" name="extract_survival_biomarkers_works_as_expected_with_groups_lists"/>
    <testcase time="0.0120000000000005" classname="survival_biomarkers_subgroups" name="extract_survival_biomarkers_works_as_expected_with_groups_lists">
      <skipped message="Reason: On CRAN ('test-survival_biomarkers_subgroups.R:65')"/>
    </testcase>
    <testcase time="0.563000000000002" classname="survival_biomarkers_subgroups" name="tabulate_survival_biomarkers_works_as_expected_with_valid_input"/>
    <testcase time="0.097999999999999" classname="survival_biomarkers_subgroups" name="tabulate_survival_biomarkers_works_as_expected_with_valid_input">
      <skipped message="Reason: On CRAN ('test-survival_biomarkers_subgroups.R:85')"/>
    </testcase>
    <testcase time="0.0480000000000018" classname="survival_biomarkers_subgroups" name="tabulate_survival_biomarkers_functions_as_expected_with_NULL_subgroups"/>
    <testcase time="0.135000000000005" classname="survival_biomarkers_subgroups" name="tabulate_survival_biomarkers_functions_as_expected_with_NULL_subgroups"/>
    <testcase time="0.0359999999999872" classname="survival_biomarkers_subgroups" name="tabulate_survival_biomarkers_functions_as_expected_with_NULL_subgroups">
      <skipped message="Reason: On CRAN ('test-survival_biomarkers_subgroups.R:105')"/>
    </testcase>
    <testcase time="0.0620000000000118" classname="survival_biomarkers_subgroups" name="tabulate_survival_biomarkers_works_with_only_a_single_biomarker_in_the_data_frame"/>
    <testcase time="0.00199999999999534" classname="survival_biomarkers_subgroups" name="tabulate_survival_biomarkers_works_with_only_a_single_biomarker_in_the_data_frame"/>
    <testcase time="0.0349999999999966" classname="survival_biomarkers_subgroups" name="tabulate_survival_biomarkers_works_with_only_a_single_biomarker_in_the_data_frame">
      <skipped message="Reason: On CRAN ('test-survival_biomarkers_subgroups.R:129')"/>
    </testcase>
  </testsuite>
  <testsuite name="survival_coxph_pairwise" timestamp="2023-02-08T20:09:23Z" hostname="dde705f2eefc" tests="17" skipped="8" failures="0" errors="0" time="0.665">
    <testcase time="0.0430000000000064" classname="survival_coxph_pairwise" name="s_coxph_pairwise_works_with_default_arguments_and_no_stratification_factors"/>
    <testcase time="0.00499999999999545" classname="survival_coxph_pairwise" name="s_coxph_pairwise_works_with_default_arguments_and_no_stratification_factors">
      <skipped message="Reason: On CRAN ('test-survival_coxph_pairwise.R:18')"/>
    </testcase>
    <testcase time="0.0349999999999966" classname="survival_coxph_pairwise" name="s_coxph_pairwise_works_with_customized_arguments_and_no_stratification_factors"/>
    <testcase time="0.00500000000000966" classname="survival_coxph_pairwise" name="s_coxph_pairwise_works_with_customized_arguments_and_no_stratification_factors">
      <skipped message="Reason: On CRAN ('test-survival_coxph_pairwise.R:39')"/>
    </testcase>
    <testcase time="0.0360000000000014" classname="survival_coxph_pairwise" name="s_coxph_pairwise_works_with_default_arguments_and_stratification_factors"/>
    <testcase time="0.00499999999999545" classname="survival_coxph_pairwise" name="s_coxph_pairwise_works_with_default_arguments_and_stratification_factors">
      <skipped message="Reason: On CRAN ('test-survival_coxph_pairwise.R:59')"/>
    </testcase>
    <testcase time="0.0360000000000014" classname="survival_coxph_pairwise" name="s_coxph_pairwise_works_with_customized_arguments_and_stratification_factors"/>
    <testcase time="0.00499999999999545" classname="survival_coxph_pairwise" name="s_coxph_pairwise_works_with_customized_arguments_and_stratification_factors">
      <skipped message="Reason: On CRAN ('test-survival_coxph_pairwise.R:80')"/>
    </testcase>
    <testcase time="0.105999999999995" classname="survival_coxph_pairwise" name="coxph_pairwise_works_with_default_arguments_and_no_stratification_factors"/>
    <testcase time="0.0240000000000009" classname="survival_coxph_pairwise" name="coxph_pairwise_works_with_default_arguments_and_no_stratification_factors">
      <skipped message="Reason: On CRAN ('test-survival_coxph_pairwise.R:102')"/>
    </testcase>
    <testcase time="0.0760000000000076" classname="survival_coxph_pairwise" name="coxph_pairwise_works_with_customized_arguments_and_no_stratification_factors"/>
    <testcase time="0.0249999999999915" classname="survival_coxph_pairwise" name="coxph_pairwise_works_with_customized_arguments_and_no_stratification_factors">
      <skipped message="Reason: On CRAN ('test-survival_coxph_pairwise.R:125')"/>
    </testcase>
    <testcase time="0.0870000000000033" classname="survival_coxph_pairwise" name="coxph_pairwise_works_with_default_arguments_and_stratification_factors"/>
    <testcase time="0.0250000000000057" classname="survival_coxph_pairwise" name="coxph_pairwise_works_with_default_arguments_and_stratification_factors">
      <skipped message="Reason: On CRAN ('test-survival_coxph_pairwise.R:147')"/>
    </testcase>
    <testcase time="0.078000000000003" classname="survival_coxph_pairwise" name="coxph_pairwise_works_with_customized_arguments_and_stratification_factors"/>
    <testcase time="0.0309999999999917" classname="survival_coxph_pairwise" name="coxph_pairwise_works_with_customized_arguments_and_stratification_factors">
      <skipped message="Reason: On CRAN ('test-survival_coxph_pairwise.R:172')"/>
    </testcase>
    <testcase time="0.0430000000000064" classname="survival_coxph_pairwise" name="s_coxph_pairwise_gets_p_value_log_rank_calculated_by_survival_survdiff_"/>
  </testsuite>
  <testsuite name="survival_duration_subgroups" timestamp="2023-02-08T20:09:24Z" hostname="dde705f2eefc" tests="22" skipped="10" failures="0" errors="0" time="2.955">
    <testcase time="0.137999999999991" classname="survival_duration_subgroups" name="extract_survival_subgroups_functions_as_expected_with_valid_input_and_default_arguments"/>
    <testcase time="0.00800000000000978" classname="survival_duration_subgroups" name="extract_survival_subgroups_functions_as_expected_with_valid_input_and_default_arguments">
      <skipped message="Reason: On CRAN ('test-survival_duration_subgroups.R:33')"/>
    </testcase>
    <testcase time="0.123999999999995" classname="survival_duration_subgroups" name="extract_survival_subgroups_works_as_expected_with_groups_lists"/>
    <testcase time="0.00499999999999545" classname="survival_duration_subgroups" name="extract_survival_subgroups_works_as_expected_with_groups_lists">
      <skipped message="Reason: On CRAN ('test-survival_duration_subgroups.R:52')"/>
    </testcase>
    <testcase time="0.0240000000000009" classname="survival_duration_subgroups" name="extract_survival_subgroups_functions_as_expected_with_NULL_subgroups"/>
    <testcase time="0.007000000000005" classname="survival_duration_subgroups" name="extract_survival_subgroups_functions_as_expected_with_NULL_subgroups">
      <skipped message="Reason: On CRAN ('test-survival_duration_subgroups.R:68')"/>
    </testcase>
    <testcase time="0.0369999999999919" classname="survival_duration_subgroups" name="a_survival_subgroups_functions_as_expected_with_valid_input"/>
    <testcase time="0.0260000000000105" classname="survival_duration_subgroups" name="a_survival_subgroups_functions_as_expected_with_valid_input">
      <skipped message="Reason: On CRAN ('test-survival_duration_subgroups.R:87')"/>
    </testcase>
    <testcase time="0.682000000000002" classname="survival_duration_subgroups" name="tabulate_survival_subgroups_functions_as_expected_with_valid_input"/>
    <testcase time="0.0669999999999931" classname="survival_duration_subgroups" name="tabulate_survival_subgroups_functions_as_expected_with_valid_input">
      <skipped message="Reason: On CRAN ('test-survival_duration_subgroups.R:102')"/>
    </testcase>
    <testcase time="0.192999999999998" classname="survival_duration_subgroups" name="tabulate_survival_subgroups_functions_as_expected_with_NULL_subgroups"/>
    <testcase time="0.0490000000000066" classname="survival_duration_subgroups" name="tabulate_survival_subgroups_functions_as_expected_with_NULL_subgroups">
      <skipped message="Reason: On CRAN ('test-survival_duration_subgroups.R:117')"/>
    </testcase>
    <testcase time="0.519999999999996" classname="survival_duration_subgroups" name="tabulate_survival_subgroups_functions_as_expected_with_extreme_values_in_subgroups"/>
    <testcase time="0.0660000000000025" classname="survival_duration_subgroups" name="tabulate_survival_subgroups_functions_as_expected_with_extreme_values_in_subgroups">
      <skipped message="Reason: On CRAN ('test-survival_duration_subgroups.R:134')"/>
    </testcase>
    <testcase time="0.126999999999995" classname="survival_duration_subgroups" name="tabulate_survival_subgroups_functions_as_expected_when_one_arm_has_0_records"/>
    <testcase time="0.524999999999991" classname="survival_duration_subgroups" name="tabulate_survival_subgroups_functions_as_expected_when_one_arm_has_0_records"/>
    <testcase time="0.0810000000000031" classname="survival_duration_subgroups" name="tabulate_survival_subgroups_functions_as_expected_when_one_arm_has_0_records">
      <skipped message="Reason: On CRAN ('test-survival_duration_subgroups.R:153')"/>
    </testcase>
    <testcase time="0.138000000000005" classname="survival_duration_subgroups" name="tabulate_survival_subgroups_works_correctly_with_both_n_tot_and_n_tot_events_in_vars_"/>
    <testcase time="0.117000000000004" classname="survival_duration_subgroups" name="tabulate_survival_subgroups_works_correctly_with_both_n_tot_and_n_tot_events_in_vars_"/>
    <testcase time="0.00499999999999545" classname="survival_duration_subgroups" name="tabulate_survival_subgroups_works_correctly_with_both_n_tot_and_n_tot_events_in_vars_">
      <skipped message="Reason: On CRAN ('test-survival_duration_subgroups.R:175')"/>
    </testcase>
    <testcase time="0.0109999999999957" classname="survival_duration_subgroups" name="d_survival_subgroups_colvars_functions_as_expected_with_valid_input"/>
    <testcase time="0.00500000000000966" classname="survival_duration_subgroups" name="d_survival_subgroups_colvars_functions_as_expected_with_valid_input">
      <skipped message="Reason: On CRAN ('test-survival_duration_subgroups.R:208')"/>
    </testcase>
  </testsuite>
  <testsuite name="survival_time" timestamp="2023-02-08T20:09:27Z" hostname="dde705f2eefc" tests="8" skipped="4" failures="0" errors="0" time="0.318">
    <testcase time="0.0339999999999918" classname="survival_time" name="s_surv_time_works_with_default_arguments"/>
    <testcase time="0.00400000000000489" classname="survival_time" name="s_surv_time_works_with_default_arguments">
      <skipped message="Reason: On CRAN ('test-survival_time.R:16')"/>
    </testcase>
    <testcase time="0.0279999999999916" classname="survival_time" name="s_surv_time_works_with_customized_arguments"/>
    <testcase time="0.00500000000000966" classname="survival_time" name="s_surv_time_works_with_customized_arguments">
      <skipped message="Reason: On CRAN ('test-survival_time.R:37')"/>
    </testcase>
    <testcase time="0.106999999999999" classname="survival_time" name="surv_time_works_with_default_arguments"/>
    <testcase time="0.0309999999999917" classname="survival_time" name="surv_time_works_with_default_arguments">
      <skipped message="Reason: On CRAN ('test-survival_time.R:60')"/>
    </testcase>
    <testcase time="0.0769999999999982" classname="survival_time" name="surv_time_works_with_customized_arguments"/>
    <testcase time="0.0320000000000107" classname="survival_time" name="surv_time_works_with_customized_arguments">
      <skipped message="Reason: On CRAN ('test-survival_time.R:82')"/>
    </testcase>
  </testsuite>
  <testsuite name="survival_timepoint" timestamp="2023-02-08T20:09:27Z" hostname="dde705f2eefc" tests="20" skipped="9" failures="0" errors="0" time="0.773">
    <testcase time="0.0439999999999969" classname="survival_timepoint" name="s_surv_timepoint_works_with_default_arguments"/>
    <testcase time="0.00600000000000023" classname="survival_timepoint" name="s_surv_timepoint_works_with_default_arguments">
      <skipped message="Reason: On CRAN ('test-survival_timepoint.R:17')"/>
    </testcase>
    <testcase time="0.027000000000001" classname="survival_timepoint" name="s_surv_timepoint_works_with_customized_arguments"/>
    <testcase time="0.00499999999999545" classname="survival_timepoint" name="s_surv_timepoint_works_with_customized_arguments">
      <skipped message="Reason: On CRAN ('test-survival_timepoint.R:39')"/>
    </testcase>
    <testcase time="0.0300000000000011" classname="survival_timepoint" name="s_surv_timepoint_also_works_when_there_are_0_patients_at_risk"/>
    <testcase time="0.00100000000000477" classname="survival_timepoint" name="s_surv_timepoint_also_works_when_there_are_0_patients_at_risk"/>
    <testcase time="0.00499999999999545" classname="survival_timepoint" name="s_surv_timepoint_also_works_when_there_are_0_patients_at_risk">
      <skipped message="Reason: On CRAN ('test-survival_timepoint.R:61')"/>
    </testcase>
    <testcase time="0.0859999999999985" classname="survival_timepoint" name="surv_timepoint_works_with_default_arguments"/>
    <testcase time="0.034000000000006" classname="survival_timepoint" name="surv_timepoint_works_with_default_arguments">
      <skipped message="Reason: On CRAN ('test-survival_timepoint.R:86')"/>
    </testcase>
    <testcase time="0.0720000000000027" classname="survival_timepoint" name="surv_timepoint_works_with_customized_arguments"/>
    <testcase time="0.0249999999999915" classname="survival_timepoint" name="surv_timepoint_works_with_customized_arguments">
      <skipped message="Reason: On CRAN ('test-survival_timepoint.R:112')"/>
    </testcase>
    <testcase time="0.0379999999999967" classname="survival_timepoint" name="s_surv_timepoint_diff_works_with_default_arguments_for_comparison_group"/>
    <testcase time="0.00500000000000966" classname="survival_timepoint" name="s_surv_timepoint_diff_works_with_default_arguments_for_comparison_group">
      <skipped message="Reason: On CRAN ('test-survival_timepoint.R:137')"/>
    </testcase>
    <testcase time="0.0369999999999919" classname="survival_timepoint" name="s_surv_timepoint_diff_works_with_customized_arguments_for_comparison_arm"/>
    <testcase time="0.00600000000000023" classname="survival_timepoint" name="s_surv_timepoint_diff_works_with_customized_arguments_for_comparison_arm">
      <skipped message="Reason: On CRAN ('test-survival_timepoint.R:162')"/>
    </testcase>
    <testcase time="0.103000000000009" classname="survival_timepoint" name="surv_timepoint_for_survival_diff_works_with_default_arguments"/>
    <testcase time="0.0249999999999915" classname="survival_timepoint" name="surv_timepoint_for_survival_diff_works_with_default_arguments">
      <skipped message="Reason: On CRAN ('test-survival_timepoint.R:188')"/>
    </testcase>
    <testcase time="0.0859999999999985" classname="survival_timepoint" name="surv_timepoint_for_survival_diff_works_with_customized_arguments"/>
    <testcase time="0.027000000000001" classname="survival_timepoint" name="surv_timepoint_for_survival_diff_works_with_customized_arguments">
      <skipped message="Reason: On CRAN ('test-survival_timepoint.R:215')"/>
    </testcase>
    <testcase time="0.111000000000004" classname="survival_timepoint" name="surv_timepoint_no_warning_when_multipled_layers_generated"/>
  </testsuite>
  <testsuite name="test_proportion_diff" timestamp="2023-02-08T20:09:28Z" hostname="dde705f2eefc" tests="23" skipped="11" failures="0" errors="0" time="0.476">
    <testcase time="0.0120000000000005" classname="test_proportion_diff" name="prop_chisq_returns_right_result"/>
    <testcase time="0.00499999999999545" classname="test_proportion_diff" name="prop_chisq_returns_right_result">
      <skipped message="Reason: On CRAN ('test-test_proportion_diff.R:12')"/>
    </testcase>
    <testcase time="0.0120000000000005" classname="test_proportion_diff" name="prop_cmh_returns_right_result"/>
    <testcase time="0.00400000000000489" classname="test_proportion_diff" name="prop_cmh_returns_right_result">
      <skipped message="Reason: On CRAN ('test-test_proportion_diff.R:24')"/>
    </testcase>
    <testcase time="0.0159999999999911" classname="test_proportion_diff" name="prop_cmh_also_works_when_there_are_strata_with_just_one_observation"/>
    <testcase time="0.007000000000005" classname="test_proportion_diff" name="prop_cmh_also_works_when_there_are_strata_with_just_one_observation"/>
    <testcase time="0.00600000000000023" classname="test_proportion_diff" name="prop_cmh_also_works_when_there_are_strata_with_just_one_observation">
      <skipped message="Reason: On CRAN ('test-test_proportion_diff.R:49')"/>
    </testcase>
    <testcase time="0.0160000000000053" classname="test_proportion_diff" name="prop_fisher_returns_right_result"/>
    <testcase time="0.00499999999999545" classname="test_proportion_diff" name="prop_fisher_returns_right_result">
      <skipped message="Reason: On CRAN ('test-test_proportion_diff.R:63')"/>
    </testcase>
    <testcase time="0.061000000000007" classname="test_proportion_diff" name="prop_schouten_returns_right_result"/>
    <testcase time="0.00499999999999545" classname="test_proportion_diff" name="prop_schouten_returns_right_result">
      <skipped message="Reason: On CRAN ('test-test_proportion_diff.R:89')"/>
    </testcase>
    <testcase time="0.0130000000000052" classname="test_proportion_diff" name="s_test_proportion_diff_and_d_test_proportion_diff_return_right_result"/>
    <testcase time="0.00499999999999545" classname="test_proportion_diff" name="s_test_proportion_diff_and_d_test_proportion_diff_return_right_result">
      <skipped message="Reason: On CRAN ('test-test_proportion_diff.R:113')"/>
    </testcase>
    <testcase time="0.0559999999999974" classname="test_proportion_diff" name="test_proportion_diff_returns_right_result"/>
    <testcase time="0.0150000000000006" classname="test_proportion_diff" name="test_proportion_diff_returns_right_result">
      <skipped message="Reason: On CRAN ('test-test_proportion_diff.R:133')"/>
    </testcase>
    <testcase time="0.0490000000000066" classname="test_proportion_diff" name="test_proportion_diff_edge_case_all_responder_by_chisq"/>
    <testcase time="0.0149999999999864" classname="test_proportion_diff" name="test_proportion_diff_edge_case_all_responder_by_chisq">
      <skipped message="Reason: On CRAN ('test-test_proportion_diff.R:151')"/>
    </testcase>
    <testcase time="0.0380000000000109" classname="test_proportion_diff" name="test_proportion_diff_edge_case_all_responder_by_schouten"/>
    <testcase time="0.0159999999999911" classname="test_proportion_diff" name="test_proportion_diff_edge_case_all_responder_by_schouten">
      <skipped message="Reason: On CRAN ('test-test_proportion_diff.R:169')"/>
    </testcase>
    <testcase time="0.0380000000000109" classname="test_proportion_diff" name="test_proportion_diff_edge_case_all_responder_by_fisher"/>
    <testcase time="0.0159999999999911" classname="test_proportion_diff" name="test_proportion_diff_edge_case_all_responder_by_fisher">
      <skipped message="Reason: On CRAN ('test-test_proportion_diff.R:187')"/>
    </testcase>
    <testcase time="0.0409999999999968" classname="test_proportion_diff" name="test_proportion_diff_edge_case_all_responder_by_CMH"/>
    <testcase time="0.0250000000000057" classname="test_proportion_diff" name="test_proportion_diff_edge_case_all_responder_by_CMH">
      <skipped message="Reason: On CRAN ('test-test_proportion_diff.R:207')"/>
    </testcase>
  </testsuite>
  <testsuite name="utils" timestamp="2023-02-08T20:09:28Z" hostname="dde705f2eefc" tests="134" skipped="59" failures="0" errors="0" time="1.228">
    <testcase time="0.0220000000000056" classname="utils" name="f_conf_level_works_for_proportion"/>
    <testcase time="0.00499999999999545" classname="utils" name="f_conf_level_works_for_proportion">
      <skipped message="Reason: On CRAN ('test-utils.R:5')"/>
    </testcase>
    <testcase time="0.0139999999999958" classname="utils" name="f_conf_level_fails_for_non_proportion_input"/>
    <testcase time="0.00600000000000023" classname="utils" name="f_conf_level_fails_for_non_proportion_input"/>
    <testcase time="0.00400000000000489" classname="utils" name="f_pval_works_for_numeric_input"/>
    <testcase time="0.00499999999999545" classname="utils" name="f_pval_works_for_numeric_input">
      <skipped message="Reason: On CRAN ('test-utils.R:17')"/>
    </testcase>
    <testcase time="0.0150000000000006" classname="utils" name="f_pval_fails_for_non_numeric_input"/>
    <testcase time="0.00499999999999545" classname="utils" name="f_pval_fails_for_non_numeric_input"/>
    <testcase time="0.00500000000000966" classname="utils" name="make_names_works_as_expected"/>
    <testcase time="0.00499999999999545" classname="utils" name="make_names_works_as_expected">
      <skipped message="Reason: On CRAN ('test-utils.R:30')"/>
    </testcase>
    <testcase time="0.0100000000000051" classname="utils" name="get_covariates_works_for_a_character_vector"/>
    <testcase time="0.00499999999999545" classname="utils" name="get_covariates_works_for_a_character_vector">
      <skipped message="Reason: On CRAN ('test-utils.R:37')"/>
    </testcase>
    <testcase time="0.0150000000000006" classname="utils" name="get_covariates_fails_for_non_character_input"/>
    <testcase time="0.00499999999999545" classname="utils" name="get_covariates_fails_for_non_character_input"/>
    <testcase time="0.00500000000000966" classname="utils" name="month2day_works_correctly"/>
    <testcase time="0.00499999999999545" classname="utils" name="month2day_works_correctly">
      <skipped message="Reason: On CRAN ('test-utils.R:50')"/>
    </testcase>
    <testcase time="0.0100000000000051" classname="utils" name="day2month_works_correctly"/>
    <testcase time="0.00499999999999545" classname="utils" name="day2month_works_correctly">
      <skipped message="Reason: On CRAN ('test-utils.R:58')"/>
    </testcase>
    <testcase time="0.0109999999999957" classname="utils" name="empty_vector_if_na_works_correctly"/>
    <testcase time="0.00500000000000966" classname="utils" name="empty_vector_if_na_works_correctly">
      <skipped message="Reason: On CRAN ('test-utils.R:66')"/>
    </testcase>
    <testcase time="0.012999999999991" classname="utils" name="extract_by_name_works_for_NULL_input"/>
    <testcase time="0.00600000000000023" classname="utils" name="extract_by_name_works_for_non_NULL_input"/>
    <testcase time="0.00500000000000966" classname="utils" name="extract_by_name_returns_NULL_when_there_is_no_overlap"/>
    <testcase time="0.0229999999999961" classname="utils" name="extract_by_name_returns_NULL_when_there_is_no_overlap">
      <skipped message="Reason: On CRAN ('test-utils.R:89')"/>
    </testcase>
    <testcase time="0.0150000000000006" classname="utils" name="aesi_label_works_as_expected_for_SMQ"/>
    <testcase time="0.00600000000000023" classname="utils" name="aesi_label_works_as_expected_for_SMQ">
      <skipped message="Reason: On CRAN ('test-utils.R:98')"/>
    </testcase>
    <testcase time="0.0109999999999957" classname="utils" name="aesi_label_works_as_expected_for_CQ"/>
    <testcase time="0.00499999999999545" classname="utils" name="aesi_label_works_as_expected_for_CQ">
      <skipped message="Reason: On CRAN ('test-utils.R:106')"/>
    </testcase>
    <testcase time="0.0110000000000099" classname="utils" name="aesi_label_works_as_expected_when_input_includes_multiple_values"/>
    <testcase time="0.00499999999999545" classname="utils" name="aesi_label_works_as_expected_when_input_includes_multiple_values">
      <skipped message="Reason: On CRAN ('test-utils.R:114')"/>
    </testcase>
    <testcase time="0.0180000000000007" classname="utils" name="get_smooths_dimensions_without_grouping"/>
    <testcase time="0.00400000000000489" classname="utils" name="get_smooths_dimensions_without_grouping"/>
    <testcase time="0.0120000000000005" classname="utils" name="get_smooths_dimensions_with_grouping"/>
    <testcase time="0.00300000000000011" classname="utils" name="get_smooths_dimensions_with_grouping"/>
    <testcase time="0.0169999999999959" classname="utils" name="get_smooths_proper_splits_across_groups"/>
    <testcase time="0.0240000000000009" classname="utils" name="get_smooths_relative_intervals_level"/>
    <testcase time="0.00399999999999068" classname="utils" name="get_smooths_relative_intervals_level"/>
    <testcase time="0.00500000000000966" classname="utils" name="n_available_works_as_expected"/>
    <testcase time="0.00499999999999545" classname="utils" name="n_available_works_as_expected">
      <skipped message="Reason: On CRAN ('test-utils.R:160')"/>
    </testcase>
    <testcase time="0.0109999999999957" classname="utils" name="range_noinf_for_INT_no_zero_len_data_no_NAs_no_Inf_and_with_all_default_options"/>
    <testcase time="0.00500000000000966" classname="utils" name="range_noinf_for_INT_no_zero_len_data_no_NAs_no_Inf_and_with_all_default_options">
      <skipped message="Reason: On CRAN ('test-utils.R:175')"/>
    </testcase>
    <testcase time="0.0109999999999957" classname="utils" name="range_noinf_for_INT_no_zero_len_data_no_NAs_no_Inf_with_na.rm_TRUE_finite_FALSE_d_"/>
    <testcase time="0.00499999999999545" classname="utils" name="range_noinf_for_INT_no_zero_len_data_no_NAs_no_Inf_with_na.rm_TRUE_finite_FALSE_d_">
      <skipped message="Reason: On CRAN ('test-utils.R:184')"/>
    </testcase>
    <testcase time="0.0120000000000005" classname="utils" name="range_noinf_for_INT_no_zero_len_data_no_NAs_no_Inf_with_na.rm_FALSE_def_finite_TRUE_"/>
    <testcase time="0.00500000000000966" classname="utils" name="range_noinf_for_INT_no_zero_len_data_no_NAs_no_Inf_with_na.rm_FALSE_def_finite_TRUE_">
      <skipped message="Reason: On CRAN ('test-utils.R:195')"/>
    </testcase>
    <testcase time="0.0120000000000005" classname="utils" name="range_noinf_for_INT_no_zero_len_data_no_NAs_no_Inf_with_na.rm_TRUE_finite_TRUE_"/>
    <testcase time="0.00499999999999545" classname="utils" name="range_noinf_for_INT_no_zero_len_data_no_NAs_no_Inf_with_na.rm_TRUE_finite_TRUE_">
      <skipped message="Reason: On CRAN ('test-utils.R:205')"/>
    </testcase>
    <testcase time="0.0210000000000008" classname="utils" name="range_noinf_for_INT_no_zero_len_data_with_NAs_no_Inf_and_with_default_options"/>
    <testcase time="0.00699999999999079" classname="utils" name="range_noinf_for_INT_no_zero_len_data_with_NAs_no_Inf_and_with_default_options">
      <skipped message="Reason: On CRAN ('test-utils.R:216')"/>
    </testcase>
    <testcase time="0.0120000000000005" classname="utils" name="range_noinf_for_INT_no_zero_len_data_with_NAs_no_Inf_with_na.rm_TRUE_finite_FALSE_def_"/>
    <testcase time="0.00500000000000966" classname="utils" name="range_noinf_for_INT_no_zero_len_data_with_NAs_no_Inf_with_na.rm_TRUE_finite_FALSE_def_">
      <skipped message="Reason: On CRAN ('test-utils.R:227')"/>
    </testcase>
    <testcase time="0.0109999999999957" classname="utils" name="range_noinf_for_INT_no_zero_len_data_with_NAs_no_Inf_with_na.rm_FALSE_def_finite_TRUE_"/>
    <testcase time="0.00600000000000023" classname="utils" name="range_noinf_for_INT_no_zero_len_data_with_NAs_no_Inf_with_na.rm_FALSE_def_finite_TRUE_">
      <skipped message="Reason: On CRAN ('test-utils.R:239')"/>
    </testcase>
    <testcase time="0.0109999999999957" classname="utils" name="range_noinf_for_INT_no_zero_len_data_with_NAs_no_Inf_with_na.rm_TRUE_finite_TRUE_"/>
    <testcase time="0.00500000000000966" classname="utils" name="range_noinf_for_INT_no_zero_len_data_with_NAs_no_Inf_with_na.rm_TRUE_finite_TRUE_">
      <skipped message="Reason: On CRAN ('test-utils.R:249')"/>
    </testcase>
    <testcase time="0.0109999999999957" classname="utils" name="range_noinf_for_INT_with_zero_len_data_no_NAs_no_Inf_and_with_all_default_options"/>
    <testcase time="0.00600000000000023" classname="utils" name="range_noinf_for_INT_with_zero_len_data_no_NAs_no_Inf_and_with_all_default_options">
      <skipped message="Reason: On CRAN ('test-utils.R:260')"/>
    </testcase>
    <testcase time="0.0109999999999957" classname="utils" name="range_noinf_for_INT_with_zero_len_data_no_NAs_no_Inf_with_na.rm_TRUE_finite_FALSE_def_"/>
    <testcase time="0.00500000000000966" classname="utils" name="range_noinf_for_INT_with_zero_len_data_no_NAs_no_Inf_with_na.rm_TRUE_finite_FALSE_def_">
      <skipped message="Reason: On CRAN ('test-utils.R:271')"/>
    </testcase>
    <testcase time="0.0109999999999957" classname="utils" name="range_noinf_for_INT_with_zero_len_data_no_NAs_no_Inf_with_na.rm_FALSE_def_finite_TRUE_"/>
    <testcase time="0.00600000000000023" classname="utils" name="range_noinf_for_INT_with_zero_len_data_no_NAs_no_Inf_with_na.rm_FALSE_def_finite_TRUE_">
      <skipped message="Reason: On CRAN ('test-utils.R:283')"/>
    </testcase>
    <testcase time="0.0109999999999957" classname="utils" name="range_noinf_for_INT_with_zero_len_data_no_NAs_no_Inf_with_na.rm_TRUE_finite_TRUE_"/>
    <testcase time="0.00600000000000023" classname="utils" name="range_noinf_for_INT_with_zero_len_data_no_NAs_no_Inf_with_na.rm_TRUE_finite_TRUE_">
      <skipped message="Reason: On CRAN ('test-utils.R:293')"/>
    </testcase>
    <testcase time="0.0109999999999957" classname="utils" name="range_noinf_for_INT_with_zero_len_data_with_NAs_no_Inf_and_with_default_options"/>
    <testcase time="0.00500000000000966" classname="utils" name="range_noinf_for_INT_with_zero_len_data_with_NAs_no_Inf_and_with_default_options">
      <skipped message="Reason: On CRAN ('test-utils.R:304')"/>
    </testcase>
    <testcase time="0.0109999999999957" classname="utils" name="range_noinf_for_INT_with_zero_len_data_with_NAs_no_Inf_with_na.rm_TRUE_finite_FALSE_def_"/>
    <testcase time="0.00600000000000023" classname="utils" name="range_noinf_for_INT_with_zero_len_data_with_NAs_no_Inf_with_na.rm_TRUE_finite_FALSE_def_">
      <skipped message="Reason: On CRAN ('test-utils.R:315')"/>
    </testcase>
    <testcase time="0.0109999999999957" classname="utils" name="range_noinf_for_INT_with_zero_len_data_with_NAs_no_Inf_with_na.rm_FALSE_def_finite_TRUE_"/>
    <testcase time="0.00600000000000023" classname="utils" name="range_noinf_for_INT_with_zero_len_data_with_NAs_no_Inf_with_na.rm_FALSE_def_finite_TRUE_">
      <skipped message="Reason: On CRAN ('test-utils.R:327')"/>
    </testcase>
    <testcase time="0.0110000000000099" classname="utils" name="range_noinf_for_INT_with_zero_len_data_with_NAs_no_Inf_with_na.rm_TRUE_finite_TRUE_"/>
    <testcase time="0.0120000000000005" classname="utils" name="range_noinf_for_INT_with_zero_len_data_with_NAs_no_Inf_with_na.rm_TRUE_finite_TRUE_">
      <skipped message="Reason: On CRAN ('test-utils.R:337')"/>
    </testcase>
    <testcase time="0.0150000000000006" classname="utils" name="range_noinf_for_DOUBLE_no_zero_len_data_no_NAs_no_Inf_and_with_all_default_options"/>
    <testcase time="0.00600000000000023" classname="utils" name="range_noinf_for_DOUBLE_no_zero_len_data_no_NAs_no_Inf_and_with_all_default_options">
      <skipped message="Reason: On CRAN ('test-utils.R:348')"/>
    </testcase>
    <testcase time="0.0120000000000005" classname="utils" name="range_noinf_for_DOUBLE_no_zero_len_data_no_NAs_no_Inf_with_na.rm_TRUE_finite_FALSE_def_"/>
    <testcase time="0.00600000000000023" classname="utils" name="range_noinf_for_DOUBLE_no_zero_len_data_no_NAs_no_Inf_with_na.rm_TRUE_finite_FALSE_def_">
      <skipped message="Reason: On CRAN ('test-utils.R:359')"/>
    </testcase>
    <testcase time="0.0109999999999957" classname="utils" name="range_noinf_for_DOUBLE_no_zero_len_data_no_NAs_no_Inf_with_na.rm_FALSE_def_finite_TRUE_"/>
    <testcase time="0.00600000000000023" classname="utils" name="range_noinf_for_DOUBLE_no_zero_len_data_no_NAs_no_Inf_with_na.rm_FALSE_def_finite_TRUE_">
      <skipped message="Reason: On CRAN ('test-utils.R:371')"/>
    </testcase>
    <testcase time="0.0109999999999957" classname="utils" name="range_noinf_for_DOUBLE_no_zero_len_data_no_NAs_no_Inf_with_na.rm_TRUE_finite_TRUE_"/>
    <testcase time="0.00600000000000023" classname="utils" name="range_noinf_for_DOUBLE_no_zero_len_data_no_NAs_no_Inf_with_na.rm_TRUE_finite_TRUE_">
      <skipped message="Reason: On CRAN ('test-utils.R:381')"/>
    </testcase>
    <testcase time="0.0109999999999957" classname="utils" name="range_noinf_for_DOUBLE_no_zero_len_data_no_NAs_with_Inf_and_with_all_default_options"/>
    <testcase time="0.00600000000000023" classname="utils" name="range_noinf_for_DOUBLE_no_zero_len_data_no_NAs_with_Inf_and_with_all_default_options">
      <skipped message="Reason: On CRAN ('test-utils.R:392')"/>
    </testcase>
    <testcase time="0.0110000000000099" classname="utils" name="range_noinf_for_DOUBLE_no_zero_len_data_no_NAs_with_Inf_with_na.rm_TRUE_finite_FALSE_def_"/>
    <testcase time="0.00600000000000023" classname="utils" name="range_noinf_for_DOUBLE_no_zero_len_data_no_NAs_with_Inf_with_na.rm_TRUE_finite_FALSE_def_">
      <skipped message="Reason: On CRAN ('test-utils.R:403')"/>
    </testcase>
    <testcase time="0.0109999999999957" classname="utils" name="range_noinf_for_DOUBLE_no_zero_len_data_no_NAs_with_Inf_with_na.rm_FALSE_def_finite_TRUE_"/>
    <testcase time="0.00600000000000023" classname="utils" name="range_noinf_for_DOUBLE_no_zero_len_data_no_NAs_with_Inf_with_na.rm_FALSE_def_finite_TRUE_">
      <skipped message="Reason: On CRAN ('test-utils.R:415')"/>
    </testcase>
    <testcase time="0.0120000000000005" classname="utils" name="range_noinf_for_DOUBLE_no_zero_len_data_no_NAs_with_Inf_with_na.rm_TRUE_finite_TRUE_"/>
    <testcase time="0.00600000000000023" classname="utils" name="range_noinf_for_DOUBLE_no_zero_len_data_no_NAs_with_Inf_with_na.rm_TRUE_finite_TRUE_">
      <skipped message="Reason: On CRAN ('test-utils.R:427')"/>
    </testcase>
    <testcase time="0.0109999999999957" classname="utils" name="range_noinf_for_DOUBLE_no_zero_len_data_with_NAs_no_Inf_and_with_default_options"/>
    <testcase time="0.00600000000000023" classname="utils" name="range_noinf_for_DOUBLE_no_zero_len_data_with_NAs_no_Inf_and_with_default_options">
      <skipped message="Reason: On CRAN ('test-utils.R:439')"/>
    </testcase>
    <testcase time="0.0120000000000005" classname="utils" name="range_noinf_for_DOUBLE_no_zero_len_data_with_NAs_no_Inf_with_na.rm_TRUE_finite_FALSE_def_"/>
    <testcase time="0.00600000000000023" classname="utils" name="range_noinf_for_DOUBLE_no_zero_len_data_with_NAs_no_Inf_with_na.rm_TRUE_finite_FALSE_def_">
      <skipped message="Reason: On CRAN ('test-utils.R:450')"/>
    </testcase>
    <testcase time="0.0120000000000005" classname="utils" name="range_noinf_for_DOUBLE_no_zero_len_data_with_NAs_no_Inf_with_na.rm_FALSE_def_finite_TRUE_"/>
    <testcase time="0.00600000000000023" classname="utils" name="range_noinf_for_DOUBLE_no_zero_len_data_with_NAs_no_Inf_with_na.rm_FALSE_def_finite_TRUE_">
      <skipped message="Reason: On CRAN ('test-utils.R:462')"/>
    </testcase>
    <testcase time="0.0220000000000056" classname="utils" name="range_noinf_for_DOUBLE_no_zero_len_data_with_NAs_no_Inf_with_na.rm_TRUE_finite_TRUE_"/>
    <testcase time="0.00799999999999557" classname="utils" name="range_noinf_for_DOUBLE_no_zero_len_data_with_NAs_no_Inf_with_na.rm_TRUE_finite_TRUE_">
      <skipped message="Reason: On CRAN ('test-utils.R:474')"/>
    </testcase>
    <testcase time="0.0150000000000006" classname="utils" name="range_noinf_for_DOUBLE_no_zero_len_data_with_NAs_with_Inf_and_with_default_options"/>
    <testcase time="0.00499999999999545" classname="utils" name="range_noinf_for_DOUBLE_no_zero_len_data_with_NAs_with_Inf_with_na.rm_TRUE_finite_FALSE_def_"/>
    <testcase time="0.00600000000000023" classname="utils" name="range_noinf_for_DOUBLE_no_zero_len_data_with_NAs_with_Inf_with_na.rm_TRUE_finite_FALSE_def_">
      <skipped message="Reason: On CRAN ('test-utils.R:497')"/>
    </testcase>
    <testcase time="0.0120000000000005" classname="utils" name="range_noinf_for_DOUBLE_no_zero_len_data_with_NAs_with_Inf_with_na.rm_FALSE_def_finite_TRUE_"/>
    <testcase time="0.00600000000000023" classname="utils" name="range_noinf_for_DOUBLE_no_zero_len_data_with_NAs_with_Inf_with_na.rm_FALSE_def_finite_TRUE_">
      <skipped message="Reason: On CRAN ('test-utils.R:509')"/>
    </testcase>
    <testcase time="0.0120000000000005" classname="utils" name="range_noinf_for_DOUBLE_no_zero_len_data_with_NAs_with_Inf_with_na.rm_TRUE_finite_TRUE_"/>
    <testcase time="0.00600000000000023" classname="utils" name="range_noinf_for_DOUBLE_no_zero_len_data_with_NAs_with_Inf_with_na.rm_TRUE_finite_TRUE_">
      <skipped message="Reason: On CRAN ('test-utils.R:521')"/>
    </testcase>
    <testcase time="0.0120000000000005" classname="utils" name="range_noinf_for_DOUBLE_with_zero_len_data_no_NAs_no_Inf_and_with_all_default_options"/>
    <testcase time="0.00600000000000023" classname="utils" name="range_noinf_for_DOUBLE_with_zero_len_data_no_NAs_no_Inf_and_with_all_default_options">
      <skipped message="Reason: On CRAN ('test-utils.R:533')"/>
    </testcase>
    <testcase time="0.0120000000000005" classname="utils" name="range_noinf_for_DOUBLE_with_zero_len_data_no_NAs_no_Inf_with_na.rm_TRUE_finite_FALSE_def_"/>
    <testcase time="0.00600000000000023" classname="utils" name="range_noinf_for_DOUBLE_with_zero_len_data_no_NAs_no_Inf_with_na.rm_TRUE_finite_FALSE_def_">
      <skipped message="Reason: On CRAN ('test-utils.R:544')"/>
    </testcase>
    <testcase time="0.0120000000000005" classname="utils" name="range_noinf_for_DOUBLE_with_zero_len_data_no_NAs_no_Inf_with_na.rm_FALSE_def_finite_TRUE_"/>
    <testcase time="0.00600000000000023" classname="utils" name="range_noinf_for_DOUBLE_with_zero_len_data_no_NAs_no_Inf_with_na.rm_FALSE_def_finite_TRUE_">
      <skipped message="Reason: On CRAN ('test-utils.R:556')"/>
    </testcase>
    <testcase time="0.0120000000000005" classname="utils" name="range_noinf_for_DOUBLE_with_zero_len_data_no_NAs_no_Inf_with_na.rm_TRUE_finite_TRUE_"/>
    <testcase time="0.00600000000000023" classname="utils" name="range_noinf_for_DOUBLE_with_zero_len_data_no_NAs_no_Inf_with_na.rm_TRUE_finite_TRUE_">
      <skipped message="Reason: On CRAN ('test-utils.R:566')"/>
    </testcase>
    <testcase time="0.0120000000000005" classname="utils" name="range_noinf_for_DOUBLE_with_zero_len_data_no_NAs_with_Inf_and_with_all_default_options"/>
    <testcase time="0.00600000000000023" classname="utils" name="range_noinf_for_DOUBLE_with_zero_len_data_no_NAs_with_Inf_and_with_all_default_options">
      <skipped message="Reason: On CRAN ('test-utils.R:577')"/>
    </testcase>
    <testcase time="0.0120000000000005" classname="utils" name="range_noinf_for_DOUBLE_with_zero_len_data_no_NAs_with_Inf_with_na.rm_TRUE_finite_FALSE_def_"/>
    <testcase time="0.007000000000005" classname="utils" name="range_noinf_for_DOUBLE_with_zero_len_data_no_NAs_with_Inf_with_na.rm_TRUE_finite_FALSE_def_">
      <skipped message="Reason: On CRAN ('test-utils.R:587')"/>
    </testcase>
    <testcase time="0.019999999999996" classname="utils" name="range_noinf_for_DOUBLE_with_zero_len_data_no_NAs_with_Inf_with_na.rm_FALSE_def_finite_TRUE_"/>
    <testcase time="0.00799999999999557" classname="utils" name="range_noinf_for_DOUBLE_with_zero_len_data_no_NAs_with_Inf_with_na.rm_FALSE_def_finite_TRUE_">
      <skipped message="Reason: On CRAN ('test-utils.R:597')"/>
    </testcase>
    <testcase time="0.0139999999999958" classname="utils" name="range_noinf_for_DOUBLE_with_zero_len_data_no_NAs_with_Inf_with_na.rm_TRUE_finite_TRUE_"/>
    <testcase time="0.00600000000000023" classname="utils" name="range_noinf_for_DOUBLE_with_zero_len_data_no_NAs_with_Inf_with_na.rm_TRUE_finite_TRUE_">
      <skipped message="Reason: On CRAN ('test-utils.R:607')"/>
    </testcase>
    <testcase time="0.0120000000000005" classname="utils" name="range_noinf_for_DOUBLE_with_zero_len_data_with_NAs_no_Inf_and_with_default_options"/>
    <testcase time="0.00600000000000023" classname="utils" name="range_noinf_for_DOUBLE_with_zero_len_data_with_NAs_no_Inf_and_with_default_options">
      <skipped message="Reason: On CRAN ('test-utils.R:618')"/>
    </testcase>
    <testcase time="0.0120000000000005" classname="utils" name="range_noinf_for_DOUBLE_with_zero_len_data_with_NAs_no_Inf_with_na.rm_TRUE_finite_FALSE_def_"/>
    <testcase time="0.00600000000000023" classname="utils" name="range_noinf_for_DOUBLE_with_zero_len_data_with_NAs_no_Inf_with_na.rm_TRUE_finite_FALSE_def_">
      <skipped message="Reason: On CRAN ('test-utils.R:629')"/>
    </testcase>
    <testcase time="0.0120000000000005" classname="utils" name="range_noinf_for_DOUBLE_with_zero_len_data_with_NAs_no_Inf_with_na.rm_FALSE_def_finite_TRUE_"/>
    <testcase time="0.00600000000000023" classname="utils" name="range_noinf_for_DOUBLE_with_zero_len_data_with_NAs_no_Inf_with_na.rm_FALSE_def_finite_TRUE_">
      <skipped message="Reason: On CRAN ('test-utils.R:641')"/>
    </testcase>
    <testcase time="0.0120000000000005" classname="utils" name="range_noinf_for_DOUBLE_with_zero_len_data_with_NAs_no_Inf_with_na.rm_TRUE_finite_TRUE_"/>
    <testcase time="0.00600000000000023" classname="utils" name="range_noinf_for_DOUBLE_with_zero_len_data_with_NAs_no_Inf_with_na.rm_TRUE_finite_TRUE_">
      <skipped message="Reason: On CRAN ('test-utils.R:653')"/>
    </testcase>
    <testcase time="0.0120000000000005" classname="utils" name="range_noinf_for_DOUBLE_with_zero_len_data_with_NAs_with_Inf_and_with_default_options"/>
    <testcase time="0.00600000000000023" classname="utils" name="range_noinf_for_DOUBLE_with_zero_len_data_with_NAs_with_Inf_and_with_default_options">
      <skipped message="Reason: On CRAN ('test-utils.R:665')"/>
    </testcase>
    <testcase time="0.0120000000000005" classname="utils" name="range_noinf_for_DOUBLE_with_zero_len_data_with_NAs_with_Inf_with_na.rm_TRUE_finite_FALSE_def_"/>
    <testcase time="0.007000000000005" classname="utils" name="range_noinf_for_DOUBLE_with_zero_len_data_with_NAs_with_Inf_with_na.rm_TRUE_finite_FALSE_def_">
      <skipped message="Reason: On CRAN ('test-utils.R:676')"/>
    </testcase>
    <testcase time="0.0120000000000005" classname="utils" name="range_noinf_for_DOUBLE_with_zero_len_data_with_NAs_with_Inf_with_na.rm_FALSE_def_finite_TRUE_"/>
    <testcase time="0.00600000000000023" classname="utils" name="range_noinf_for_DOUBLE_with_zero_len_data_with_NAs_with_Inf_with_na.rm_FALSE_def_finite_TRUE_">
      <skipped message="Reason: On CRAN ('test-utils.R:688')"/>
    </testcase>
    <testcase time="0.0120000000000005" classname="utils" name="range_noinf_for_DOUBLE_with_zero_len_data_with_NAs_with_Inf_with_na.rm_TRUE_finite_TRUE_"/>
    <testcase time="0.00699999999999079" classname="utils" name="range_noinf_for_DOUBLE_with_zero_len_data_with_NAs_with_Inf_with_na.rm_TRUE_finite_TRUE_">
      <skipped message="Reason: On CRAN ('test-utils.R:700')"/>
    </testcase>
  </testsuite>
  <testsuite name="utils_checkmate" timestamp="2023-02-08T20:09:30Z" hostname="dde705f2eefc" tests="42" skipped="0" failures="0" errors="0" time="0.241">
    <testcase time="0.027000000000001" classname="utils_checkmate" name="assert_list_of_variables_is_silent_with_healthy_input"/>
    <testcase time="0.00200000000000955" classname="utils_checkmate" name="assert_list_of_variables_is_silent_with_healthy_input"/>
    <testcase time="0.00199999999999534" classname="utils_checkmate" name="assert_list_of_variables_is_silent_with_healthy_input"/>
    <testcase time="0.00900000000000034" classname="utils_checkmate" name="assert_list_of_variables_fails_with_wrong_input"/>
    <testcase time="0.00499999999999545" classname="utils_checkmate" name="assert_list_of_variables_fails_with_wrong_input"/>
    <testcase time="0.00499999999999545" classname="utils_checkmate" name="assert_list_of_variables_fails_with_wrong_input"/>
    <testcase time="0.00500000000000966" classname="utils_checkmate" name="assert_list_of_variables_fails_with_wrong_input"/>
    <testcase time="0.00499999999999545" classname="utils_checkmate" name="assert_df_with_variables_is_silent_with_healthy_input"/>
    <testcase time="0.00199999999999534" classname="utils_checkmate" name="assert_df_with_variables_is_silent_with_healthy_input"/>
    <testcase time="0.00300000000000011" classname="utils_checkmate" name="assert_df_with_variables_is_silent_with_healthy_input"/>
    <testcase time="0.00800000000000978" classname="utils_checkmate" name="assert_df_with_variables_fails_with_wrong_input"/>
    <testcase time="0.00499999999999545" classname="utils_checkmate" name="assert_df_with_variables_fails_with_wrong_input"/>
    <testcase time="0.00600000000000023" classname="utils_checkmate" name="assert_df_with_variables_fails_with_wrong_input"/>
    <testcase time="0.00499999999999545" classname="utils_checkmate" name="assert_df_with_variables_fails_with_wrong_input"/>
    <testcase time="0.00600000000000023" classname="utils_checkmate" name="assert_df_with_variables_fails_with_wrong_input"/>
    <testcase time="0.00400000000000489" classname="utils_checkmate" name="assert_valid_factor_is_silent_with_healthy_input"/>
    <testcase time="0.00199999999999534" classname="utils_checkmate" name="assert_valid_factor_is_silent_with_healthy_input"/>
    <testcase time="0.00799999999999557" classname="utils_checkmate" name="assert_valid_factor_fails_with_wrong_input"/>
    <testcase time="0.00500000000000966" classname="utils_checkmate" name="assert_valid_factor_fails_with_wrong_input"/>
    <testcase time="0.00600000000000023" classname="utils_checkmate" name="assert_valid_factor_fails_with_wrong_input"/>
    <testcase time="0.00499999999999545" classname="utils_checkmate" name="assert_valid_factor_fails_with_wrong_input"/>
    <testcase time="0.00499999999999545" classname="utils_checkmate" name="assert_df_with_factors_is_silent_with_healthy_input"/>
    <testcase time="0.00300000000000011" classname="utils_checkmate" name="assert_df_with_factors_is_silent_with_healthy_input"/>
    <testcase time="0.00200000000000955" classname="utils_checkmate" name="assert_df_with_factors_is_silent_with_healthy_input"/>
    <testcase time="0.00300000000000011" classname="utils_checkmate" name="assert_df_with_factors_is_silent_with_healthy_input"/>
    <testcase time="0.00799999999999557" classname="utils_checkmate" name="assert_df_with_factors_fails_with_wrong_input"/>
    <testcase time="0.00600000000000023" classname="utils_checkmate" name="assert_df_with_factors_fails_with_wrong_input"/>
    <testcase time="0.00600000000000023" classname="utils_checkmate" name="assert_df_with_factors_fails_with_wrong_input"/>
    <testcase time="0.00600000000000023" classname="utils_checkmate" name="assert_df_with_factors_fails_with_wrong_input"/>
    <testcase time="0.00600000000000023" classname="utils_checkmate" name="assert_df_with_factors_fails_with_wrong_input"/>
    <testcase time="0.00600000000000023" classname="utils_checkmate" name="assert_df_with_factors_fails_with_wrong_input"/>
    <testcase time="0.00600000000000023" classname="utils_checkmate" name="assert_df_with_factors_fails_with_wrong_input"/>
    <testcase time="0.00499999999999545" classname="utils_checkmate" name="assert_df_with_factors_fails_with_wrong_input"/>
    <testcase time="0.00500000000000966" classname="utils_checkmate" name="assert_proportion_value_is_silent_with_healthy_input"/>
    <testcase time="0.00199999999999534" classname="utils_checkmate" name="assert_proportion_value_is_silent_with_healthy_input"/>
    <testcase time="0.00300000000000011" classname="utils_checkmate" name="assert_proportion_value_is_silent_with_healthy_input"/>
    <testcase time="0.00199999999999534" classname="utils_checkmate" name="assert_proportion_value_is_silent_with_healthy_input"/>
    <testcase time="0.0150000000000006" classname="utils_checkmate" name="assert_proportion_value_fails_with_wrong_input"/>
    <testcase time="0.00799999999999557" classname="utils_checkmate" name="assert_proportion_value_fails_with_wrong_input"/>
    <testcase time="0.007000000000005" classname="utils_checkmate" name="assert_proportion_value_fails_with_wrong_input"/>
    <testcase time="0.00600000000000023" classname="utils_checkmate" name="assert_proportion_value_fails_with_wrong_input"/>
    <testcase time="0.00600000000000023" classname="utils_checkmate" name="assert_proportion_value_fails_with_wrong_input"/>
  </testsuite>
  <testsuite name="utils_factor" timestamp="2023-02-08T20:09:30Z" hostname="dde705f2eefc" tests="39" skipped="13" failures="0" errors="0" time="0.296">
    <testcase time="0.0160000000000053" classname="utils_factor" name="combine_vectors_works_correctly"/>
    <testcase time="0.00799999999999557" classname="utils_factor" name="as_factor_keep_attributes_works_correctly_for_a_character_vector"/>
    <testcase time="0.00100000000000477" classname="utils_factor" name="as_factor_keep_attributes_works_correctly_for_a_character_vector"/>
    <testcase time="0.00499999999999545" classname="utils_factor" name="as_factor_keep_attributes_works_correctly_for_a_character_vector">
      <skipped message="Reason: On CRAN ('test-utils_factor.R:25')"/>
    </testcase>
    <testcase time="0.0150000000000006" classname="utils_factor" name="as_factor_keep_attributes_converts_empty_strings_for_a_character_vector"/>
    <testcase time="0.00199999999999534" classname="utils_factor" name="as_factor_keep_attributes_converts_empty_strings_for_a_character_vector"/>
    <testcase time="0.00500000000000966" classname="utils_factor" name="as_factor_keep_attributes_converts_empty_strings_for_a_character_vector">
      <skipped message="Reason: On CRAN ('test-utils_factor.R:36')"/>
    </testcase>
    <testcase time="0.0139999999999958" classname="utils_factor" name="as_factor_keep_attributes_shows_correct_name_of_vector_in_warning"/>
    <testcase time="0.00400000000000489" classname="utils_factor" name="as_factor_keep_attributes_does_not_modify_a_factor_at_all"/>
    <testcase time="0.00199999999999534" classname="utils_factor" name="as_factor_keep_attributes_does_not_modify_a_factor_at_all"/>
    <testcase time="0.00499999999999545" classname="utils_factor" name="as_factor_keep_attributes_does_not_modify_a_factor_at_all">
      <skipped message="Reason: On CRAN ('test-utils_factor.R:51')"/>
    </testcase>
    <testcase time="0.0110000000000099" classname="utils_factor" name="bins_percent_labels_works_as_expected"/>
    <testcase time="0.00499999999999545" classname="utils_factor" name="bins_percent_labels_works_as_expected">
      <skipped message="Reason: On CRAN ('test-utils_factor.R:58')"/>
    </testcase>
    <testcase time="0.0109999999999957" classname="utils_factor" name="cut_quantile_bins_works_as_expected_with_default_settings"/>
    <testcase time="0.00199999999999534" classname="utils_factor" name="cut_quantile_bins_works_as_expected_with_default_settings"/>
    <testcase time="0.00400000000000489" classname="utils_factor" name="cut_quantile_bins_works_as_expected_with_default_settings">
      <skipped message="Reason: On CRAN ('test-utils_factor.R:74')"/>
    </testcase>
    <testcase time="0.0120000000000005" classname="utils_factor" name="cut_quantile_bins_works_with_custom_quantiles"/>
    <testcase time="0.00400000000000489" classname="utils_factor" name="cut_quantile_bins_works_with_custom_quantiles">
      <skipped message="Reason: On CRAN ('test-utils_factor.R:86')"/>
    </testcase>
    <testcase time="0.0109999999999957" classname="utils_factor" name="cut_quantile_bins_works_with_custom_labels"/>
    <testcase time="0.00499999999999545" classname="utils_factor" name="cut_quantile_bins_works_with_custom_labels">
      <skipped message="Reason: On CRAN ('test-utils_factor.R:97')"/>
    </testcase>
    <testcase time="0.01400000000001" classname="utils_factor" name="cut_quantile_bins_preserves_NAs_in_result"/>
    <testcase time="0.00399999999999068" classname="utils_factor" name="cut_quantile_bins_also_works_when_there_are_only_NAs"/>
    <testcase time="0.00200000000000955" classname="utils_factor" name="cut_quantile_bins_also_works_when_there_are_only_NAs"/>
    <testcase time="0.00499999999999545" classname="utils_factor" name="cut_quantile_bins_also_works_when_there_are_only_NAs">
      <skipped message="Reason: On CRAN ('test-utils_factor.R:115')"/>
    </testcase>
    <testcase time="0.0229999999999961" classname="utils_factor" name="cut_quantile_bins_gives_error_message_if_there_are_duplicate_quantiles"/>
    <testcase time="0.007000000000005" classname="utils_factor" name="cut_quantile_bins_does_work_also_if_an_empty_probs_vector_is_used"/>
    <testcase time="0.00300000000000011" classname="utils_factor" name="cut_quantile_bins_does_work_also_if_an_empty_probs_vector_is_used"/>
    <testcase time="0.00499999999999545" classname="utils_factor" name="cut_quantile_bins_does_work_also_if_an_empty_probs_vector_is_used"/>
    <testcase time="0.00400000000000489" classname="utils_factor" name="fct_discard_works_as_expected"/>
    <testcase time="0.00600000000000023" classname="utils_factor" name="fct_discard_works_as_expected">
      <skipped message="Reason: On CRAN ('test-utils_factor.R:138')"/>
    </testcase>
    <testcase time="0.0109999999999957" classname="utils_factor" name="fct_explicit_na_if_works_as_expected_with_factor_input"/>
    <testcase time="0.00600000000000023" classname="utils_factor" name="fct_explicit_na_if_works_as_expected_with_factor_input">
      <skipped message="Reason: On CRAN ('test-utils_factor.R:149')"/>
    </testcase>
    <testcase time="0.0109999999999957" classname="utils_factor" name="fct_collapse_only_works_as_expected"/>
    <testcase time="0.00500000000000966" classname="utils_factor" name="fct_collapse_only_works_as_expected">
      <skipped message="Reason: On CRAN ('test-utils_factor.R:159')"/>
    </testcase>
    <testcase time="0.0120000000000005" classname="utils_factor" name="fct_collapse_only_uses_the_customized_na_level_as_expected"/>
    <testcase time="0.00499999999999545" classname="utils_factor" name="fct_collapse_only_uses_the_customized_na_level_as_expected">
      <skipped message="Reason: On CRAN ('test-utils_factor.R:167')"/>
    </testcase>
    <testcase time="0.0109999999999957" classname="utils_factor" name="fct_collapse_only_works_as_expected_with_character_input"/>
    <testcase time="0.00600000000000023" classname="utils_factor" name="fct_collapse_only_works_as_expected_with_character_input">
      <skipped message="Reason: On CRAN ('test-utils_factor.R:175')"/>
    </testcase>
    <testcase time="0.01400000000001" classname="utils_factor" name="fct_collapse_only_gives_comprehensible_error_when_.na_level_is_contained_in_new_levels"/>
  </testsuite>
  <testsuite name="utils_grid" timestamp="2023-02-08T20:09:30Z" hostname="dde705f2eefc" tests="8" skipped="0" failures="0" errors="0" time="0.076">
    <testcase time="0.0139999999999958" classname="utils_grid" name="stack_grobs_works_with_default_settings"/>
    <testcase time="0.00499999999999545" classname="utils_grid" name="stack_grobs_works_with_a_single_grob"/>
    <testcase time="0.0130000000000052" classname="utils_grid" name="arrange_grobs_works_with_default_settings"/>
    <testcase time="0.0120000000000005" classname="utils_grid" name="arrange_grobs_works_with_multiple_dimensions"/>
    <testcase time="0.0120000000000005" classname="utils_grid" name="arrange_grobs_works_with_a_single_column"/>
    <testcase time="0.00900000000000034" classname="utils_grid" name="arrange_grobs_returns_error_when_invalid_dimensions_are_given"/>
    <testcase time="0.00600000000000023" classname="utils_grid" name="arrange_grobs_works_with_a_single_grob"/>
    <testcase time="0.00499999999999545" classname="utils_grid" name="draw_grob_works_with_viewport_specified"/>
  </testsuite>
  <testsuite name="utils_rtables" timestamp="2023-02-08T20:09:30Z" hostname="dde705f2eefc" tests="34" skipped="16" failures="0" errors="0" time="2.695">
    <testcase time="0.594000000000008" classname="utils_rtables" name="to_string_matrix_works_correctly"/>
    <testcase time="0.00499999999999545" classname="utils_rtables" name="to_string_matrix_works_correctly">
      <skipped message="Reason: On CRAN ('test-utils_rtables.R:14')"/>
    </testcase>
    <testcase time="0.0109999999999957" classname="utils_rtables" name="unlist_and_blank_na_works_as_expected_if_not_all_missing"/>
    <testcase time="0.00499999999999545" classname="utils_rtables" name="unlist_and_blank_na_works_as_expected_if_not_all_missing">
      <skipped message="Reason: On CRAN ('test-utils_rtables.R:44')"/>
    </testcase>
    <testcase time="0.0110000000000099" classname="utils_rtables" name="unlist_and_blank_na_works_as_expected_if_all_missing"/>
    <testcase time="0.00399999999999068" classname="utils_rtables" name="unlist_and_blank_na_works_as_expected_if_all_missing">
      <skipped message="Reason: On CRAN ('test-utils_rtables.R:52')"/>
    </testcase>
    <testcase time="0.0100000000000051" classname="utils_rtables" name="cfun_by_flag_works_as_expected"/>
    <testcase time="0.00199999999999534" classname="utils_rtables" name="cfun_by_flag_works_as_expected"/>
    <testcase time="0.00500000000000966" classname="utils_rtables" name="cfun_by_flag_works_as_expected">
      <skipped message="Reason: On CRAN ('test-utils_rtables.R:66')"/>
    </testcase>
    <testcase time="0.00999999999999091" classname="utils_rtables" name="labels_or_names_works_correctly"/>
    <testcase time="0.00500000000000966" classname="utils_rtables" name="labels_or_names_works_correctly">
      <skipped message="Reason: On CRAN ('test-utils_rtables.R:71')"/>
    </testcase>
    <testcase time="0.0109999999999957" classname="utils_rtables" name="c_label_n_works_as_expected"/>
    <testcase time="0.00400000000000489" classname="utils_rtables" name="c_label_n_works_as_expected">
      <skipped message="Reason: On CRAN ('test-utils_rtables.R:87')"/>
    </testcase>
    <testcase time="0.0480000000000018" classname="utils_rtables" name="add_rowcounts_works_with_one_row_split"/>
    <testcase time="0.0169999999999959" classname="utils_rtables" name="add_rowcounts_works_with_one_row_split">
      <skipped message="Reason: On CRAN ('test-utils_rtables.R:97')"/>
    </testcase>
    <testcase time="1.20099999999999" classname="utils_rtables" name="add_rowcounts_works_with_multiple_column_and_row_splits"/>
    <testcase time="0.26400000000001" classname="utils_rtables" name="add_rowcounts_works_with_multiple_column_and_row_splits">
      <skipped message="Reason: On CRAN ('test-utils_rtables.R:112')"/>
    </testcase>
    <testcase time="0.0289999999999964" classname="utils_rtables" name="h_col_indices_works_as_expected"/>
    <testcase time="0.00499999999999545" classname="utils_rtables" name="h_col_indices_works_as_expected">
      <skipped message="Reason: On CRAN ('test-utils_rtables.R:122')"/>
    </testcase>
    <testcase time="0.027000000000001" classname="utils_rtables" name="as.rtable.data.frame_works_correctly"/>
    <testcase time="0.0370000000000061" classname="utils_rtables" name="as.rtable.data.frame_works_correctly">
      <skipped message="Reason: On CRAN ('test-utils_rtables.R:134')"/>
    </testcase>
    <testcase time="0.0300000000000011" classname="utils_rtables" name="as.rtable.data.frame_fails_when_a_column_is_not_numeric"/>
    <testcase time="0.0279999999999916" classname="utils_rtables" name="as.rtable.data.frame_uses_variable_labels_for_column_headers_when_they_are_available"/>
    <testcase time="0.00499999999999545" classname="utils_rtables" name="as.rtable.data.frame_uses_variable_labels_for_column_headers_when_they_are_available">
      <skipped message="Reason: On CRAN ('test-utils_rtables.R:155')"/>
    </testcase>
    <testcase time="0.0110000000000099" classname="utils_rtables" name="h_split_param_divides_param_values"/>
    <testcase time="0.00499999999999545" classname="utils_rtables" name="h_split_param_divides_param_values">
      <skipped message="Reason: On CRAN ('test-utils_rtables.R:168')"/>
    </testcase>
    <testcase time="0.0109999999999957" classname="utils_rtables" name="afun_selected_stats_works_for_NULL_input"/>
    <testcase time="0.00500000000000966" classname="utils_rtables" name="afun_selected_stats_works_for_NULL_input">
      <skipped message="Reason: On CRAN ('test-utils_rtables.R:181')"/>
    </testcase>
    <testcase time="0.0109999999999957" classname="utils_rtables" name="afun_selected_stats_works_for_character_input"/>
    <testcase time="0.00499999999999545" classname="utils_rtables" name="afun_selected_stats_works_for_character_input">
      <skipped message="Reason: On CRAN ('test-utils_rtables.R:188')"/>
    </testcase>
    <testcase time="0.0949999999999989" classname="utils_rtables" name="append_varlabels_works_as_expected"/>
    <testcase time="0.054000000000002" classname="utils_rtables" name="append_varlabels_works_as_expected">
      <skipped message="Reason: On CRAN ('test-utils_rtables.R:202')"/>
    </testcase>
    <testcase time="0.0940000000000083" classname="utils_rtables" name="append_varlabels_correctly_concatenates_multiple_variable_labels"/>
    <testcase time="0.0360000000000014" classname="utils_rtables" name="append_varlabels_correctly_concatenates_multiple_variable_labels">
      <skipped message="Reason: On CRAN ('test-utils_rtables.R:214')"/>
    </testcase>
  </testsuite>
  <testsuite name="wrap_text" timestamp="2023-02-08T20:09:33Z" hostname="dde705f2eefc" tests="2" skipped="1" failures="0" errors="0" time="0.034">
    <testcase time="0.0289999999999964" classname="wrap_text" name="wrap_text_works_with_default_settings"/>
    <testcase time="0.00499999999999545" classname="wrap_text" name="wrap_text_works_with_default_settings">
      <skipped message="Reason: On CRAN ('test-wrap_text.R:7')"/>
    </testcase>
  </testsuite>
</testsuites>
