<?xml version="1.0" encoding="UTF-8"?>
<testsuites>
  <testsuite name="abnormal" timestamp="2023-02-01T23:51:22Z" hostname="309a2673c371" tests="14" skipped="7" failures="0" errors="0" time="0.779">
    <testcase time="0.0510000000000002" classname="abnormal" name="s_count_abnormal_works_with_healthy_input_and_default_arguments"/>
    <testcase time="0.069" classname="abnormal" name="s_count_abnormal_works_with_healthy_input_and_default_arguments">
      <skipped message="Reason: On CRAN ('test-abnormal.R:24')"/>
    </testcase>
    <testcase time="0.0430000000000001" classname="abnormal" name="s_count_abnormal_works_when_excluding_patients_with_abnormality_at_baseline"/>
    <testcase time="0.00600000000000023" classname="abnormal" name="s_count_abnormal_works_when_excluding_patients_with_abnormality_at_baseline">
      <skipped message="Reason: On CRAN ('test-abnormal.R:51')"/>
    </testcase>
    <testcase time="0.0459999999999994" classname="abnormal" name="s_count_abnormal_also_works_with_tibble_and_custom_arguments"/>
    <testcase time="0.00700000000000056" classname="abnormal" name="s_count_abnormal_also_works_with_tibble_and_custom_arguments">
      <skipped message="Reason: On CRAN ('test-abnormal.R:80')"/>
    </testcase>
    <testcase time="0.149999999999999" classname="abnormal" name="count_abnormal_works_with_default_arguments"/>
    <testcase time="0.0460000000000003" classname="abnormal" name="count_abnormal_works_with_default_arguments">
      <skipped message="Reason: On CRAN ('test-abnormal.R:103')"/>
    </testcase>
    <testcase time="0.0880000000000001" classname="abnormal" name="count_abnormal_works_with_custom_arguments"/>
    <testcase time="0.0750000000000002" classname="abnormal" name="count_abnormal_works_with_custom_arguments">
      <skipped message="Reason: On CRAN ('test-abnormal.R:134')"/>
    </testcase>
    <testcase time="0.138" classname="abnormal" name="count_abnormal_works_with_default_arguments_and_visit"/>
    <testcase time="0.0300000000000002" classname="abnormal" name="count_abnormal_works_with_default_arguments_and_visit">
      <skipped message="Reason: On CRAN ('test-abnormal.R:160')"/>
    </testcase>
    <testcase time="0.0249999999999995" classname="abnormal" name="s_count_abnormal_works_with_healthy_input_and_grouped_abnormal_arguments"/>
    <testcase time="0.00499999999999989" classname="abnormal" name="s_count_abnormal_works_with_healthy_input_and_grouped_abnormal_arguments">
      <skipped message="Reason: On CRAN ('test-abnormal.R:186')"/>
    </testcase>
  </testsuite>
  <testsuite name="abnormal_by_baseline" timestamp="2023-02-01T23:51:23Z" hostname="309a2673c371" tests="13" skipped="5" failures="0" errors="0" time="0.371">
    <testcase time="0.0289999999999999" classname="abnormal_by_baseline" name="s_count_abnormal_by_baseline_works_with_healthy_input_and_default_arguments"/>
    <testcase time="0.00600000000000023" classname="abnormal_by_baseline" name="s_count_abnormal_by_baseline_works_with_healthy_input_and_default_arguments">
      <skipped message="Reason: On CRAN ('test-abnormal_by_baseline.R:16')"/>
    </testcase>
    <testcase time="0.0149999999999997" classname="abnormal_by_baseline" name="s_count_abnormal_by_baseline_also_works_with_tibble_and_custom_arguments"/>
    <testcase time="0.00600000000000023" classname="abnormal_by_baseline" name="s_count_abnormal_by_baseline_also_works_with_tibble_and_custom_arguments">
      <skipped message="Reason: On CRAN ('test-abnormal_by_baseline.R:46')"/>
    </testcase>
    <testcase time="0.0330000000000004" classname="abnormal_by_baseline" name="count_abnormal_by_baseline_throws_warning_with_character_var"/>
    <testcase time="0.00199999999999978" classname="abnormal_by_baseline" name="count_abnormal_by_baseline_throws_warning_with_character_var"/>
    <testcase time="0.00499999999999989" classname="abnormal_by_baseline" name="count_abnormal_by_baseline_throws_warning_with_character_var">
      <skipped message="Reason: On CRAN ('test-abnormal_by_baseline.R:80')"/>
    </testcase>
    <testcase time="0.0990000000000002" classname="abnormal_by_baseline" name="count_abnormal_by_baseline_works_with_default_arguments"/>
    <testcase time="0.0300000000000002" classname="abnormal_by_baseline" name="count_abnormal_by_baseline_works_with_default_arguments">
      <skipped message="Reason: On CRAN ('test-abnormal_by_baseline.R:94')"/>
    </testcase>
    <testcase time="0.0909999999999993" classname="abnormal_by_baseline" name="count_abnormal_by_baseline_works_with_custom_arguments"/>
    <testcase time="0.0300000000000002" classname="abnormal_by_baseline" name="count_abnormal_by_baseline_works_with_custom_arguments">
      <skipped message="Reason: On CRAN ('test-abnormal_by_baseline.R:113')"/>
    </testcase>
    <testcase time="0.0179999999999998" classname="abnormal_by_baseline" name="s_count_abnormal_by_baseline_gives_error_for_NA_input"/>
    <testcase time="0.00700000000000056" classname="abnormal_by_baseline" name="s_count_abnormal_by_baseline_gives_error_for_NA_input"/>
  </testsuite>
  <testsuite name="abnormal_by_marked" timestamp="2023-02-01T23:51:23Z" hostname="309a2673c371" tests="7" skipped="3" failures="0" errors="0" time="2.676">
    <testcase time="0.793" classname="abnormal_by_marked" name="s_count_abnormal_by_marked_works_as_expected"/>
    <testcase time="0.00599999999999934" classname="abnormal_by_marked" name="s_count_abnormal_by_marked_works_as_expected">
      <skipped message="Reason: On CRAN ('test-abnormal_by_marked.R:80')"/>
    </testcase>
    <testcase time="0.516" classname="abnormal_by_marked" name="s_count_abnormal_by_marked_works_as_expected"/>
    <testcase time="0.00499999999999989" classname="abnormal_by_marked" name="s_count_abnormal_by_marked_works_as_expected">
      <skipped message="Reason: On CRAN ('test-abnormal_by_marked.R:135')"/>
    </testcase>
    <testcase time="0.505000000000001" classname="abnormal_by_marked" name="s_count_abnormal_by_marked_returns_an_error_when_abn_dir_contains_two_direction_values"/>
    <testcase time="0.797" classname="abnormal_by_marked" name="count_abnormal_by_marked_works_as_expected"/>
    <testcase time="0.0540000000000003" classname="abnormal_by_marked" name="count_abnormal_by_marked_works_as_expected">
      <skipped message="Reason: On CRAN ('test-abnormal_by_marked.R:253')"/>
    </testcase>
  </testsuite>
  <testsuite name="abnormal_by_worst_grade" timestamp="2023-02-01T23:51:26Z" hostname="309a2673c371" tests="5" skipped="2" failures="0" errors="0" time="0.317">
    <testcase time="0.0640000000000001" classname="abnormal_by_worst_grade" name="s_count_abnormal_by_worst_grade_works_as_expected"/>
    <testcase time="0.00600000000000023" classname="abnormal_by_worst_grade" name="s_count_abnormal_by_worst_grade_works_as_expected">
      <skipped message="Reason: On CRAN ('test-abnormal_by_worst_grade.R:66')"/>
    </testcase>
    <testcase time="0.135999999999999" classname="abnormal_by_worst_grade" name="count_abnormal_by_worst_grade_works_as_expected"/>
    <testcase time="0.0389999999999997" classname="abnormal_by_worst_grade" name="count_abnormal_by_worst_grade_works_as_expected">
      <skipped message="Reason: On CRAN ('test-abnormal_by_worst_grade.R:94')"/>
    </testcase>
    <testcase time="0.072000000000001" classname="abnormal_by_worst_grade" name="count_abnormal_by_worst_grade_returns_an_error_when_variables_param_and_variables_grade_dir_are_taking_variable_names_not_used_for_splitting_the_layout_in_rows."/>
  </testsuite>
  <testsuite name="abnormal_by_worst_grade_worsen" timestamp="2023-02-01T23:51:26Z" hostname="309a2673c371" tests="20" skipped="10" failures="0" errors="0" time="1.063">
    <testcase time="0.196999999999999" classname="abnormal_by_worst_grade_worsen" name="h_adlb_worsen_stacks_data_correctly_simple_case_"/>
    <testcase time="0.0449999999999999" classname="abnormal_by_worst_grade_worsen" name="h_adlb_worsen_stacks_data_correctly_simple_case_">
      <skipped message="Reason: On CRAN ('test-abnormal_by_worst_grade_worsen.R:64')"/>
    </testcase>
    <testcase time="0.0579999999999998" classname="abnormal_by_worst_grade_worsen" name="h_adlb_worsen_stacks_data_correctly"/>
    <testcase time="0.0280000000000005" classname="abnormal_by_worst_grade_worsen" name="h_adlb_worsen_stacks_data_correctly">
      <skipped message="Reason: On CRAN ('test-abnormal_by_worst_grade_worsen.R:80')"/>
    </testcase>
    <testcase time="0.016" classname="abnormal_by_worst_grade_worsen" name="h_worsen_counter_counts_data_low_correctly"/>
    <testcase time="0.00500000000000078" classname="abnormal_by_worst_grade_worsen" name="h_worsen_counter_counts_data_low_correctly">
      <skipped message="Reason: On CRAN ('test-abnormal_by_worst_grade_worsen.R:100')"/>
    </testcase>
    <testcase time="0.0149999999999988" classname="abnormal_by_worst_grade_worsen" name="h_worsen_counter_counts_data_high_correctly"/>
    <testcase time="0.00500000000000078" classname="abnormal_by_worst_grade_worsen" name="h_worsen_counter_counts_data_high_correctly">
      <skipped message="Reason: On CRAN ('test-abnormal_by_worst_grade_worsen.R:120')"/>
    </testcase>
    <testcase time="0.0150000000000006" classname="abnormal_by_worst_grade_worsen" name="h_worsen_counter_counts_data_low_no_high_correctly"/>
    <testcase time="0.00499999999999901" classname="abnormal_by_worst_grade_worsen" name="h_worsen_counter_counts_data_low_no_high_correctly">
      <skipped message="Reason: On CRAN ('test-abnormal_by_worst_grade_worsen.R:140')"/>
    </testcase>
    <testcase time="0.0150000000000006" classname="abnormal_by_worst_grade_worsen" name="h_worsen_counter_counts_data_low_no_low_correctly"/>
    <testcase time="0.00499999999999901" classname="abnormal_by_worst_grade_worsen" name="h_worsen_counter_counts_data_low_no_low_correctly">
      <skipped message="Reason: On CRAN ('test-abnormal_by_worst_grade_worsen.R:160')"/>
    </testcase>
    <testcase time="0.0150000000000006" classname="abnormal_by_worst_grade_worsen" name="s_count_abnormal_lab_worsen_by_baseline"/>
    <testcase time="0.00500000000000078" classname="abnormal_by_worst_grade_worsen" name="s_count_abnormal_lab_worsen_by_baseline">
      <skipped message="Reason: On CRAN ('test-abnormal_by_worst_grade_worsen.R:182')"/>
    </testcase>
    <testcase time="0.34" classname="abnormal_by_worst_grade_worsen" name="count_abnormal_lab_worsen_by_baseline"/>
    <testcase time="0.115" classname="abnormal_by_worst_grade_worsen" name="count_abnormal_lab_worsen_by_baseline">
      <skipped message="Reason: On CRAN ('test-abnormal_by_worst_grade_worsen.R:209')"/>
    </testcase>
    <testcase time="0.0389999999999997" classname="abnormal_by_worst_grade_worsen" name="h_adlb_worsen_all_high"/>
    <testcase time="0.0510000000000002" classname="abnormal_by_worst_grade_worsen" name="h_adlb_worsen_all_high">
      <skipped message="Reason: On CRAN ('test-abnormal_by_worst_grade_worsen.R:231')"/>
    </testcase>
    <testcase time="0.0389999999999997" classname="abnormal_by_worst_grade_worsen" name="h_adlb_worsen_all_low"/>
    <testcase time="0.0499999999999989" classname="abnormal_by_worst_grade_worsen" name="h_adlb_worsen_all_low">
      <skipped message="Reason: On CRAN ('test-abnormal_by_worst_grade_worsen.R:253')"/>
    </testcase>
  </testsuite>
  <testsuite name="analyze_vars_in_cols" timestamp="2023-02-01T23:51:27Z" hostname="309a2673c371" tests="5" skipped="2" failures="0" errors="0" time="0.473">
    <testcase time="0.239000000000001" classname="analyze_vars_in_cols" name="analyze_vars_in_cols_works_correctly"/>
    <testcase time="0.0600000000000005" classname="analyze_vars_in_cols" name="analyze_vars_in_cols_works_correctly">
      <skipped message="Reason: On CRAN ('test-analyze_vars_in_cols.R:11')"/>
    </testcase>
    <testcase time="0.0239999999999991" classname="analyze_vars_in_cols" name="analyze_vars_in_cols_throws_error_when_vars_and_.stats_lengths_differ_in_len"/>
    <testcase time="0.116" classname="analyze_vars_in_cols" name="custom_labels_can_be_set_with_labelstr"/>
    <testcase time="0.0340000000000007" classname="analyze_vars_in_cols" name="custom_labels_can_be_set_with_labelstr">
      <skipped message="Reason: On CRAN ('test-analyze_vars_in_cols.R:35')"/>
    </testcase>
  </testsuite>
  <testsuite name="combination_function" timestamp="2023-02-01T23:51:28Z" hostname="309a2673c371" tests="16" skipped="0" failures="0" errors="0" time="0.093">
    <testcase time="0.0180000000000007" classname="combination_function" name="CombinationFunction_class_can_be_used_with_standard_constructor"/>
    <testcase time="0.0109999999999992" classname="combination_function" name="CombinationFunction_class_can_be_used_with_standard_constructor"/>
    <testcase time="0.00399999999999956" classname="combination_function" name="CombinationFunction_class_can_be_used_with_standard_constructor"/>
    <testcase time="0.00699999999999967" classname="combination_function" name="CombinationFunction_custom_constructor_works"/>
    <testcase time="0.00500000000000078" classname="combination_function" name="CombinationFunction_method_works"/>
    <testcase time="0.00399999999999956" classname="combination_function" name="CombinationFunction_method_works"/>
    <testcase time="0.00400000000000134" classname="combination_function" name="CombinationFunction_method_works"/>
    <testcase time="0.00499999999999901" classname="combination_function" name="CombinationFunction_method_works"/>
    <testcase time="0.00399999999999956" classname="combination_function" name="CombinationFunction_method_works"/>
    <testcase time="0.00399999999999956" classname="combination_function" name="CombinationFunction_method_works"/>
    <testcase time="0.00499999999999901" classname="combination_function" name="CombinationFunction_method_works"/>
    <testcase time="0.00400000000000134" classname="combination_function" name="CombinationFunction_method_works"/>
    <testcase time="0.00399999999999956" classname="combination_function" name="CombinationFunction_method_works"/>
    <testcase time="0.00500000000000078" classname="combination_function" name="CombinationFunction_chain_of_logical_combinations_works"/>
    <testcase time="0.00499999999999901" classname="combination_function" name="CombinationFunction_chain_of_logical_combinations_works"/>
    <testcase time="0.00399999999999956" classname="combination_function" name="CombinationFunction_chain_of_logical_combinations_works"/>
  </testsuite>
  <testsuite name="compare_variables" timestamp="2023-02-01T23:51:28Z" hostname="309a2673c371" tests="24" skipped="8" failures="0" errors="0" time="0.471">
    <testcase time="0.0129999999999999" classname="compare_variables" name="s_compare_works_for_numeric"/>
    <testcase time="0.00100000000000122" classname="compare_variables" name="s_compare_works_for_numeric"/>
    <testcase time="0.00600000000000023" classname="compare_variables" name="s_compare_works_for_numeric">
      <skipped message="Reason: On CRAN ('test-compare_variables.R:9')"/>
    </testcase>
    <testcase time="0.0139999999999993" classname="compare_variables" name="s_compare_for_numeric_does_not_give_p_value_when_not_at_least_2_values_in_each_group"/>
    <testcase time="0.000999999999999446" classname="compare_variables" name="s_compare_for_numeric_does_not_give_p_value_when_not_at_least_2_values_in_each_group"/>
    <testcase time="0.00600000000000023" classname="compare_variables" name="s_compare_for_numeric_does_not_give_p_value_when_not_at_least_2_values_in_each_group">
      <skipped message="Reason: On CRAN ('test-compare_variables.R:20')"/>
    </testcase>
    <testcase time="0.0139999999999993" classname="compare_variables" name="s_compare_for_factor_works_in_usual_case"/>
    <testcase time="0.00200000000000067" classname="compare_variables" name="s_compare_for_factor_works_in_usual_case"/>
    <testcase time="0.00500000000000078" classname="compare_variables" name="s_compare_for_factor_works_in_usual_case">
      <skipped message="Reason: On CRAN ('test-compare_variables.R:29')"/>
    </testcase>
    <testcase time="0.0220000000000002" classname="compare_variables" name="s_compare_for_factor_handles_explicit_NAs_as_expected"/>
    <testcase time="0.00199999999999889" classname="compare_variables" name="s_compare_for_factor_handles_explicit_NAs_as_expected"/>
    <testcase time="0.00699999999999967" classname="compare_variables" name="s_compare_for_factor_handles_explicit_NAs_as_expected">
      <skipped message="Reason: On CRAN ('test-compare_variables.R:47')"/>
    </testcase>
    <testcase time="0.0190000000000001" classname="compare_variables" name="s_compare_for_character_works_as_expected"/>
    <testcase time="0.00200000000000067" classname="compare_variables" name="s_compare_for_character_works_as_expected"/>
    <testcase time="0.00499999999999901" classname="compare_variables" name="s_compare_for_character_works_as_expected">
      <skipped message="Reason: On CRAN ('test-compare_variables.R:69')"/>
    </testcase>
    <testcase time="0.0140000000000011" classname="compare_variables" name="s_compare_for_logical_works_as_expected"/>
    <testcase time="0.00199999999999889" classname="compare_variables" name="s_compare_for_logical_works_as_expected"/>
    <testcase time="0.00500000000000078" classname="compare_variables" name="s_compare_for_logical_works_as_expected">
      <skipped message="Reason: On CRAN ('test-compare_variables.R:78')"/>
    </testcase>
    <testcase time="0.0120000000000005" classname="compare_variables" name="s_compare_for_logical_handles_NAs_as_FALSE_if_not_removed"/>
    <testcase time="0.00499999999999901" classname="compare_variables" name="s_compare_for_logical_handles_NAs_as_FALSE_if_not_removed"/>
    <testcase time="0.122" classname="compare_variables" name="compare_vars_works_with_default_settings_in_rtables_layout_pipeline"/>
    <testcase time="0.043000000000001" classname="compare_variables" name="compare_vars_works_with_default_settings_in_rtables_layout_pipeline">
      <skipped message="Reason: On CRAN ('test-compare_variables.R:100')"/>
    </testcase>
    <testcase time="0.112" classname="compare_variables" name="compare_vars_works_with_custom_settings"/>
    <testcase time="0.036999999999999" classname="compare_variables" name="compare_vars_works_with_custom_settings">
      <skipped message="Reason: On CRAN ('test-compare_variables.R:115')"/>
    </testcase>
  </testsuite>
  <testsuite name="control_logistic" timestamp="2023-02-01T23:51:28Z" hostname="309a2673c371" tests="4" skipped="1" failures="0" errors="0" time="0.044">
    <testcase time="0.0170000000000012" classname="control_logistic" name="control_logistic_works_with_customized_parameters"/>
    <testcase time="0.00499999999999901" classname="control_logistic" name="control_logistic_works_with_customized_parameters">
      <skipped message="Reason: On CRAN ('test-control_logistic.R:8')"/>
    </testcase>
    <testcase time="0.016" classname="control_logistic" name="control_logistic_fails_wrong_inputs"/>
    <testcase time="0.00600000000000023" classname="control_logistic" name="control_logistic_fails_wrong_inputs"/>
  </testsuite>
  <testsuite name="control_step" timestamp="2023-02-01T23:51:28Z" hostname="309a2673c371" tests="5" skipped="1" failures="0" errors="0" time="0.042">
    <testcase time="0.00900000000000034" classname="control_step" name="control_step_works_with_customized_parameters"/>
    <testcase time="0.00499999999999901" classname="control_step" name="control_step_works_with_customized_parameters">
      <skipped message="Reason: On CRAN ('test-control_step.R:5')"/>
    </testcase>
    <testcase time="0.0170000000000012" classname="control_step" name="control_step_fails_wrong_inputs"/>
    <testcase time="0.00499999999999901" classname="control_step" name="control_step_fails_wrong_inputs"/>
    <testcase time="0.00600000000000023" classname="control_step" name="control_step_fails_wrong_inputs"/>
  </testsuite>
  <testsuite name="control_survival" timestamp="2023-02-01T23:51:28Z" hostname="309a2673c371" tests="14" skipped="3" failures="0" errors="0" time="0.12">
    <testcase time="0.00900000000000034" classname="control_survival" name="control_coxph_works_with_customized_parameters"/>
    <testcase time="0.00499999999999901" classname="control_survival" name="control_coxph_works_with_customized_parameters">
      <skipped message="Reason: On CRAN ('test-control_survival.R:7')"/>
    </testcase>
    <testcase time="0.016" classname="control_survival" name="control_coxph_fails_wrong_inputs"/>
    <testcase time="0.00600000000000023" classname="control_survival" name="control_coxph_fails_wrong_inputs"/>
    <testcase time="0.00500000000000078" classname="control_survival" name="control_surv_time_works_with_customized_parameters"/>
    <testcase time="0.00499999999999901" classname="control_survival" name="control_surv_time_works_with_customized_parameters">
      <skipped message="Reason: On CRAN ('test-control_survival.R:21')"/>
    </testcase>
    <testcase time="0.016" classname="control_survival" name="control_surv_time_fails_wrong_inputs"/>
    <testcase time="0.00499999999999901" classname="control_survival" name="control_surv_time_fails_wrong_inputs"/>
    <testcase time="0.00500000000000078" classname="control_survival" name="control_surv_time_fails_wrong_inputs"/>
    <testcase time="0.00500000000000078" classname="control_survival" name="control_surv_timepoint_works_with_customized_parameters"/>
    <testcase time="0.00499999999999901" classname="control_survival" name="control_surv_timepoint_works_with_customized_parameters">
      <skipped message="Reason: On CRAN ('test-control_survival.R:36')"/>
    </testcase>
    <testcase time="0.027000000000001" classname="control_survival" name="control_surv_timepoint_fails_wrong_inputs"/>
    <testcase time="0.00600000000000023" classname="control_survival" name="control_surv_timepoint_fails_wrong_inputs"/>
    <testcase time="0.00499999999999901" classname="control_survival" name="control_surv_timepoint_fails_wrong_inputs"/>
  </testsuite>
  <testsuite name="count_cumulative" timestamp="2023-02-01T23:51:28Z" hostname="309a2673c371" tests="12" skipped="6" failures="0" errors="0" time="0.204">
    <testcase time="0.00999999999999979" classname="count_cumulative" name="h_count_cumulative_works_with_healthy_input_and_default_arguments"/>
    <testcase time="0.00500000000000078" classname="count_cumulative" name="h_count_cumulative_works_with_healthy_input_and_default_arguments">
      <skipped message="Reason: On CRAN ('test-count_cumulative.R:12')"/>
    </testcase>
    <testcase time="0.0120000000000005" classname="count_cumulative" name="h_count_cumulative_works_with_customized_arguments"/>
    <testcase time="0.00499999999999901" classname="count_cumulative" name="h_count_cumulative_works_with_customized_arguments">
      <skipped message="Reason: On CRAN ('test-count_cumulative.R:30')"/>
    </testcase>
    <testcase time="0.0120000000000005" classname="count_cumulative" name="s_count_cumulative_works_with_healthy_input_and_default_arguments"/>
    <testcase time="0.00499999999999901" classname="count_cumulative" name="s_count_cumulative_works_with_healthy_input_and_default_arguments">
      <skipped message="Reason: On CRAN ('test-count_cumulative.R:44')"/>
    </testcase>
    <testcase time="0.0120000000000005" classname="count_cumulative" name="s_count_cumulative_works_with_customized_arguments"/>
    <testcase time="0.00500000000000078" classname="count_cumulative" name="s_count_cumulative_works_with_customized_arguments">
      <skipped message="Reason: On CRAN ('test-count_cumulative.R:62')"/>
    </testcase>
    <testcase time="0.0469999999999988" classname="count_cumulative" name="count_cumulative_works_with_default_arguments"/>
    <testcase time="0.0210000000000008" classname="count_cumulative" name="count_cumulative_works_with_default_arguments">
      <skipped message="Reason: On CRAN ('test-count_cumulative.R:81')"/>
    </testcase>
    <testcase time="0.048" classname="count_cumulative" name="count_cumulative_works_with_customized_arguments"/>
    <testcase time="0.0220000000000002" classname="count_cumulative" name="count_cumulative_works_with_customized_arguments">
      <skipped message="Reason: On CRAN ('test-count_cumulative.R:103')"/>
    </testcase>
  </testsuite>
  <testsuite name="count_missed_doses" timestamp="2023-02-01T23:51:29Z" hostname="309a2673c371" tests="10" skipped="5" failures="0" errors="0" time="0.168">
    <testcase time="0.0179999999999989" classname="count_missed_doses" name="s_count_nonmissing_works_with_numeric_input"/>
    <testcase time="0.00600000000000023" classname="count_missed_doses" name="s_count_nonmissing_works_with_numeric_input">
      <skipped message="Reason: On CRAN ('test-count_missed_doses.R:8')"/>
    </testcase>
    <testcase time="0.0120000000000005" classname="count_missed_doses" name="s_count_nonmissing_also_works_with_character_input"/>
    <testcase time="0.00500000000000078" classname="count_missed_doses" name="s_count_nonmissing_also_works_with_character_input">
      <skipped message="Reason: On CRAN ('test-count_missed_doses.R:17')"/>
    </testcase>
    <testcase time="0.0119999999999987" classname="count_missed_doses" name="d_count_missed_doses_works_as_expected"/>
    <testcase time="0.00600000000000023" classname="count_missed_doses" name="d_count_missed_doses_works_as_expected">
      <skipped message="Reason: On CRAN ('test-count_missed_doses.R:24')"/>
    </testcase>
    <testcase time="0.0199999999999996" classname="count_missed_doses" name="s_count_missed_doses_works_as_expected"/>
    <testcase time="0.00700000000000145" classname="count_missed_doses" name="s_count_missed_doses_works_as_expected">
      <skipped message="Reason: On CRAN ('test-count_missed_doses.R:35')"/>
    </testcase>
    <testcase time="0.0579999999999998" classname="count_missed_doses" name="count_missed_doses_works_as_expected"/>
    <testcase time="0.0239999999999991" classname="count_missed_doses" name="count_missed_doses_works_as_expected">
      <skipped message="Reason: On CRAN ('test-count_missed_doses.R:55')"/>
    </testcase>
  </testsuite>
  <testsuite name="count_occurrences" timestamp="2023-02-01T23:51:29Z" hostname="309a2673c371" tests="13" skipped="4" failures="0" errors="0" time="0.246">
    <testcase time="0.0190000000000001" classname="count_occurrences" name="s_count_occurrences_functions_as_expected_with_valid_input_and_default_arguments"/>
    <testcase time="0.00500000000000078" classname="count_occurrences" name="s_count_occurrences_functions_as_expected_with_valid_input_and_default_arguments">
      <skipped message="Reason: On CRAN ('test-count_occurrences.R:10')"/>
    </testcase>
    <testcase time="0.016" classname="count_occurrences" name="s_count_occurrences_drops_non_appearing_levels_by_default"/>
    <testcase time="0.00699999999999967" classname="count_occurrences" name="s_count_occurrences_keeps_non_appearing_levels_if_requested"/>
    <testcase time="0.00399999999999956" classname="count_occurrences" name="s_count_occurrences_keeps_non_appearing_levels_if_requested"/>
    <testcase time="0.00400000000000134" classname="count_occurrences" name="s_count_occurrences_keeps_non_appearing_levels_if_requested"/>
    <testcase time="0.00900000000000034" classname="count_occurrences" name="s_count_occurrences_fails_when_it_receives_empty_.df_row_and_drop_TRUE"/>
    <testcase time="0.00599999999999845" classname="count_occurrences" name="s_count_occurrences_functions_as_expected_when_requesting_different_denominator"/>
    <testcase time="0.00600000000000023" classname="count_occurrences" name="s_count_occurrences_functions_as_expected_when_requesting_different_denominator">
      <skipped message="Reason: On CRAN ('test-count_occurrences.R:65')"/>
    </testcase>
    <testcase time="0.072000000000001" classname="count_occurrences" name="count_occurrences_functions_as_expected_with_valid_input_and_default_arguments"/>
    <testcase time="0.0279999999999987" classname="count_occurrences" name="count_occurrences_functions_as_expected_with_valid_input_and_default_arguments">
      <skipped message="Reason: On CRAN ('test-count_occurrences.R:91')"/>
    </testcase>
    <testcase time="0.0530000000000008" classname="count_occurrences" name="count_occurrences_functions_as_expected_with_label_row_specified"/>
    <testcase time="0.0169999999999995" classname="count_occurrences" name="count_occurrences_functions_as_expected_with_label_row_specified">
      <skipped message="Reason: On CRAN ('test-count_occurrences.R:117')"/>
    </testcase>
  </testsuite>
  <testsuite name="count_occurrences_by_grade" timestamp="2023-02-01T23:51:29Z" hostname="309a2673c371" tests="24" skipped="11" failures="0" errors="0" time="1.23">
    <testcase time="0.0210000000000008" classname="count_occurrences_by_grade" name="h_append_grade_groups_works_with_valid_input"/>
    <testcase time="0.00600000000000023" classname="count_occurrences_by_grade" name="h_append_grade_groups_works_with_valid_input">
      <skipped message="Reason: On CRAN ('test-count_occurrences_by_grade.R:26')"/>
    </testcase>
    <testcase time="0.0119999999999987" classname="count_occurrences_by_grade" name="h_append_grade_groups_works_with_valid_input_with_revers_order_and_one_element_grade_groups"/>
    <testcase time="0.00500000000000078" classname="count_occurrences_by_grade" name="h_append_grade_groups_works_with_valid_input_with_revers_order_and_one_element_grade_groups">
      <skipped message="Reason: On CRAN ('test-count_occurrences_by_grade.R:40')"/>
    </testcase>
    <testcase time="0.0180000000000007" classname="count_occurrences_by_grade" name="s_count_occurrences_by_grade_works_with_valid_input_and_default_arguments_for_grade"/>
    <testcase time="0.00499999999999901" classname="count_occurrences_by_grade" name="s_count_occurrences_by_grade_works_with_valid_input_and_default_arguments_for_grade">
      <skipped message="Reason: On CRAN ('test-count_occurrences_by_grade.R:48')"/>
    </testcase>
    <testcase time="0.0140000000000011" classname="count_occurrences_by_grade" name="s_count_occurrences_by_grade_works_with_valid_input_for_grade_grouping"/>
    <testcase time="0.00599999999999845" classname="count_occurrences_by_grade" name="s_count_occurrences_by_grade_works_with_valid_input_for_grade_grouping">
      <skipped message="Reason: On CRAN ('test-count_occurrences_by_grade.R:74')"/>
    </testcase>
    <testcase time="0.0140000000000011" classname="count_occurrences_by_grade" name="s_count_occurrences_by_grade_works_with_valid_input_for_intensity_and_custom_arguments"/>
    <testcase time="0.00499999999999901" classname="count_occurrences_by_grade" name="s_count_occurrences_by_grade_works_with_valid_input_for_intensity_and_custom_arguments">
      <skipped message="Reason: On CRAN ('test-count_occurrences_by_grade.R:109')"/>
    </testcase>
    <testcase time="0.0780000000000012" classname="count_occurrences_by_grade" name="count_occurrences_by_grade_works_with_default_arguments_for_intensity"/>
    <testcase time="0.0250000000000004" classname="count_occurrences_by_grade" name="count_occurrences_by_grade_works_with_default_arguments_for_intensity">
      <skipped message="Reason: On CRAN ('test-count_occurrences_by_grade.R:123')"/>
    </testcase>
    <testcase time="0.0959999999999983" classname="count_occurrences_by_grade" name="count_occurrences_by_grade_label_works_when_more_than_one_variables_are_analyzed"/>
    <testcase time="0.043000000000001" classname="count_occurrences_by_grade" name="count_occurrences_by_grade_label_works_when_more_than_one_variables_are_analyzed">
      <skipped message="Reason: On CRAN ('test-count_occurrences_by_grade.R:148')"/>
    </testcase>
    <testcase time="0.0679999999999996" classname="count_occurrences_by_grade" name="count_occurrences_by_grade_works_with_custom_arguments_for_grade"/>
    <testcase time="0.0389999999999997" classname="count_occurrences_by_grade" name="count_occurrences_by_grade_works_with_custom_arguments_for_grade">
      <skipped message="Reason: On CRAN ('test-count_occurrences_by_grade.R:174')"/>
    </testcase>
    <testcase time="0.0830000000000002" classname="count_occurrences_by_grade" name="summarize_occurrences_by_grade_works_with_default_arguments_for_intensity"/>
    <testcase time="0.0340000000000007" classname="count_occurrences_by_grade" name="summarize_occurrences_by_grade_works_with_default_arguments_for_intensity">
      <skipped message="Reason: On CRAN ('test-count_occurrences_by_grade.R:194')"/>
    </testcase>
    <testcase time="0.0999999999999996" classname="count_occurrences_by_grade" name="summarize_occurrences_by_grade_works_with_custom_arguments_for_grade"/>
    <testcase time="0.0549999999999997" classname="count_occurrences_by_grade" name="summarize_occurrences_by_grade_works_with_custom_arguments_for_grade">
      <skipped message="Reason: On CRAN ('test-count_occurrences_by_grade.R:241')"/>
    </testcase>
    <testcase time="0.0830000000000002" classname="count_occurrences_by_grade" name="count_occurrences_by_grade_works_with_trim_levels_in_group_split_function"/>
    <testcase time="0.0310000000000006" classname="count_occurrences_by_grade" name="count_occurrences_by_grade_works_with_trim_levels_in_group_split_function">
      <skipped message="Reason: On CRAN ('test-count_occurrences_by_grade.R:273')"/>
    </testcase>
    <testcase time="0.357999999999999" classname="count_occurrences_by_grade" name="summarize__and_count_occurrences_by_grade_works_with_pagination_and_sorting"/>
    <testcase time="0.0310000000000006" classname="count_occurrences_by_grade" name="summarize__and_count_occurrences_by_grade_works_with_pagination_and_sorting"/>
  </testsuite>
  <testsuite name="count_patients_events_in_cols" timestamp="2023-02-01T23:51:30Z" hostname="309a2673c371" tests="8" skipped="4" failures="0" errors="0" time="0.194">
    <testcase time="0.0129999999999999" classname="count_patients_events_in_cols" name="s_count_patients_and_multiple_events_works_as_expected"/>
    <testcase time="0.00600000000000023" classname="count_patients_events_in_cols" name="s_count_patients_and_multiple_events_works_as_expected">
      <skipped message="Reason: On CRAN ('test-count_patients_events_in_cols.R:23')"/>
    </testcase>
    <testcase time="0.0139999999999993" classname="count_patients_events_in_cols" name="s_count_patients_and_multiple_events_can_have_empty_stats_if_requested"/>
    <testcase time="0.00600000000000023" classname="count_patients_events_in_cols" name="s_count_patients_and_multiple_events_can_have_empty_stats_if_requested">
      <skipped message="Reason: On CRAN ('test-count_patients_events_in_cols.R:39')"/>
    </testcase>
    <testcase time="0.0600000000000005" classname="count_patients_events_in_cols" name="summarize_patients_events_in_cols_works_well_with_default_arguments"/>
    <testcase time="0.0380000000000003" classname="count_patients_events_in_cols" name="summarize_patients_events_in_cols_works_well_with_default_arguments">
      <skipped message="Reason: On CRAN ('test-count_patients_events_in_cols.R:55')"/>
    </testcase>
    <testcase time="0.0400000000000009" classname="count_patients_events_in_cols" name="summarize_patients_events_in_cols_works_well_with_custom_arguments"/>
    <testcase time="0.0169999999999995" classname="count_patients_events_in_cols" name="summarize_patients_events_in_cols_works_well_with_custom_arguments">
      <skipped message="Reason: On CRAN ('test-count_patients_events_in_cols.R:75')"/>
    </testcase>
  </testsuite>
  <testsuite name="count_patients_with_event" timestamp="2023-02-01T23:51:30Z" hostname="309a2673c371" tests="20" skipped="10" failures="0" errors="0" time="0.639">
    <testcase time="0.0199999999999996" classname="count_patients_with_event" name="s_count_patients_with_event_handles_NA"/>
    <testcase time="0.00500000000000078" classname="count_patients_with_event" name="s_count_patients_with_event_handles_NA">
      <skipped message="Reason: On CRAN ('test-count_patients_with_event.R:14')"/>
    </testcase>
    <testcase time="0.0129999999999999" classname="count_patients_with_event" name="s_count_patients_with_event_handles_multiple_columns"/>
    <testcase time="0.00499999999999901" classname="count_patients_with_event" name="s_count_patients_with_event_handles_multiple_columns">
      <skipped message="Reason: On CRAN ('test-count_patients_with_event.R:31')"/>
    </testcase>
    <testcase time="0.0670000000000002" classname="count_patients_with_event" name="count_patients_with_event_works_as_expected"/>
    <testcase time="0.0240000000000009" classname="count_patients_with_event" name="count_patients_with_event_works_as_expected">
      <skipped message="Reason: On CRAN ('test-count_patients_with_event.R:63')"/>
    </testcase>
    <testcase time="0.0599999999999987" classname="count_patients_with_event" name="count_patients_with_event_works_as_expected_for_different_column_count"/>
    <testcase time="0.0340000000000007" classname="count_patients_with_event" name="count_patients_with_event_works_as_expected_for_different_column_count">
      <skipped message="Reason: On CRAN ('test-count_patients_with_event.R:101')"/>
    </testcase>
    <testcase time="0.0150000000000006" classname="count_patients_with_event" name="s_count_patients_with_flags_handles_NA"/>
    <testcase time="0.00600000000000023" classname="count_patients_with_event" name="s_count_patients_with_flags_handles_NA">
      <skipped message="Reason: On CRAN ('test-count_patients_with_event.R:117')"/>
    </testcase>
    <testcase time="0.0139999999999993" classname="count_patients_with_event" name="s_count_patients_with_flags_handles_multiple_columns"/>
    <testcase time="0.00500000000000078" classname="count_patients_with_event" name="s_count_patients_with_flags_handles_multiple_columns">
      <skipped message="Reason: On CRAN ('test-count_patients_with_event.R:134')"/>
    </testcase>
    <testcase time="0.0749999999999993" classname="count_patients_with_event" name="count_patients_with_flags_works_as_expected"/>
    <testcase time="0.0229999999999997" classname="count_patients_with_event" name="count_patients_with_flags_works_as_expected">
      <skipped message="Reason: On CRAN ('test-count_patients_with_event.R:176')"/>
    </testcase>
    <testcase time="0.0750000000000011" classname="count_patients_with_event" name="count_patients_with_flags_works_as_expected_when_specifying_table_names"/>
    <testcase time="0.0289999999999999" classname="count_patients_with_event" name="count_patients_with_flags_works_as_expected_when_specifying_table_names">
      <skipped message="Reason: On CRAN ('test-count_patients_with_event.R:224')"/>
    </testcase>
    <testcase time="0.111000000000001" classname="count_patients_with_event" name="count_patients_with_flags_works_with_label_row_specified"/>
    <testcase time="0.0389999999999997" classname="count_patients_with_event" name="count_patients_with_flags_works_with_label_row_specified">
      <skipped message="Reason: On CRAN ('test-count_patients_with_event.R:263')"/>
    </testcase>
    <testcase time="0.0139999999999993" classname="count_patients_with_event" name="s_count_patients_with_event_works_with_factor_filters"/>
    <testcase time="0.00500000000000078" classname="count_patients_with_event" name="s_count_patients_with_event_works_with_factor_filters">
      <skipped message="Reason: On CRAN ('test-count_patients_with_event.R:283')"/>
    </testcase>
  </testsuite>
  <testsuite name="count_values" timestamp="2023-02-01T23:51:31Z" hostname="309a2673c371" tests="20" skipped="10" failures="0" errors="0" time="0.311">
    <testcase time="0.0179999999999989" classname="count_values" name="s_count_values_works_for_character_input_without_NAs"/>
    <testcase time="0.00500000000000078" classname="count_values" name="s_count_values_works_for_character_input_without_NAs">
      <skipped message="Reason: On CRAN ('test-count_values.R:8')"/>
    </testcase>
    <testcase time="0.0120000000000005" classname="count_values" name="s_count_values_works_for_character_input_with_NAs"/>
    <testcase time="0.00499999999999901" classname="count_values" name="s_count_values_works_for_character_input_with_NAs">
      <skipped message="Reason: On CRAN ('test-count_values.R:24')"/>
    </testcase>
    <testcase time="0.011000000000001" classname="count_values" name="s_count_values_can_pass_options_to_s_summary_s_logical_method"/>
    <testcase time="0.00499999999999901" classname="count_values" name="s_count_values_can_pass_options_to_s_summary_s_logical_method">
      <skipped message="Reason: On CRAN ('test-count_values.R:39')"/>
    </testcase>
    <testcase time="0.0120000000000005" classname="count_values" name="s_count_values_for_factor_gives_same_result_as_for_character"/>
    <testcase time="0.00500000000000078" classname="count_values" name="s_count_values_for_factor_gives_same_result_as_for_character">
      <skipped message="Reason: On CRAN ('test-count_values.R:47')"/>
    </testcase>
    <testcase time="0.0119999999999987" classname="count_values" name="s_count_values_for_factor_gives_the_same_result_as_for_character_for_values_not_in_factor_level"/>
    <testcase time="0.00500000000000078" classname="count_values" name="s_count_values_for_factor_gives_the_same_result_as_for_character_for_values_not_in_factor_level">
      <skipped message="Reason: On CRAN ('test-count_values.R:55')"/>
    </testcase>
    <testcase time="0.0470000000000006" classname="count_values" name="count_values_works_as_expected_with_a_single_value"/>
    <testcase time="0.0149999999999988" classname="count_values" name="count_values_works_as_expected_with_a_single_value">
      <skipped message="Reason: On CRAN ('test-count_values.R:64')"/>
    </testcase>
    <testcase time="0.0500000000000007" classname="count_values" name="count_values_works_as_expected_with_multiple_values_and_variables"/>
    <testcase time="0.0210000000000008" classname="count_values" name="count_values_works_as_expected_with_multiple_values_and_variables">
      <skipped message="Reason: On CRAN ('test-count_values.R:81')"/>
    </testcase>
    <testcase time="0.0129999999999999" classname="count_values" name="s_count_values_for_logical_vector"/>
    <testcase time="0.00599999999999845" classname="count_values" name="s_count_values_for_logical_vector">
      <skipped message="Reason: On CRAN ('test-count_values.R:91')"/>
    </testcase>
    <testcase time="0.0120000000000005" classname="count_values" name="s_count_values_for_logical_vector_with_NA"/>
    <testcase time="0.00600000000000023" classname="count_values" name="s_count_values_for_logical_vector_with_NA">
      <skipped message="Reason: On CRAN ('test-count_values.R:101')"/>
    </testcase>
    <testcase time="0.0370000000000008" classname="count_values" name="count_values_works_as_expected_with_multiple_values_and_variables"/>
    <testcase time="0.0139999999999993" classname="count_values" name="count_values_works_as_expected_with_multiple_values_and_variables">
      <skipped message="Reason: On CRAN ('test-count_values.R:118')"/>
    </testcase>
  </testsuite>
  <testsuite name="coxph" timestamp="2023-02-01T23:51:31Z" hostname="309a2673c371" tests="19" skipped="6" failures="0" errors="0" time="0.294">
    <testcase time="0.0250000000000004" classname="coxph" name="pairwise_works_correctly"/>
    <testcase time="0.00199999999999889" classname="coxph" name="pairwise_works_correctly"/>
    <testcase time="0.00600000000000023" classname="coxph" name="pairwise_works_correctly">
      <skipped message="Reason: On CRAN ('test-coxph.R:5')"/>
    </testcase>
    <testcase time="0.0120000000000005" classname="coxph" name="univariate_works_correctly"/>
    <testcase time="0.00200000000000067" classname="coxph" name="univariate_works_correctly"/>
    <testcase time="0.00499999999999901" classname="coxph" name="univariate_works_correctly">
      <skipped message="Reason: On CRAN ('test-coxph.R:12')"/>
    </testcase>
    <testcase time="0.0129999999999999" classname="coxph" name="rht_works_correctly"/>
    <testcase time="0.00200000000000067" classname="coxph" name="rht_works_correctly"/>
    <testcase time="0.00499999999999901" classname="coxph" name="rht_works_correctly">
      <skipped message="Reason: On CRAN ('test-coxph.R:19')"/>
    </testcase>
    <testcase time="0.0380000000000003" classname="coxph" name="estimate_coef_works_correctly"/>
    <testcase time="0.00500000000000078" classname="coxph" name="estimate_coef_works_correctly">
      <skipped message="Reason: On CRAN ('test-coxph.R:43')"/>
    </testcase>
    <testcase time="0.0510000000000002" classname="coxph" name="try_car_anova_works_correctly"/>
    <testcase time="0.00600000000000023" classname="coxph" name="try_car_anova_works_correctly">
      <skipped message="Reason: On CRAN ('test-coxph.R:58')"/>
    </testcase>
    <testcase time="0.016" classname="coxph" name="check_formula_returns_correct_error"/>
    <testcase time="0.00899999999999856" classname="coxph" name="check_covariate_formulas_works_correctly"/>
    <testcase time="0.00700000000000145" classname="coxph" name="name_covariate_names_works_correctly"/>
    <testcase time="0.00899999999999856" classname="coxph" name="check_increments_gives_correct_warning"/>
    <testcase time="0.0740000000000016" classname="coxph" name="s_cox_multivariate_works_correctly_with_character_input"/>
    <testcase time="0.00699999999999967" classname="coxph" name="s_cox_multivariate_works_correctly_with_character_input">
      <skipped message="Reason: On CRAN ('test-coxph.R:110')"/>
    </testcase>
  </testsuite>
  <testsuite name="coxreg" timestamp="2023-02-01T23:51:32Z" hostname="309a2673c371" tests="79" skipped="28" failures="0" errors="0" time="1.806">
    <testcase time="0.0279999999999987" classname="coxreg" name="h_coxreg_univar_formulas_creates_formulas_with_covariate"/>
    <testcase time="0.00500000000000078" classname="coxreg" name="h_coxreg_univar_formulas_creates_formulas_with_covariate">
      <skipped message="Reason: On CRAN ('test-coxreg.R:43')"/>
    </testcase>
    <testcase time="0.0129999999999999" classname="coxreg" name="h_coxreg_univar_formulas_creates_formulas_with_strata"/>
    <testcase time="0.00500000000000078" classname="coxreg" name="h_coxreg_univar_formulas_creates_formulas_with_strata">
      <skipped message="Reason: On CRAN ('test-coxreg.R:55')"/>
    </testcase>
    <testcase time="0.0119999999999987" classname="coxreg" name="h_coxreg_univar_formulas_creates_formula_for_reference_when_treatment_is_only_considered"/>
    <testcase time="0.00600000000000023" classname="coxreg" name="h_coxreg_univar_formulas_creates_formula_for_reference_when_treatment_is_only_considered">
      <skipped message="Reason: On CRAN ('test-coxreg.R:66')"/>
    </testcase>
    <testcase time="0.0120000000000005" classname="coxreg" name="h_coxreg_univar_formulas_creates_formulas_with_interactions"/>
    <testcase time="0.00500000000000078" classname="coxreg" name="h_coxreg_univar_formulas_creates_formulas_with_interactions">
      <skipped message="Reason: On CRAN ('test-coxreg.R:79')"/>
    </testcase>
    <testcase time="0.0119999999999987" classname="coxreg" name="h_coxreg_univar_formulas_creates_formula_without_treatment_arm"/>
    <testcase time="0.00600000000000023" classname="coxreg" name="h_coxreg_univar_formulas_creates_formula_without_treatment_arm">
      <skipped message="Reason: On CRAN ('test-coxreg.R:91')"/>
    </testcase>
    <testcase time="0.0259999999999998" classname="coxreg" name="h_coxreg_univar_formulas_fails_when_requesting_interaction_without_treatment_arm"/>
    <testcase time="0.011000000000001" classname="coxreg" name="h_coxreg_univar_formulas_fails_when_requesting_interaction_without_covariates"/>
    <testcase time="0.00499999999999901" classname="coxreg" name="h_coxreg_univar_formulas_creates_formulas_with_multiple_strata"/>
    <testcase time="0.00500000000000078" classname="coxreg" name="h_coxreg_univar_formulas_creates_formulas_with_multiple_strata">
      <skipped message="Reason: On CRAN ('test-coxreg.R:123')"/>
    </testcase>
    <testcase time="0.0429999999999993" classname="coxreg" name="h_coxreg_multivar_extract_extracts_correct_coxph_results_when_covariate_names_overlap"/>
    <testcase time="0.00699999999999967" classname="coxreg" name="h_coxreg_multivar_extract_extracts_correct_coxph_results_when_covariate_names_overlap">
      <skipped message="Reason: On CRAN ('test-coxreg.R:135')"/>
    </testcase>
    <testcase time="0.0260000000000016" classname="coxreg" name="h_coxreg_multivar_extract_extracts_correct_coxph_results_when_covariate_is_a_factor"/>
    <testcase time="0.00599999999999845" classname="coxreg" name="h_coxreg_multivar_extract_extracts_correct_coxph_results_when_covariate_is_a_factor">
      <skipped message="Reason: On CRAN ('test-coxreg.R:146')"/>
    </testcase>
    <testcase time="0.0120000000000005" classname="coxreg" name="h_coxreg_multivar_formula_creates_formula_without_covariate"/>
    <testcase time="0.00600000000000023" classname="coxreg" name="h_coxreg_multivar_formula_creates_formula_without_covariate">
      <skipped message="Reason: On CRAN ('test-coxreg.R:157')"/>
    </testcase>
    <testcase time="0.0120000000000005" classname="coxreg" name="h_coxreg_multivar_formula_creates_formulas_with_a_strata"/>
    <testcase time="0.00499999999999901" classname="coxreg" name="h_coxreg_multivar_formula_creates_formulas_with_a_strata">
      <skipped message="Reason: On CRAN ('test-coxreg.R:169')"/>
    </testcase>
    <testcase time="0.0120000000000005" classname="coxreg" name="h_coxreg_multivar_formula_creates_formulas_with_multiple_strata"/>
    <testcase time="0.00500000000000078" classname="coxreg" name="h_coxreg_multivar_formula_creates_formulas_with_multiple_strata">
      <skipped message="Reason: On CRAN ('test-coxreg.R:181')"/>
    </testcase>
    <testcase time="0.0119999999999987" classname="coxreg" name="h_coxreg_multivar_formula_creates_formula_with_covariate"/>
    <testcase time="0.00500000000000078" classname="coxreg" name="h_coxreg_multivar_formula_creates_formula_with_covariate">
      <skipped message="Reason: On CRAN ('test-coxreg.R:192')"/>
    </testcase>
    <testcase time="0.0120000000000005" classname="coxreg" name="h_coxreg_multivar_formula_creates_formula_without_treatment_arm"/>
    <testcase time="0.00499999999999901" classname="coxreg" name="h_coxreg_multivar_formula_creates_formula_without_treatment_arm">
      <skipped message="Reason: On CRAN ('test-coxreg.R:203')"/>
    </testcase>
    <testcase time="0.0120000000000005" classname="coxreg" name="h_coxreg_multivar_formula_creates_formulas_with_multiple_strata_and_without_arm"/>
    <testcase time="0.00600000000000023" classname="coxreg" name="h_coxreg_multivar_formula_creates_formulas_with_multiple_strata_and_without_arm">
      <skipped message="Reason: On CRAN ('test-coxreg.R:215')"/>
    </testcase>
    <testcase time="0.0109999999999992" classname="coxreg" name="control_coxreg_returns_a_standard_list_of_parameters"/>
    <testcase time="0.00499999999999901" classname="coxreg" name="control_coxreg_returns_a_standard_list_of_parameters">
      <skipped message="Reason: On CRAN ('test-coxreg.R:224')"/>
    </testcase>
    <testcase time="0.0289999999999999" classname="coxreg" name="fit_coxreg_univar_returns_model_results_as_expected"/>
    <testcase time="0.0120000000000005" classname="coxreg" name="fit_coxreg_univar_returns_model_results_as_expected">
      <skipped message="Reason: On CRAN ('test-coxreg.R:247')"/>
    </testcase>
    <testcase time="0.0289999999999999" classname="coxreg" name="fit_coxreg_univar_runs_with_non_represented_level_of_a_factor"/>
    <testcase time="0.0269999999999992" classname="coxreg" name="fit_coxreg_univar_is_stopped_when_there_are_not_2_arms"/>
    <testcase time="0.0100000000000016" classname="coxreg" name="fit_coxreg_univar_is_stopped_when_likelihood_method_is_used_together_with_strata"/>
    <testcase time="0.0149999999999988" classname="coxreg" name="fit_coxreg_univar_works_without_treatment_arm"/>
    <testcase time="0.00200000000000067" classname="coxreg" name="fit_coxreg_univar_works_without_treatment_arm"/>
    <testcase time="0.00499999999999901" classname="coxreg" name="fit_coxreg_univar_works_without_treatment_arm">
      <skipped message="Reason: On CRAN ('test-coxreg.R:297')"/>
    </testcase>
    <testcase time="0.0170000000000012" classname="coxreg" name="tidy.summary.coxph_method_tidies_up_the_Cox_regression_model"/>
    <testcase time="0.00699999999999967" classname="coxreg" name="tidy.summary.coxph_method_tidies_up_the_Cox_regression_model">
      <skipped message="Reason: On CRAN ('test-coxreg.R:308')"/>
    </testcase>
    <testcase time="0.0199999999999996" classname="coxreg" name="h_coxreg_univar_extract_extracts_coxph_results"/>
    <testcase time="0.00699999999999967" classname="coxreg" name="h_coxreg_univar_extract_extracts_coxph_results">
      <skipped message="Reason: On CRAN ('test-coxreg.R:319')"/>
    </testcase>
    <testcase time="0.0380000000000003" classname="coxreg" name="muffled_car_anova_muffles_notes_about_dropped_strata_term"/>
    <testcase time="0.00900000000000034" classname="coxreg" name="muffled_car_anova_muffles_notes_about_dropped_strata_term"/>
    <testcase time="0.0210000000000008" classname="coxreg" name="muffled_car_anova_gives_a_hint_in_the_error_message_when_an_error_occurs"/>
    <testcase time="0.0469999999999988" classname="coxreg" name="tidy.coxreg.univar_method_tidies_up_the_univariate_Cox_regression_model"/>
    <testcase time="0.0080000000000009" classname="coxreg" name="tidy.coxreg.univar_method_tidies_up_the_univariate_Cox_regression_model">
      <skipped message="Reason: On CRAN ('test-coxreg.R:359')"/>
    </testcase>
    <testcase time="0.0519999999999996" classname="coxreg" name="tidy.coxreg.univar_method_works_with_only_numeric_covariates_with_strata"/>
    <testcase time="0.00699999999999967" classname="coxreg" name="tidy.coxreg.univar_method_works_with_only_numeric_covariates_with_strata">
      <skipped message="Reason: On CRAN ('test-coxreg.R:373')"/>
    </testcase>
    <testcase time="0.0620000000000012" classname="coxreg" name="tidy.coxreg.univar_method_works_without_treatment_arm"/>
    <testcase time="0.00300000000000011" classname="coxreg" name="tidy.coxreg.univar_method_works_without_treatment_arm"/>
    <testcase time="0.00600000000000023" classname="coxreg" name="tidy.coxreg.univar_method_works_without_treatment_arm">
      <skipped message="Reason: On CRAN ('test-coxreg.R:387')"/>
    </testcase>
    <testcase time="0.0329999999999995" classname="coxreg" name="h_coxreg_extract_interaction_works_with_factor_as_covariate"/>
    <testcase time="0.00600000000000023" classname="coxreg" name="h_coxreg_extract_interaction_works_with_factor_as_covariate"/>
    <testcase time="0.0220000000000002" classname="coxreg" name="h_coxreg_inter_effect_works_with_numerics_as_covariate"/>
    <testcase time="0.00399999999999956" classname="coxreg" name="h_coxreg_inter_effect_works_with_numerics_as_covariate"/>
    <testcase time="0.0120000000000005" classname="coxreg" name="h_coxreg_inter_effect_works_with_numerics_as_covariate"/>
    <testcase time="0.0219999999999985" classname="coxreg" name="h_coxreg_inter_effect.numerics_works_with_____in_effect_levels"/>
    <testcase time="0.0190000000000001" classname="coxreg" name="h_coxreg_inter_effect.numerics_works_with_____in_effect_levels"/>
    <testcase time="0.00900000000000034" classname="coxreg" name="h_coxreg_inter_effect.numerics_works_with_____in_effect_levels"/>
    <testcase time="0.0169999999999995" classname="coxreg" name="h_coxreg_inter_estimations_results_identical_to_soon_deprecated_estimate_coef"/>
    <testcase time="0.0200000000000014" classname="coxreg" name="fit_coxreg_multivar_returns_model_results_as_expected"/>
    <testcase time="0.00699999999999967" classname="coxreg" name="fit_coxreg_multivar_returns_model_results_as_expected">
      <skipped message="Reason: On CRAN ('test-coxreg.R:504')"/>
    </testcase>
    <testcase time="0.0169999999999995" classname="coxreg" name="fit_coxreg_multivar_is_stopped_when_likelihood_method_is_used_together_with_strata"/>
    <testcase time="0.0170000000000012" classname="coxreg" name="fit_coxreg_multivar_works_correctly_also_without_treatment_arm"/>
    <testcase time="0.00199999999999889" classname="coxreg" name="fit_coxreg_multivar_works_correctly_also_without_treatment_arm"/>
    <testcase time="0.00500000000000078" classname="coxreg" name="fit_coxreg_multivar_works_correctly_also_without_treatment_arm"/>
    <testcase time="0.048" classname="coxreg" name="tidy.coxreg.multivar_method_tidies_up_the_multi_variable_Cox_regression_model"/>
    <testcase time="0.00799999999999912" classname="coxreg" name="tidy.coxreg.multivar_method_tidies_up_the_multi_variable_Cox_regression_model">
      <skipped message="Reason: On CRAN ('test-coxreg.R:556')"/>
    </testcase>
    <testcase time="0.0960000000000001" classname="coxreg" name="s_coxreg_converts_tabulated_results_in_a_list"/>
    <testcase time="0.00600000000000023" classname="coxreg" name="s_coxreg_converts_tabulated_results_in_a_list">
      <skipped message="Reason: On CRAN ('test-coxreg.R:573')"/>
    </testcase>
    <testcase time="0.153" classname="coxreg" name="summarize_coxreg_adds_the_univariate_Cox_regression_layer_to_rtables"/>
    <testcase time="0.0399999999999991" classname="coxreg" name="summarize_coxreg_adds_the_univariate_Cox_regression_layer_to_rtables">
      <skipped message="Reason: On CRAN ('test-coxreg.R:596')"/>
    </testcase>
    <testcase time="0.209" classname="coxreg" name="summarize_coxreg_adds_the_multi_variable_Cox_regression_layer_to_rtables"/>
    <testcase time="0.0470000000000006" classname="coxreg" name="summarize_coxreg_adds_the_multi_variable_Cox_regression_layer_to_rtables">
      <skipped message="Reason: On CRAN ('test-coxreg.R:618')"/>
    </testcase>
    <testcase time="0.161" classname="coxreg" name="summarize_coxreg_works_without_treatment_arm_in_univariate_case"/>
    <testcase time="0.0400000000000009" classname="coxreg" name="summarize_coxreg_works_without_treatment_arm_in_univariate_case">
      <skipped message="Reason: On CRAN ('test-coxreg.R:640')"/>
    </testcase>
  </testsuite>
  <testsuite name="decorate_grob" timestamp="2023-02-01T23:51:34Z" hostname="309a2673c371" tests="7" skipped="1" failures="0" errors="0" time="0.661">
    <testcase time="0.0350000000000001" classname="decorate_grob" name="decorate_grob_returns_no_warnings_when_creating_an_empty_plot"/>
    <testcase time="0.0229999999999997" classname="decorate_grob" name="decorate_grob_returns_no_warnings_when_creating_a_non_empty_plot"/>
    <testcase time="0.00600000000000023" classname="decorate_grob" name="split_string_works_with_default_settings"/>
    <testcase time="0.00499999999999901" classname="decorate_grob" name="split_string_works_with_default_settings">
      <skipped message="Reason: On CRAN ('test-decorate_grob.R:51')"/>
    </testcase>
    <testcase time="0.0179999999999989" classname="decorate_grob" name="decorate_grob_factory_returns_page_warning_correctly"/>
    <testcase time="0.491" classname="decorate_grob" name="decorate_grob_set_returns_no_warnings_when_creating_a_non_empty_plot"/>
    <testcase time="0.083000000000002" classname="decorate_grob" name="decorate_grob_set_returns_no_warnings_when_creating_a_non_empty_plot"/>
  </testsuite>
  <testsuite name="desctools_binom_diff" timestamp="2023-02-01T23:51:34Z" hostname="309a2673c371" tests="10" skipped="5" failures="0" errors="0" time="0.175">
    <testcase time="0.0129999999999981" classname="desctools_binom_diff" name="desctools_binom_produces_correct_output"/>
    <testcase time="0.00499999999999901" classname="desctools_binom_diff" name="desctools_binom_produces_correct_output">
      <skipped message="Reason: On CRAN ('test-desctools_binom_diff.R:18')"/>
    </testcase>
    <testcase time="0.0340000000000025" classname="desctools_binom_diff" name="desctools_binom_produces_correct_output_for_all_methods"/>
    <testcase time="0.00499999999999901" classname="desctools_binom_diff" name="desctools_binom_produces_correct_output_for_all_methods">
      <skipped message="Reason: On CRAN ('test-desctools_binom_diff.R:33')"/>
    </testcase>
    <testcase time="0.0130000000000017" classname="desctools_binom_diff" name="desctools_binomci_produces_correct_output_with_default_settings"/>
    <testcase time="0.00499999999999901" classname="desctools_binom_diff" name="desctools_binomci_produces_correct_output_with_default_settings">
      <skipped message="Reason: On CRAN ('test-desctools_binom_diff.R:42')"/>
    </testcase>
    <testcase time="0.0129999999999981" classname="desctools_binom_diff" name="desctools_binomci_produces_correct_output_with_custom_settings"/>
    <testcase time="0.00500000000000256" classname="desctools_binom_diff" name="desctools_binomci_produces_correct_output_with_custom_settings">
      <skipped message="Reason: On CRAN ('test-desctools_binom_diff.R:51')"/>
    </testcase>
    <testcase time="0.0760000000000005" classname="desctools_binom_diff" name="desctools_binomci_produces_correct_output_for_all_methods"/>
    <testcase time="0.00599999999999667" classname="desctools_binom_diff" name="desctools_binomci_produces_correct_output_for_all_methods">
      <skipped message="Reason: On CRAN ('test-desctools_binom_diff.R:63')"/>
    </testcase>
  </testsuite>
  <testsuite name="df_explicit_na" timestamp="2023-02-01T23:51:34Z" hostname="309a2673c371" tests="17" skipped="5" failures="0" errors="0" time="0.168">
    <testcase time="0.0210000000000008" classname="df_explicit_na" name="Default_fill_in_of_missing_values_and_conversion_to_factor_works_as_expected"/>
    <testcase time="0.00700000000000145" classname="df_explicit_na" name="Default_fill_in_of_missing_values_and_conversion_to_factor_works_as_expected">
      <skipped message="Reason: On CRAN ('test-df_explicit_na.R:22')"/>
    </testcase>
    <testcase time="0.0139999999999993" classname="df_explicit_na" name="Default_settings_work_when_input_data_does_not_have_labels"/>
    <testcase time="0.00600000000000023" classname="df_explicit_na" name="Default_settings_work_when_input_data_does_not_have_labels">
      <skipped message="Reason: On CRAN ('test-df_explicit_na.R:33')"/>
    </testcase>
    <testcase time="0.0139999999999993" classname="df_explicit_na" name="Only_replace_missing_values_without_modifying_character_or_logical_variables"/>
    <testcase time="0.00600000000000023" classname="df_explicit_na" name="Only_replace_missing_values_without_modifying_character_or_logical_variables">
      <skipped message="Reason: On CRAN ('test-df_explicit_na.R:41')"/>
    </testcase>
    <testcase time="0.0139999999999993" classname="df_explicit_na" name="Conversion_to_factor_works_with_some_variables_omitted"/>
    <testcase time="0.00600000000000023" classname="df_explicit_na" name="Conversion_to_factor_works_with_some_variables_omitted">
      <skipped message="Reason: On CRAN ('test-df_explicit_na.R:54')"/>
    </testcase>
    <testcase time="0.0139999999999993" classname="df_explicit_na" name="Only_convert_logical_variables_but_not_character_variables"/>
    <testcase time="0.017000000000003" classname="df_explicit_na" name="Only_convert_logical_variables_but_not_character_variables">
      <skipped message="Reason: On CRAN ('test-df_explicit_na.R:67')"/>
    </testcase>
    <testcase time="0.0179999999999971" classname="df_explicit_na" name="Check_Errors"/>
    <testcase time="0.00500000000000256" classname="df_explicit_na" name="Check_Errors"/>
    <testcase time="0.00600000000000023" classname="df_explicit_na" name="Check_Errors"/>
    <testcase time="0.00499999999999901" classname="df_explicit_na" name="Check_Errors"/>
    <testcase time="0.00600000000000023" classname="df_explicit_na" name="Check_Errors"/>
    <testcase time="0.00499999999999901" classname="df_explicit_na" name="df_explicit_na_just_returns_unmodified_data_if_all_columns_are_omitted"/>
    <testcase time="0.00400000000000134" classname="df_explicit_na" name="df_explicit_na_just_returns_unmodified_data_if_all_columns_are_omitted"/>
  </testsuite>
  <testsuite name="estimate_incidence_rate" timestamp="2023-02-01T23:51:35Z" hostname="309a2673c371" tests="20" skipped="8" failures="0" errors="0" time="0.274">
    <testcase time="0.0109999999999992" classname="estimate_incidence_rate" name="control_incidence_rate_works_with_customized_parameters"/>
    <testcase time="0.00499999999999901" classname="estimate_incidence_rate" name="control_incidence_rate_works_with_customized_parameters">
      <skipped message="Reason: On CRAN ('test-estimate_incidence_rate.R:10')"/>
    </testcase>
    <testcase time="0.0169999999999995" classname="estimate_incidence_rate" name="control_incidence_rate_fails_with_wrong_input"/>
    <testcase time="0.00500000000000256" classname="estimate_incidence_rate" name="control_incidence_rate_fails_with_wrong_input"/>
    <testcase time="0.00499999999999901" classname="estimate_incidence_rate" name="control_incidence_rate_fails_with_wrong_input"/>
    <testcase time="0.00600000000000023" classname="estimate_incidence_rate" name="control_incidence_rate_fails_with_wrong_input"/>
    <testcase time="0.00499999999999901" classname="estimate_incidence_rate" name="h_incidence_rate_normal_works_as_expected_with_healthy_input"/>
    <testcase time="0.00600000000000023" classname="estimate_incidence_rate" name="h_incidence_rate_normal_works_as_expected_with_healthy_input">
      <skipped message="Reason: On CRAN ('test-estimate_incidence_rate.R:24')"/>
    </testcase>
    <testcase time="0.0130000000000017" classname="estimate_incidence_rate" name="h_incidence_rate_normal_log_works_as_expected_with_healthy_input"/>
    <testcase time="0.00600000000000023" classname="estimate_incidence_rate" name="h_incidence_rate_normal_log_works_as_expected_with_healthy_input">
      <skipped message="Reason: On CRAN ('test-estimate_incidence_rate.R:31')"/>
    </testcase>
    <testcase time="0.0129999999999981" classname="estimate_incidence_rate" name="h_incidence_rate_exact_works_as_expected_with_healthy_input"/>
    <testcase time="0.00499999999999901" classname="estimate_incidence_rate" name="h_incidence_rate_exact_works_as_expected_with_healthy_input">
      <skipped message="Reason: On CRAN ('test-estimate_incidence_rate.R:38')"/>
    </testcase>
    <testcase time="0.0130000000000017" classname="estimate_incidence_rate" name="h_incidence_rate_byar_works_as_expected_with_healthy_input"/>
    <testcase time="0.00499999999999901" classname="estimate_incidence_rate" name="h_incidence_rate_byar_works_as_expected_with_healthy_input">
      <skipped message="Reason: On CRAN ('test-estimate_incidence_rate.R:45')"/>
    </testcase>
    <testcase time="0.0130000000000017" classname="estimate_incidence_rate" name="h_incidence_rate_works_as_expected_with_healthy_input"/>
    <testcase time="0.00499999999999901" classname="estimate_incidence_rate" name="h_incidence_rate_works_as_expected_with_healthy_input">
      <skipped message="Reason: On CRAN ('test-estimate_incidence_rate.R:56')"/>
    </testcase>
    <testcase time="0.0169999999999995" classname="estimate_incidence_rate" name="s_incidence_rate_works_as_expected_with_healthy_input"/>
    <testcase time="0.00600000000000023" classname="estimate_incidence_rate" name="s_incidence_rate_works_as_expected_with_healthy_input">
      <skipped message="Reason: On CRAN ('test-estimate_incidence_rate.R:81')"/>
    </testcase>
    <testcase time="0.0899999999999999" classname="estimate_incidence_rate" name="estimate_incidence_rate_works_as_expected_with_healthy_input"/>
    <testcase time="0.0279999999999987" classname="estimate_incidence_rate" name="estimate_incidence_rate_works_as_expected_with_healthy_input">
      <skipped message="Reason: On CRAN ('test-estimate_incidence_rate.R:110')"/>
    </testcase>
  </testsuite>
  <testsuite name="estimate_multinom_rsp" timestamp="2023-02-01T23:51:35Z" hostname="309a2673c371" tests="10" skipped="3" failures="0" errors="0" time="0.216">
    <testcase time="0.0190000000000019" classname="estimate_multinom_rsp" name="d_onco_rsp_label_provide_right_response_labels"/>
    <testcase time="0.00499999999999901" classname="estimate_multinom_rsp" name="d_onco_rsp_label_provide_right_response_labels">
      <skipped message="Reason: On CRAN ('test-estimate_multinom_rsp.R:6')"/>
    </testcase>
    <testcase time="0.0130000000000017" classname="estimate_multinom_rsp" name="d_onco_rsp_label_describe_label_with_x_being_a_factor"/>
    <testcase time="0.00600000000000023" classname="estimate_multinom_rsp" name="d_onco_rsp_label_describe_label_with_x_being_a_factor">
      <skipped message="Reason: On CRAN ('test-estimate_multinom_rsp.R:14')"/>
    </testcase>
    <testcase time="0.0159999999999982" classname="estimate_multinom_rsp" name="s_length_proportion_works_as_expected_with_healthy_input"/>
    <testcase time="0.00900000000000034" classname="estimate_multinom_rsp" name="s_length_proportion_fails_with_bad_input"/>
    <testcase time="0.00600000000000023" classname="estimate_multinom_rsp" name="s_length_proportion_fails_with_bad_input"/>
    <testcase time="0.00600000000000023" classname="estimate_multinom_rsp" name="s_length_proportion_fails_with_bad_input"/>
    <testcase time="0.0910000000000011" classname="estimate_multinom_rsp" name="estimate_multinomial_response_returns_right_result"/>
    <testcase time="0.0449999999999982" classname="estimate_multinom_rsp" name="estimate_multinomial_response_returns_right_result">
      <skipped message="Reason: On CRAN ('test-estimate_multinom_rsp.R:48')"/>
    </testcase>
  </testsuite>
  <testsuite name="estimate_proportion" timestamp="2023-02-01T23:51:35Z" hostname="309a2673c371" tests="34" skipped="17" failures="0" errors="0" time="0.573">
    <testcase time="0.0199999999999996" classname="estimate_proportion" name="prop_wilson_returns_right_result"/>
    <testcase time="0.00600000000000023" classname="estimate_proportion" name="prop_wilson_returns_right_result">
      <skipped message="Reason: On CRAN ('test-estimate_proportion.R:9')"/>
    </testcase>
    <testcase time="0.0130000000000017" classname="estimate_proportion" name="strata_normal_quantile_works_with_general_factor_table"/>
    <testcase time="0.00499999999999901" classname="estimate_proportion" name="strata_normal_quantile_works_with_general_factor_table">
      <skipped message="Reason: On CRAN ('test-estimate_proportion.R:29')"/>
    </testcase>
    <testcase time="0.0130000000000017" classname="estimate_proportion" name="update_weights_strat_wilson_works_with_general_inputs"/>
    <testcase time="0.00499999999999901" classname="estimate_proportion" name="update_weights_strat_wilson_works_with_general_inputs">
      <skipped message="Reason: On CRAN ('test-estimate_proportion.R:43')"/>
    </testcase>
    <testcase time="0.0139999999999993" classname="estimate_proportion" name="update_weights_strat_wilson_convergence_test"/>
    <testcase time="0.00499999999999901" classname="estimate_proportion" name="update_weights_strat_wilson_convergence_test">
      <skipped message="Reason: On CRAN ('test-estimate_proportion.R:78')"/>
    </testcase>
    <testcase time="0.0150000000000006" classname="estimate_proportion" name="prop_strat_wilson_returns_right_results"/>
    <testcase time="0.00600000000000023" classname="estimate_proportion" name="prop_strat_wilson_returns_right_results">
      <skipped message="Reason: On CRAN ('test-estimate_proportion.R:106')"/>
    </testcase>
    <testcase time="0.0139999999999993" classname="estimate_proportion" name="prop_strat_wilson_returns_right_result_with_inserted_weights"/>
    <testcase time="0.00500000000000256" classname="estimate_proportion" name="prop_strat_wilson_returns_right_result_with_inserted_weights">
      <skipped message="Reason: On CRAN ('test-estimate_proportion.R:131')"/>
    </testcase>
    <testcase time="0.0129999999999981" classname="estimate_proportion" name="prop_clopper_pearson_returns_right_result"/>
    <testcase time="0.00499999999999901" classname="estimate_proportion" name="prop_clopper_pearson_returns_right_result">
      <skipped message="Reason: On CRAN ('test-estimate_proportion.R:142')"/>
    </testcase>
    <testcase time="0.0120000000000005" classname="estimate_proportion" name="prop_wald_returns_right_result"/>
    <testcase time="0.00600000000000023" classname="estimate_proportion" name="prop_wald_returns_right_result">
      <skipped message="Reason: On CRAN ('test-estimate_proportion.R:154')"/>
    </testcase>
    <testcase time="0.0120000000000005" classname="estimate_proportion" name="prop_agresti_coull_returns_right_result"/>
    <testcase time="0.00499999999999901" classname="estimate_proportion" name="prop_agresti_coull_returns_right_result">
      <skipped message="Reason: On CRAN ('test-estimate_proportion.R:170')"/>
    </testcase>
    <testcase time="0.0120000000000005" classname="estimate_proportion" name="prop_jeffreys_returns_right_result"/>
    <testcase time="0.00499999999999901" classname="estimate_proportion" name="prop_jeffreys_returns_right_result">
      <skipped message="Reason: On CRAN ('test-estimate_proportion.R:181')"/>
    </testcase>
    <testcase time="0.0140000000000029" classname="estimate_proportion" name="prop_strat_wilson_output_matches_equivalent_SAS_function_output"/>
    <testcase time="0.00600000000000023" classname="estimate_proportion" name="prop_strat_wilson_output_matches_equivalent_SAS_function_output">
      <skipped message="Reason: On CRAN ('test-estimate_proportion.R:203')"/>
    </testcase>
    <testcase time="0.0219999999999985" classname="estimate_proportion" name="s_proportion_returns_right_result"/>
    <testcase time="0.00700000000000145" classname="estimate_proportion" name="s_proportion_returns_right_result">
      <skipped message="Reason: On CRAN ('test-estimate_proportion.R:210')"/>
    </testcase>
    <testcase time="0.0139999999999993" classname="estimate_proportion" name="_s_proportion_works_with_Jeffreys_CI"/>
    <testcase time="0.00600000000000023" classname="estimate_proportion" name="_s_proportion_works_with_Jeffreys_CI">
      <skipped message="Reason: On CRAN ('test-estimate_proportion.R:223')"/>
    </testcase>
    <testcase time="0.0129999999999981" classname="estimate_proportion" name="_s_proportion_works_with_Agresti_Coull_CI"/>
    <testcase time="0.00600000000000023" classname="estimate_proportion" name="_s_proportion_works_with_Agresti_Coull_CI">
      <skipped message="Reason: On CRAN ('test-estimate_proportion.R:247')"/>
    </testcase>
    <testcase time="0.097999999999999" classname="estimate_proportion" name="_estimate_proportion_is_compatible_with_rtables_"/>
    <testcase time="0.00600000000000023" classname="estimate_proportion" name="_estimate_proportion_is_compatible_with_rtables_">
      <skipped message="Reason: On CRAN ('test-estimate_proportion.R:281')"/>
    </testcase>
    <testcase time="0.0869999999999997" classname="estimate_proportion" name="_estimate_proportion_and_strat_wilson_is_compatible_with_rtables_"/>
    <testcase time="0.0150000000000006" classname="estimate_proportion" name="_estimate_proportion_and_strat_wilson_is_compatible_with_rtables_">
      <skipped message="Reason: On CRAN ('test-estimate_proportion.R:307')"/>
    </testcase>
    <testcase time="0.0820000000000007" classname="estimate_proportion" name="_estimate_proportion_and_strat_wilson_with_equal_weights_and_specific_number_of_interactions_works_with_rtables_"/>
    <testcase time="0.00600000000000023" classname="estimate_proportion" name="_estimate_proportion_and_strat_wilson_with_equal_weights_and_specific_number_of_interactions_works_with_rtables_">
      <skipped message="Reason: On CRAN ('test-estimate_proportion.R:339')"/>
    </testcase>
  </testsuite>
  <testsuite name="fit_rsp_step" timestamp="2023-02-01T23:51:36Z" hostname="309a2673c371" tests="16" skipped="3" failures="0" errors="0" time="0.467">
    <testcase time="0.239999999999998" classname="fit_rsp_step" name="fit_rsp_step_works_as_expected_with_default_options"/>
    <testcase time="0.00100000000000122" classname="fit_rsp_step" name="fit_rsp_step_works_as_expected_with_default_options"/>
    <testcase time="0.00300000000000011" classname="fit_rsp_step" name="fit_rsp_step_works_as_expected_with_default_options"/>
    <testcase time="0.00600000000000023" classname="fit_rsp_step" name="fit_rsp_step_works_as_expected_with_default_options">
      <skipped message="Reason: On CRAN ('test-fit_rsp_step.R:29')"/>
    </testcase>
    <testcase time="0.0350000000000001" classname="fit_rsp_step" name="fit_rsp_step_works_as_expected_with_global_model_fit"/>
    <testcase time="0.00100000000000122" classname="fit_rsp_step" name="fit_rsp_step_works_as_expected_with_global_model_fit"/>
    <testcase time="0.00199999999999889" classname="fit_rsp_step" name="fit_rsp_step_works_as_expected_with_global_model_fit"/>
    <testcase time="0.00499999999999901" classname="fit_rsp_step" name="fit_rsp_step_works_as_expected_with_global_model_fit">
      <skipped message="Reason: On CRAN ('test-fit_rsp_step.R:58')"/>
    </testcase>
    <testcase time="0.0440000000000005" classname="fit_rsp_step" name="fit_rsp_step_works_as_expected_with_strata"/>
    <testcase time="0.00100000000000122" classname="fit_rsp_step" name="fit_rsp_step_works_as_expected_with_strata"/>
    <testcase time="0.00300000000000011" classname="fit_rsp_step" name="fit_rsp_step_works_as_expected_with_strata"/>
    <testcase time="0.00499999999999901" classname="fit_rsp_step" name="fit_rsp_step_works_as_expected_with_strata">
      <skipped message="Reason: On CRAN ('test-fit_rsp_step.R:81')"/>
    </testcase>
    <testcase time="0.111999999999998" classname="fit_rsp_step" name="fit_rsp_step_works_as_expected_with_null_bandwidth"/>
    <testcase time="0.00100000000000122" classname="fit_rsp_step" name="fit_rsp_step_works_as_expected_with_null_bandwidth"/>
    <testcase time="0.00400000000000134" classname="fit_rsp_step" name="fit_rsp_step_works_as_expected_with_null_bandwidth"/>
    <testcase time="0.00399999999999778" classname="fit_rsp_step" name="fit_rsp_step_works_as_expected_with_null_bandwidth"/>
  </testsuite>
  <testsuite name="fit_survival_step" timestamp="2023-02-01T23:51:36Z" hostname="309a2673c371" tests="12" skipped="3" failures="0" errors="0" time="0.451">
    <testcase time="0.277000000000001" classname="fit_survival_step" name="fit_survival_step_works_as_expected_with_default_options"/>
    <testcase time="0.00100000000000122" classname="fit_survival_step" name="fit_survival_step_works_as_expected_with_default_options"/>
    <testcase time="0.00199999999999889" classname="fit_survival_step" name="fit_survival_step_works_as_expected_with_default_options"/>
    <testcase time="0.00499999999999901" classname="fit_survival_step" name="fit_survival_step_works_as_expected_with_default_options">
      <skipped message="Reason: On CRAN ('test-fit_survival_step.R:34')"/>
    </testcase>
    <testcase time="0.0440000000000005" classname="fit_survival_step" name="fit_survival_step_works_as_expected_with_global_model_fit"/>
    <testcase time="0.00100000000000122" classname="fit_survival_step" name="fit_survival_step_works_as_expected_with_global_model_fit"/>
    <testcase time="0.00199999999999889" classname="fit_survival_step" name="fit_survival_step_works_as_expected_with_global_model_fit"/>
    <testcase time="0.00499999999999901" classname="fit_survival_step" name="fit_survival_step_works_as_expected_with_global_model_fit">
      <skipped message="Reason: On CRAN ('test-fit_survival_step.R:65')"/>
    </testcase>
    <testcase time="0.105" classname="fit_survival_step" name="fit_survival_step_works_as_expected_with_null_bandwidth"/>
    <testcase time="0.00200000000000244" classname="fit_survival_step" name="fit_survival_step_works_as_expected_with_null_bandwidth"/>
    <testcase time="0.00199999999999889" classname="fit_survival_step" name="fit_survival_step_works_as_expected_with_null_bandwidth"/>
    <testcase time="0.00499999999999901" classname="fit_survival_step" name="fit_survival_step_works_as_expected_with_null_bandwidth">
      <skipped message="Reason: On CRAN ('test-fit_survival_step.R:88')"/>
    </testcase>
  </testsuite>
  <testsuite name="footnotes" timestamp="2023-02-01T23:51:37Z" hostname="309a2673c371" tests="4" skipped="2" failures="0" errors="0" time="0.053">
    <testcase time="0.0300000000000011" classname="footnotes" name="footnotes_works_correctly"/>
    <testcase time="0.00499999999999901" classname="footnotes" name="footnotes_works_correctly">
      <skipped message="Reason: On CRAN ('test-footnotes.R:6')"/>
    </testcase>
    <testcase time="0.0130000000000017" classname="footnotes" name="add_footnotes_works_correctly"/>
    <testcase time="0.00499999999999901" classname="footnotes" name="add_footnotes_works_correctly">
      <skipped message="Reason: On CRAN ('test-footnotes.R:15')"/>
    </testcase>
  </testsuite>
  <testsuite name="formats" timestamp="2023-02-01T23:51:37Z" hostname="309a2673c371" tests="34" skipped="16" failures="0" errors="0" time="0.319">
    <testcase time="0.0180000000000007" classname="formats" name="format_fraction_works_with_healthy_inputs"/>
    <testcase time="0.00499999999999901" classname="formats" name="format_fraction_works_with_healthy_inputs">
      <skipped message="Reason: On CRAN ('test-formats.R:5')"/>
    </testcase>
    <testcase time="0.0130000000000017" classname="formats" name="format_fraction_works_with_0_numerator_input"/>
    <testcase time="0.00499999999999901" classname="formats" name="format_fraction_works_with_0_numerator_input">
      <skipped message="Reason: On CRAN ('test-formats.R:12')"/>
    </testcase>
    <testcase time="0.0129999999999981" classname="formats" name="format_fraction_fixed_dp_works_with_healthy_inputs"/>
    <testcase time="0.00500000000000256" classname="formats" name="format_fraction_fixed_dp_works_with_healthy_inputs">
      <skipped message="Reason: On CRAN ('test-formats.R:19')"/>
    </testcase>
    <testcase time="0.0129999999999981" classname="formats" name="format_fraction_fixed_dp_works_with_whole_number_percentages"/>
    <testcase time="0.00500000000000256" classname="formats" name="format_fraction_fixed_dp_works_with_whole_number_percentages">
      <skipped message="Reason: On CRAN ('test-formats.R:26')"/>
    </testcase>
    <testcase time="0.0119999999999969" classname="formats" name="format_fraction_fixed_dp_works_with_0_numerator_input"/>
    <testcase time="0.00500000000000256" classname="formats" name="format_fraction_fixed_dp_works_with_0_numerator_input">
      <skipped message="Reason: On CRAN ('test-formats.R:33')"/>
    </testcase>
    <testcase time="0.0120000000000005" classname="formats" name="format_count_fraction_works_with_healthy_inputs"/>
    <testcase time="0.00499999999999901" classname="formats" name="format_count_fraction_works_with_healthy_inputs">
      <skipped message="Reason: On CRAN ('test-formats.R:40')"/>
    </testcase>
    <testcase time="0.0130000000000017" classname="formats" name="format_count_fraction_works_with_count_of_0"/>
    <testcase time="0.00499999999999901" classname="formats" name="format_count_fraction_works_with_count_of_0">
      <skipped message="Reason: On CRAN ('test-formats.R:47')"/>
    </testcase>
    <testcase time="0.0130000000000017" classname="formats" name="format_count_fraction_fixed_dp_works_with_healthy_inputs"/>
    <testcase time="0.00499999999999901" classname="formats" name="format_count_fraction_fixed_dp_works_with_healthy_inputs">
      <skipped message="Reason: On CRAN ('test-formats.R:54')"/>
    </testcase>
    <testcase time="0.0120000000000005" classname="formats" name="format_count_fraction_fixed_dp_works_with_healthy_inputs"/>
    <testcase time="0.00600000000000023" classname="formats" name="format_count_fraction_fixed_dp_works_with_healthy_inputs">
      <skipped message="Reason: On CRAN ('test-formats.R:61')"/>
    </testcase>
    <testcase time="0.0120000000000005" classname="formats" name="format_count_fraction_fixed_dp_works_with_count_of_0"/>
    <testcase time="0.00499999999999901" classname="formats" name="format_count_fraction_fixed_dp_works_with_count_of_0">
      <skipped message="Reason: On CRAN ('test-formats.R:68')"/>
    </testcase>
    <testcase time="0.0160000000000018" classname="formats" name="format_fraction_fails_with_bad_inputs"/>
    <testcase time="0.00599999999999667" classname="formats" name="format_fraction_fails_with_bad_inputs"/>
    <testcase time="0.00700000000000145" classname="formats" name="format_xx_works_with_easy_inputs"/>
    <testcase time="0.0139999999999993" classname="formats" name="format_xx_works_with_easy_inputs">
      <skipped message="Reason: On CRAN ('test-formats.R:87')"/>
    </testcase>
    <testcase time="0.0160000000000018" classname="formats" name="format_fraction_threshold_works_with_easy_inputs"/>
    <testcase time="0.00600000000000023" classname="formats" name="format_fraction_threshold_works_with_easy_inputs">
      <skipped message="Reason: On CRAN ('test-formats.R:96')"/>
    </testcase>
    <testcase time="0.0129999999999981" classname="formats" name="h_get_format_threshold_works_with_easy_inputs"/>
    <testcase time="0.00600000000000023" classname="formats" name="h_get_format_threshold_works_with_easy_inputs">
      <skipped message="Reason: On CRAN ('test-formats.R:104')"/>
    </testcase>
    <testcase time="0.0120000000000005" classname="formats" name="h_format_threshold_works_with_easy_inputs"/>
    <testcase time="0.00600000000000023" classname="formats" name="h_format_threshold_works_with_easy_inputs">
      <skipped message="Reason: On CRAN ('test-formats.R:118')"/>
    </testcase>
    <testcase time="0.0120000000000005" classname="formats" name="format_extreme_values_works_with_easy_inputs"/>
    <testcase time="0.00500000000000256" classname="formats" name="format_extreme_values_works_with_easy_inputs">
      <skipped message="Reason: On CRAN ('test-formats.R:127')"/>
    </testcase>
    <testcase time="0.0129999999999981" classname="formats" name="format_extreme_values_ci_works_with_easy_inputs"/>
    <testcase time="0.00500000000000256" classname="formats" name="format_extreme_values_ci_works_with_easy_inputs">
      <skipped message="Reason: On CRAN ('test-formats.R:136')"/>
    </testcase>
  </testsuite>
  <testsuite name="g_forest" timestamp="2023-02-01T23:51:37Z" hostname="309a2673c371" tests="2" skipped="0" failures="0" errors="0" time="3.061">
    <testcase time="2.914" classname="g_forest" name="g_forest_default_plot_works"/>
    <testcase time="0.147000000000002" classname="g_forest" name="g_forest_works_with_custom_arguments"/>
  </testsuite>
  <testsuite name="g_km" timestamp="2023-02-01T23:51:40Z" hostname="309a2673c371" tests="3" skipped="0" failures="0" errors="0" time="0.695">
    <testcase time="0.219999999999999" classname="g_km" name="g_km_default_plot_works"/>
    <testcase time="0.302" classname="g_km" name="g_km_default_plot_witch_ci_ribbon_TRUE_works"/>
    <testcase time="0.173000000000002" classname="g_km" name="g_km_plot_with_in_group_labels_works"/>
  </testsuite>
  <testsuite name="g_lineplot" timestamp="2023-02-01T23:51:41Z" hostname="309a2673c371" tests="2" skipped="0" failures="0" errors="0" time="0.528">
    <testcase time="0.093" classname="g_lineplot" name="g_lineplot_works_with_default_settings"/>
    <testcase time="0.434999999999999" classname="g_lineplot" name="g_lineplot_works_with_custom_settings_and_statistics_table"/>
  </testsuite>
  <testsuite name="g_step" timestamp="2023-02-01T23:51:41Z" hostname="309a2673c371" tests="12" skipped="2" failures="0" errors="0" time="0.278">
    <testcase time="0.108999999999998" classname="g_step" name="g_step_works_with_default_settings"/>
    <testcase time="0.0510000000000019" classname="g_step" name="g_step_works_with_custom_settings"/>
    <testcase time="0.00799999999999912" classname="g_step" name="tidy.step_works_as_expected_for_survival_STEP_results"/>
    <testcase time="0.00199999999999889" classname="g_step" name="tidy.step_works_as_expected_for_survival_STEP_results"/>
    <testcase time="0.00600000000000023" classname="g_step" name="tidy.step_works_as_expected_for_survival_STEP_results">
      <skipped message="Reason: On CRAN ('test-g_step.R:36')"/>
    </testcase>
    <testcase time="0.054000000000002" classname="g_step" name="tidy.step_works_as_expected_for_response_STEP_results"/>
    <testcase time="0.00199999999999889" classname="g_step" name="tidy.step_works_as_expected_for_response_STEP_results"/>
    <testcase time="0.00499999999999901" classname="g_step" name="tidy.step_works_as_expected_for_response_STEP_results">
      <skipped message="Reason: On CRAN ('test-g_step.R:65')"/>
    </testcase>
    <testcase time="0.0180000000000007" classname="g_step" name="tidy.step_gives_expected_warnings_when_there_are_NAs_in_y_variables"/>
    <testcase time="0.00600000000000023" classname="g_step" name="tidy.step_gives_expected_warnings_when_there_are_NAs_in_y_variables"/>
    <testcase time="0.00999999999999801" classname="g_step" name="tidy.step_gives_expected_warnings_when_there_are_very_large_values_in_y_variables"/>
    <testcase time="0.00700000000000145" classname="g_step" name="tidy.step_gives_expected_warnings_when_there_are_very_large_values_in_y_variables"/>
  </testsuite>
  <testsuite name="g_waterfall" timestamp="2023-02-01T23:51:41Z" hostname="309a2673c371" tests="2" skipped="0" failures="0" errors="0" time="0.038">
    <testcase time="0.0169999999999995" classname="g_waterfall" name="g_waterfall_default_plot_works"/>
    <testcase time="0.0210000000000008" classname="g_waterfall" name="g_waterfall_plot_with_labels_and_colors_works"/>
  </testsuite>
  <testsuite name="h_adsl_adlb_merge_using_worst_flag" timestamp="2023-02-01T23:51:41Z" hostname="309a2673c371" tests="10" skipped="5" failures="0" errors="0" time="0.39">
    <testcase time="0.0679999999999978" classname="h_adsl_adlb_merge_using_worst_flag" name="h_adsl_adlb_merge_using_worst_flag_generates_missing_for_patients_without_any_lab"/>
    <testcase time="0.00900000000000034" classname="h_adsl_adlb_merge_using_worst_flag" name="h_adsl_adlb_merge_using_worst_flag_generates_missing_for_patients_without_any_lab">
      <skipped message="Reason: On CRAN ('test-h_adsl_adlb_merge_using_worst_flag.R:10')"/>
    </testcase>
    <testcase time="0.0620000000000012" classname="h_adsl_adlb_merge_using_worst_flag" name="h_adsl_adlb_merge_using_worst_flag_generates_missing_for_patients_missing_baseline_lab"/>
    <testcase time="0.00900000000000034" classname="h_adsl_adlb_merge_using_worst_flag" name="h_adsl_adlb_merge_using_worst_flag_generates_missing_for_patients_missing_baseline_lab">
      <skipped message="Reason: On CRAN ('test-h_adsl_adlb_merge_using_worst_flag.R:24')"/>
    </testcase>
    <testcase time="0.0629999999999988" classname="h_adsl_adlb_merge_using_worst_flag" name="h_adsl_adlb_merge_using_worst_flag_generates_missing_for_patients_missing_post_baseline_lab"/>
    <testcase time="0.00900000000000034" classname="h_adsl_adlb_merge_using_worst_flag" name="h_adsl_adlb_merge_using_worst_flag_generates_missing_for_patients_missing_post_baseline_lab">
      <skipped message="Reason: On CRAN ('test-h_adsl_adlb_merge_using_worst_flag.R:38')"/>
    </testcase>
    <testcase time="0.0800000000000018" classname="h_adsl_adlb_merge_using_worst_flag" name="h_adsl_adlb_merge_using_worst_flag_generates_missing_for_patients_without_any_worst_flagged_post_baseline_values"/>
    <testcase time="0.00900000000000034" classname="h_adsl_adlb_merge_using_worst_flag" name="h_adsl_adlb_merge_using_worst_flag_generates_missing_for_patients_without_any_worst_flagged_post_baseline_values">
      <skipped message="Reason: On CRAN ('test-h_adsl_adlb_merge_using_worst_flag.R:54')"/>
    </testcase>
    <testcase time="0.0699999999999967" classname="h_adsl_adlb_merge_using_worst_flag" name="h_adsl_adlb_merge_using_worst_flag_generates_missing_and_by_visit_lab_results"/>
    <testcase time="0.0110000000000028" classname="h_adsl_adlb_merge_using_worst_flag" name="h_adsl_adlb_merge_using_worst_flag_generates_missing_and_by_visit_lab_results">
      <skipped message="Reason: On CRAN ('test-h_adsl_adlb_merge_using_worst_flag.R:67')"/>
    </testcase>
  </testsuite>
  <testsuite name="h_format_row" timestamp="2023-02-01T23:51:42Z" hostname="309a2673c371" tests="2" skipped="1" failures="0" errors="0" time="0.024">
    <testcase time="0.0180000000000007" classname="h_format_row" name="h_format_row_returns_the_correct_dataframe"/>
    <testcase time="0.00599999999999667" classname="h_format_row" name="h_format_row_returns_the_correct_dataframe">
      <skipped message="Reason: On CRAN ('test-h_format_row.R:11')"/>
    </testcase>
  </testsuite>
  <testsuite name="h_logistic_regression" timestamp="2023-02-01T23:51:42Z" hostname="309a2673c371" tests="54" skipped="16" failures="0" errors="0" time="0.6">
    <testcase time="0.0530000000000008" classname="h_logistic_regression" name="h_get_interaction_vars_works_as_expected"/>
    <testcase time="0.00600000000000023" classname="h_logistic_regression" name="h_get_interaction_vars_works_as_expected">
      <skipped message="Reason: On CRAN ('test-h_logistic_regression.R:28')"/>
    </testcase>
    <testcase time="0.0289999999999999" classname="h_logistic_regression" name="h_interaction_coef_name_works_as_expected"/>
    <testcase time="0.00700000000000145" classname="h_logistic_regression" name="h_interaction_coef_name_works_as_expected">
      <skipped message="Reason: On CRAN ('test-h_logistic_regression.R:49')"/>
    </testcase>
    <testcase time="0.0199999999999996" classname="h_logistic_regression" name="h_or_cat_interaction_works_as_expected"/>
    <testcase time="0.00100000000000122" classname="h_logistic_regression" name="h_or_cat_interaction_works_as_expected"/>
    <testcase time="0.00199999999999889" classname="h_logistic_regression" name="h_or_cat_interaction_works_as_expected"/>
    <testcase time="0.00100000000000122" classname="h_logistic_regression" name="h_or_cat_interaction_works_as_expected"/>
    <testcase time="0.000999999999997669" classname="h_logistic_regression" name="h_or_cat_interaction_works_as_expected"/>
    <testcase time="0.00100000000000122" classname="h_logistic_regression" name="h_or_cat_interaction_works_as_expected"/>
    <testcase time="0.00199999999999889" classname="h_logistic_regression" name="h_or_cat_interaction_works_as_expected"/>
    <testcase time="0.00600000000000023" classname="h_logistic_regression" name="h_or_cat_interaction_works_as_expected">
      <skipped message="Reason: On CRAN ('test-h_logistic_regression.R:74')"/>
    </testcase>
    <testcase time="0.0169999999999995" classname="h_logistic_regression" name="h_or_cont_interaction_works_as_expected_with_median_increment"/>
    <testcase time="0.00200000000000244" classname="h_logistic_regression" name="h_or_cont_interaction_works_as_expected_with_median_increment"/>
    <testcase time="0.000999999999997669" classname="h_logistic_regression" name="h_or_cont_interaction_works_as_expected_with_median_increment"/>
    <testcase time="0.00100000000000122" classname="h_logistic_regression" name="h_or_cont_interaction_works_as_expected_with_median_increment"/>
    <testcase time="0.00199999999999889" classname="h_logistic_regression" name="h_or_cont_interaction_works_as_expected_with_median_increment"/>
    <testcase time="0.00100000000000122" classname="h_logistic_regression" name="h_or_cont_interaction_works_as_expected_with_median_increment"/>
    <testcase time="0.00199999999999889" classname="h_logistic_regression" name="h_or_cont_interaction_works_as_expected_with_median_increment"/>
    <testcase time="0.00499999999999901" classname="h_logistic_regression" name="h_or_cont_interaction_works_as_expected_with_median_increment">
      <skipped message="Reason: On CRAN ('test-h_logistic_regression.R:107')"/>
    </testcase>
    <testcase time="0.0180000000000007" classname="h_logistic_regression" name="h_or_cont_interaction_works_as_expected_with_custom_increments"/>
    <testcase time="0.00100000000000122" classname="h_logistic_regression" name="h_or_cont_interaction_works_as_expected_with_custom_increments"/>
    <testcase time="0.00199999999999889" classname="h_logistic_regression" name="h_or_cont_interaction_works_as_expected_with_custom_increments"/>
    <testcase time="0.00200000000000244" classname="h_logistic_regression" name="h_or_cont_interaction_works_as_expected_with_custom_increments"/>
    <testcase time="0.00499999999999901" classname="h_logistic_regression" name="h_or_cont_interaction_works_as_expected_with_custom_increments">
      <skipped message="Reason: On CRAN ('test-h_logistic_regression.R:146')"/>
    </testcase>
    <testcase time="0.0180000000000007" classname="h_logistic_regression" name="h_or_interaction_works_as_expected"/>
    <testcase time="0.0069999999999979" classname="h_logistic_regression" name="h_or_interaction_works_as_expected"/>
    <testcase time="0.00600000000000023" classname="h_logistic_regression" name="h_simple_term_labels_works_correctly_with_factor_input"/>
    <testcase time="0.00600000000000023" classname="h_logistic_regression" name="h_simple_term_labels_works_correctly_with_factor_input">
      <skipped message="Reason: On CRAN ('test-h_logistic_regression.R:204')"/>
    </testcase>
    <testcase time="0.0130000000000017" classname="h_logistic_regression" name="h_interaction_term_labels_works_correctly_with_factor_input"/>
    <testcase time="0.00600000000000023" classname="h_logistic_regression" name="h_interaction_term_labels_works_correctly_with_factor_input">
      <skipped message="Reason: On CRAN ('test-h_logistic_regression.R:218')"/>
    </testcase>
    <testcase time="0.0129999999999981" classname="h_logistic_regression" name="h_interaction_term_labels_works_correctly_when_any_term_can_be_fulfilled"/>
    <testcase time="0.00600000000000023" classname="h_logistic_regression" name="h_interaction_term_labels_works_correctly_when_any_term_can_be_fulfilled">
      <skipped message="Reason: On CRAN ('test-h_logistic_regression.R:230')"/>
    </testcase>
    <testcase time="0.0240000000000009" classname="h_logistic_regression" name="h_glm_simple_term_extract_works_for_factor_and_numeric_variables"/>
    <testcase time="0.00800000000000267" classname="h_logistic_regression" name="h_glm_simple_term_extract_works_for_factor_and_numeric_variables">
      <skipped message="Reason: On CRAN ('test-h_logistic_regression.R:247')"/>
    </testcase>
    <testcase time="0.0209999999999972" classname="h_logistic_regression" name="h_glm_simple_term_extract_can_extract_continuous_variable_results_from_clogit_objects"/>
    <testcase time="0.00200000000000244" classname="h_logistic_regression" name="h_glm_simple_term_extract_can_extract_continuous_variable_results_from_clogit_objects"/>
    <testcase time="0.00600000000000023" classname="h_logistic_regression" name="h_glm_simple_term_extract_can_extract_continuous_variable_results_from_clogit_objects">
      <skipped message="Reason: On CRAN ('test-h_logistic_regression.R:279')"/>
    </testcase>
    <testcase time="0.0410000000000004" classname="h_logistic_regression" name="h_glm_interaction_extract_works_for_categorical_interaction"/>
    <testcase time="0.00799999999999912" classname="h_logistic_regression" name="h_glm_interaction_extract_works_for_categorical_interaction">
      <skipped message="Reason: On CRAN ('test-h_logistic_regression.R:296')"/>
    </testcase>
    <testcase time="0.0240000000000009" classname="h_logistic_regression" name="h_glm_interaction_extract_works_for_continuous_interaction"/>
    <testcase time="0.00799999999999912" classname="h_logistic_regression" name="h_glm_interaction_extract_works_for_continuous_interaction">
      <skipped message="Reason: On CRAN ('test-h_logistic_regression.R:313')"/>
    </testcase>
    <testcase time="0.027000000000001" classname="h_logistic_regression" name="h_logistic_simple_terms_works"/>
    <testcase time="0.00799999999999912" classname="h_logistic_regression" name="h_logistic_simple_terms_works">
      <skipped message="Reason: On CRAN ('test-h_logistic_regression.R:332')"/>
    </testcase>
    <testcase time="0.0219999999999985" classname="h_logistic_regression" name="h_logistic_simple_terms_can_extract_continuous_variable_results_from_clogit_objects"/>
    <testcase time="0.00199999999999889" classname="h_logistic_regression" name="h_logistic_simple_terms_can_extract_continuous_variable_results_from_clogit_objects"/>
    <testcase time="0.00600000000000023" classname="h_logistic_regression" name="h_logistic_simple_terms_can_extract_continuous_variable_results_from_clogit_objects">
      <skipped message="Reason: On CRAN ('test-h_logistic_regression.R:365')"/>
    </testcase>
    <testcase time="0.0289999999999999" classname="h_logistic_regression" name="h_glm_inter_term_extract_works_as_expected_with_categorical_interaction"/>
    <testcase time="0.00900000000000034" classname="h_logistic_regression" name="h_glm_inter_term_extract_works_as_expected_with_categorical_interaction">
      <skipped message="Reason: On CRAN ('test-h_logistic_regression.R:387')"/>
    </testcase>
    <testcase time="0.027000000000001" classname="h_logistic_regression" name="h_glm_inter_term_extract_works_as_expected_with_continuous_interaction"/>
    <testcase time="0.00499999999999901" classname="h_logistic_regression" name="h_glm_inter_term_extract_works_as_expected_with_continuous_interaction"/>
    <testcase time="0.0489999999999995" classname="h_logistic_regression" name="h_logistic_inter_terms_works_as_expected"/>
    <testcase time="0.00300000000000011" classname="h_logistic_regression" name="h_logistic_inter_terms_works_as_expected"/>
    <testcase time="0.00799999999999912" classname="h_logistic_regression" name="h_logistic_inter_terms_works_as_expected">
      <skipped message="Reason: On CRAN ('test-h_logistic_regression.R:434')"/>
    </testcase>
  </testsuite>
  <testsuite name="h_map_for_count_abnormal" timestamp="2023-02-01T23:51:42Z" hostname="309a2673c371" tests="14" skipped="7" failures="0" errors="0" time="0.268">
    <testcase time="0.0289999999999999" classname="h_map_for_count_abnormal" name="h_map_for_count_abnormal_returns_the_correct_map_for_default_method_with_healthy_single_input"/>
    <testcase time="0.0130000000000017" classname="h_map_for_count_abnormal" name="h_map_for_count_abnormal_returns_the_correct_map_for_default_method_with_healthy_single_input">
      <skipped message="Reason: On CRAN ('test-h_map_for_count_abnormal.R:26')"/>
    </testcase>
    <testcase time="0.0210000000000008" classname="h_map_for_count_abnormal" name="h_map_for_count_abnormal_returns_the_correct_map_for_range_method_with_healthy_single_input"/>
    <testcase time="0.0139999999999993" classname="h_map_for_count_abnormal" name="h_map_for_count_abnormal_returns_the_correct_map_for_range_method_with_healthy_single_input">
      <skipped message="Reason: On CRAN ('test-h_map_for_count_abnormal.R:47')"/>
    </testcase>
    <testcase time="0.0210000000000008" classname="h_map_for_count_abnormal" name="h_map_for_count_abnormal_returns_the_correct_map_for_default_method_with_unused_LOW_LOW_HIGH_HIGH_input"/>
    <testcase time="0.0139999999999993" classname="h_map_for_count_abnormal" name="h_map_for_count_abnormal_returns_the_correct_map_for_default_method_with_unused_LOW_LOW_HIGH_HIGH_input">
      <skipped message="Reason: On CRAN ('test-h_map_for_count_abnormal.R:68')"/>
    </testcase>
    <testcase time="0.0219999999999985" classname="h_map_for_count_abnormal" name="h_map_for_count_abnormal_returns_the_correct_map_for_range_method_with_unused_LOW_LOW_HIGH_HIGH_input"/>
    <testcase time="0.0139999999999993" classname="h_map_for_count_abnormal" name="h_map_for_count_abnormal_returns_the_correct_map_for_range_method_with_unused_LOW_LOW_HIGH_HIGH_input">
      <skipped message="Reason: On CRAN ('test-h_map_for_count_abnormal.R:94')"/>
    </testcase>
    <testcase time="0.022000000000002" classname="h_map_for_count_abnormal" name="h_map_for_count_abnormal_returns_the_correct_map_for_default_method_with_unused_LOW_LOW_HIGH_HIGH_input"/>
    <testcase time="0.0139999999999993" classname="h_map_for_count_abnormal" name="h_map_for_count_abnormal_returns_the_correct_map_for_default_method_with_unused_LOW_LOW_HIGH_HIGH_input">
      <skipped message="Reason: On CRAN ('test-h_map_for_count_abnormal.R:120')"/>
    </testcase>
    <testcase time="0.022000000000002" classname="h_map_for_count_abnormal" name="h_map_for_count_abnormal_returns_the_correct_map_for_range_method_with_unused_LOW_LOW_HIGH_HIGH_input"/>
    <testcase time="0.0129999999999981" classname="h_map_for_count_abnormal" name="h_map_for_count_abnormal_returns_the_correct_map_for_range_method_with_unused_LOW_LOW_HIGH_HIGH_input">
      <skipped message="Reason: On CRAN ('test-h_map_for_count_abnormal.R:148')"/>
    </testcase>
    <testcase time="0.0339999999999989" classname="h_map_for_count_abnormal" name="h_map_for_count_abnormal_returns_the_correct_map_for_range_method_with_unused_LOW_LOW_HIGH_HIGH_input"/>
    <testcase time="0.0150000000000006" classname="h_map_for_count_abnormal" name="h_map_for_count_abnormal_returns_the_correct_map_for_range_method_with_unused_LOW_LOW_HIGH_HIGH_input">
      <skipped message="Reason: On CRAN ('test-h_map_for_count_abnormal.R:175')"/>
    </testcase>
  </testsuite>
  <testsuite name="h_pkparam_sort" timestamp="2023-02-01T23:51:43Z" hostname="309a2673c371" tests="4" skipped="2" failures="0" errors="0" time="0.046">
    <testcase time="0.0210000000000008" classname="h_pkparam_sort" name="h_pkparam_sort_with_PARAMCD"/>
    <testcase time="0.00499999999999901" classname="h_pkparam_sort" name="h_pkparam_sort_with_PARAMCD">
      <skipped message="Reason: On CRAN ('test-h_pkparam_sort.R:6')"/>
    </testcase>
    <testcase time="0.0150000000000006" classname="h_pkparam_sort" name="h_pkparam_sort_with_out_PARAMCD"/>
    <testcase time="0.00499999999999901" classname="h_pkparam_sort" name="h_pkparam_sort_with_out_PARAMCD">
      <skipped message="Reason: On CRAN ('test-h_pkparam_sort.R:17')"/>
    </testcase>
  </testsuite>
  <testsuite name="h_response_biomarkers_subgroups" timestamp="2023-02-01T23:51:43Z" hostname="309a2673c371" tests="15" skipped="5" failures="0" errors="0" time="0.245">
    <testcase time="0.027000000000001" classname="h_response_biomarkers_subgroups" name="h_rsp_to_logistic_variables_works_as_expected"/>
    <testcase time="0.00199999999999889" classname="h_response_biomarkers_subgroups" name="h_rsp_to_logistic_variables_works_as_expected"/>
    <testcase time="0.00500000000000256" classname="h_response_biomarkers_subgroups" name="h_rsp_to_logistic_variables_works_as_expected">
      <skipped message="Reason: On CRAN ('test-h_response_biomarkers_subgroups.R:31')"/>
    </testcase>
    <testcase time="0.0359999999999978" classname="h_response_biomarkers_subgroups" name="h_logistic_mult_cont_df_works_as_expected"/>
    <testcase time="0.00200000000000244" classname="h_response_biomarkers_subgroups" name="h_logistic_mult_cont_df_works_as_expected"/>
    <testcase time="0.0069999999999979" classname="h_response_biomarkers_subgroups" name="h_logistic_mult_cont_df_works_as_expected">
      <skipped message="Reason: On CRAN ('test-h_response_biomarkers_subgroups.R:50')"/>
    </testcase>
    <testcase time="0.0150000000000006" classname="h_response_biomarkers_subgroups" name="h_logistic_mult_cont_df_returns_missing_values_if_data_is_empty_0_rows_"/>
    <testcase time="0.00199999999999889" classname="h_response_biomarkers_subgroups" name="h_logistic_mult_cont_df_returns_missing_values_if_data_is_empty_0_rows_"/>
    <testcase time="0.00600000000000023" classname="h_response_biomarkers_subgroups" name="h_logistic_mult_cont_df_returns_missing_values_if_data_is_empty_0_rows_">
      <skipped message="Reason: On CRAN ('test-h_response_biomarkers_subgroups.R:67')"/>
    </testcase>
    <testcase time="0.0370000000000026" classname="h_response_biomarkers_subgroups" name="h_logistic_mult_cont_df_also_works_with_response_not_being_called_rsp"/>
    <testcase time="0.00199999999999889" classname="h_response_biomarkers_subgroups" name="h_logistic_mult_cont_df_also_works_with_response_not_being_called_rsp"/>
    <testcase time="0.0069999999999979" classname="h_response_biomarkers_subgroups" name="h_logistic_mult_cont_df_also_works_with_response_not_being_called_rsp">
      <skipped message="Reason: On CRAN ('test-h_response_biomarkers_subgroups.R:85')"/>
    </testcase>
    <testcase time="0.0700000000000003" classname="h_response_biomarkers_subgroups" name="h_tab_rsp_one_biomarker_works_as_expected"/>
    <testcase time="0.00200000000000244" classname="h_response_biomarkers_subgroups" name="h_tab_rsp_one_biomarker_works_as_expected"/>
    <testcase time="0.0249999999999986" classname="h_response_biomarkers_subgroups" name="h_tab_rsp_one_biomarker_works_as_expected">
      <skipped message="Reason: On CRAN ('test-h_response_biomarkers_subgroups.R:112')"/>
    </testcase>
  </testsuite>
  <testsuite name="h_response_subgroups" timestamp="2023-02-01T23:51:43Z" hostname="309a2673c371" tests="29" skipped="14" failures="0" errors="0" time="0.639">
    <testcase time="0.0640000000000001" classname="h_response_subgroups" name="h_proportion_df_functions_as_expected_with_valid_input_and_default_arguments"/>
    <testcase time="0.00700000000000145" classname="h_response_subgroups" name="h_proportion_df_functions_as_expected_with_valid_input_and_default_arguments">
      <skipped message="Reason: On CRAN ('test-h_response_subgroups.R:28')"/>
    </testcase>
    <testcase time="0.0139999999999993" classname="h_response_subgroups" name="h_proportion_df_functions_as_expected_when_0_responses_in_one_group"/>
    <testcase time="0.00600000000000023" classname="h_response_subgroups" name="h_proportion_df_functions_as_expected_when_0_responses_in_one_group">
      <skipped message="Reason: On CRAN ('test-h_response_subgroups.R:38')"/>
    </testcase>
    <testcase time="0.0159999999999982" classname="h_response_subgroups" name="h_proportion_df_fails_with_wrong_input"/>
    <testcase time="0.00600000000000023" classname="h_response_subgroups" name="h_proportion_df_functions_when_0_obs_in_one_arm"/>
    <testcase time="0.00600000000000023" classname="h_response_subgroups" name="h_proportion_df_functions_when_0_obs_in_one_arm">
      <skipped message="Reason: On CRAN ('test-h_response_subgroups.R:55')"/>
    </testcase>
    <testcase time="0.0770000000000017" classname="h_response_subgroups" name="h_proportion_subgroups_df_functions_as_expected_with_valid_input_and_default_arguments"/>
    <testcase time="0.00799999999999912" classname="h_response_subgroups" name="h_proportion_subgroups_df_functions_as_expected_with_valid_input_and_default_arguments">
      <skipped message="Reason: On CRAN ('test-h_response_subgroups.R:67')"/>
    </testcase>
    <testcase time="0.0150000000000006" classname="h_response_subgroups" name="h_proportion_subgroups_df_functions_as_expected_when_subgroups_is_NULL."/>
    <testcase time="0.00600000000000023" classname="h_response_subgroups" name="h_proportion_subgroups_df_functions_as_expected_when_subgroups_is_NULL.">
      <skipped message="Reason: On CRAN ('test-h_response_subgroups.R:79')"/>
    </testcase>
    <testcase time="0.0429999999999993" classname="h_response_subgroups" name="h_proportion_subgroups_df_works_as_expected_with_groups_lists"/>
    <testcase time="0.00600000000000023" classname="h_response_subgroups" name="h_proportion_subgroups_df_works_as_expected_with_groups_lists">
      <skipped message="Reason: On CRAN ('test-h_response_subgroups.R:98')"/>
    </testcase>
    <testcase time="0.0169999999999995" classname="h_response_subgroups" name="h_odds_ratio_df_functions_as_expected_with_valid_input_and_default_arguments"/>
    <testcase time="0.00600000000000023" classname="h_response_subgroups" name="h_odds_ratio_df_functions_as_expected_with_valid_input_and_default_arguments">
      <skipped message="Reason: On CRAN ('test-h_response_subgroups.R:108')"/>
    </testcase>
    <testcase time="0.0189999999999984" classname="h_response_subgroups" name="h_odds_ratio_df_functions_as_expected_with_valid_input_and_non_default_arguments"/>
    <testcase time="0.00600000000000023" classname="h_response_subgroups" name="h_odds_ratio_df_functions_as_expected_with_valid_input_and_non_default_arguments">
      <skipped message="Reason: On CRAN ('test-h_response_subgroups.R:122')"/>
    </testcase>
    <testcase time="0.0300000000000011" classname="h_response_subgroups" name="h_odds_ratio_df_functions_as_expected_with_strata"/>
    <testcase time="0.00600000000000023" classname="h_response_subgroups" name="h_odds_ratio_df_functions_as_expected_with_strata">
      <skipped message="Reason: On CRAN ('test-h_response_subgroups.R:137')"/>
    </testcase>
    <testcase time="0.0139999999999993" classname="h_response_subgroups" name="h_odds_ratio_df_functions_when_0_obs_in_one_arm"/>
    <testcase time="0.00700000000000145" classname="h_response_subgroups" name="h_odds_ratio_df_functions_when_0_obs_in_one_arm">
      <skipped message="Reason: On CRAN ('test-h_response_subgroups.R:151')"/>
    </testcase>
    <testcase time="0.0649999999999977" classname="h_response_subgroups" name="h_odds_ratio_subgroups_df_functions_as_expected_with_valid_input_and_default_arguments"/>
    <testcase time="0.00800000000000267" classname="h_response_subgroups" name="h_odds_ratio_subgroups_df_functions_as_expected_with_valid_input_and_default_arguments">
      <skipped message="Reason: On CRAN ('test-h_response_subgroups.R:163')"/>
    </testcase>
    <testcase time="0.0179999999999971" classname="h_response_subgroups" name="h_odds_ratio_subgroups_df_functions_as_expected_when_subgroups_is_NULL."/>
    <testcase time="0.00700000000000145" classname="h_response_subgroups" name="h_odds_ratio_subgroups_df_functions_as_expected_when_subgroups_is_NULL.">
      <skipped message="Reason: On CRAN ('test-h_response_subgroups.R:175')"/>
    </testcase>
    <testcase time="0.0910000000000011" classname="h_response_subgroups" name="h_odds_ratio_subgroups_df_functions_as_expected_with_strata"/>
    <testcase time="0.00799999999999912" classname="h_response_subgroups" name="h_odds_ratio_subgroups_df_functions_as_expected_with_strata">
      <skipped message="Reason: On CRAN ('test-h_response_subgroups.R:193')"/>
    </testcase>
    <testcase time="0.0579999999999998" classname="h_response_subgroups" name="h_odds_ratio_subgroups_df_works_as_expected_with_groups_lists"/>
    <testcase time="0.00499999999999901" classname="h_response_subgroups" name="h_odds_ratio_subgroups_df_works_as_expected_with_groups_lists">
      <skipped message="Reason: On CRAN ('test-h_response_subgroups.R:216')"/>
    </testcase>
  </testsuite>
  <testsuite name="h_stack_by_baskets" timestamp="2023-02-01T23:51:44Z" hostname="309a2673c371" tests="8" skipped="3" failures="0" errors="0" time="0.168">
    <testcase time="0.0560000000000009" classname="h_stack_by_baskets" name="h_stack_by_baskets_returns_the_correct_dataframe"/>
    <testcase time="0.0229999999999997" classname="h_stack_by_baskets" name="h_stack_by_baskets_returns_the_correct_dataframe">
      <skipped message="Reason: On CRAN ('test-h_stack_by_baskets.R:8')"/>
    </testcase>
    <testcase time="0.0229999999999997" classname="h_stack_by_baskets" name="h_stack_by_baskets_fails_when_selecting_Standardized_Customized_query_names_that_do_not_start_with_SMQ_or_CQ_"/>
    <testcase time="0.0150000000000006" classname="h_stack_by_baskets" name="h_stack_by_baskets_fails_when_selecting_Standardized_Customized_query_names_that_do_not_end_with_NAM_"/>
    <testcase time="0.0150000000000006" classname="h_stack_by_baskets" name="h_stack_by_baskets_returns_an_empty_dataframe_with_desired_variables_and_labels_when_there_are_no_adverse_events_falling_within_any_of_the_baskets_selected"/>
    <testcase time="0.00600000000000023" classname="h_stack_by_baskets" name="h_stack_by_baskets_returns_an_empty_dataframe_with_desired_variables_and_labels_when_there_are_no_adverse_events_falling_within_any_of_the_baskets_selected">
      <skipped message="Reason: On CRAN ('test-h_stack_by_baskets.R:45')"/>
    </testcase>
    <testcase time="0.0249999999999986" classname="h_stack_by_baskets" name="The_levels_of_the_SMQ_column_does_also_include_the_options_from_aag_summary_not_observed_in_ADAE"/>
    <testcase time="0.00499999999999901" classname="h_stack_by_baskets" name="The_levels_of_the_SMQ_column_does_also_include_the_options_from_aag_summary_not_observed_in_ADAE">
      <skipped message="Reason: On CRAN ('test-h_stack_by_baskets.R:73')"/>
    </testcase>
  </testsuite>
  <testsuite name="h_step" timestamp="2023-02-01T23:51:44Z" hostname="309a2673c371" tests="51" skipped="8" failures="0" errors="0" time="0.718">
    <testcase time="0.0370000000000026" classname="h_step" name="h_step_window_works_as_expected_for_percentiles"/>
    <testcase time="0.000999999999997669" classname="h_step" name="h_step_window_works_as_expected_for_percentiles"/>
    <testcase time="0.00200000000000244" classname="h_step" name="h_step_window_works_as_expected_for_percentiles"/>
    <testcase time="0.00499999999999901" classname="h_step" name="h_step_window_works_as_expected_for_percentiles">
      <skipped message="Reason: On CRAN ('test-h_step.R:30')"/>
    </testcase>
    <testcase time="0.0130000000000017" classname="h_step" name="h_step_window_works_as_expected_for_actual_biomarker_values"/>
    <testcase time="0.00199999999999889" classname="h_step" name="h_step_window_works_as_expected_for_actual_biomarker_values"/>
    <testcase time="0.00499999999999901" classname="h_step" name="h_step_window_works_as_expected_for_actual_biomarker_values">
      <skipped message="Reason: On CRAN ('test-h_step.R:56')"/>
    </testcase>
    <testcase time="0.0130000000000017" classname="h_step" name="h_step_window_also_works_for_bandwidth_NULL_"/>
    <testcase time="0.00399999999999778" classname="h_step" name="h_step_window_also_works_for_bandwidth_NULL_"/>
    <testcase time="0.00400000000000134" classname="h_step" name="h_step_window_also_works_for_bandwidth_NULL_"/>
    <testcase time="0.00400000000000134" classname="h_step" name="h_step_window_also_works_for_bandwidth_NULL_"/>
    <testcase time="0.0249999999999986" classname="h_step" name="h_step_trt_effect_works_for_Cox_models_without_interaction"/>
    <testcase time="0.0169999999999995" classname="h_step" name="h_step_trt_effect_works_for_Cox_models_with_interaction"/>
    <testcase time="0.00700000000000145" classname="h_step" name="h_step_trt_effect_works_for_Cox_models_with_interaction"/>
    <testcase time="0.00199999999999889" classname="h_step" name="h_step_trt_effect_works_for_Cox_models_with_interaction"/>
    <testcase time="0.00600000000000023" classname="h_step" name="h_step_trt_effect_works_for_Cox_models_with_interaction">
      <skipped message="Reason: On CRAN ('test-h_step.R:124')"/>
    </testcase>
    <testcase time="0.0199999999999996" classname="h_step" name="h_step_trt_effect_works_for_Cox_models_with_strata"/>
    <testcase time="0.00499999999999901" classname="h_step" name="h_step_trt_effect_works_for_Cox_models_with_strata"/>
    <testcase time="0.0120000000000005" classname="h_step" name="h_step_trt_effect_works_for_logistic_regression_models_without_interaction"/>
    <testcase time="0.0150000000000006" classname="h_step" name="h_step_trt_effect_works_for_logistic_regression_models_with_interaction"/>
    <testcase time="0.00799999999999912" classname="h_step" name="h_step_trt_effect_works_for_logistic_regression_models_with_interaction"/>
    <testcase time="0.00200000000000244" classname="h_step" name="h_step_trt_effect_works_for_logistic_regression_models_with_interaction"/>
    <testcase time="0.00600000000000023" classname="h_step" name="h_step_trt_effect_works_for_logistic_regression_models_with_interaction">
      <skipped message="Reason: On CRAN ('test-h_step.R:193')"/>
    </testcase>
    <testcase time="0.0659999999999989" classname="h_step" name="h_step_trt_effect_works_for_conditional_logistic_regression_without_interaction"/>
    <testcase time="0.18" classname="h_step" name="h_step_trt_effect_works_for_conditional_logistic_regression_with_interaction"/>
    <testcase time="0.00199999999999889" classname="h_step" name="h_step_trt_effect_works_for_conditional_logistic_regression_with_interaction"/>
    <testcase time="0.00600000000000023" classname="h_step" name="h_step_trt_effect_works_for_conditional_logistic_regression_with_interaction">
      <skipped message="Reason: On CRAN ('test-h_step.R:232')"/>
    </testcase>
    <testcase time="0.0160000000000018" classname="h_step" name="h_step_survival_formula_works_correctly_without_covariates_or_strata"/>
    <testcase time="0.00499999999999901" classname="h_step" name="h_step_survival_formula_works_correctly_without_covariates_or_strata"/>
    <testcase time="0.00900000000000034" classname="h_step" name="h_step_survival_formula_works_correctly_with_covariates"/>
    <testcase time="0.00799999999999912" classname="h_step" name="h_step_survival_formula_works_correctly_with_strata"/>
    <testcase time="0.0160000000000018" classname="h_step" name="h_step_survival_est_works_as_expected"/>
    <testcase time="0.00499999999999901" classname="h_step" name="h_step_survival_est_works_as_expected"/>
    <testcase time="0.00199999999999889" classname="h_step" name="h_step_survival_est_works_as_expected"/>
    <testcase time="0.00499999999999901" classname="h_step" name="h_step_survival_est_works_as_expected">
      <skipped message="Reason: On CRAN ('test-h_step.R:302')"/>
    </testcase>
    <testcase time="0.0410000000000004" classname="h_step" name="h_step_survival_est_gives_a_readable_warning_when_fitting_warnings_occur"/>
    <testcase time="0.0100000000000016" classname="h_step" name="h_step_rsp_formula_works_correctly_without_covariates"/>
    <testcase time="0.00499999999999901" classname="h_step" name="h_step_rsp_formula_works_correctly_without_covariates"/>
    <testcase time="0.00900000000000034" classname="h_step" name="h_step_rsp_formula_works_correctly_with_covariates"/>
    <testcase time="0.00900000000000034" classname="h_step" name="h_step_rsp_formula_works_correctly_with_different_response_definition"/>
    <testcase time="0.00799999999999912" classname="h_step" name="h_step_rsp_formula_works_correctly_with_strata"/>
    <testcase time="0.00500000000000256" classname="h_step" name="h_step_rsp_formula_works_correctly_with_strata"/>
    <testcase time="0.0139999999999993" classname="h_step" name="h_step_rsp_est_works_as_expected_without_strata"/>
    <testcase time="0.00399999999999778" classname="h_step" name="h_step_rsp_est_works_as_expected_without_strata"/>
    <testcase time="0.00199999999999889" classname="h_step" name="h_step_rsp_est_works_as_expected_without_strata"/>
    <testcase time="0.00600000000000023" classname="h_step" name="h_step_rsp_est_works_as_expected_without_strata">
      <skipped message="Reason: On CRAN ('test-h_step.R:427')"/>
    </testcase>
    <testcase time="0.027000000000001" classname="h_step" name="h_step_rsp_est_works_as_expected_with_strata"/>
    <testcase time="0.00400000000000134" classname="h_step" name="h_step_rsp_est_works_as_expected_with_strata"/>
    <testcase time="0.00300000000000011" classname="h_step" name="h_step_rsp_est_works_as_expected_with_strata"/>
    <testcase time="0.00499999999999901" classname="h_step" name="h_step_rsp_est_works_as_expected_with_strata">
      <skipped message="Reason: On CRAN ('test-h_step.R:464')"/>
    </testcase>
    <testcase time="0.0310000000000024" classname="h_step" name="h_step_rsp_est_gives_a_readable_warning_when_fitting_warnings_occur"/>
  </testsuite>
  <testsuite name="h_survival_biomarkers_subgroups" timestamp="2023-02-01T23:51:45Z" hostname="309a2673c371" tests="12" skipped="4" failures="0" errors="0" time="0.22">
    <testcase time="0.0229999999999997" classname="h_survival_biomarkers_subgroups" name="h_surv_to_coxreg_variables_works_as_expected"/>
    <testcase time="0.00199999999999889" classname="h_survival_biomarkers_subgroups" name="h_surv_to_coxreg_variables_works_as_expected"/>
    <testcase time="0.00499999999999901" classname="h_survival_biomarkers_subgroups" name="h_surv_to_coxreg_variables_works_as_expected">
      <skipped message="Reason: On CRAN ('test-h_survival_biomarkers_subgroups.R:37')"/>
    </testcase>
    <testcase time="0.0730000000000004" classname="h_survival_biomarkers_subgroups" name="h_coxreg_mult_cont_df_works_as_expected"/>
    <testcase time="0.00200000000000244" classname="h_survival_biomarkers_subgroups" name="h_coxreg_mult_cont_df_works_as_expected"/>
    <testcase time="0.00799999999999912" classname="h_survival_biomarkers_subgroups" name="h_coxreg_mult_cont_df_works_as_expected">
      <skipped message="Reason: On CRAN ('test-h_survival_biomarkers_subgroups.R:57')"/>
    </testcase>
    <testcase time="0.0150000000000006" classname="h_survival_biomarkers_subgroups" name="h_coxreg_mult_cont_df_returns_missing_values_if_data_is_empty_0_rows_"/>
    <testcase time="0.00199999999999889" classname="h_survival_biomarkers_subgroups" name="h_coxreg_mult_cont_df_returns_missing_values_if_data_is_empty_0_rows_"/>
    <testcase time="0.00600000000000023" classname="h_survival_biomarkers_subgroups" name="h_coxreg_mult_cont_df_returns_missing_values_if_data_is_empty_0_rows_">
      <skipped message="Reason: On CRAN ('test-h_survival_biomarkers_subgroups.R:75')"/>
    </testcase>
    <testcase time="0.0569999999999986" classname="h_survival_biomarkers_subgroups" name="h_tab_surv_one_biomarker_works_as_expected"/>
    <testcase time="0.00200000000000244" classname="h_survival_biomarkers_subgroups" name="h_tab_surv_one_biomarker_works_as_expected"/>
    <testcase time="0.0249999999999986" classname="h_survival_biomarkers_subgroups" name="h_tab_surv_one_biomarker_works_as_expected">
      <skipped message="Reason: On CRAN ('test-h_survival_biomarkers_subgroups.R:103')"/>
    </testcase>
  </testsuite>
  <testsuite name="h_survival_duration_subgroups" timestamp="2023-02-01T23:51:45Z" hostname="309a2673c371" tests="33" skipped="16" failures="0" errors="0" time="0.77">
    <testcase time="0.0489999999999995" classname="h_survival_duration_subgroups" name="h_survtime_df_functions_as_expected_with_valid_input_and_default_arguments"/>
    <testcase time="0.00600000000000023" classname="h_survival_duration_subgroups" name="h_survtime_df_functions_as_expected_with_valid_input_and_default_arguments">
      <skipped message="Reason: On CRAN ('test-h_survival_duration_subgroups.R:35')"/>
    </testcase>
    <testcase time="0.0199999999999996" classname="h_survival_duration_subgroups" name="h_survtime_df_functions_as_expected_when_median_is_NA"/>
    <testcase time="0.00600000000000023" classname="h_survival_duration_subgroups" name="h_survtime_df_functions_as_expected_when_median_is_NA">
      <skipped message="Reason: On CRAN ('test-h_survival_duration_subgroups.R:55')"/>
    </testcase>
    <testcase time="0.0280000000000022" classname="h_survival_duration_subgroups" name="h_survtime_df_functions_as_expected_when_0_records_in_one_group"/>
    <testcase time="0.00799999999999912" classname="h_survival_duration_subgroups" name="h_survtime_df_functions_as_expected_when_0_records_in_one_group">
      <skipped message="Reason: On CRAN ('test-h_survival_duration_subgroups.R:75')"/>
    </testcase>
    <testcase time="0.0189999999999984" classname="h_survival_duration_subgroups" name="h_survtime_df_fails_with_wrong_input"/>
    <testcase time="0.00800000000000267" classname="h_survival_duration_subgroups" name="h_split_by_subgroups_functions_as_expected_with_valid_input_and_default_arguments"/>
    <testcase time="0.00899999999999679" classname="h_survival_duration_subgroups" name="h_split_by_subgroups_functions_as_expected_with_valid_input_and_default_arguments">
      <skipped message="Reason: On CRAN ('test-h_survival_duration_subgroups.R:102')"/>
    </testcase>
    <testcase time="0.0160000000000018" classname="h_survival_duration_subgroups" name="h_split_by_subgroups_works_as_expected_with_groups_lists"/>
    <testcase time="0.00499999999999901" classname="h_survival_duration_subgroups" name="h_split_by_subgroups_works_as_expected_with_groups_lists">
      <skipped message="Reason: On CRAN ('test-h_survival_duration_subgroups.R:124')"/>
    </testcase>
    <testcase time="0.0760000000000005" classname="h_survival_duration_subgroups" name="h_survtime_subgroups_df_functions_as_expected_with_valid_input_and_default_arguments"/>
    <testcase time="0.00700000000000145" classname="h_survival_duration_subgroups" name="h_survtime_subgroups_df_functions_as_expected_with_valid_input_and_default_arguments">
      <skipped message="Reason: On CRAN ('test-h_survival_duration_subgroups.R:139')"/>
    </testcase>
    <testcase time="0.0209999999999972" classname="h_survival_duration_subgroups" name="h_survtime_subgroups_df_functions_as_expected_when_subgroups_is_NULL."/>
    <testcase time="0.00700000000000145" classname="h_survival_duration_subgroups" name="h_survtime_subgroups_df_functions_as_expected_when_subgroups_is_NULL.">
      <skipped message="Reason: On CRAN ('test-h_survival_duration_subgroups.R:151')"/>
    </testcase>
    <testcase time="0.0910000000000011" classname="h_survival_duration_subgroups" name="h_survtime_subgroups_df_works_as_expected_with_groups_lists"/>
    <testcase time="0.00600000000000023" classname="h_survival_duration_subgroups" name="h_survtime_subgroups_df_works_as_expected_with_groups_lists">
      <skipped message="Reason: On CRAN ('test-h_survival_duration_subgroups.R:170')"/>
    </testcase>
    <testcase time="0.0209999999999972" classname="h_survival_duration_subgroups" name="h_coxph_df_functions_as_expected_with_valid_input_and_default_arguments"/>
    <testcase time="0.00700000000000145" classname="h_survival_duration_subgroups" name="h_coxph_df_functions_as_expected_with_valid_input_and_default_arguments">
      <skipped message="Reason: On CRAN ('test-h_survival_duration_subgroups.R:183')"/>
    </testcase>
    <testcase time="0.0240000000000009" classname="h_survival_duration_subgroups" name="h_coxph_df_functions_as_expected_with_one_stratification_factor"/>
    <testcase time="0.00600000000000023" classname="h_survival_duration_subgroups" name="h_coxph_df_functions_as_expected_with_one_stratification_factor">
      <skipped message="Reason: On CRAN ('test-h_survival_duration_subgroups.R:198')"/>
    </testcase>
    <testcase time="0.0279999999999987" classname="h_survival_duration_subgroups" name="h_coxph_df_functions_as_expected_with_multiple_stratification_factors"/>
    <testcase time="0.00700000000000145" classname="h_survival_duration_subgroups" name="h_coxph_df_functions_as_expected_with_multiple_stratification_factors">
      <skipped message="Reason: On CRAN ('test-h_survival_duration_subgroups.R:212')"/>
    </testcase>
    <testcase time="0.0199999999999996" classname="h_survival_duration_subgroups" name="h_coxph_df_functions_as_expected_when_0_records_in_one_group"/>
    <testcase time="0.0069999999999979" classname="h_survival_duration_subgroups" name="h_coxph_df_functions_as_expected_when_0_records_in_one_group">
      <skipped message="Reason: On CRAN ('test-h_survival_duration_subgroups.R:226')"/>
    </testcase>
    <testcase time="0.0730000000000004" classname="h_survival_duration_subgroups" name="h_coxph_subgroups_df_functions_as_expected_with_valid_input_and_default_arguments"/>
    <testcase time="0.0199999999999996" classname="h_survival_duration_subgroups" name="h_coxph_subgroups_df_functions_as_expected_with_valid_input_and_default_arguments">
      <skipped message="Reason: On CRAN ('test-h_survival_duration_subgroups.R:238')"/>
    </testcase>
    <testcase time="0.0609999999999999" classname="h_survival_duration_subgroups" name="h_coxph_subgroups_df_functions_as_expected_with_stratification_factors"/>
    <testcase time="0.00800000000000267" classname="h_survival_duration_subgroups" name="h_coxph_subgroups_df_functions_as_expected_with_stratification_factors">
      <skipped message="Reason: On CRAN ('test-h_survival_duration_subgroups.R:263')"/>
    </testcase>
    <testcase time="0.0199999999999996" classname="h_survival_duration_subgroups" name="h_coxph_subgroups_df_functions_as_expected_when_subgroups_is_NULL."/>
    <testcase time="0.0069999999999979" classname="h_survival_duration_subgroups" name="h_coxph_subgroups_df_functions_as_expected_when_subgroups_is_NULL.">
      <skipped message="Reason: On CRAN ('test-h_survival_duration_subgroups.R:275')"/>
    </testcase>
    <testcase time="0.0730000000000004" classname="h_survival_duration_subgroups" name="h_coxph_subgroups_df_works_as_expected_with_groups_lists"/>
    <testcase time="0.00600000000000023" classname="h_survival_duration_subgroups" name="h_coxph_subgroups_df_works_as_expected_with_groups_lists">
      <skipped message="Reason: On CRAN ('test-h_survival_duration_subgroups.R:294')"/>
    </testcase>
  </testsuite>
  <testsuite name="individual_patient_plot" timestamp="2023-02-01T23:51:46Z" hostname="309a2673c371" tests="7" skipped="0" failures="0" errors="0" time="0.204">
    <testcase time="0.0380000000000003" classname="individual_patient_plot" name="h_g_ipp_works_correctly"/>
    <testcase time="0.0280000000000022" classname="individual_patient_plot" name="h_g_ipp_works_with_default_color_palette"/>
    <testcase time="0.0129999999999981" classname="individual_patient_plot" name="g_ipp_default_plot_works_with_plotting_choices_all_in_one"/>
    <testcase time="0.0279999999999987" classname="individual_patient_plot" name="g_ipp_default_plot_works_with_plotting_choices_split_by_max_obs"/>
    <testcase time="0.00500000000000256" classname="individual_patient_plot" name="g_ipp_default_plot_works_with_plotting_choices_split_by_max_obs"/>
    <testcase time="0.0859999999999985" classname="individual_patient_plot" name="g_ipp_default_plot_works_with_plotting_choices_separate_by_obs"/>
    <testcase time="0.00600000000000023" classname="individual_patient_plot" name="g_ipp_default_plot_works_with_plotting_choices_separate_by_obs"/>
  </testsuite>
  <testsuite name="kaplan_meier_plot" timestamp="2023-02-01T23:51:46Z" hostname="309a2673c371" tests="27" skipped="11" failures="0" errors="0" time="1.592">
    <testcase time="0.0199999999999996" classname="kaplan_meier_plot" name="h_data_plot_works_as_expected"/>
    <testcase time="0.00499999999999901" classname="kaplan_meier_plot" name="h_data_plot_works_as_expected">
      <skipped message="Reason: On CRAN ('test-kaplan_meier_plot.R:13')"/>
    </testcase>
    <testcase time="0.0280000000000022" classname="kaplan_meier_plot" name="h_data_plot_respects_the_ordering_of_the_arm_variable_factor_levels"/>
    <testcase time="0.00600000000000023" classname="kaplan_meier_plot" name="h_data_plot_respects_the_ordering_of_the_arm_variable_factor_levels">
      <skipped message="Reason: On CRAN ('test-kaplan_meier_plot.R:25')"/>
    </testcase>
    <testcase time="0.280999999999999" classname="kaplan_meier_plot" name="h_data_plot_adds_rows_that_have_time_0_and_estimate_1"/>
    <testcase time="0.00499999999999901" classname="kaplan_meier_plot" name="h_data_plot_adds_rows_that_have_time_0_and_estimate_1">
      <skipped message="Reason: On CRAN ('test-kaplan_meier_plot.R:36')"/>
    </testcase>
    <testcase time="0.0180000000000007" classname="kaplan_meier_plot" name="h_xticks_works_with_default_settings"/>
    <testcase time="0.00499999999999901" classname="kaplan_meier_plot" name="h_xticks_works_with_default_settings">
      <skipped message="Reason: On CRAN ('test-kaplan_meier_plot.R:49')"/>
    </testcase>
    <testcase time="0.0180000000000007" classname="kaplan_meier_plot" name="h_xticks_works_with_xticks_number"/>
    <testcase time="0.00600000000000023" classname="kaplan_meier_plot" name="h_xticks_works_with_xticks_number">
      <skipped message="Reason: On CRAN ('test-kaplan_meier_plot.R:57')"/>
    </testcase>
    <testcase time="0.0120000000000005" classname="kaplan_meier_plot" name="h_xticks_works_with_xticks_numeric"/>
    <testcase time="0.00499999999999901" classname="kaplan_meier_plot" name="h_xticks_works_with_xticks_numeric">
      <skipped message="Reason: On CRAN ('test-kaplan_meier_plot.R:66')"/>
    </testcase>
    <testcase time="0.0150000000000006" classname="kaplan_meier_plot" name="h_xticks_returns_error_when_xticks_non_numeric"/>
    <testcase time="0.0109999999999992" classname="kaplan_meier_plot" name="h_xticks_works_with_max_time_only"/>
    <testcase time="0.00500000000000256" classname="kaplan_meier_plot" name="h_xticks_works_with_max_time_only">
      <skipped message="Reason: On CRAN ('test-kaplan_meier_plot.R:79')"/>
    </testcase>
    <testcase time="0.0109999999999992" classname="kaplan_meier_plot" name="h_xticks_works_with_xticks_numeric_when_max_time_is_not_NULL"/>
    <testcase time="0.00499999999999901" classname="kaplan_meier_plot" name="h_xticks_works_with_xticks_numeric_when_max_time_is_not_NULL">
      <skipped message="Reason: On CRAN ('test-kaplan_meier_plot.R:87')"/>
    </testcase>
    <testcase time="0.0169999999999995" classname="kaplan_meier_plot" name="h_xticks_works_with_xticks_number_when_max_time_is_not_NULL"/>
    <testcase time="0.00499999999999901" classname="kaplan_meier_plot" name="h_xticks_works_with_xticks_number_when_max_time_is_not_NULL">
      <skipped message="Reason: On CRAN ('test-kaplan_meier_plot.R:94')"/>
    </testcase>
    <testcase time="0.0150000000000006" classname="kaplan_meier_plot" name="h_tbl_median_surv_estimates_median_survival_time_with_CI"/>
    <testcase time="0.00600000000000023" classname="kaplan_meier_plot" name="h_tbl_median_surv_estimates_median_survival_time_with_CI">
      <skipped message="Reason: On CRAN ('test-kaplan_meier_plot.R:102')"/>
    </testcase>
    <testcase time="0.036999999999999" classname="kaplan_meier_plot" name="h_tbl_coxph_pairwise_estimates_HR_CI_and_pvalue"/>
    <testcase time="0.00600000000000023" classname="kaplan_meier_plot" name="h_tbl_coxph_pairwise_estimates_HR_CI_and_pvalue">
      <skipped message="Reason: On CRAN ('test-kaplan_meier_plot.R:117')"/>
    </testcase>
    <testcase time="0.0560000000000009" classname="kaplan_meier_plot" name="h_grob_coxph_returns_error_when_only_one_arm"/>
    <testcase time="0.302" classname="kaplan_meier_plot" name="g_km_works_with_default_settings"/>
    <testcase time="0.375" classname="kaplan_meier_plot" name="g_km_works_with_title_footnotes_and_annotation"/>
    <testcase time="0.317" classname="kaplan_meier_plot" name="g_km_works_with_custom_settings"/>
  </testsuite>
  <testsuite name="logistic_regression" timestamp="2023-02-01T23:51:47Z" hostname="309a2673c371" tests="27" skipped="6" failures="0" errors="0" time="2.049">
    <testcase time="0.0579999999999998" classname="logistic_regression" name="fit_logistic_works_with_default_paramters"/>
    <testcase time="0.00900000000000034" classname="logistic_regression" name="fit_logistic_works_with_default_paramters"/>
    <testcase time="0.00400000000000134" classname="logistic_regression" name="fit_logistic_works_with_default_paramters"/>
    <testcase time="0.0150000000000006" classname="logistic_regression" name="fit_logistic_works_with_covariates_and_interaction"/>
    <testcase time="0.0129999999999981" classname="logistic_regression" name="fit_logistic_works_with_covariates_and_interaction"/>
    <testcase time="0.00499999999999901" classname="logistic_regression" name="fit_logistic_works_with_covariates_and_interaction"/>
    <testcase time="0.0100000000000016" classname="logistic_regression" name="fit_logistic_works_with_different_response_definition"/>
    <testcase time="0.0129999999999981" classname="logistic_regression" name="fit_logistic_works_with_a_single_stratification_variable"/>
    <testcase time="0.00100000000000122" classname="logistic_regression" name="fit_logistic_works_with_a_single_stratification_variable"/>
    <testcase time="0.00400000000000134" classname="logistic_regression" name="fit_logistic_works_with_a_single_stratification_variable"/>
    <testcase time="0.0150000000000006" classname="logistic_regression" name="fit_logistic_works_with_two_stratification_variables"/>
    <testcase time="0.000999999999997669" classname="logistic_regression" name="fit_logistic_works_with_two_stratification_variables"/>
    <testcase time="0.00400000000000134" classname="logistic_regression" name="fit_logistic_works_with_two_stratification_variables"/>
    <testcase time="0.0210000000000008" classname="logistic_regression" name="tidy.glm_works_as_expected_for_simple_case"/>
    <testcase time="0.00899999999999679" classname="logistic_regression" name="tidy.glm_works_as_expected_for_simple_case">
      <skipped message="Reason: On CRAN ('test-logistic_regression.R:145')"/>
    </testcase>
    <testcase time="0.0430000000000028" classname="logistic_regression" name="tidy.glm_works_as_expected_for_interaction_case"/>
    <testcase time="0.00799999999999912" classname="logistic_regression" name="tidy.glm_works_as_expected_for_interaction_case">
      <skipped message="Reason: On CRAN ('test-logistic_regression.R:163')"/>
    </testcase>
    <testcase time="0.0620000000000012" classname="logistic_regression" name="logistic_regression_cols_works_as_expected"/>
    <testcase time="0.0269999999999975" classname="logistic_regression" name="logistic_regression_cols_works_as_expected">
      <skipped message="Reason: On CRAN ('test-logistic_regression.R:190')"/>
    </testcase>
    <testcase time="0.0110000000000028" classname="logistic_regression" name="logistic_summary_by_flag_works"/>
    <testcase time="0.0069999999999979" classname="logistic_regression" name="logistic_summary_by_flag_works"/>
    <testcase time="0.553000000000001" classname="logistic_regression" name="summarize_logistic_works_as_expected_for_interaction_model_with_continuous_variable"/>
    <testcase time="0.125" classname="logistic_regression" name="summarize_logistic_works_as_expected_for_interaction_model_with_continuous_variable">
      <skipped message="Reason: On CRAN ('test-logistic_regression.R:224')"/>
    </testcase>
    <testcase time="0.628" classname="logistic_regression" name="summarize_logistic_works_as_expected_for_interaction_model_with_categorical_variable"/>
    <testcase time="0.135999999999999" classname="logistic_regression" name="summarize_logistic_works_as_expected_for_interaction_model_with_categorical_variable">
      <skipped message="Reason: On CRAN ('test-logistic_regression.R:248')"/>
    </testcase>
    <testcase time="0.213999999999999" classname="logistic_regression" name="summarize_logistic_works_as_expected_for_simple_model_without_interactions"/>
    <testcase time="0.0530000000000008" classname="logistic_regression" name="summarize_logistic_works_as_expected_for_simple_model_without_interactions">
      <skipped message="Reason: On CRAN ('test-logistic_regression.R:268')"/>
    </testcase>
  </testsuite>
  <testsuite name="make_afun" timestamp="2023-02-01T23:51:49Z" hostname="309a2673c371" tests="26" skipped="7" failures="0" errors="0" time="0.232">
    <testcase time="0.0190000000000019" classname="make_afun" name="make_afun_works_with_healthy_input_statistics_function_taking_df_"/>
    <testcase time="0.00199999999999889" classname="make_afun" name="make_afun_works_with_healthy_input_statistics_function_taking_df_"/>
    <testcase time="0.00400000000000134" classname="make_afun" name="make_afun_works_with_healthy_input_statistics_function_taking_df_"/>
    <testcase time="0.00199999999999889" classname="make_afun" name="make_afun_works_with_healthy_input_statistics_function_taking_df_"/>
    <testcase time="0.00700000000000145" classname="make_afun" name="make_afun_works_with_healthy_input_statistics_function_taking_df_">
      <skipped message="Reason: On CRAN ('test-make_afun.R:35')"/>
    </testcase>
    <testcase time="0.0229999999999997" classname="make_afun" name="make_afun_processes_additional_rtables_arguments_correctly"/>
    <testcase time="0.000999999999997669" classname="make_afun" name="make_afun_processes_additional_rtables_arguments_correctly"/>
    <testcase time="0.00400000000000134" classname="make_afun" name="make_afun_processes_additional_rtables_arguments_correctly"/>
    <testcase time="0.00499999999999901" classname="make_afun" name="make_afun_processes_additional_rtables_arguments_correctly"/>
    <testcase time="0.00600000000000023" classname="make_afun" name="make_afun_processes_additional_rtables_arguments_correctly">
      <skipped message="Reason: On CRAN ('test-make_afun.R:88')"/>
    </testcase>
    <testcase time="0.0120000000000005" classname="make_afun" name="make_afun_works_with_healthy_input_function_taking_x_"/>
    <testcase time="0.00199999999999889" classname="make_afun" name="make_afun_works_with_healthy_input_function_taking_x_"/>
    <testcase time="0.00300000000000011" classname="make_afun" name="make_afun_works_with_healthy_input_function_taking_x_"/>
    <testcase time="0.00300000000000011" classname="make_afun" name="make_afun_works_with_healthy_input_function_taking_x_"/>
    <testcase time="0.00700000000000145" classname="make_afun" name="make_afun_works_with_healthy_input_function_taking_x_">
      <skipped message="Reason: On CRAN ('test-make_afun.R:122')"/>
    </testcase>
    <testcase time="0.0120000000000005" classname="make_afun" name="make_afun_produces_empty_cells_and_keeps_labels_when_applied_to_empty_character"/>
    <testcase time="0.000999999999997669" classname="make_afun" name="make_afun_produces_empty_cells_and_keeps_labels_when_applied_to_empty_character"/>
    <testcase time="0.00400000000000134" classname="make_afun" name="make_afun_produces_empty_cells_and_keeps_labels_when_applied_to_empty_character"/>
    <testcase time="0.00300000000000011" classname="make_afun" name="make_afun_produces_empty_cells_and_keeps_labels_when_applied_to_empty_character"/>
    <testcase time="0.00700000000000145" classname="make_afun" name="make_afun_produces_empty_cells_and_keeps_labels_when_applied_to_empty_character">
      <skipped message="Reason: On CRAN ('test-make_afun.R:170')"/>
    </testcase>
    <testcase time="0.0439999999999969" classname="make_afun" name="make_afun_by_default_removes_results_from_.in_ref_col_"/>
    <testcase time="0.0200000000000031" classname="make_afun" name="make_afun_by_default_removes_results_from_.in_ref_col_">
      <skipped message="Reason: On CRAN ('test-make_afun.R:214')"/>
    </testcase>
    <testcase time="0.0139999999999993" classname="make_afun" name="make_afun_works_with_nested_lists"/>
    <testcase time="0.0069999999999979" classname="make_afun" name="make_afun_works_with_nested_lists">
      <skipped message="Reason: On CRAN ('test-make_afun.R:238')"/>
    </testcase>
    <testcase time="0.0140000000000029" classname="make_afun" name="make_afun_can_subset_on_non_nested_results_when_unnesting_took_place"/>
    <testcase time="0.00600000000000023" classname="make_afun" name="make_afun_can_subset_on_non_nested_results_when_unnesting_took_place">
      <skipped message="Reason: On CRAN ('test-make_afun.R:266')"/>
    </testcase>
  </testsuite>
  <testsuite name="odds_ratio" timestamp="2023-02-01T23:51:50Z" hostname="309a2673c371" tests="15" skipped="7" failures="0" errors="0" time="0.384">
    <testcase time="0.0219999999999985" classname="odds_ratio" name="or_glm_estimates_right_OR_and_CI"/>
    <testcase time="0.00500000000000256" classname="odds_ratio" name="or_glm_estimates_right_OR_and_CI">
      <skipped message="Reason: On CRAN ('test-odds_ratio.R:14')"/>
    </testcase>
    <testcase time="0.0309999999999988" classname="odds_ratio" name="or_clogit_estimates_right_OR_and_CI"/>
    <testcase time="0.00499999999999545" classname="odds_ratio" name="or_clogit_estimates_right_OR_and_CI">
      <skipped message="Reason: On CRAN ('test-odds_ratio.R:36')"/>
    </testcase>
    <testcase time="0.0160000000000053" classname="odds_ratio" name="s_odds_ratio_estimates_right_OR_and_CI_unstratified_analysis_"/>
    <testcase time="0.00499999999999545" classname="odds_ratio" name="s_odds_ratio_estimates_right_OR_and_CI_unstratified_analysis_">
      <skipped message="Reason: On CRAN ('test-odds_ratio.R:53')"/>
    </testcase>
    <testcase time="0.0210000000000008" classname="odds_ratio" name="s_odds_ratio_estimates_right_OR_and_CI_stratified_analysis_"/>
    <testcase time="0.00500000000000256" classname="odds_ratio" name="s_odds_ratio_estimates_right_OR_and_CI_stratified_analysis_">
      <skipped message="Reason: On CRAN ('test-odds_ratio.R:74')"/>
    </testcase>
    <testcase time="0.0259999999999962" classname="odds_ratio" name="s_odds_ratio_returns_error_for_incorrect_groups"/>
    <testcase time="0.0740000000000052" classname="odds_ratio" name="estimate_odds_ratio_estimates_right_OR_and_CI_unstratified_analysis_"/>
    <testcase time="0.019999999999996" classname="odds_ratio" name="estimate_odds_ratio_estimates_right_OR_and_CI_unstratified_analysis_">
      <skipped message="Reason: On CRAN ('test-odds_ratio.R:111')"/>
    </testcase>
    <testcase time="0.0619999999999976" classname="odds_ratio" name="estimate_odds_ratio_estimates_right_OR_and_CI_stratified_analysis_"/>
    <testcase time="0.017000000000003" classname="odds_ratio" name="estimate_odds_ratio_estimates_right_OR_and_CI_stratified_analysis_">
      <skipped message="Reason: On CRAN ('test-odds_ratio.R:128')"/>
    </testcase>
    <testcase time="0.0579999999999998" classname="odds_ratio" name="estimate_odds_ratio_works_with_strata_and_combined_groups"/>
    <testcase time="0.017000000000003" classname="odds_ratio" name="estimate_odds_ratio_works_with_strata_and_combined_groups">
      <skipped message="Reason: On CRAN ('test-odds_ratio.R:159')"/>
    </testcase>
  </testsuite>
  <testsuite name="prop_diff" timestamp="2023-02-01T23:51:50Z" hostname="309a2673c371" tests="30" skipped="11" failures="0" errors="0" time="0.463">
    <testcase time="0.0210000000000008" classname="prop_diff" name="_prop_diff_ha_proportion_difference_by_Anderson_Hauck_"/>
    <testcase time="0.00499999999999545" classname="prop_diff" name="_prop_diff_ha_proportion_difference_by_Anderson_Hauck_">
      <skipped message="Reason: On CRAN ('test-prop_diff.R:9')"/>
    </testcase>
    <testcase time="0.0129999999999981" classname="prop_diff" name="_prop_diff_nc_proportion_difference_by_Newcombe_"/>
    <testcase time="0.00500000000000256" classname="prop_diff" name="_prop_diff_nc_proportion_difference_by_Newcombe_">
      <skipped message="Reason: On CRAN ('test-prop_diff.R:30')"/>
    </testcase>
    <testcase time="0.0129999999999981" classname="prop_diff" name="_prop_diff_wald_proportion_difference_by_Wald_s_test_with_correction_"/>
    <testcase time="0.00500000000000256" classname="prop_diff" name="_prop_diff_wald_proportion_difference_by_Wald_s_test_with_correction_">
      <skipped message="Reason: On CRAN ('test-prop_diff.R:49')"/>
    </testcase>
    <testcase time="0.0129999999999981" classname="prop_diff" name="_prop_diff_wald_proportion_difference_by_Wald_s_test_without_correction_"/>
    <testcase time="0.00500000000000256" classname="prop_diff" name="_prop_diff_wald_proportion_difference_by_Wald_s_test_without_correction_">
      <skipped message="Reason: On CRAN ('test-prop_diff.R:81')"/>
    </testcase>
    <testcase time="0.0140000000000029" classname="prop_diff" name="_prop_diff_cmh_proportion_difference_by_CMH_"/>
    <testcase time="0.00499999999999545" classname="prop_diff" name="_prop_diff_cmh_proportion_difference_by_CMH_">
      <skipped message="Reason: On CRAN ('test-prop_diff.R:120')"/>
    </testcase>
    <testcase time="0.0249999999999986" classname="prop_diff" name="prop_diff_cmh_works_correctly_when_some_strata_don_t_have_both_groups"/>
    <testcase time="0.00400000000000489" classname="prop_diff" name="prop_diff_cmh_works_correctly_when_some_strata_don_t_have_both_groups"/>
    <testcase time="0.00399999999999778" classname="prop_diff" name="prop_diff_cmh_works_correctly_when_some_strata_don_t_have_both_groups"/>
    <testcase time="0.00200000000000244" classname="prop_diff" name="prop_diff_cmh_works_correctly_when_some_strata_don_t_have_both_groups"/>
    <testcase time="0.00499999999999545" classname="prop_diff" name="prop_diff_cmh_works_correctly_when_some_strata_don_t_have_both_groups">
      <skipped message="Reason: On CRAN ('test-prop_diff.R:150')"/>
    </testcase>
    <testcase time="0.0210000000000008" classname="prop_diff" name="_prop_strat_nc_proportion_difference_by_stratified_Newcombe_with_cmh_weights"/>
    <testcase time="0.00500000000000256" classname="prop_diff" name="_prop_strat_nc_proportion_difference_by_stratified_Newcombe_with_cmh_weights"/>
    <testcase time="0.0139999999999958" classname="prop_diff" name="_prop_strat_nc_proportion_difference_by_stratified_Newcombe_with_wilson_h_weights"/>
    <testcase time="0.00500000000000256" classname="prop_diff" name="_prop_strat_nc_proportion_difference_by_stratified_Newcombe_with_wilson_h_weights"/>
    <testcase time="0.00999999999999801" classname="prop_diff" name="prop_diff_strat_nc_output_matches_equivalent_SAS_function_output"/>
    <testcase time="0.00500000000000256" classname="prop_diff" name="prop_diff_strat_nc_output_matches_equivalent_SAS_function_output">
      <skipped message="Reason: On CRAN ('test-prop_diff.R:225')"/>
    </testcase>
    <testcase time="0.0690000000000026" classname="prop_diff" name="_estimate_proportion_diff_is_compatible_with_rtables_"/>
    <testcase time="0.019999999999996" classname="prop_diff" name="_estimate_proportion_diff_is_compatible_with_rtables_">
      <skipped message="Reason: On CRAN ('test-prop_diff.R:246')"/>
    </testcase>
    <testcase time="0.0589999999999975" classname="prop_diff" name="_estimate_proportion_diff_and_cmh_is_compatible_with_rtables_"/>
    <testcase time="0.0190000000000055" classname="prop_diff" name="_estimate_proportion_diff_and_cmh_is_compatible_with_rtables_">
      <skipped message="Reason: On CRAN ('test-prop_diff.R:272')"/>
    </testcase>
    <testcase time="0.0649999999999977" classname="prop_diff" name="_estimate_proportion_diff_and_strat_newcombe_is_compatible_with_rtables_"/>
    <testcase time="0.0069999999999979" classname="prop_diff" name="s_proportion_diff_works_with_no_strata"/>
    <testcase time="0.00600000000000023" classname="prop_diff" name="s_proportion_diff_works_with_no_strata">
      <skipped message="Reason: On CRAN ('test-prop_diff.R:333')"/>
    </testcase>
    <testcase time="0.0140000000000029" classname="prop_diff" name="s_proportion_diff_works_with_strata"/>
    <testcase time="0.00500000000000256" classname="prop_diff" name="s_proportion_diff_works_with_strata">
      <skipped message="Reason: On CRAN ('test-prop_diff.R:357')"/>
    </testcase>
  </testsuite>
  <testsuite name="prune_occurrences" timestamp="2023-02-01T23:51:52Z" hostname="309a2673c371" tests="21" skipped="7" failures="0" errors="0" time="3.453">
    <testcase time="1.732" classname="prune_occurrences" name="keep_rows_works_in_a_special_case_identical_to_standard_pruning"/>
    <testcase time="0.036999999999999" classname="prune_occurrences" name="keep_rows_works_in_a_special_case_identical_to_standard_pruning"/>
    <testcase time="0.00999999999999801" classname="prune_occurrences" name="keep_rows_prunes_everything_if_condition_is_always_FALSE_"/>
    <testcase time="0.0190000000000055" classname="prune_occurrences" name="keep_rows_keeps_everything_if_condition_is_always_TRUE_"/>
    <testcase time="0.0229999999999961" classname="prune_occurrences" name="keep_content_rows_works_as_expected"/>
    <testcase time="0.097999999999999" classname="prune_occurrences" name="has_count_in_cols_result_works_in_a_special_case_identical_to_standard_pruning"/>
    <testcase time="0.0320000000000036" classname="prune_occurrences" name="has_count_in_cols_result_performs_comparisons_correctly"/>
    <testcase time="0.0229999999999961" classname="prune_occurrences" name="has_count_in_cols_result_performs_comparisons_correctly">
      <skipped message="Reason: On CRAN ('test-prune_occurrences.R:57')"/>
    </testcase>
    <testcase time="0.0320000000000036" classname="prune_occurrences" name="has_count_in_any_col_result_performs_comparisons_correctly"/>
    <testcase time="0.0330000000000013" classname="prune_occurrences" name="has_count_in_any_col_result_performs_comparisons_correctly">
      <skipped message="Reason: On CRAN ('test-prune_occurrences.R:72')"/>
    </testcase>
    <testcase time="1.077" classname="prune_occurrences" name="has_fraction_in_cols_result_works_in_a_special_case_identical_to_standard_pruning"/>
    <testcase time="0.0240000000000009" classname="prune_occurrences" name="has_fraction_in_cols_result_performs_comparisons_correctly"/>
    <testcase time="0.0219999999999985" classname="prune_occurrences" name="has_fraction_in_cols_result_performs_comparisons_correctly">
      <skipped message="Reason: On CRAN ('test-prune_occurrences.R:94')"/>
    </testcase>
    <testcase time="0.0309999999999988" classname="prune_occurrences" name="has_fraction_in_any_col_result_performs_comparisons_correctly"/>
    <testcase time="0.0219999999999985" classname="prune_occurrences" name="has_fraction_in_any_col_result_performs_comparisons_correctly">
      <skipped message="Reason: On CRAN ('test-prune_occurrences.R:112')"/>
    </testcase>
    <testcase time="0.0310000000000059" classname="prune_occurrences" name="has_fractions_difference_result_performs_comparisons_correctly"/>
    <testcase time="0.0229999999999961" classname="prune_occurrences" name="has_fractions_difference_result_performs_comparisons_correctly">
      <skipped message="Reason: On CRAN ('test-prune_occurrences.R:127')"/>
    </testcase>
    <testcase time="0.044000000000004" classname="prune_occurrences" name="has_counts_difference_result_performs_comparisons_correctly"/>
    <testcase time="0.0229999999999961" classname="prune_occurrences" name="has_counts_difference_result_performs_comparisons_correctly">
      <skipped message="Reason: On CRAN ('test-prune_occurrences.R:142')"/>
    </testcase>
    <testcase time="0.0700000000000003" classname="prune_occurrences" name="combination_of_pruning_functions_works"/>
    <testcase time="0.046999999999997" classname="prune_occurrences" name="combination_of_pruning_functions_works">
      <skipped message="Reason: On CRAN ('test-prune_occurrences.R:164')"/>
    </testcase>
  </testsuite>
  <testsuite name="response_biomarkers_subgroups" timestamp="2023-02-01T23:51:54Z" hostname="309a2673c371" tests="14" skipped="5" failures="0" errors="0" time="1.119">
    <testcase time="0.110000000000007" classname="response_biomarkers_subgroups" name="extract_rsp_biomarkers_functions_as_expected_with_valid_input_and_default_arguments"/>
    <testcase time="0.00199999999999534" classname="response_biomarkers_subgroups" name="extract_rsp_biomarkers_functions_as_expected_with_valid_input_and_default_arguments"/>
    <testcase time="0.0069999999999979" classname="response_biomarkers_subgroups" name="extract_rsp_biomarkers_functions_as_expected_with_valid_input_and_default_arguments">
      <skipped message="Reason: On CRAN ('test-response_biomarkers_subgroups.R:35')"/>
    </testcase>
    <testcase time="0.109000000000002" classname="response_biomarkers_subgroups" name="extract_rsp_biomarkers_works_as_expected_with_other_custom_options"/>
    <testcase time="0.00300000000000011" classname="response_biomarkers_subgroups" name="extract_rsp_biomarkers_works_as_expected_with_other_custom_options"/>
    <testcase time="0.00600000000000023" classname="response_biomarkers_subgroups" name="extract_rsp_biomarkers_works_as_expected_with_other_custom_options">
      <skipped message="Reason: On CRAN ('test-response_biomarkers_subgroups.R:70')"/>
    </testcase>
    <testcase time="0.457000000000001" classname="response_biomarkers_subgroups" name="tabulate_rsp_biomarkers_works_as_expected_with_valid_input"/>
    <testcase time="0.106999999999999" classname="response_biomarkers_subgroups" name="tabulate_rsp_biomarkers_works_as_expected_with_valid_input">
      <skipped message="Reason: On CRAN ('test-response_biomarkers_subgroups.R:99')"/>
    </testcase>
    <testcase time="0.0240000000000009" classname="response_biomarkers_subgroups" name="tabulate_rsp_biomarkers_functions_as_expected_with_NULL_subgroups"/>
    <testcase time="0.140000000000001" classname="response_biomarkers_subgroups" name="tabulate_rsp_biomarkers_functions_as_expected_with_NULL_subgroups"/>
    <testcase time="0.0530000000000044" classname="response_biomarkers_subgroups" name="tabulate_rsp_biomarkers_functions_as_expected_with_NULL_subgroups">
      <skipped message="Reason: On CRAN ('test-response_biomarkers_subgroups.R:118')"/>
    </testcase>
    <testcase time="0.0679999999999978" classname="response_biomarkers_subgroups" name="tabulate_rsp_biomarkers_works_with_only_a_single_biomarker_in_the_data_frame"/>
    <testcase time="0.00200000000000244" classname="response_biomarkers_subgroups" name="tabulate_rsp_biomarkers_works_with_only_a_single_biomarker_in_the_data_frame"/>
    <testcase time="0.0309999999999988" classname="response_biomarkers_subgroups" name="tabulate_rsp_biomarkers_works_with_only_a_single_biomarker_in_the_data_frame">
      <skipped message="Reason: On CRAN ('test-response_biomarkers_subgroups.R:142')"/>
    </testcase>
  </testsuite>
  <testsuite name="response_subgroups" timestamp="2023-02-01T23:51:55Z" hostname="309a2673c371" tests="23" skipped="11" failures="0" errors="0" time="3.611">
    <testcase time="0.135999999999996" classname="response_subgroups" name="extract_rsp_subgroups_functions_as_expected_with_valid_input_and_default_arguments"/>
    <testcase time="0.00800000000000267" classname="response_subgroups" name="extract_rsp_subgroups_functions_as_expected_with_valid_input_and_default_arguments">
      <skipped message="Reason: On CRAN ('test-response_subgroups.R:30')"/>
    </testcase>
    <testcase time="0.0189999999999984" classname="response_subgroups" name="extract_rsp_subgroups_functions_as_expected_with_NULL_subgroups"/>
    <testcase time="0.007000000000005" classname="response_subgroups" name="extract_rsp_subgroups_functions_as_expected_with_NULL_subgroups">
      <skipped message="Reason: On CRAN ('test-response_subgroups.R:42')"/>
    </testcase>
    <testcase time="0.0869999999999962" classname="response_subgroups" name="extract_rsp_subgroups_works_as_expected_with_groups_lists"/>
    <testcase time="0.017000000000003" classname="response_subgroups" name="extract_rsp_subgroups_works_as_expected_with_groups_lists">
      <skipped message="Reason: On CRAN ('test-response_subgroups.R:62')"/>
    </testcase>
    <testcase time="0.114999999999995" classname="response_subgroups" name="extract_rsp_subgroups_functions_as_expected_with_strata"/>
    <testcase time="0.00800000000000267" classname="response_subgroups" name="extract_rsp_subgroups_functions_as_expected_with_strata">
      <skipped message="Reason: On CRAN ('test-response_subgroups.R:81')"/>
    </testcase>
    <testcase time="0.0420000000000016" classname="response_subgroups" name="a_response_subgroups_functions_as_expected_with_valid_input"/>
    <testcase time="0.019999999999996" classname="response_subgroups" name="a_response_subgroups_functions_as_expected_with_valid_input">
      <skipped message="Reason: On CRAN ('test-response_subgroups.R:100')"/>
    </testcase>
    <testcase time="0.709000000000003" classname="response_subgroups" name="tabulate_rsp_subgroups_functions_as_expected_with_valid_input"/>
    <testcase time="0.0850000000000009" classname="response_subgroups" name="tabulate_rsp_subgroups_functions_as_expected_with_valid_input">
      <skipped message="Reason: On CRAN ('test-response_subgroups.R:120')"/>
    </testcase>
    <testcase time="0.705999999999996" classname="response_subgroups" name="tabulate_rsp_subgroups_correctly_calculates_column_indices"/>
    <testcase time="0.00500000000000256" classname="response_subgroups" name="tabulate_rsp_subgroups_correctly_calculates_column_indices">
      <skipped message="Reason: On CRAN ('test-response_subgroups.R:142')"/>
    </testcase>
    <testcase time="0.535000000000004" classname="response_subgroups" name="tabulate_rsp_subgroups_functions_as_expected_with_valid_input_extreme_values_in_OR_table"/>
    <testcase time="0.0569999999999951" classname="response_subgroups" name="tabulate_rsp_subgroups_functions_as_expected_with_valid_input_extreme_values_in_OR_table">
      <skipped message="Reason: On CRAN ('test-response_subgroups.R:183')"/>
    </testcase>
    <testcase time="0.216999999999999" classname="response_subgroups" name="tabulate_rsp_subgroups_functions_as_expected_with_NULL_subgroups"/>
    <testcase time="0.0590000000000046" classname="response_subgroups" name="tabulate_rsp_subgroups_functions_as_expected_with_NULL_subgroups">
      <skipped message="Reason: On CRAN ('test-response_subgroups.R:203')"/>
    </testcase>
    <testcase time="0.101999999999997" classname="response_subgroups" name="tabulate_rsp_subgroups_functions_as_expected_when_0_obs_in_one_arm"/>
    <testcase time="0.561" classname="response_subgroups" name="tabulate_rsp_subgroups_functions_as_expected_when_0_obs_in_one_arm"/>
    <testcase time="0.0970000000000013" classname="response_subgroups" name="tabulate_rsp_subgroups_functions_as_expected_when_0_obs_in_one_arm">
      <skipped message="Reason: On CRAN ('test-response_subgroups.R:223')"/>
    </testcase>
    <testcase time="0.0140000000000029" classname="response_subgroups" name="d_rsp_subgroups_colvars_functions_as_expected_with_valid_input"/>
    <testcase time="0.00499999999999545" classname="response_subgroups" name="d_rsp_subgroups_colvars_functions_as_expected_with_valid_input">
      <skipped message="Reason: On CRAN ('test-response_subgroups.R:236')"/>
    </testcase>
  </testsuite>
  <testsuite name="rtables_access" timestamp="2023-02-01T23:52:00Z" hostname="309a2673c371" tests="13" skipped="5" failures="0" errors="0" time="2.204">
    <testcase time="1.565" classname="rtables_access" name="h_row_first_values_works_as_expected"/>
    <testcase time="0.0229999999999961" classname="rtables_access" name="h_row_first_values_works_as_expected">
      <skipped message="Reason: On CRAN ('test-rtables_access.R:17')"/>
    </testcase>
    <testcase time="0.0309999999999988" classname="rtables_access" name="h_row_counts_works_as_expected"/>
    <testcase time="0.0230000000000032" classname="rtables_access" name="h_row_counts_works_as_expected">
      <skipped message="Reason: On CRAN ('test-rtables_access.R:49')"/>
    </testcase>
    <testcase time="0.0219999999999985" classname="rtables_access" name="h_row_counts_returns_NA_with_empty_analysis_row"/>
    <testcase time="0.0189999999999984" classname="rtables_access" name="h_row_counts_returns_NA_with_empty_analysis_row">
      <skipped message="Reason: On CRAN ('test-rtables_access.R:63')"/>
    </testcase>
    <testcase time="0.0330000000000013" classname="rtables_access" name="h_row_fractions_works_as_expected"/>
    <testcase time="0.0360000000000014" classname="rtables_access" name="h_row_fractions_works_as_expected">
      <skipped message="Reason: On CRAN ('test-rtables_access.R:77')"/>
    </testcase>
    <testcase time="0.0169999999999959" classname="rtables_access" name="h_col_counts_works_as_expected"/>
    <testcase time="0.00600000000000023" classname="rtables_access" name="h_col_counts_works_as_expected">
      <skipped message="Reason: On CRAN ('test-rtables_access.R:91')"/>
    </testcase>
    <testcase time="0.390000000000001" classname="rtables_access" name="is_leaf_table_works_as_expected"/>
    <testcase time="0.00400000000000489" classname="rtables_access" name="is_leaf_table_works_as_expected"/>
    <testcase time="0.0349999999999966" classname="rtables_access" name="h_content_first_row_works_as_expected"/>
  </testsuite>
  <testsuite name="score_occurrences" timestamp="2023-02-01T23:52:01Z" hostname="309a2673c371" tests="13" skipped="5" failures="0" errors="0" time="0.916">
    <testcase time="0.355000000000004" classname="score_occurrences" name="score_occurrences_functions_as_expected"/>
    <testcase time="0.0640000000000001" classname="score_occurrences" name="score_occurrences_functions_as_expected">
      <skipped message="Reason: On CRAN ('test-score_occurrences.R:90')"/>
    </testcase>
    <testcase time="0.0169999999999959" classname="score_occurrences" name="score_occurrences_functions_as_expected_with_empty_analysis_rows"/>
    <testcase time="0.0850000000000009" classname="score_occurrences" name="score_occurrences_functions_as_expected_with_empty_analysis_rows">
      <skipped message="Reason: On CRAN ('test-score_occurrences.R:102')"/>
    </testcase>
    <testcase time="0.0120000000000005" classname="score_occurrences" name="score_occurrences_cols_functions_as_expected"/>
    <testcase time="0.00500000000000256" classname="score_occurrences" name="score_occurrences_cols_functions_as_expected"/>
    <testcase time="0.0640000000000001" classname="score_occurrences" name="score_occurrences_cols_functions_as_expected">
      <skipped message="Reason: On CRAN ('test-score_occurrences.R:113')"/>
    </testcase>
    <testcase time="0.113999999999997" classname="score_occurrences" name="score_occurrences_subtable_functions_as_expected"/>
    <testcase time="0.00399999999999778" classname="score_occurrences" name="score_occurrences_subtable_functions_as_expected"/>
    <testcase time="0.044000000000004" classname="score_occurrences" name="score_occurrences_subtable_functions_as_expected">
      <skipped message="Reason: On CRAN ('test-score_occurrences.R:134')"/>
    </testcase>
    <testcase time="0.106000000000002" classname="score_occurrences" name="score_occurrences_cont_cols_functions_as_expected"/>
    <testcase time="0.00399999999999778" classname="score_occurrences" name="score_occurrences_cont_cols_functions_as_expected"/>
    <testcase time="0.0420000000000016" classname="score_occurrences" name="score_occurrences_cont_cols_functions_as_expected">
      <skipped message="Reason: On CRAN ('test-score_occurrences.R:156')"/>
    </testcase>
  </testsuite>
  <testsuite name="split_cols_by_groups" timestamp="2023-02-01T23:52:02Z" hostname="309a2673c371" tests="34" skipped="15" failures="0" errors="0" time="0.613">
    <testcase time="0.0209999999999937" classname="split_cols_by_groups" name="groups_list_to_df_works_as_expected"/>
    <testcase time="0.0190000000000055" classname="split_cols_by_groups" name="groups_list_to_df_works_as_expected">
      <skipped message="Reason: On CRAN ('test-split_cols_by_groups.R:12')"/>
    </testcase>
    <testcase time="0.0159999999999982" classname="split_cols_by_groups" name="combine_groups_combines_character_vectors"/>
    <testcase time="0.00200000000000244" classname="split_cols_by_groups" name="combine_groups_combines_character_vectors"/>
    <testcase time="0.00600000000000023" classname="split_cols_by_groups" name="combine_groups_combines_character_vectors">
      <skipped message="Reason: On CRAN ('test-split_cols_by_groups.R:21')"/>
    </testcase>
    <testcase time="0.0120000000000005" classname="split_cols_by_groups" name="combine_groups_combines_factors"/>
    <testcase time="0.00199999999999534" classname="split_cols_by_groups" name="combine_groups_combines_factors"/>
    <testcase time="0.00600000000000023" classname="split_cols_by_groups" name="combine_groups_combines_factors">
      <skipped message="Reason: On CRAN ('test-split_cols_by_groups.R:28')"/>
    </testcase>
    <testcase time="0.0120000000000005" classname="split_cols_by_groups" name="combine_groups_combines_factors_with_given_reference"/>
    <testcase time="0.00600000000000023" classname="split_cols_by_groups" name="combine_groups_combines_factors_with_given_reference">
      <skipped message="Reason: On CRAN ('test-split_cols_by_groups.R:35')"/>
    </testcase>
    <testcase time="0.0120000000000005" classname="split_cols_by_groups" name="combine_groups_use_good_separator"/>
    <testcase time="0.00500000000000256" classname="split_cols_by_groups" name="combine_groups_use_good_separator">
      <skipped message="Reason: On CRAN ('test-split_cols_by_groups.R:42')"/>
    </testcase>
    <testcase time="0.0129999999999981" classname="split_cols_by_groups" name="combine_groups_can_use_multiple_reference"/>
    <testcase time="0.00500000000000256" classname="split_cols_by_groups" name="combine_groups_can_use_multiple_reference">
      <skipped message="Reason: On CRAN ('test-split_cols_by_groups.R:53')"/>
    </testcase>
    <testcase time="0.0619999999999976" classname="split_cols_by_groups" name="split_cols_by_groups_manages_combinations_of_columns"/>
    <testcase time="0.0200000000000031" classname="split_cols_by_groups" name="split_cols_by_groups_manages_combinations_of_columns">
      <skipped message="Reason: On CRAN ('test-split_cols_by_groups.R:69')"/>
    </testcase>
    <testcase time="0.0480000000000018" classname="split_cols_by_groups" name="split_cols_by_groups_manages_combinations_of_columns_with_reference"/>
    <testcase time="0.0169999999999959" classname="split_cols_by_groups" name="split_cols_by_groups_manages_combinations_of_columns_with_reference">
      <skipped message="Reason: On CRAN ('test-split_cols_by_groups.R:92')"/>
    </testcase>
    <testcase time="0.0450000000000017" classname="split_cols_by_groups" name="split_cols_by_groups_equivalent_to_split_cols_by_when_no_groups"/>
    <testcase time="0.0349999999999966" classname="split_cols_by_groups" name="split_cols_by_groups_equivalent_to_split_cols_by_when_no_groups">
      <skipped message="Reason: On CRAN ('test-split_cols_by_groups.R:103')"/>
    </testcase>
    <testcase time="0.0500000000000043" classname="split_cols_by_groups" name="split_cols_by_groups_equivalent_to_split_cols_by_with_ref_col_but_no_groups"/>
    <testcase time="0.0229999999999961" classname="split_cols_by_groups" name="split_cols_by_groups_equivalent_to_split_cols_by_with_ref_col_but_no_groups">
      <skipped message="Reason: On CRAN ('test-split_cols_by_groups.R:121')"/>
    </testcase>
    <testcase time="0.0480000000000018" classname="split_cols_by_groups" name="split_cols_by_groups_manages_combinations_of_columns_with_reference_and_alt_counts_df"/>
    <testcase time="0.0189999999999984" classname="split_cols_by_groups" name="split_cols_by_groups_manages_combinations_of_columns_with_reference_and_alt_counts_df">
      <skipped message="Reason: On CRAN ('test-split_cols_by_groups.R:148')"/>
    </testcase>
    <testcase time="0.017000000000003" classname="split_cols_by_groups" name="combine_counts_combines_character_vectors"/>
    <testcase time="0.0069999999999979" classname="split_cols_by_groups" name="combine_counts_combines_character_vectors"/>
    <testcase time="0.00200000000000244" classname="split_cols_by_groups" name="combine_counts_combines_character_vectors"/>
    <testcase time="0.00600000000000023" classname="split_cols_by_groups" name="combine_counts_combines_character_vectors">
      <skipped message="Reason: On CRAN ('test-split_cols_by_groups.R:158')"/>
    </testcase>
    <testcase time="0.0129999999999981" classname="split_cols_by_groups" name="combine_counts_combines_factors"/>
    <testcase time="0.0180000000000007" classname="split_cols_by_groups" name="combine_counts_combines_factors">
      <skipped message="Reason: On CRAN ('test-split_cols_by_groups.R:167')"/>
    </testcase>
    <testcase time="0.019999999999996" classname="split_cols_by_groups" name="combine_counts_combines_factors"/>
    <testcase time="0.007000000000005" classname="split_cols_by_groups" name="combine_counts_combines_factors">
      <skipped message="Reason: On CRAN ('test-split_cols_by_groups.R:176')"/>
    </testcase>
    <testcase time="0.0139999999999958" classname="split_cols_by_groups" name="combine_counts_with_groups_list_NULL"/>
    <testcase time="0.00500000000000256" classname="split_cols_by_groups" name="combine_counts_with_groups_list_NULL">
      <skipped message="Reason: On CRAN ('test-split_cols_by_groups.R:185')"/>
    </testcase>
  </testsuite>
  <testsuite name="stat" timestamp="2023-02-01T23:52:02Z" hostname="309a2673c371" tests="16" skipped="7" failures="0" errors="0" time="0.145">
    <testcase time="0.0200000000000031" classname="stat" name="stat_mean_ci_works_for_series_without_NAs_including_extreme_case_n_1_and_various_n_min_values_"/>
    <testcase time="0.00499999999999545" classname="stat" name="stat_mean_ci_works_for_series_without_NAs_including_extreme_case_n_1_and_various_n_min_values_">
      <skipped message="Reason: On CRAN ('test-stat.R:7')"/>
    </testcase>
    <testcase time="0.0120000000000005" classname="stat" name="stat_mean_ci_works_for_series_with_NAs_including_extreme_case_n_1_and_various_n_min_values_"/>
    <testcase time="0.00500000000000256" classname="stat" name="stat_mean_ci_works_for_series_with_NAs_including_extreme_case_n_1_and_various_n_min_values_">
      <skipped message="Reason: On CRAN ('test-stat.R:33')"/>
    </testcase>
    <testcase time="0.0129999999999981" classname="stat" name="stat_mean_pval_works_for_series_without_NAs_including_extreme_case_n_1_and_various_n_min_values_"/>
    <testcase time="0.00500000000000256" classname="stat" name="stat_mean_pval_works_for_series_without_NAs_including_extreme_case_n_1_and_various_n_min_values_">
      <skipped message="Reason: On CRAN ('test-stat.R:104')"/>
    </testcase>
    <testcase time="0.0129999999999981" classname="stat" name="stat_mean_pval_works_for_series_with_NAs_including_extreme_case_n_1_and_various_n_min_values_"/>
    <testcase time="0.00500000000000256" classname="stat" name="stat_mean_pval_works_for_series_with_NAs_including_extreme_case_n_1_and_various_n_min_values_">
      <skipped message="Reason: On CRAN ('test-stat.R:125')"/>
    </testcase>
    <testcase time="0.0150000000000006" classname="stat" name="stat_mean_pval_returns_the_correct_p_value"/>
    <testcase time="0.00599999999999312" classname="stat" name="stat_mean_pval_returns_the_correct_p_value"/>
    <testcase time="0.00500000000000256" classname="stat" name="stat_median_ci_works_for_series_without_NAs_including_extreme_case_n_1_"/>
    <testcase time="0.00600000000000023" classname="stat" name="stat_median_ci_works_for_series_without_NAs_including_extreme_case_n_1_">
      <skipped message="Reason: On CRAN ('test-stat.R:194')"/>
    </testcase>
    <testcase time="0.0120000000000005" classname="stat" name="stat_median_ci_works_for_series_with_NAs_including_extreme_case_n_1_"/>
    <testcase time="0.00500000000000256" classname="stat" name="stat_median_ci_works_for_series_with_NAs_including_extreme_case_n_1_">
      <skipped message="Reason: On CRAN ('test-stat.R:213')"/>
    </testcase>
    <testcase time="0.0129999999999981" classname="stat" name="stat_median_ci_works_for_named_numeric_values_when_name_is_missing_"/>
    <testcase time="0.00500000000000256" classname="stat" name="stat_median_ci_works_for_named_numeric_values_when_name_is_missing_">
      <skipped message="Reason: On CRAN ('test-stat.R:268')"/>
    </testcase>
  </testsuite>
  <testsuite name="summarize_ancova" timestamp="2023-02-01T23:52:03Z" hostname="309a2673c371" tests="14" skipped="4" failures="0" errors="0" time="0.919">
    <testcase time="0.113" classname="summarize_ancova" name="h_ancova_works_with_healthy_input"/>
    <testcase time="0.00799999999999557" classname="summarize_ancova" name="h_ancova_works_with_healthy_input">
      <skipped message="Reason: On CRAN ('test-summarize_ancova.R:10')"/>
    </testcase>
    <testcase time="0.017000000000003" classname="summarize_ancova" name="h_ancova_fails_wrong_inputs"/>
    <testcase time="0.00600000000000023" classname="summarize_ancova" name="h_ancova_fails_wrong_inputs"/>
    <testcase time="0.0439999999999969" classname="summarize_ancova" name="s_ancova_works_with_healthy_input"/>
    <testcase time="0.00500000000000256" classname="summarize_ancova" name="s_ancova_works_with_healthy_input">
      <skipped message="Reason: On CRAN ('test-summarize_ancova.R:45')"/>
    </testcase>
    <testcase time="0.0420000000000016" classname="summarize_ancova" name="s_ancova_fails_wrong_inputs"/>
    <testcase time="0.0449999999999946" classname="summarize_ancova" name="s_ancova_works_with_interaction_and_.in_ref_col_TRUE"/>
    <testcase time="0.00600000000000023" classname="summarize_ancova" name="s_ancova_works_with_interaction_and_.in_ref_col_TRUE">
      <skipped message="Reason: On CRAN ('test-summarize_ancova.R:85')"/>
    </testcase>
    <testcase time="0.308" classname="summarize_ancova" name="summarize_ancova_works_with_healthy_inputs"/>
    <testcase time="0.0570000000000022" classname="summarize_ancova" name="summarize_ancova_works_with_healthy_inputs">
      <skipped message="Reason: On CRAN ('test-summarize_ancova.R:108')"/>
    </testcase>
    <testcase time="0.237000000000002" classname="summarize_ancova" name="summarize_ancova_works_with_interaction"/>
    <testcase time="0.0259999999999962" classname="summarize_ancova" name="summarize_ancova_works_with_interaction"/>
    <testcase time="0.00500000000000256" classname="summarize_ancova" name="summarize_ancova_works_with_interaction"/>
  </testsuite>
  <testsuite name="summarize_change" timestamp="2023-02-01T23:52:03Z" hostname="309a2673c371" tests="8" skipped="4" failures="0" errors="0" time="0.262">
    <testcase time="0.0129999999999981" classname="summarize_change" name="s_change_from_baseline_handles_empty_data_complete_missing_for_a_visit_"/>
    <testcase time="0.00600000000000023" classname="summarize_change" name="s_change_from_baseline_handles_empty_data_complete_missing_for_a_visit_">
      <skipped message="Reason: On CRAN ('test-summarize_change.R:16')"/>
    </testcase>
    <testcase time="0.0140000000000029" classname="summarize_change" name="s_change_from_baseline_handles_NA_in_baseline_values"/>
    <testcase time="0.00600000000000023" classname="summarize_change" name="s_change_from_baseline_handles_NA_in_baseline_values">
      <skipped message="Reason: On CRAN ('test-summarize_change.R:34')"/>
    </testcase>
    <testcase time="0.0159999999999982" classname="summarize_change" name="s_change_from_baseline_handles_baseline_substitution"/>
    <testcase time="0.0069999999999979" classname="summarize_change" name="s_change_from_baseline_handles_baseline_substitution">
      <skipped message="Reason: On CRAN ('test-summarize_change.R:53')"/>
    </testcase>
    <testcase time="0.151000000000003" classname="summarize_change" name="summarize_change_works_as_expected"/>
    <testcase time="0.0489999999999995" classname="summarize_change" name="summarize_change_works_as_expected">
      <skipped message="Reason: On CRAN ('test-summarize_change.R:78')"/>
    </testcase>
  </testsuite>
  <testsuite name="summarize_colvars" timestamp="2023-02-01T23:52:04Z" hostname="309a2673c371" tests="6" skipped="3" failures="0" errors="0" time="0.881">
    <testcase time="0.240000000000002" classname="summarize_colvars" name="summarize_colvars_works_as_expected_without_column_split_and_default_behavior"/>
    <testcase time="0.0549999999999997" classname="summarize_colvars" name="summarize_colvars_works_as_expected_without_column_split_and_default_behavior">
      <skipped message="Reason: On CRAN ('test-summarize_colvars.R:28')"/>
    </testcase>
    <testcase time="0.236999999999995" classname="summarize_colvars" name="summarize_colvars_works_as_expected_with_column_split"/>
    <testcase time="0.0750000000000028" classname="summarize_colvars" name="summarize_colvars_works_as_expected_with_column_split">
      <skipped message="Reason: On CRAN ('test-summarize_colvars.R:43')"/>
    </testcase>
    <testcase time="0.203000000000003" classname="summarize_colvars" name="summarize_colvars_works_when_selecting_statistics_and_custom_formatting"/>
    <testcase time="0.070999999999998" classname="summarize_colvars" name="summarize_colvars_works_when_selecting_statistics_and_custom_formatting">
      <skipped message="Reason: On CRAN ('test-summarize_colvars.R:63')"/>
    </testcase>
  </testsuite>
  <testsuite name="summarize_glm_count" timestamp="2023-02-01T23:52:05Z" hostname="309a2673c371" tests="28" skipped="10" failures="0" errors="0" time="0.878">
    <testcase time="0.0439999999999969" classname="summarize_glm_count" name="h_glm_poisson_glm_fit_works_with_healthy_input"/>
    <testcase time="0.00600000000000023" classname="summarize_glm_count" name="h_glm_poisson_glm_fit_works_with_healthy_input">
      <skipped message="Reason: On CRAN ('test-summarize_glm_count.R:18')"/>
    </testcase>
    <testcase time="0.0470000000000041" classname="summarize_glm_count" name="h_glm_poisson_emmeans_fit_works_with_healthy_input"/>
    <testcase time="0.0069999999999979" classname="summarize_glm_count" name="h_glm_poisson_emmeans_fit_works_with_healthy_input">
      <skipped message="Reason: On CRAN ('test-summarize_glm_count.R:35')"/>
    </testcase>
    <testcase time="0.017000000000003" classname="summarize_glm_count" name="h_glm_poisson_fails_wrong_inputs"/>
    <testcase time="0.00499999999999545" classname="summarize_glm_count" name="h_glm_poisson_fails_wrong_inputs"/>
    <testcase time="0.0300000000000011" classname="summarize_glm_count" name="h_glm_quasipoisson_glm_fit_works_with_healthy_input"/>
    <testcase time="0.0069999999999979" classname="summarize_glm_count" name="h_glm_quasipoisson_glm_fit_works_with_healthy_input">
      <skipped message="Reason: On CRAN ('test-summarize_glm_count.R:73')"/>
    </testcase>
    <testcase time="0.0820000000000007" classname="summarize_glm_count" name="h_glm_quasipoisson_emmeans_fit_works_with_healthy_input"/>
    <testcase time="0.007000000000005" classname="summarize_glm_count" name="h_glm_quasipoisson_emmeans_fit_works_with_healthy_input">
      <skipped message="Reason: On CRAN ('test-summarize_glm_count.R:89')"/>
    </testcase>
    <testcase time="0.0159999999999982" classname="summarize_glm_count" name="h_glm_quasipoisson_fails_wrong_inputs"/>
    <testcase time="0.00600000000000023" classname="summarize_glm_count" name="h_glm_quasipoisson_fails_wrong_inputs"/>
    <testcase time="0.027000000000001" classname="summarize_glm_count" name="h_glm_count_glm_fit_works_with_healthy_input"/>
    <testcase time="0.00600000000000023" classname="summarize_glm_count" name="h_glm_count_glm_fit_works_with_healthy_input">
      <skipped message="Reason: On CRAN ('test-summarize_glm_count.R:128')"/>
    </testcase>
    <testcase time="0.0459999999999994" classname="summarize_glm_count" name="h_glm_count_emmeans_fit_works_with_healthy_input"/>
    <testcase time="0.0069999999999979" classname="summarize_glm_count" name="h_glm_count_emmeans_fit_works_with_healthy_input">
      <skipped message="Reason: On CRAN ('test-summarize_glm_count.R:145')"/>
    </testcase>
    <testcase time="0.0159999999999982" classname="summarize_glm_count" name="h_glm_count_fails_wrong_inputs"/>
    <testcase time="0.00600000000000023" classname="summarize_glm_count" name="h_glm_count_fails_wrong_inputs"/>
    <testcase time="0.0380000000000038" classname="summarize_glm_count" name="h_ppmeans_works_with_healthy_input"/>
    <testcase time="0.0180000000000007" classname="summarize_glm_count" name="h_ppmeans_works_with_healthy_input">
      <skipped message="Reason: On CRAN ('test-summarize_glm_count.R:185')"/>
    </testcase>
    <testcase time="0.0569999999999951" classname="summarize_glm_count" name="s_glm_count_works_with_healthy_input"/>
    <testcase time="0.00500000000000256" classname="summarize_glm_count" name="s_glm_count_works_with_healthy_input">
      <skipped message="Reason: On CRAN ('test-summarize_glm_count.R:206')"/>
    </testcase>
    <testcase time="0.0579999999999998" classname="summarize_glm_count" name="s_glm_count_works_with_no_reference_group_selected."/>
    <testcase time="0.00600000000000023" classname="summarize_glm_count" name="s_glm_count_works_with_no_reference_group_selected.">
      <skipped message="Reason: On CRAN ('test-summarize_glm_count.R:229')"/>
    </testcase>
    <testcase time="0.017000000000003" classname="summarize_glm_count" name="s_glm_count_fails_wrong_inputs"/>
    <testcase time="0.00900000000000034" classname="summarize_glm_count" name="glm_count_fails_when_negative_binomial_distribution_is_selected."/>
    <testcase time="0.213000000000001" classname="summarize_glm_count" name="summarize_glm_count_works_with_healthy_inputs"/>
    <testcase time="0.0749999999999957" classname="summarize_glm_count" name="summarize_glm_count_works_with_healthy_inputs">
      <skipped message="Reason: On CRAN ('test-summarize_glm_count.R:288')"/>
    </testcase>
  </testsuite>
  <testsuite name="summarize_num_patients" timestamp="2023-02-01T23:52:06Z" hostname="309a2673c371" tests="28" skipped="14" failures="0" errors="0" time="0.726">
    <testcase time="0.0230000000000032" classname="summarize_num_patients" name="s_num_patients_works_as_expected_with_healthy_input"/>
    <testcase time="0.00600000000000023" classname="summarize_num_patients" name="s_num_patients_works_as_expected_with_healthy_input">
      <skipped message="Reason: On CRAN ('test-summarize_num_patients.R:6')"/>
    </testcase>
    <testcase time="0.0129999999999981" classname="summarize_num_patients" name="s_num_patients_works_as_expected_with_empty_input"/>
    <testcase time="0.00500000000000256" classname="summarize_num_patients" name="s_num_patients_works_as_expected_with_empty_input">
      <skipped message="Reason: On CRAN ('test-summarize_num_patients.R:14')"/>
    </testcase>
    <testcase time="0.0129999999999981" classname="summarize_num_patients" name="s_num_patients_works_as_expected_with_unique_count_suffix_FALSE"/>
    <testcase time="0.00600000000000023" classname="summarize_num_patients" name="s_num_patients_works_as_expected_with_unique_count_suffix_FALSE">
      <skipped message="Reason: On CRAN ('test-summarize_num_patients.R:22')"/>
    </testcase>
    <testcase time="0.0129999999999981" classname="summarize_num_patients" name="s_num_patients_content_works_as_expected_with_healthy_input"/>
    <testcase time="0.00600000000000023" classname="summarize_num_patients" name="s_num_patients_content_works_as_expected_with_healthy_input">
      <skipped message="Reason: On CRAN ('test-summarize_num_patients.R:33')"/>
    </testcase>
    <testcase time="0.0489999999999995" classname="summarize_num_patients" name="summarize_num_patients_works_as_expected_with_healthy_input"/>
    <testcase time="0.027000000000001" classname="summarize_num_patients" name="summarize_num_patients_works_as_expected_with_healthy_input">
      <skipped message="Reason: On CRAN ('test-summarize_num_patients.R:51')"/>
    </testcase>
    <testcase time="0.0260000000000034" classname="summarize_num_patients" name="s_num_patients_count_by_works_as_expected_with_healthy_input"/>
    <testcase time="0.0069999999999979" classname="summarize_num_patients" name="s_num_patients_count_by_works_as_expected_with_healthy_input">
      <skipped message="Reason: On CRAN ('test-summarize_num_patients.R:90')"/>
    </testcase>
    <testcase time="0.0169999999999959" classname="summarize_num_patients" name="s_num_patients_count_by_with_missing_works_as_expected_with_healthy_input"/>
    <testcase time="0.00600000000000023" classname="summarize_num_patients" name="s_num_patients_count_by_with_missing_works_as_expected_with_healthy_input">
      <skipped message="Reason: On CRAN ('test-summarize_num_patients.R:99')"/>
    </testcase>
    <testcase time="0.0140000000000029" classname="summarize_num_patients" name="s_num_patients_count_by_with_missing_case_2_works_as_expected_with_healthy_input"/>
    <testcase time="0.00600000000000023" classname="summarize_num_patients" name="s_num_patients_count_by_with_missing_case_2_works_as_expected_with_healthy_input">
      <skipped message="Reason: On CRAN ('test-summarize_num_patients.R:108')"/>
    </testcase>
    <testcase time="0.0140000000000029" classname="summarize_num_patients" name="s_num_patients_content_with_count_by_works_as_expected_with_healthy_input"/>
    <testcase time="0.00600000000000023" classname="summarize_num_patients" name="s_num_patients_content_with_count_by_works_as_expected_with_healthy_input">
      <skipped message="Reason: On CRAN ('test-summarize_num_patients.R:119')"/>
    </testcase>
    <testcase time="0.0139999999999958" classname="summarize_num_patients" name="s_num_patients_content_with_count_by_case_2_works_as_expected_with_healthy_input"/>
    <testcase time="0.00600000000000023" classname="summarize_num_patients" name="s_num_patients_content_with_count_by_case_2_works_as_expected_with_healthy_input">
      <skipped message="Reason: On CRAN ('test-summarize_num_patients.R:130')"/>
    </testcase>
    <testcase time="0.0140000000000029" classname="summarize_num_patients" name="s_num_patients_content_with_count_by_trivial_cases_identical_to_without_count_by"/>
    <testcase time="0.00499999999999545" classname="summarize_num_patients" name="s_num_patients_content_with_count_by_trivial_cases_identical_to_without_count_by">
      <skipped message="Reason: On CRAN ('test-summarize_num_patients.R:141')"/>
    </testcase>
    <testcase time="0.0500000000000043" classname="summarize_num_patients" name="summarize_num_patients_with_count_by_works_as_expected_with_healthy_input"/>
    <testcase time="0.036999999999999" classname="summarize_num_patients" name="summarize_num_patients_with_count_by_works_as_expected_with_healthy_input">
      <skipped message="Reason: On CRAN ('test-summarize_num_patients.R:159')"/>
    </testcase>
    <testcase time="0.0570000000000022" classname="summarize_num_patients" name="summarize_num_patients_with_count_by_different_combinations_works_as_expected_with_healthy_input"/>
    <testcase time="0.0259999999999962" classname="summarize_num_patients" name="summarize_num_patients_with_count_by_different_combinations_works_as_expected_with_healthy_input">
      <skipped message="Reason: On CRAN ('test-summarize_num_patients.R:208')"/>
    </testcase>
    <testcase time="0.192" classname="summarize_num_patients" name="analyze_num_patients_works_well_for_pagination"/>
    <testcase time="0.0679999999999978" classname="summarize_num_patients" name="analyze_num_patients_works_well_for_pagination">
      <skipped message="Reason: On CRAN ('test-summarize_num_patients.R:241')"/>
    </testcase>
  </testsuite>
  <testsuite name="summarize_patients_exposure_in_cols" timestamp="2023-02-01T23:52:06Z" hostname="309a2673c371" tests="8" skipped="4" failures="0" errors="0" time="0.442">
    <testcase time="0.0360000000000014" classname="summarize_patients_exposure_in_cols" name="s_count_patients_sum_exposure_works_as_expected"/>
    <testcase time="0.00600000000000023" classname="summarize_patients_exposure_in_cols" name="s_count_patients_sum_exposure_works_as_expected">
      <skipped message="Reason: On CRAN ('test-summarize_patients_exposure_in_cols.R:23')"/>
    </testcase>
    <testcase time="0.134" classname="summarize_patients_exposure_in_cols" name="summarize_patients_exposure_in_cols_works_well_with_default_arguments"/>
    <testcase time="0.0670000000000002" classname="summarize_patients_exposure_in_cols" name="summarize_patients_exposure_in_cols_works_well_with_default_arguments">
      <skipped message="Reason: On CRAN ('test-summarize_patients_exposure_in_cols.R:39')"/>
    </testcase>
    <testcase time="0.0990000000000038" classname="summarize_patients_exposure_in_cols" name="summarize_patients_exposure_in_cols_works_well_with_custom_arguments"/>
    <testcase time="0.0489999999999995" classname="summarize_patients_exposure_in_cols" name="summarize_patients_exposure_in_cols_works_well_with_custom_arguments">
      <skipped message="Reason: On CRAN ('test-summarize_patients_exposure_in_cols.R:63')"/>
    </testcase>
    <testcase time="0.0449999999999946" classname="summarize_patients_exposure_in_cols" name="summarize_patients_exposure_in_cols_returns_correct_column_label_when_no_variable_split_and_only_one_statistic"/>
    <testcase time="0.00600000000000023" classname="summarize_patients_exposure_in_cols" name="summarize_patients_exposure_in_cols_returns_correct_column_label_when_no_variable_split_and_only_one_statistic">
      <skipped message="Reason: On CRAN ('test-summarize_patients_exposure_in_cols.R:84')"/>
    </testcase>
  </testsuite>
  <testsuite name="summarize_variables" timestamp="2023-02-01T23:52:07Z" hostname="309a2673c371" tests="61" skipped="23" failures="0" errors="0" time="3.222">
    <testcase time="0.0250000000000057" classname="summarize_variables" name="control_summarize_vars_works_with_customized_parameters"/>
    <testcase time="0.00599999999999312" classname="summarize_variables" name="control_summarize_vars_works_with_customized_parameters">
      <skipped message="Reason: On CRAN ('test-summarize_variables.R:8')"/>
    </testcase>
    <testcase time="0.017000000000003" classname="summarize_variables" name="control_summarize_vars_fails_wrong_inputs"/>
    <testcase time="0.00600000000000023" classname="summarize_variables" name="control_summarize_vars_fails_wrong_inputs"/>
    <testcase time="0.00600000000000023" classname="summarize_variables" name="s_summary_return_NA_for_x_length_0L"/>
    <testcase time="0.00600000000000023" classname="summarize_variables" name="s_summary_return_NA_for_x_length_0L">
      <skipped message="Reason: On CRAN ('test-summarize_variables.R:22')"/>
    </testcase>
    <testcase time="0.0140000000000029" classname="summarize_variables" name="s_summary_handles_NA"/>
    <testcase time="0.00600000000000023" classname="summarize_variables" name="s_summary_handles_NA">
      <skipped message="Reason: On CRAN ('test-summarize_variables.R:32')"/>
    </testcase>
    <testcase time="0.0139999999999958" classname="summarize_variables" name="s_summary_returns_right_results_for_n_2"/>
    <testcase time="0.0069999999999979" classname="summarize_variables" name="s_summary_returns_right_results_for_n_2">
      <skipped message="Reason: On CRAN ('test-summarize_variables.R:46')"/>
    </testcase>
    <testcase time="0.0140000000000029" classname="summarize_variables" name="s_summary_returns_right_results_for_n_8"/>
    <testcase time="0.0069999999999979" classname="summarize_variables" name="s_summary_returns_right_results_for_n_8">
      <skipped message="Reason: On CRAN ('test-summarize_variables.R:54')"/>
    </testcase>
    <testcase time="0.0130000000000052" classname="summarize_variables" name="s_summary_works_with_factors"/>
    <testcase time="0.00500000000000256" classname="summarize_variables" name="s_summary_works_with_factors">
      <skipped message="Reason: On CRAN ('test-summarize_variables.R:63')"/>
    </testcase>
    <testcase time="0.0329999999999941" classname="summarize_variables" name="s_summary_fails_with_factors_that_have_no_levels_or_have_empty_string_levels"/>
    <testcase time="0.00800000000000267" classname="summarize_variables" name="s_summary_fails_with_factors_that_have_no_levels_or_have_empty_string_levels"/>
    <testcase time="0.0110000000000028" classname="summarize_variables" name="s_summary_fails_when_factors_have_NA_levels"/>
    <testcase time="0.00600000000000023" classname="summarize_variables" name="s_summary_works_with_factors_with_NA_values_handled_and_correctly_removes_them_by_default"/>
    <testcase time="0.00600000000000023" classname="summarize_variables" name="s_summary_works_with_factors_with_NA_values_handled_and_correctly_removes_them_by_default">
      <skipped message="Reason: On CRAN ('test-summarize_variables.R:84')"/>
    </testcase>
    <testcase time="0.0129999999999981" classname="summarize_variables" name="s_summary_works_with_length_0_factors_that_have_levels"/>
    <testcase time="0.00600000000000023" classname="summarize_variables" name="s_summary_works_with_length_0_factors_that_have_levels">
      <skipped message="Reason: On CRAN ('test-summarize_variables.R:93')"/>
    </testcase>
    <testcase time="0.0139999999999958" classname="summarize_variables" name="s_summary_works_with_factors_and_different_denominator_choices"/>
    <testcase time="0.00500000000000256" classname="summarize_variables" name="s_summary_works_with_factors_and_different_denominator_choices">
      <skipped message="Reason: On CRAN ('test-summarize_variables.R:102')"/>
    </testcase>
    <testcase time="0.0180000000000007" classname="summarize_variables" name="s_summary_works_with_characters_by_converting_to_character"/>
    <testcase time="0.00500000000000256" classname="summarize_variables" name="s_summary_works_with_characters_by_converting_to_character"/>
    <testcase time="0.00999999999999801" classname="summarize_variables" name="s_summary_works_with_characters_by_converting_to_character_and_handling_empty_strings"/>
    <testcase time="0.00300000000000011" classname="summarize_variables" name="s_summary_works_with_characters_by_converting_to_character_and_handling_empty_strings"/>
    <testcase time="0.00600000000000023" classname="summarize_variables" name="s_summary_works_with_characters_by_converting_to_character_and_handling_empty_strings">
      <skipped message="Reason: On CRAN ('test-summarize_variables.R:125')"/>
    </testcase>
    <testcase time="0.0180000000000007" classname="summarize_variables" name="s_summary_does_not_work_for_length_0_character_vectors"/>
    <testcase time="0.00499999999999545" classname="summarize_variables" name="s_summary_works_with_logical_vectors"/>
    <testcase time="0.00600000000000023" classname="summarize_variables" name="s_summary_works_with_logical_vectors">
      <skipped message="Reason: On CRAN ('test-summarize_variables.R:139')"/>
    </testcase>
    <testcase time="0.0130000000000052" classname="summarize_variables" name="s_summary_works_with_logical_vectors_and_by_default_removes_NA"/>
    <testcase time="0.00600000000000023" classname="summarize_variables" name="s_summary_works_with_logical_vectors_and_by_default_removes_NA">
      <skipped message="Reason: On CRAN ('test-summarize_variables.R:148')"/>
    </testcase>
    <testcase time="0.0240000000000009" classname="summarize_variables" name="s_summary_works_with_logical_vectors_and_by_if_requested_does_not_remove_NA_from_n"/>
    <testcase time="0.0069999999999979" classname="summarize_variables" name="s_summary_works_with_logical_vectors_and_by_if_requested_does_not_remove_NA_from_n">
      <skipped message="Reason: On CRAN ('test-summarize_variables.R:157')"/>
    </testcase>
    <testcase time="0.292000000000002" classname="summarize_variables" name="create_afun_summary_creates_an_afun_that_works"/>
    <testcase time="0.129999999999995" classname="summarize_variables" name="create_afun_summary_creates_an_afun_that_works">
      <skipped message="Reason: On CRAN ('test-summarize_variables.R:184')"/>
    </testcase>
    <testcase time="0.0519999999999996" classname="summarize_variables" name="_summarize_vars_works_with_healthy_input_default_na.rm_TRUE_."/>
    <testcase time="0.0370000000000061" classname="summarize_variables" name="_summarize_vars_works_with_healthy_input_default_na.rm_TRUE_.">
      <skipped message="Reason: On CRAN ('test-summarize_variables.R:195')"/>
    </testcase>
    <testcase time="0.0579999999999998" classname="summarize_variables" name="_summarize_vars_works_with_healthy_input_and_control_function."/>
    <testcase time="0.0240000000000009" classname="summarize_variables" name="_summarize_vars_works_with_healthy_input_and_control_function.">
      <skipped message="Reason: On CRAN ('test-summarize_variables.R:210')"/>
    </testcase>
    <testcase time="0.0499999999999972" classname="summarize_variables" name="_summarize_vars_works_with_healthy_input_alternative_na.rm_FALSE_"/>
    <testcase time="0.0319999999999965" classname="summarize_variables" name="_summarize_vars_works_with_healthy_input_alternative_na.rm_FALSE_">
      <skipped message="Reason: On CRAN ('test-summarize_variables.R:221')"/>
    </testcase>
    <testcase time="0.0530000000000044" classname="summarize_variables" name="_summarize_vars_works_with_healthy_factor_input"/>
    <testcase time="0.019999999999996" classname="summarize_variables" name="_summarize_vars_works_with_healthy_factor_input">
      <skipped message="Reason: On CRAN ('test-summarize_variables.R:232')"/>
    </testcase>
    <testcase time="0.0480000000000018" classname="summarize_variables" name="_summarize_vars_works_with_healthy_factor_input_alternative_na.rm_FALSE_"/>
    <testcase time="0.0219999999999985" classname="summarize_variables" name="_summarize_vars_works_with_healthy_factor_input_alternative_na.rm_FALSE_">
      <skipped message="Reason: On CRAN ('test-summarize_variables.R:244')"/>
    </testcase>
    <testcase time="0.494" classname="summarize_variables" name="_summarize_vars_works_with_factors_and_different_denominators"/>
    <testcase time="0.00400000000000489" classname="summarize_variables" name="_summarize_vars_works_with_factors_and_different_denominators"/>
    <testcase time="0.00300000000000011" classname="summarize_variables" name="_summarize_vars_works_with_factors_and_different_denominators"/>
    <testcase time="0.102999999999994" classname="summarize_variables" name="_summarize_vars_works_with_factors_and_different_denominators">
      <skipped message="Reason: On CRAN ('test-summarize_variables.R:270')"/>
    </testcase>
    <testcase time="0.766000000000005" classname="summarize_variables" name="summarize_vars_works_in_demographic_table_example"/>
    <testcase time="0.321999999999996" classname="summarize_variables" name="summarize_vars_works_in_demographic_table_example">
      <skipped message="Reason: On CRAN ('test-summarize_variables.R:281')"/>
    </testcase>
    <testcase time="0.0579999999999998" classname="summarize_variables" name="_summarize_vars_works_with_character_input_and_gives_the_same_result_as_with_factor"/>
    <testcase time="0.0320000000000036" classname="summarize_variables" name="_summarize_vars_works_with_character_input_and_gives_the_same_result_as_with_factor"/>
    <testcase time="0.0510000000000019" classname="summarize_variables" name="_summarize_vars_does_not_work_with_sparse_character_input_due_to_missing_statistics"/>
    <testcase time="0.036999999999999" classname="summarize_variables" name="_summarize_vars_does_not_work_with_sparse_character_input_due_to_missing_statistics"/>
    <testcase time="0.0449999999999946" classname="summarize_variables" name="_summarize_vars_works_with_logical_input"/>
    <testcase time="0.017000000000003" classname="summarize_variables" name="_summarize_vars_works_with_logical_input">
      <skipped message="Reason: On CRAN ('test-summarize_variables.R:329')"/>
    </testcase>
    <testcase time="0.0750000000000028" classname="summarize_variables" name="_summarize_vars_works_with_empty_named_numeric_variables"/>
    <testcase time="0.0279999999999987" classname="summarize_variables" name="_summarize_vars_works_with_empty_named_numeric_variables">
      <skipped message="Reason: On CRAN ('test-summarize_variables.R:346')"/>
    </testcase>
  </testsuite>
  <testsuite name="survival_biomarkers_subgroups" timestamp="2023-02-01T23:52:10Z" hostname="309a2673c371" tests="12" skipped="5" failures="0" errors="0" time="1.547">
    <testcase time="0.250999999999998" classname="survival_biomarkers_subgroups" name="extract_survival_biomarkers_functions_as_expected_with_valid_input_and_default_arguments"/>
    <testcase time="0.00800000000000267" classname="survival_biomarkers_subgroups" name="extract_survival_biomarkers_functions_as_expected_with_valid_input_and_default_arguments">
      <skipped message="Reason: On CRAN ('test-survival_biomarkers_subgroups.R:36')"/>
    </testcase>
    <testcase time="0.247" classname="survival_biomarkers_subgroups" name="extract_survival_biomarkers_works_as_expected_with_groups_lists"/>
    <testcase time="0.00600000000000023" classname="survival_biomarkers_subgroups" name="extract_survival_biomarkers_works_as_expected_with_groups_lists">
      <skipped message="Reason: On CRAN ('test-survival_biomarkers_subgroups.R:65')"/>
    </testcase>
    <testcase time="0.592999999999996" classname="survival_biomarkers_subgroups" name="tabulate_survival_biomarkers_works_as_expected_with_valid_input"/>
    <testcase time="0.109000000000002" classname="survival_biomarkers_subgroups" name="tabulate_survival_biomarkers_works_as_expected_with_valid_input">
      <skipped message="Reason: On CRAN ('test-survival_biomarkers_subgroups.R:85')"/>
    </testcase>
    <testcase time="0.0480000000000018" classname="survival_biomarkers_subgroups" name="tabulate_survival_biomarkers_functions_as_expected_with_NULL_subgroups"/>
    <testcase time="0.140999999999998" classname="survival_biomarkers_subgroups" name="tabulate_survival_biomarkers_functions_as_expected_with_NULL_subgroups"/>
    <testcase time="0.0399999999999991" classname="survival_biomarkers_subgroups" name="tabulate_survival_biomarkers_functions_as_expected_with_NULL_subgroups">
      <skipped message="Reason: On CRAN ('test-survival_biomarkers_subgroups.R:105')"/>
    </testcase>
    <testcase time="0.0690000000000026" classname="survival_biomarkers_subgroups" name="tabulate_survival_biomarkers_works_with_only_a_single_biomarker_in_the_data_frame"/>
    <testcase time="0.00300000000000011" classname="survival_biomarkers_subgroups" name="tabulate_survival_biomarkers_works_with_only_a_single_biomarker_in_the_data_frame"/>
    <testcase time="0.0319999999999965" classname="survival_biomarkers_subgroups" name="tabulate_survival_biomarkers_works_with_only_a_single_biomarker_in_the_data_frame">
      <skipped message="Reason: On CRAN ('test-survival_biomarkers_subgroups.R:129')"/>
    </testcase>
  </testsuite>
  <testsuite name="survival_coxph_pairwise" timestamp="2023-02-01T23:52:11Z" hostname="309a2673c371" tests="17" skipped="8" failures="0" errors="0" time="0.723">
    <testcase time="0.0450000000000017" classname="survival_coxph_pairwise" name="s_coxph_pairwise_works_with_default_arguments_and_no_stratification_factors"/>
    <testcase time="0.00500000000000256" classname="survival_coxph_pairwise" name="s_coxph_pairwise_works_with_default_arguments_and_no_stratification_factors">
      <skipped message="Reason: On CRAN ('test-survival_coxph_pairwise.R:18')"/>
    </testcase>
    <testcase time="0.046999999999997" classname="survival_coxph_pairwise" name="s_coxph_pairwise_works_with_customized_arguments_and_no_stratification_factors"/>
    <testcase time="0.00600000000000023" classname="survival_coxph_pairwise" name="s_coxph_pairwise_works_with_customized_arguments_and_no_stratification_factors">
      <skipped message="Reason: On CRAN ('test-survival_coxph_pairwise.R:39')"/>
    </testcase>
    <testcase time="0.0379999999999967" classname="survival_coxph_pairwise" name="s_coxph_pairwise_works_with_default_arguments_and_stratification_factors"/>
    <testcase time="0.00600000000000023" classname="survival_coxph_pairwise" name="s_coxph_pairwise_works_with_default_arguments_and_stratification_factors">
      <skipped message="Reason: On CRAN ('test-survival_coxph_pairwise.R:59')"/>
    </testcase>
    <testcase time="0.0390000000000015" classname="survival_coxph_pairwise" name="s_coxph_pairwise_works_with_customized_arguments_and_stratification_factors"/>
    <testcase time="0.00500000000000256" classname="survival_coxph_pairwise" name="s_coxph_pairwise_works_with_customized_arguments_and_stratification_factors">
      <skipped message="Reason: On CRAN ('test-survival_coxph_pairwise.R:80')"/>
    </testcase>
    <testcase time="0.106999999999999" classname="survival_coxph_pairwise" name="coxph_pairwise_works_with_default_arguments_and_no_stratification_factors"/>
    <testcase time="0.027000000000001" classname="survival_coxph_pairwise" name="coxph_pairwise_works_with_default_arguments_and_no_stratification_factors">
      <skipped message="Reason: On CRAN ('test-survival_coxph_pairwise.R:102')"/>
    </testcase>
    <testcase time="0.0829999999999984" classname="survival_coxph_pairwise" name="coxph_pairwise_works_with_customized_arguments_and_no_stratification_factors"/>
    <testcase time="0.027000000000001" classname="survival_coxph_pairwise" name="coxph_pairwise_works_with_customized_arguments_and_no_stratification_factors">
      <skipped message="Reason: On CRAN ('test-survival_coxph_pairwise.R:125')"/>
    </testcase>
    <testcase time="0.0989999999999966" classname="survival_coxph_pairwise" name="coxph_pairwise_works_with_default_arguments_and_stratification_factors"/>
    <testcase time="0.027000000000001" classname="survival_coxph_pairwise" name="coxph_pairwise_works_with_default_arguments_and_stratification_factors">
      <skipped message="Reason: On CRAN ('test-survival_coxph_pairwise.R:147')"/>
    </testcase>
    <testcase time="0.0910000000000011" classname="survival_coxph_pairwise" name="coxph_pairwise_works_with_customized_arguments_and_stratification_factors"/>
    <testcase time="0.0240000000000009" classname="survival_coxph_pairwise" name="coxph_pairwise_works_with_customized_arguments_and_stratification_factors">
      <skipped message="Reason: On CRAN ('test-survival_coxph_pairwise.R:172')"/>
    </testcase>
    <testcase time="0.046999999999997" classname="survival_coxph_pairwise" name="s_coxph_pairwise_gets_p_value_log_rank_calculated_by_survival_survdiff_"/>
  </testsuite>
  <testsuite name="survival_duration_subgroups" timestamp="2023-02-01T23:52:12Z" hostname="309a2673c371" tests="22" skipped="10" failures="0" errors="0" time="3.221">
    <testcase time="0.151000000000003" classname="survival_duration_subgroups" name="extract_survival_subgroups_functions_as_expected_with_valid_input_and_default_arguments"/>
    <testcase time="0.00900000000000034" classname="survival_duration_subgroups" name="extract_survival_subgroups_functions_as_expected_with_valid_input_and_default_arguments">
      <skipped message="Reason: On CRAN ('test-survival_duration_subgroups.R:33')"/>
    </testcase>
    <testcase time="0.143999999999998" classname="survival_duration_subgroups" name="extract_survival_subgroups_works_as_expected_with_groups_lists"/>
    <testcase time="0.00600000000000023" classname="survival_duration_subgroups" name="extract_survival_subgroups_works_as_expected_with_groups_lists">
      <skipped message="Reason: On CRAN ('test-survival_duration_subgroups.R:52')"/>
    </testcase>
    <testcase time="0.027000000000001" classname="survival_duration_subgroups" name="extract_survival_subgroups_functions_as_expected_with_NULL_subgroups"/>
    <testcase time="0.00800000000000267" classname="survival_duration_subgroups" name="extract_survival_subgroups_functions_as_expected_with_NULL_subgroups">
      <skipped message="Reason: On CRAN ('test-survival_duration_subgroups.R:68')"/>
    </testcase>
    <testcase time="0.0419999999999945" classname="survival_duration_subgroups" name="a_survival_subgroups_functions_as_expected_with_valid_input"/>
    <testcase time="0.0200000000000031" classname="survival_duration_subgroups" name="a_survival_subgroups_functions_as_expected_with_valid_input">
      <skipped message="Reason: On CRAN ('test-survival_duration_subgroups.R:87')"/>
    </testcase>
    <testcase time="0.747" classname="survival_duration_subgroups" name="tabulate_survival_subgroups_functions_as_expected_with_valid_input"/>
    <testcase time="0.0739999999999981" classname="survival_duration_subgroups" name="tabulate_survival_subgroups_functions_as_expected_with_valid_input">
      <skipped message="Reason: On CRAN ('test-survival_duration_subgroups.R:102')"/>
    </testcase>
    <testcase time="0.219999999999999" classname="survival_duration_subgroups" name="tabulate_survival_subgroups_functions_as_expected_with_NULL_subgroups"/>
    <testcase time="0.0420000000000016" classname="survival_duration_subgroups" name="tabulate_survival_subgroups_functions_as_expected_with_NULL_subgroups">
      <skipped message="Reason: On CRAN ('test-survival_duration_subgroups.R:117')"/>
    </testcase>
    <testcase time="0.569000000000003" classname="survival_duration_subgroups" name="tabulate_survival_subgroups_functions_as_expected_with_extreme_values_in_subgroups"/>
    <testcase time="0.0619999999999976" classname="survival_duration_subgroups" name="tabulate_survival_subgroups_functions_as_expected_with_extreme_values_in_subgroups">
      <skipped message="Reason: On CRAN ('test-survival_duration_subgroups.R:134')"/>
    </testcase>
    <testcase time="0.155000000000001" classname="survival_duration_subgroups" name="tabulate_survival_subgroups_functions_as_expected_when_one_arm_has_0_records"/>
    <testcase time="0.558999999999997" classname="survival_duration_subgroups" name="tabulate_survival_subgroups_functions_as_expected_when_one_arm_has_0_records"/>
    <testcase time="0.0889999999999986" classname="survival_duration_subgroups" name="tabulate_survival_subgroups_functions_as_expected_when_one_arm_has_0_records">
      <skipped message="Reason: On CRAN ('test-survival_duration_subgroups.R:153')"/>
    </testcase>
    <testcase time="0.155000000000001" classname="survival_duration_subgroups" name="tabulate_survival_subgroups_works_correctly_with_both_n_tot_and_n_tot_events_in_vars_"/>
    <testcase time="0.117000000000004" classname="survival_duration_subgroups" name="tabulate_survival_subgroups_works_correctly_with_both_n_tot_and_n_tot_events_in_vars_"/>
    <testcase time="0.00600000000000023" classname="survival_duration_subgroups" name="tabulate_survival_subgroups_works_correctly_with_both_n_tot_and_n_tot_events_in_vars_">
      <skipped message="Reason: On CRAN ('test-survival_duration_subgroups.R:175')"/>
    </testcase>
    <testcase time="0.0129999999999981" classname="survival_duration_subgroups" name="d_survival_subgroups_colvars_functions_as_expected_with_valid_input"/>
    <testcase time="0.00600000000000023" classname="survival_duration_subgroups" name="d_survival_subgroups_colvars_functions_as_expected_with_valid_input">
      <skipped message="Reason: On CRAN ('test-survival_duration_subgroups.R:208')"/>
    </testcase>
  </testsuite>
  <testsuite name="survival_time" timestamp="2023-02-01T23:52:15Z" hostname="309a2673c371" tests="8" skipped="4" failures="0" errors="0" time="0.344">
    <testcase time="0.0339999999999989" classname="survival_time" name="s_surv_time_works_with_default_arguments"/>
    <testcase time="0.00600000000000023" classname="survival_time" name="s_surv_time_works_with_default_arguments">
      <skipped message="Reason: On CRAN ('test-survival_time.R:16')"/>
    </testcase>
    <testcase time="0.0279999999999987" classname="survival_time" name="s_surv_time_works_with_customized_arguments"/>
    <testcase time="0.00600000000000023" classname="survival_time" name="s_surv_time_works_with_customized_arguments">
      <skipped message="Reason: On CRAN ('test-survival_time.R:37')"/>
    </testcase>
    <testcase time="0.106999999999999" classname="survival_time" name="surv_time_works_with_default_arguments"/>
    <testcase time="0.0459999999999994" classname="survival_time" name="surv_time_works_with_default_arguments">
      <skipped message="Reason: On CRAN ('test-survival_time.R:60')"/>
    </testcase>
    <testcase time="0.0830000000000055" classname="survival_time" name="surv_time_works_with_customized_arguments"/>
    <testcase time="0.0339999999999989" classname="survival_time" name="surv_time_works_with_customized_arguments">
      <skipped message="Reason: On CRAN ('test-survival_time.R:82')"/>
    </testcase>
  </testsuite>
  <testsuite name="survival_timepoint" timestamp="2023-02-01T23:52:16Z" hostname="309a2673c371" tests="20" skipped="9" failures="0" errors="0" time="0.8">
    <testcase time="0.0360000000000014" classname="survival_timepoint" name="s_surv_timepoint_works_with_default_arguments"/>
    <testcase time="0.00599999999999312" classname="survival_timepoint" name="s_surv_timepoint_works_with_default_arguments">
      <skipped message="Reason: On CRAN ('test-survival_timepoint.R:17')"/>
    </testcase>
    <testcase time="0.0280000000000058" classname="survival_timepoint" name="s_surv_timepoint_works_with_customized_arguments"/>
    <testcase time="0.00500000000000256" classname="survival_timepoint" name="s_surv_timepoint_works_with_customized_arguments">
      <skipped message="Reason: On CRAN ('test-survival_timepoint.R:39')"/>
    </testcase>
    <testcase time="0.029999999999994" classname="survival_timepoint" name="s_surv_timepoint_also_works_when_there_are_0_patients_at_risk"/>
    <testcase time="0.00200000000000244" classname="survival_timepoint" name="s_surv_timepoint_also_works_when_there_are_0_patients_at_risk"/>
    <testcase time="0.00600000000000023" classname="survival_timepoint" name="s_surv_timepoint_also_works_when_there_are_0_patients_at_risk">
      <skipped message="Reason: On CRAN ('test-survival_timepoint.R:61')"/>
    </testcase>
    <testcase time="0.0919999999999987" classname="survival_timepoint" name="surv_timepoint_works_with_default_arguments"/>
    <testcase time="0.0279999999999987" classname="survival_timepoint" name="surv_timepoint_works_with_default_arguments">
      <skipped message="Reason: On CRAN ('test-survival_timepoint.R:86')"/>
    </testcase>
    <testcase time="0.0870000000000033" classname="survival_timepoint" name="surv_timepoint_works_with_customized_arguments"/>
    <testcase time="0.027000000000001" classname="survival_timepoint" name="surv_timepoint_works_with_customized_arguments">
      <skipped message="Reason: On CRAN ('test-survival_timepoint.R:112')"/>
    </testcase>
    <testcase time="0.0380000000000038" classname="survival_timepoint" name="s_surv_timepoint_diff_works_with_default_arguments_for_comparison_group"/>
    <testcase time="0.00499999999999545" classname="survival_timepoint" name="s_surv_timepoint_diff_works_with_default_arguments_for_comparison_group">
      <skipped message="Reason: On CRAN ('test-survival_timepoint.R:137')"/>
    </testcase>
    <testcase time="0.0380000000000038" classname="survival_timepoint" name="s_surv_timepoint_diff_works_with_customized_arguments_for_comparison_arm"/>
    <testcase time="0.00600000000000023" classname="survival_timepoint" name="s_surv_timepoint_diff_works_with_customized_arguments_for_comparison_arm">
      <skipped message="Reason: On CRAN ('test-survival_timepoint.R:162')"/>
    </testcase>
    <testcase time="0.100999999999999" classname="survival_timepoint" name="surv_timepoint_for_survival_diff_works_with_default_arguments"/>
    <testcase time="0.027000000000001" classname="survival_timepoint" name="surv_timepoint_for_survival_diff_works_with_default_arguments">
      <skipped message="Reason: On CRAN ('test-survival_timepoint.R:188')"/>
    </testcase>
    <testcase time="0.0829999999999984" classname="survival_timepoint" name="surv_timepoint_for_survival_diff_works_with_customized_arguments"/>
    <testcase time="0.0279999999999987" classname="survival_timepoint" name="surv_timepoint_for_survival_diff_works_with_customized_arguments">
      <skipped message="Reason: On CRAN ('test-survival_timepoint.R:215')"/>
    </testcase>
    <testcase time="0.127000000000002" classname="survival_timepoint" name="surv_timepoint_no_warning_when_multipled_layers_generated"/>
  </testsuite>
  <testsuite name="table_adat03" timestamp="2023-02-01T23:52:17Z" hostname="309a2673c371" tests="2" skipped="1" failures="0" errors="0" time="0.615">
    <testcase time="0.528999999999996" classname="table_adat03" name="ADAT03_is_produced_correctly"/>
    <testcase time="0.0859999999999985" classname="table_adat03" name="ADAT03_is_produced_correctly">
      <skipped message="Reason: On CRAN ('test-table_adat03.R:71')"/>
    </testcase>
  </testsuite>
  <testsuite name="table_aet01" timestamp="2023-02-01T23:52:17Z" hostname="309a2673c371" tests="8" skipped="4" failures="0" errors="0" time="2.032">
    <testcase time="0.376000000000005" classname="table_aet01" name="Safety_Summary_Variant_1_works_as_expected"/>
    <testcase time="0.0749999999999957" classname="table_aet01" name="Safety_Summary_Variant_1_works_as_expected">
      <skipped message="Reason: On CRAN ('test-table_aet01.R:94')"/>
    </testcase>
    <testcase time="0.458000000000006" classname="table_aet01" name="Safety_Summary_Variant_2_with_Medical_Concepts_Section_works_as_expected"/>
    <testcase time="0.0839999999999961" classname="table_aet01" name="Safety_Summary_Variant_2_with_Medical_Concepts_Section_works_as_expected">
      <skipped message="Reason: On CRAN ('test-table_aet01.R:214')"/>
    </testcase>
    <testcase time="0.392999999999994" classname="table_aet01" name="Safety_Summary_Variant_3_with_Modified_Rows_works_as_expected"/>
    <testcase time="0.0630000000000024" classname="table_aet01" name="Safety_Summary_Variant_3_with_Modified_Rows_works_as_expected">
      <skipped message="Reason: On CRAN ('test-table_aet01.R:306')"/>
    </testcase>
    <testcase time="0.478999999999999" classname="table_aet01" name="Safety_Summary_Variant_4_with_Rows_Counting_Events_and_Additional_Sections_works_as_expected"/>
    <testcase time="0.103999999999999" classname="table_aet01" name="Safety_Summary_Variant_4_with_Rows_Counting_Events_and_Additional_Sections_works_as_expected">
      <skipped message="Reason: On CRAN ('test-table_aet01.R:419')"/>
    </testcase>
  </testsuite>
  <testsuite name="table_aet02" timestamp="2023-02-01T23:52:19Z" hostname="309a2673c371" tests="24" skipped="12" failures="0" errors="0" time="8.142">
    <testcase time="0.643000000000001" classname="table_aet02" name="AET02_variant_1_is_produced_correctly"/>
    <testcase time="0.134" classname="table_aet02" name="AET02_variant_1_is_produced_correctly">
      <skipped message="Reason: On CRAN ('test-table_aet02.R:42')"/>
    </testcase>
    <testcase time="0.791000000000004" classname="table_aet02" name="AET02_variant_2_is_produced_correctly"/>
    <testcase time="0.154999999999994" classname="table_aet02" name="AET02_variant_2_is_produced_correctly">
      <skipped message="Reason: On CRAN ('test-table_aet02.R:95')"/>
    </testcase>
    <testcase time="0.917000000000009" classname="table_aet02" name="AET02_variant_3_is_produced_correctly"/>
    <testcase time="0.220999999999989" classname="table_aet02" name="AET02_variant_3_is_produced_correctly">
      <skipped message="Reason: On CRAN ('test-table_aet02.R:149')"/>
    </testcase>
    <testcase time="0.128" classname="table_aet02" name="AET02_variant_4_is_produced_correctly"/>
    <testcase time="0.0730000000000075" classname="table_aet02" name="AET02_variant_4_is_produced_correctly">
      <skipped message="Reason: On CRAN ('test-table_aet02.R:174')"/>
    </testcase>
    <testcase time="0.513999999999996" classname="table_aet02" name="AET02_variant_5_is_produced_correctly"/>
    <testcase time="0.123999999999995" classname="table_aet02" name="AET02_variant_5_is_produced_correctly">
      <skipped message="Reason: On CRAN ('test-table_aet02.R:214')"/>
    </testcase>
    <testcase time="0.524000000000001" classname="table_aet02" name="AET02_variant_6_is_produced_correctly"/>
    <testcase time="0.0450000000000017" classname="table_aet02" name="AET02_variant_6_is_produced_correctly">
      <skipped message="Reason: On CRAN ('test-table_aet02.R:247')"/>
    </testcase>
    <testcase time="0.921000000000006" classname="table_aet02" name="AET02_variant_7_is_produced_correctly"/>
    <testcase time="0.054000000000002" classname="table_aet02" name="AET02_variant_7_is_produced_correctly">
      <skipped message="Reason: On CRAN ('test-table_aet02.R:294')"/>
    </testcase>
    <testcase time="0.510999999999996" classname="table_aet02" name="AET02_variant_8_is_produced_correctly"/>
    <testcase time="0.0889999999999986" classname="table_aet02" name="AET02_variant_8_is_produced_correctly">
      <skipped message="Reason: On CRAN ('test-table_aet02.R:327')"/>
    </testcase>
    <testcase time="0.516999999999996" classname="table_aet02" name="AET02_variant_9_is_produced_correctly"/>
    <testcase time="0.0470000000000113" classname="table_aet02" name="AET02_variant_9_is_produced_correctly">
      <skipped message="Reason: On CRAN ('test-table_aet02.R:360')"/>
    </testcase>
    <testcase time="0.530000000000001" classname="table_aet02" name="AET02_variant_10_is_produced_correctly"/>
    <testcase time="0.0519999999999925" classname="table_aet02" name="AET02_variant_10_is_produced_correctly">
      <skipped message="Reason: On CRAN ('test-table_aet02.R:393')"/>
    </testcase>
    <testcase time="0.543000000000006" classname="table_aet02" name="AET02_variant_11_is_produced_correctly"/>
    <testcase time="0.0319999999999965" classname="table_aet02" name="AET02_variant_11_is_produced_correctly">
      <skipped message="Reason: On CRAN ('test-table_aet02.R:426')"/>
    </testcase>
    <testcase time="0.531999999999996" classname="table_aet02" name="AET02_variant_12_is_produced_correctly"/>
    <testcase time="0.0450000000000017" classname="table_aet02" name="AET02_variant_12_is_produced_correctly">
      <skipped message="Reason: On CRAN ('test-table_aet02.R:475')"/>
    </testcase>
  </testsuite>
  <testsuite name="table_aet02_smq" timestamp="2023-02-01T23:52:27Z" hostname="309a2673c371" tests="4" skipped="2" failures="0" errors="0" time="0.461">
    <testcase time="0.147000000000006" classname="table_aet02_smq" name="AET02SMQ_variant_1_is_produced_correctly"/>
    <testcase time="0.0539999999999878" classname="table_aet02_smq" name="AET02SMQ_variant_1_is_produced_correctly">
      <skipped message="Reason: On CRAN ('test-table_aet02_smq.R:52')"/>
    </testcase>
    <testcase time="0.205000000000013" classname="table_aet02_smq" name="AET02SMQ_variant_2_is_produced_correctly"/>
    <testcase time="0.0549999999999926" classname="table_aet02_smq" name="AET02SMQ_variant_2_is_produced_correctly">
      <skipped message="Reason: On CRAN ('test-table_aet02_smq.R:91')"/>
    </testcase>
  </testsuite>
  <testsuite name="table_aet03" timestamp="2023-02-01T23:52:28Z" hostname="309a2673c371" tests="2" skipped="1" failures="0" errors="0" time="1.519">
    <testcase time="1.258" classname="table_aet03" name="AET03_variant_1_is_produced_correctly"/>
    <testcase time="0.26100000000001" classname="table_aet03" name="AET03_variant_1_is_produced_correctly">
      <skipped message="Reason: On CRAN ('test-table_aet03.R:57')"/>
    </testcase>
  </testsuite>
  <testsuite name="table_aet04" timestamp="2023-02-01T23:52:31Z" hostname="309a2673c371" tests="16" skipped="8" failures="0" errors="0" time="9.262">
    <testcase time="2.566" classname="table_aet04" name="AET04_variant_1_is_produced_correctly"/>
    <testcase time="0.261999999999986" classname="table_aet04" name="AET04_variant_1_is_produced_correctly">
      <skipped message="Reason: On CRAN ('test-table_aet04.R:102')"/>
    </testcase>
    <testcase time="1.16000000000001" classname="table_aet04" name="AET04_variant_2_is_produced_correctly_Fill_in_of_Treatment_Groups_"/>
    <testcase time="0.260999999999996" classname="table_aet04" name="AET04_variant_2_is_produced_correctly_Fill_in_of_Treatment_Groups_">
      <skipped message="Reason: On CRAN ('test-table_aet04.R:167')"/>
    </testcase>
    <testcase time="1.84699999999999" classname="table_aet04" name="AET04_variant_3_is_produced_correctly_Fill_in_of_Grades_"/>
    <testcase time="0.262" classname="table_aet04" name="AET04_variant_3_is_produced_correctly_Fill_in_of_Grades_">
      <skipped message="Reason: On CRAN ('test-table_aet04.R:224')"/>
    </testcase>
    <testcase time="1.322" classname="table_aet04" name="AET04_variant_4_is_produced_correctly_Collapsing_of_Grades_grades_1_2_grades_3_4_5_"/>
    <testcase time="0.291999999999987" classname="table_aet04" name="AET04_variant_4_is_produced_correctly_Collapsing_of_Grades_grades_1_2_grades_3_4_5_">
      <skipped message="Reason: On CRAN ('test-table_aet04.R:292')"/>
    </testcase>
    <testcase time="0.688000000000002" classname="table_aet04" name="AET04_variant_6_is_produced_correctly_with_an_Incidence_Rate_of_at_Least_5_totals_restricted_"/>
    <testcase time="0.157000000000011" classname="table_aet04" name="AET04_variant_6_is_produced_correctly_with_an_Incidence_Rate_of_at_Least_5_totals_restricted_">
      <skipped message="Reason: On CRAN ('test-table_aet04.R:384')"/>
    </testcase>
    <testcase time="0.0219999999999914" classname="table_aet04" name="AET04_variant_8_is_produced_correctly_with_an_Incidence_Rate_of_at_Least_X_Patients_"/>
    <testcase time="0.100000000000009" classname="table_aet04" name="AET04_variant_8_is_produced_correctly_with_an_Incidence_Rate_of_at_Least_X_Patients_">
      <skipped message="Reason: On CRAN ('test-table_aet04.R:416')"/>
    </testcase>
    <testcase time="0.0219999999999914" classname="table_aet04" name="AET04_variant_9_is_produced_correctlyb_with_a_Difference_in_Incidence_Rate_of_at_Least_X_"/>
    <testcase time="0.102000000000004" classname="table_aet04" name="AET04_variant_9_is_produced_correctlyb_with_a_Difference_in_Incidence_Rate_of_at_Least_X_">
      <skipped message="Reason: On CRAN ('test-table_aet04.R:432')"/>
    </testcase>
    <testcase time="0.0229999999999961" classname="table_aet04" name="AET04_variant_11_is_produced_correctly_with_Incidence_Rate_of_at_Least_X_all_SOCs_w_o_preferred_terms_removed_"/>
    <testcase time="0.176000000000002" classname="table_aet04" name="AET04_variant_11_is_produced_correctly_with_Incidence_Rate_of_at_Least_X_all_SOCs_w_o_preferred_terms_removed_">
      <skipped message="Reason: On CRAN ('test-table_aet04.R:454')"/>
    </testcase>
  </testsuite>
  <testsuite name="table_aet04_pi" timestamp="2023-02-01T23:52:39Z" hostname="309a2673c371" tests="18" skipped="9" failures="0" errors="0" time="8.057">
    <testcase time="0.765000000000001" classname="table_aet04_pi" name="AET04_PI_full_table_is_produced_correctly"/>
    <testcase time="0.162999999999997" classname="table_aet04_pi" name="AET04_PI_full_table_is_produced_correctly">
      <skipped message="Reason: On CRAN ('test-table_aet04_pi.R:62')"/>
    </testcase>
    <testcase time="0.852000000000004" classname="table_aet04_pi" name="AET04_PI_variant_1_is_produced_correctly"/>
    <testcase time="0.141000000000005" classname="table_aet04_pi" name="AET04_PI_variant_1_is_produced_correctly">
      <skipped message="Reason: On CRAN ('test-table_aet04_pi.R:84')"/>
    </testcase>
    <testcase time="0.917000000000002" classname="table_aet04_pi" name="AET04_PI_variant_2_is_produced_correctly"/>
    <testcase time="0.0649999999999977" classname="table_aet04_pi" name="AET04_PI_variant_2_is_produced_correctly">
      <skipped message="Reason: On CRAN ('test-table_aet04_pi.R:107')"/>
    </testcase>
    <testcase time="0.811000000000007" classname="table_aet04_pi" name="AET04_PI_variant_3_is_produced_correctly"/>
    <testcase time="0.10199999999999" classname="table_aet04_pi" name="AET04_PI_variant_3_is_produced_correctly">
      <skipped message="Reason: On CRAN ('test-table_aet04_pi.R:130')"/>
    </testcase>
    <testcase time="0.807000000000002" classname="table_aet04_pi" name="AET04_PI_variant_4_is_produced_correctly"/>
    <testcase time="0.0560000000000116" classname="table_aet04_pi" name="AET04_PI_variant_4_is_produced_correctly">
      <skipped message="Reason: On CRAN ('test-table_aet04_pi.R:154')"/>
    </testcase>
    <testcase time="0.806999999999988" classname="table_aet04_pi" name="AET04_PI_variant_5_is_produced_correctly"/>
    <testcase time="0.0970000000000084" classname="table_aet04_pi" name="AET04_PI_variant_5_is_produced_correctly">
      <skipped message="Reason: On CRAN ('test-table_aet04_pi.R:178')"/>
    </testcase>
    <testcase time="0.99499999999999" classname="table_aet04_pi" name="AET04_PI_variant_6_is_produced_correctly"/>
    <testcase time="0.0960000000000036" classname="table_aet04_pi" name="AET04_PI_variant_6_is_produced_correctly">
      <skipped message="Reason: On CRAN ('test-table_aet04_pi.R:229')"/>
    </testcase>
    <testcase time="1.00200000000001" classname="table_aet04_pi" name="AET04_PI_variant_7_is_produced_correctly"/>
    <testcase time="0.0969999999999942" classname="table_aet04_pi" name="AET04_PI_variant_7_is_produced_correctly">
      <skipped message="Reason: On CRAN ('test-table_aet04_pi.R:280')"/>
    </testcase>
    <testcase time="0.185000000000002" classname="table_aet04_pi" name="AET04_PI_variant_8_is_produced_correctly"/>
    <testcase time="0.0990000000000038" classname="table_aet04_pi" name="AET04_PI_variant_8_is_produced_correctly">
      <skipped message="Reason: On CRAN ('test-table_aet04_pi.R:314')"/>
    </testcase>
  </testsuite>
  <testsuite name="table_aet05" timestamp="2023-02-01T23:52:47Z" hostname="309a2673c371" tests="4" skipped="2" failures="0" errors="0" time="0.254">
    <testcase time="0.0879999999999939" classname="table_aet05" name="AET05_variant_1_is_produced_correctly"/>
    <testcase time="0.0330000000000013" classname="table_aet05" name="AET05_variant_1_is_produced_correctly">
      <skipped message="Reason: On CRAN ('test-table_aet05.R:22')"/>
    </testcase>
    <testcase time="0.090999999999994" classname="table_aet05" name="AET05_variant_2_is_produced_correctly"/>
    <testcase time="0.0420000000000016" classname="table_aet05" name="AET05_variant_2_is_produced_correctly">
      <skipped message="Reason: On CRAN ('test-table_aet05.R:42')"/>
    </testcase>
  </testsuite>
  <testsuite name="table_aet06" timestamp="2023-02-01T23:52:47Z" hostname="309a2673c371" tests="6" skipped="3" failures="0" errors="0" time="4.813">
    <testcase time="0.914000000000001" classname="table_aet06" name="AET06_variant_1_is_produced_correctly"/>
    <testcase time="0.198000000000008" classname="table_aet06" name="AET06_variant_1_is_produced_correctly">
      <skipped message="Reason: On CRAN ('test-table_aet06.R:81')"/>
    </testcase>
    <testcase time="1.53599999999999" classname="table_aet06" name="AET06_variant_3_is_produced_correctly"/>
    <testcase time="0.278000000000006" classname="table_aet06" name="AET06_variant_3_is_produced_correctly">
      <skipped message="Reason: On CRAN ('test-table_aet06.R:133')"/>
    </testcase>
    <testcase time="1.584" classname="table_aet06" name="AET06_variant_5_is_produced_correctly"/>
    <testcase time="0.302999999999997" classname="table_aet06" name="AET06_variant_5_is_produced_correctly">
      <skipped message="Reason: On CRAN ('test-table_aet06.R:177')"/>
    </testcase>
  </testsuite>
  <testsuite name="table_aet06_smq" timestamp="2023-02-01T23:52:52Z" hostname="309a2673c371" tests="4" skipped="2" failures="0" errors="0" time="1.479">
    <testcase time="0.575000000000003" classname="table_aet06_smq" name="AET06_SMQ_variant_1_is_produced_correctly"/>
    <testcase time="0.167000000000002" classname="table_aet06_smq" name="AET06_SMQ_variant_1_is_produced_correctly">
      <skipped message="Reason: On CRAN ('test-table_aet06_smq.R:73')"/>
    </testcase>
    <testcase time="0.572000000000003" classname="table_aet06_smq" name="AET06_SMQ_variant_2_is_produced_correctly"/>
    <testcase time="0.164999999999992" classname="table_aet06_smq" name="AET06_SMQ_variant_2_is_produced_correctly">
      <skipped message="Reason: On CRAN ('test-table_aet06_smq.R:160')"/>
    </testcase>
  </testsuite>
  <testsuite name="table_aet07" timestamp="2023-02-01T23:52:53Z" hostname="309a2673c371" tests="4" skipped="2" failures="0" errors="0" time="0.254">
    <testcase time="0.0939999999999941" classname="table_aet07" name="AET07_variant_1_is_produced_correctly"/>
    <testcase time="0.027000000000001" classname="table_aet07" name="AET07_variant_1_is_produced_correctly">
      <skipped message="Reason: On CRAN ('test-table_aet07.R:51')"/>
    </testcase>
    <testcase time="0.102000000000004" classname="table_aet07" name="AET07_variant_2_is_produced_correctly"/>
    <testcase time="0.0309999999999917" classname="table_aet07" name="AET07_variant_2_is_produced_correctly">
      <skipped message="Reason: On CRAN ('test-table_aet07.R:82')"/>
    </testcase>
  </testsuite>
  <testsuite name="table_aet09" timestamp="2023-02-01T23:52:53Z" hostname="309a2673c371" tests="4" skipped="2" failures="0" errors="0" time="1.379">
    <testcase time="0.510000000000005" classname="table_aet09" name="AET09_variant_1_is_produced_correctly_AE_related_to_study_drug"/>
    <testcase time="0.100999999999999" classname="table_aet09" name="AET09_variant_1_is_produced_correctly_AE_related_to_study_drug">
      <skipped message="Reason: On CRAN ('test-table_aet09.R:43')"/>
    </testcase>
    <testcase time="0.629999999999995" classname="table_aet09" name="AET09_variant_2_is_produced_correctly_AE_related_to_study_drug_including_high_level_terms_"/>
    <testcase time="0.138000000000005" classname="table_aet09" name="AET09_variant_2_is_produced_correctly_AE_related_to_study_drug_including_high_level_terms_">
      <skipped message="Reason: On CRAN ('test-table_aet09.R:100')"/>
    </testcase>
  </testsuite>
  <testsuite name="table_aet09_smq" timestamp="2023-02-01T23:52:55Z" hostname="309a2673c371" tests="4" skipped="2" failures="0" errors="0" time="0.875">
    <testcase time="0.465999999999994" classname="table_aet09_smq" name="AET09_variant_1_AEs_related_to_study_drug_by_SMQ_is_produced_correctly"/>
    <testcase time="0.0430000000000064" classname="table_aet09_smq" name="AET09_variant_1_AEs_related_to_study_drug_by_SMQ_is_produced_correctly">
      <skipped message="Reason: On CRAN ('test-table_aet09_smq.R:69')"/>
    </testcase>
    <testcase time="0.299000000000007" classname="table_aet09_smq" name="AET09_variant_2_AEs_related_to_study_drug_by_SMQ_with_customized_queries_is_produced_correctly"/>
    <testcase time="0.0669999999999931" classname="table_aet09_smq" name="AET09_variant_2_AEs_related_to_study_drug_by_SMQ_with_customized_queries_is_produced_correctly">
      <skipped message="Reason: On CRAN ('test-table_aet09_smq.R:127')"/>
    </testcase>
  </testsuite>
  <testsuite name="table_aet10" timestamp="2023-02-01T23:52:56Z" hostname="309a2673c371" tests="2" skipped="1" failures="0" errors="0" time="0.153">
    <testcase time="0.116" classname="table_aet10" name="AET10_default_variant_is_produced_correctly"/>
    <testcase time="0.0370000000000061" classname="table_aet10" name="AET10_default_variant_is_produced_correctly">
      <skipped message="Reason: On CRAN ('test-table_aet10.R:23')"/>
    </testcase>
  </testsuite>
  <testsuite name="table_aovt01" timestamp="2023-02-01T23:52:56Z" hostname="309a2673c371" tests="4" skipped="2" failures="0" errors="0" time="1.236">
    <testcase time="0.312999999999988" classname="table_aovt01" name="AOVT01_variant_with_single_endpoint_is_produced_correctly"/>
    <testcase time="0.0530000000000115" classname="table_aovt01" name="AOVT01_variant_with_single_endpoint_is_produced_correctly">
      <skipped message="Reason: On CRAN ('test-table_aovt01.R:33')"/>
    </testcase>
    <testcase time="0.747" classname="table_aovt01" name="AOVT01_variant_with_multiple_endpoints_is_produced_correctly"/>
    <testcase time="0.12299999999999" classname="table_aovt01" name="AOVT01_variant_with_multiple_endpoints_is_produced_correctly">
      <skipped message="Reason: On CRAN ('test-table_aovt01.R:52')"/>
    </testcase>
  </testsuite>
  <testsuite name="table_cmt01" timestamp="2023-02-01T23:52:57Z" hostname="309a2673c371" tests="8" skipped="4" failures="0" errors="0" time="1.5">
    <testcase time="0.338000000000008" classname="table_cmt01" name="CMT01_default_variant_Concomitant_medications_is_produced_correctly"/>
    <testcase time="0.0810000000000031" classname="table_cmt01" name="CMT01_default_variant_Concomitant_medications_is_produced_correctly">
      <skipped message="Reason: On CRAN ('test-table_cmt01.R:36')"/>
    </testcase>
    <testcase time="0.23299999999999" classname="table_cmt01" name="CMT01_variant_1_prior_medications_is_produced_correctly"/>
    <testcase time="0.070999999999998" classname="table_cmt01" name="CMT01_variant_1_prior_medications_is_produced_correctly">
      <skipped message="Reason: On CRAN ('test-table_cmt01.R:71')"/>
    </testcase>
    <testcase time="0.307000000000002" classname="table_cmt01" name="CMT01_variant_3_Concomitant_medications_is_produced_correctly"/>
    <testcase time="0.0700000000000074" classname="table_cmt01" name="CMT01_variant_3_Concomitant_medications_is_produced_correctly">
      <skipped message="Reason: On CRAN ('test-table_cmt01.R:104')"/>
    </testcase>
    <testcase time="0.320999999999998" classname="table_cmt01" name="CMT01_variant_4_Concomitant_medications_is_produced_correctly"/>
    <testcase time="0.0789999999999935" classname="table_cmt01" name="CMT01_variant_4_Concomitant_medications_is_produced_correctly">
      <skipped message="Reason: On CRAN ('test-table_cmt01.R:135')"/>
    </testcase>
  </testsuite>
  <testsuite name="table_cmt02_pt" timestamp="2023-02-01T23:52:59Z" hostname="309a2673c371" tests="2" skipped="1" failures="0" errors="0" time="0.224">
    <testcase time="0.162000000000006" classname="table_cmt02_pt" name="CMT02_PT_default_variant_is_produced_correctly"/>
    <testcase time="0.0619999999999976" classname="table_cmt02_pt" name="CMT02_PT_default_variant_is_produced_correctly">
      <skipped message="Reason: On CRAN ('test-table_cmt02_pt.R:26')"/>
    </testcase>
  </testsuite>
  <testsuite name="table_coxt01" timestamp="2023-02-01T23:52:59Z" hostname="309a2673c371" tests="8" skipped="4" failures="0" errors="0" time="1.193">
    <testcase time="0.200000000000003" classname="table_coxt01" name="1._Cox_Regression"/>
    <testcase time="0.0429999999999922" classname="table_coxt01" name="1._Cox_Regression">
      <skipped message="Reason: On CRAN ('test-table_coxt01.R:43')"/>
    </testcase>
    <testcase time="0.243000000000009" classname="table_coxt01" name="2._Cox_Regression_with_Interaction_Term_"/>
    <testcase time="0.0619999999999976" classname="table_coxt01" name="2._Cox_Regression_with_Interaction_Term_">
      <skipped message="Reason: On CRAN ('test-table_coxt01.R:64')"/>
    </testcase>
    <testcase time="0.242999999999995" classname="table_coxt01" name="3._Cox_Regression_specifying_covariates_"/>
    <testcase time="0.0799999999999983" classname="table_coxt01" name="3._Cox_Regression_specifying_covariates_">
      <skipped message="Reason: On CRAN ('test-table_coxt01.R:87')"/>
    </testcase>
    <testcase time="0.242000000000004" classname="table_coxt01" name="4._Cox_Regression_setting_strata_ties_and_alpha_level_"/>
    <testcase time="0.0799999999999983" classname="table_coxt01" name="4._Cox_Regression_setting_strata_ties_and_alpha_level_">
      <skipped message="Reason: On CRAN ('test-table_coxt01.R:115')"/>
    </testcase>
  </testsuite>
  <testsuite name="table_coxt02" timestamp="2023-02-01T23:53:00Z" hostname="309a2673c371" tests="4" skipped="2" failures="0" errors="0" time="0.39">
    <testcase time="0.161999999999992" classname="table_coxt02" name="COXT02_default_variant_1_is_produced_correctly"/>
    <testcase time="0.0380000000000109" classname="table_coxt02" name="COXT02_default_variant_1_is_produced_correctly">
      <skipped message="Reason: On CRAN ('test-table_coxt02.R:44')"/>
    </testcase>
    <testcase time="0.144999999999996" classname="table_coxt02" name="COXT02_variant_5_is_produced_correctly"/>
    <testcase time="0.0450000000000017" classname="table_coxt02" name="COXT02_variant_5_is_produced_correctly">
      <skipped message="Reason: On CRAN ('test-table_coxt02.R:67')"/>
    </testcase>
  </testsuite>
  <testsuite name="table_disclosures" timestamp="2023-02-01T23:53:00Z" hostname="309a2673c371" tests="12" skipped="6" failures="0" errors="0" time="1.878">
    <testcase time="0.194999999999993" classname="table_disclosures" name="Patient_Disposition_table_is_produced_correctly"/>
    <testcase time="0.0590000000000117" classname="table_disclosures" name="Patient_Disposition_table_is_produced_correctly">
      <skipped message="Reason: On CRAN ('test-table_disclosures.R:108')"/>
    </testcase>
    <testcase time="0.259999999999991" classname="table_disclosures" name="Demographic_table_is_produced_correctly"/>
    <testcase time="0.106999999999999" classname="table_disclosures" name="Demographic_table_is_produced_correctly">
      <skipped message="Reason: On CRAN ('test-table_disclosures.R:129')"/>
    </testcase>
    <testcase time="0.109000000000009" classname="table_disclosures" name="Enrollment_by_Country_Table_is_produced_correctly"/>
    <testcase time="0.0599999999999881" classname="table_disclosures" name="Enrollment_by_Country_Table_is_produced_correctly">
      <skipped message="Reason: On CRAN ('test-table_disclosures.R:141')"/>
    </testcase>
    <testcase time="0.0740000000000123" classname="table_disclosures" name="Death_table_is_produced_correctly"/>
    <testcase time="0.0269999999999868" classname="table_disclosures" name="Death_table_is_produced_correctly">
      <skipped message="Reason: On CRAN ('test-table_disclosures.R:159')"/>
    </testcase>
    <testcase time="0.376000000000005" classname="table_disclosures" name="Table_of_Serious_Adverse_Events_is_produced_correctly_for_one_specific_treatment_arm_"/>
    <testcase time="0.0559999999999974" classname="table_disclosures" name="Table_of_Serious_Adverse_Events_is_produced_correctly_for_one_specific_treatment_arm_">
      <skipped message="Reason: On CRAN ('test-table_disclosures.R:187')"/>
    </testcase>
    <testcase time="0.466999999999999" classname="table_disclosures" name="Table_of_Non_Serious_Adverse_Events_is_produced_correctly"/>
    <testcase time="0.0880000000000081" classname="table_disclosures" name="Table_of_Non_Serious_Adverse_Events_is_produced_correctly">
      <skipped message="Reason: On CRAN ('test-table_disclosures.R:209')"/>
    </testcase>
  </testsuite>
  <testsuite name="table_dmt01" timestamp="2023-02-01T23:53:02Z" hostname="309a2673c371" tests="2" skipped="1" failures="0" errors="0" time="0.588">
    <testcase time="0.429999999999993" classname="table_dmt01" name="DMT01_default_and_alternative_variants_are_produced_correctly"/>
    <testcase time="0.158000000000001" classname="table_dmt01" name="DMT01_default_and_alternative_variants_are_produced_correctly">
      <skipped message="Reason: On CRAN ('test-table_dmt01.R:62')"/>
    </testcase>
  </testsuite>
  <testsuite name="table_dort01" timestamp="2023-02-01T23:53:03Z" hostname="309a2673c371" tests="8" skipped="4" failures="0" errors="0" time="1.493">
    <testcase time="0.299999999999997" classname="table_dort01" name="DORT01_variant_1_is_produced_correctly"/>
    <testcase time="0.0980000000000132" classname="table_dort01" name="DORT01_variant_1_is_produced_correctly">
      <skipped message="Reason: On CRAN ('test-table_dort01.R:78')"/>
    </testcase>
    <testcase time="0.284999999999997" classname="table_dort01" name="DORT01_variant_2_selecting_sectons_is_produced_correctly"/>
    <testcase time="0.0870000000000033" classname="table_dort01" name="DORT01_variant_2_selecting_sectons_is_produced_correctly">
      <skipped message="Reason: On CRAN ('test-table_dort01.R:134')"/>
    </testcase>
    <testcase time="0.274999999999991" classname="table_dort01" name="DORT01_variant_3_modifying_conftype_and_alpha_level_is_produced_correctly"/>
    <testcase time="0.0880000000000081" classname="table_dort01" name="DORT01_variant_3_modifying_conftype_and_alpha_level_is_produced_correctly">
      <skipped message="Reason: On CRAN ('test-table_dort01.R:190')"/>
    </testcase>
    <testcase time="0.271999999999991" classname="table_dort01" name="DORT01_variant_4_modifying_time_point_for_the_xx_duration_is_produced_correctly"/>
    <testcase time="0.0880000000000081" classname="table_dort01" name="DORT01_variant_4_modifying_time_point_for_the_xx_duration_is_produced_correctly">
      <skipped message="Reason: On CRAN ('test-table_dort01.R:244')"/>
    </testcase>
  </testsuite>
  <testsuite name="table_dst01" timestamp="2023-02-01T23:53:04Z" hostname="309a2673c371" tests="6" skipped="3" failures="0" errors="0" time="0.784">
    <testcase time="0.150999999999996" classname="table_dst01" name="DST01_default_variant_is_produced_correctly"/>
    <testcase time="0.0510000000000019" classname="table_dst01" name="DST01_default_variant_is_produced_correctly">
      <skipped message="Reason: On CRAN ('test-table_dst01.R:83')"/>
    </testcase>
    <testcase time="0.274999999999991" classname="table_dst01" name="DST01_variant_with_grouping_of_reasons_is_produced_correctly"/>
    <testcase time="0.0600000000000023" classname="table_dst01" name="DST01_variant_with_grouping_of_reasons_is_produced_correctly">
      <skipped message="Reason: On CRAN ('test-table_dst01.R:102')"/>
    </testcase>
    <testcase time="0.191000000000003" classname="table_dst01" name="DST01_variant_with_adding_other_optional_rows_is_produced_correctly"/>
    <testcase time="0.0559999999999974" classname="table_dst01" name="DST01_variant_with_adding_other_optional_rows_is_produced_correctly">
      <skipped message="Reason: On CRAN ('test-table_dst01.R:119')"/>
    </testcase>
  </testsuite>
  <testsuite name="table_dth01" timestamp="2023-02-01T23:53:05Z" hostname="309a2673c371" tests="8" skipped="4" failures="0" errors="0" time="1.447">
    <testcase time="0.115000000000009" classname="table_dth01" name="DTH01_variant_1_is_produced_correctly"/>
    <testcase time="0.0439999999999969" classname="table_dth01" name="DTH01_variant_1_is_produced_correctly">
      <skipped message="Reason: On CRAN ('test-table_dth01.R:22')"/>
    </testcase>
    <testcase time="0.459000000000003" classname="table_dth01" name="DTH01_variant_2_is_produced_correctly"/>
    <testcase time="0.128" classname="table_dth01" name="DTH01_variant_2_is_produced_correctly">
      <skipped message="Reason: On CRAN ('test-table_dth01.R:81')"/>
    </testcase>
    <testcase time="0.22399999999999" classname="table_dth01" name="DTH01_variant_3_is_produced_correctly"/>
    <testcase time="0.054000000000002" classname="table_dth01" name="DTH01_variant_3_is_produced_correctly">
      <skipped message="Reason: On CRAN ('test-table_dth01.R:140')"/>
    </testcase>
    <testcase time="0.337000000000003" classname="table_dth01" name="DTH01_variant_4_is_produced_correctly"/>
    <testcase time="0.0859999999999985" classname="table_dth01" name="DTH01_variant_4_is_produced_correctly">
      <skipped message="Reason: On CRAN ('test-table_dth01.R:217')"/>
    </testcase>
  </testsuite>
  <testsuite name="table_egt01" timestamp="2023-02-01T23:53:07Z" hostname="309a2673c371" tests="2" skipped="1" failures="0" errors="0" time="0.955">
    <testcase time="0.768000000000001" classname="table_egt01" name="EGT01_default_variant_is_produced_correctly"/>
    <testcase time="0.186999999999998" classname="table_egt01" name="EGT01_default_variant_is_produced_correctly">
      <skipped message="Reason: On CRAN ('test-table_egt01.R:22')"/>
    </testcase>
  </testsuite>
  <testsuite name="table_egt02" timestamp="2023-02-01T23:53:08Z" hostname="309a2673c371" tests="4" skipped="2" failures="0" errors="0" time="0.586">
    <testcase time="0.230000000000004" classname="table_egt02" name="_EGT02_1._Regardless_of_Abnormality_at_Baseline"/>
    <testcase time="0.0559999999999974" classname="table_egt02" name="_EGT02_1._Regardless_of_Abnormality_at_Baseline">
      <skipped message="Reason: On CRAN ('test-table_egt02.R:28')"/>
    </testcase>
    <testcase time="0.24499999999999" classname="table_egt02" name="_EGT02_2._Among_Subjects_Without_Abnormality_at_Baseline"/>
    <testcase time="0.0550000000000068" classname="table_egt02" name="_EGT02_2._Among_Subjects_Without_Abnormality_at_Baseline">
      <skipped message="Reason: On CRAN ('test-table_egt02.R:51')"/>
    </testcase>
  </testsuite>
  <testsuite name="table_egt03" timestamp="2023-02-01T23:53:08Z" hostname="309a2673c371" tests="8" skipped="4" failures="0" errors="0" time="1.299">
    <testcase time="0.266000000000005" classname="table_egt03" name="EGT03_variant_1_is_produced_correctly"/>
    <testcase time="0.0799999999999983" classname="table_egt03" name="EGT03_variant_1_is_produced_correctly">
      <skipped message="Reason: On CRAN ('test-table_egt03.R:50')"/>
    </testcase>
    <testcase time="0.212999999999994" classname="table_egt03" name="EGT03_variant_2_is_produced_correctly"/>
    <testcase time="0.0880000000000081" classname="table_egt03" name="EGT03_variant_2_is_produced_correctly">
      <skipped message="Reason: On CRAN ('test-table_egt03.R:91')"/>
    </testcase>
    <testcase time="0.228999999999999" classname="table_egt03" name="EGT03_variant_3_is_produced_correctly"/>
    <testcase time="0.0870000000000033" classname="table_egt03" name="EGT03_variant_3_is_produced_correctly">
      <skipped message="Reason: On CRAN ('test-table_egt03.R:132')"/>
    </testcase>
    <testcase time="0.238" classname="table_egt03" name="EGT03_variant_4_is_produced_correctly"/>
    <testcase time="0.097999999999999" classname="table_egt03" name="EGT03_variant_4_is_produced_correctly">
      <skipped message="Reason: On CRAN ('test-table_egt03.R:179')"/>
    </testcase>
  </testsuite>
  <testsuite name="table_egt04" timestamp="2023-02-01T23:53:09Z" hostname="309a2673c371" tests="2" skipped="1" failures="0" errors="0" time="0.252">
    <testcase time="0.195999999999998" classname="table_egt04" name="EGT04_default_variant_is_produced_correctly"/>
    <testcase time="0.0559999999999974" classname="table_egt04" name="EGT04_default_variant_is_produced_correctly">
      <skipped message="Reason: On CRAN ('test-table_egt04.R:51')"/>
    </testcase>
  </testsuite>
  <testsuite name="table_egt05_qtcat" timestamp="2023-02-01T23:53:10Z" hostname="309a2673c371" tests="2" skipped="1" failures="0" errors="0" time="0.987">
    <testcase time="0.76400000000001" classname="table_egt05_qtcat" name="EGT05_QTCAT_default_variant_is_produced_correctly"/>
    <testcase time="0.222999999999999" classname="table_egt05_qtcat" name="EGT05_QTCAT_default_variant_is_produced_correctly">
      <skipped message="Reason: On CRAN ('test-table_egt05_qtcat.R:57')"/>
    </testcase>
  </testsuite>
  <testsuite name="table_ent" timestamp="2023-02-01T23:53:11Z" hostname="309a2673c371" tests="8" skipped="4" failures="0" errors="0" time="14.971">
    <testcase time="3.80499999999999" classname="table_ent" name="ENT01_IT_is_produced_correctly"/>
    <testcase time="0.538000000000011" classname="table_ent" name="ENT01_IT_is_produced_correctly">
      <skipped message="Reason: On CRAN ('test-table_ent.R:24')"/>
    </testcase>
    <testcase time="2.502" classname="table_ent" name="ENT01a_IT_is_produced_correctly"/>
    <testcase time="0.528000000000006" classname="table_ent" name="ENT01a_IT_is_produced_correctly">
      <skipped message="Reason: On CRAN ('test-table_ent.R:40')"/>
    </testcase>
    <testcase time="3.89699999999999" classname="table_ent" name="ENT02_IT_is_produced_correctly"/>
    <testcase time="0.555999999999997" classname="table_ent" name="ENT02_IT_is_produced_correctly">
      <skipped message="Reason: On CRAN ('test-table_ent.R:61')"/>
    </testcase>
    <testcase time="2.63600000000001" classname="table_ent" name="ENT02a_IT_is_produced_correctly"/>
    <testcase time="0.509" classname="table_ent" name="ENT02a_IT_is_produced_correctly">
      <skipped message="Reason: On CRAN ('test-table_ent.R:79')"/>
    </testcase>
  </testsuite>
  <testsuite name="table_ext01" timestamp="2023-02-01T23:53:26Z" hostname="309a2673c371" tests="6" skipped="3" failures="0" errors="0" time="1.194">
    <testcase time="0.299999999999997" classname="table_ext01" name="EXT01_default_variant_with_numeric_parameters_is_produced_correctly"/>
    <testcase time="0.0799999999999841" classname="table_ext01" name="EXT01_default_variant_with_numeric_parameters_is_produced_correctly">
      <skipped message="Reason: On CRAN ('test-table_ext01.R:58')"/>
    </testcase>
    <testcase time="0.301000000000016" classname="table_ext01" name="EXT01_variant_with_both_numeric_and_categorical_parameters"/>
    <testcase time="0.0799999999999841" classname="table_ext01" name="EXT01_variant_with_both_numeric_and_categorical_parameters">
      <skipped message="Reason: On CRAN ('test-table_ext01.R:147')"/>
    </testcase>
    <testcase time="0.334000000000003" classname="table_ext01" name="EXT01_variant_with_user_specified_categories_for_missed_doses"/>
    <testcase time="0.099000000000018" classname="table_ext01" name="EXT01_variant_with_user_specified_categories_for_missed_doses">
      <skipped message="Reason: On CRAN ('test-table_ext01.R:241')"/>
    </testcase>
  </testsuite>
  <testsuite name="table_fstg02" timestamp="2023-02-01T23:53:27Z" hostname="309a2673c371" tests="8" skipped="4" failures="0" errors="0" time="3.064">
    <testcase time="0.844999999999999" classname="table_fstg02" name="FSTG02_table_variant_1_Subgroup_Analysis_of_Survival_Duration_is_produced_correctly"/>
    <testcase time="0.0840000000000032" classname="table_fstg02" name="FSTG02_table_variant_1_Subgroup_Analysis_of_Survival_Duration_is_produced_correctly">
      <skipped message="Reason: On CRAN ('test-table_fstg02.R:43')"/>
    </testcase>
    <testcase time="0.820999999999998" classname="table_fstg02" name="FSTG02_table_variant_2_specifying_class_variables_and_options_for_the_treatment_variable_"/>
    <testcase time="0.0840000000000032" classname="table_fstg02" name="FSTG02_table_variant_2_specifying_class_variables_and_options_for_the_treatment_variable_">
      <skipped message="Reason: On CRAN ('test-table_fstg02.R:80')"/>
    </testcase>
    <testcase time="0.301999999999992" classname="table_fstg02" name="FSTG02_table_variant_3_selecting_columns_and_changing_the_alpha_level_"/>
    <testcase time="0.0579999999999927" classname="table_fstg02" name="FSTG02_table_variant_3_selecting_columns_and_changing_the_alpha_level_">
      <skipped message="Reason: On CRAN ('test-table_fstg02.R:105')"/>
    </testcase>
    <testcase time="0.798000000000002" classname="table_fstg02" name="FSTG02_table_variant_4_fixed_symbol_size_is_produced_correctly"/>
    <testcase time="0.0720000000000027" classname="table_fstg02" name="FSTG02_table_variant_4_fixed_symbol_size_is_produced_correctly">
      <skipped message="Reason: On CRAN ('test-table_fstg02.R:135')"/>
    </testcase>
  </testsuite>
  <testsuite name="table_lbt01" timestamp="2023-02-01T23:53:30Z" hostname="309a2673c371" tests="2" skipped="1" failures="0" errors="0" time="0.81">
    <testcase time="0.659999999999997" classname="table_lbt01" name="LBT01_default_variant_is_produced_correctly"/>
    <testcase time="0.150000000000006" classname="table_lbt01" name="LBT01_default_variant_is_produced_correctly">
      <skipped message="Reason: On CRAN ('test-table_lbt01.R:26')"/>
    </testcase>
  </testsuite>
  <testsuite name="table_lbt02" timestamp="2023-02-01T23:53:31Z" hostname="309a2673c371" tests="2" skipped="1" failures="0" errors="0" time="0.497">
    <testcase time="0.363" classname="table_lbt02" name="LBT02_default_variant_is_produced_correctly"/>
    <testcase time="0.133999999999986" classname="table_lbt02" name="LBT02_default_variant_is_produced_correctly">
      <skipped message="Reason: On CRAN ('test-table_lbt02.R:19')"/>
    </testcase>
  </testsuite>
  <testsuite name="table_lbt03" timestamp="2023-02-01T23:53:31Z" hostname="309a2673c371" tests="2" skipped="1" failures="0" errors="0" time="0.502">
    <testcase time="0.392000000000024" classname="table_lbt03" name="LBT03_default_variant_is_produced_correctly"/>
    <testcase time="0.109999999999985" classname="table_lbt03" name="LBT03_default_variant_is_produced_correctly">
      <skipped message="Reason: On CRAN ('test-table_lbt03.R:29')"/>
    </testcase>
  </testsuite>
  <testsuite name="table_lbt04" timestamp="2023-02-01T23:53:32Z" hostname="309a2673c371" tests="2" skipped="1" failures="0" errors="0" time="0.276">
    <testcase time="0.224999999999994" classname="table_lbt04" name="LBT04_default_variant_is_produced_correctly"/>
    <testcase time="0.0510000000000161" classname="table_lbt04" name="LBT04_default_variant_is_produced_correctly">
      <skipped message="Reason: On CRAN ('test-table_lbt04.R:25')"/>
    </testcase>
  </testsuite>
  <testsuite name="table_lbt05" timestamp="2023-02-01T23:53:32Z" hostname="309a2673c371" tests="6" skipped="3" failures="0" errors="0" time="6.568">
    <testcase time="2.06" classname="table_lbt05" name="LBT05_variant_1_is_produced_correctly"/>
    <testcase time="0.0869999999999891" classname="table_lbt05" name="LBT05_variant_1_is_produced_correctly">
      <skipped message="Reason: On CRAN ('test-table_lbt05.R:108')"/>
    </testcase>
    <testcase time="2.00899999999999" classname="table_lbt05" name="LBT05_variant_2_is_produced_correctly"/>
    <testcase time="0.0930000000000177" classname="table_lbt05" name="LBT05_variant_2_is_produced_correctly">
      <skipped message="Reason: On CRAN ('test-table_lbt05.R:176')"/>
    </testcase>
    <testcase time="2.24299999999999" classname="table_lbt05" name="LBT05_variant_4_is_produced_correctly"/>
    <testcase time="0.0759999999999934" classname="table_lbt05" name="LBT05_variant_4_is_produced_correctly">
      <skipped message="Reason: On CRAN ('test-table_lbt05.R:249')"/>
    </testcase>
  </testsuite>
  <testsuite name="table_lbt06" timestamp="2023-02-01T23:53:39Z" hostname="309a2673c371" tests="2" skipped="1" failures="0" errors="0" time="0.66">
    <testcase time="0.503000000000014" classname="table_lbt06" name="LBT06_default_variant_is_produced_correctly"/>
    <testcase time="0.156999999999982" classname="table_lbt06" name="LBT06_default_variant_is_produced_correctly">
      <skipped message="Reason: On CRAN ('test-table_lbt06.R:24')"/>
    </testcase>
  </testsuite>
  <testsuite name="table_lbt07" timestamp="2023-02-01T23:53:39Z" hostname="309a2673c371" tests="2" skipped="1" failures="0" errors="0" time="0.6">
    <testcase time="0.481999999999999" classname="table_lbt07" name="LBT07_is_produced_correctly"/>
    <testcase time="0.118000000000023" classname="table_lbt07" name="LBT07_is_produced_correctly">
      <skipped message="Reason: On CRAN ('test-table_lbt07.R:77')"/>
    </testcase>
  </testsuite>
  <testsuite name="table_lbt08" timestamp="2023-02-01T23:53:40Z" hostname="309a2673c371" tests="2" skipped="1" failures="0" errors="0" time="0.539">
    <testcase time="0.437999999999988" classname="table_lbt08" name="LBT08_produce_correctly"/>
    <testcase time="0.100999999999999" classname="table_lbt08" name="LBT08_produce_correctly">
      <skipped message="Reason: On CRAN ('test-table_lbt08.R:38')"/>
    </testcase>
  </testsuite>
  <testsuite name="table_lbt14" timestamp="2023-02-01T23:53:40Z" hostname="309a2673c371" tests="10" skipped="5" failures="0" errors="0" time="2.771">
    <testcase time="0.420999999999992" classname="table_lbt14" name="LBT14_variant_1_HIGH_works_as_expected"/>
    <testcase time="0.123999999999995" classname="table_lbt14" name="LBT14_variant_1_HIGH_works_as_expected">
      <skipped message="Reason: On CRAN ('test-table_lbt14.R:48')"/>
    </testcase>
    <testcase time="0.40900000000002" classname="table_lbt14" name="LBT14_variant_2_LOW_works_as_expected"/>
    <testcase time="0.0979999999999848" classname="table_lbt14" name="LBT14_variant_2_LOW_works_as_expected">
      <skipped message="Reason: On CRAN ('test-table_lbt14.R:95')"/>
    </testcase>
    <testcase time="0.41500000000002" classname="table_lbt14" name="LBT14_variant_3_LOW_without_baseline_missing_works_as_expected"/>
    <testcase time="0.113" classname="table_lbt14" name="LBT14_variant_3_LOW_without_baseline_missing_works_as_expected">
      <skipped message="Reason: On CRAN ('test-table_lbt14.R:141')"/>
    </testcase>
    <testcase time="0.412999999999982" classname="table_lbt14" name="LBT14_variant_4_LOW_and_force_1_missing_both_baseline_and_post_baseline_then_force_the_missing_baseline_as_0_as_expected"/>
    <testcase time="0.100999999999999" classname="table_lbt14" name="LBT14_variant_4_LOW_and_force_1_missing_both_baseline_and_post_baseline_then_force_the_missing_baseline_as_0_as_expected">
      <skipped message="Reason: On CRAN ('test-table_lbt14.R:189')"/>
    </testcase>
    <testcase time="0.52200000000002" classname="table_lbt14" name="LBT14_variant_5_HIGH_with_fillings_works_as_expected"/>
    <testcase time="0.154999999999973" classname="table_lbt14" name="LBT14_variant_5_HIGH_with_fillings_works_as_expected">
      <skipped message="Reason: On CRAN ('test-table_lbt14.R:236')"/>
    </testcase>
  </testsuite>
  <testsuite name="table_lgrt02" timestamp="2023-02-01T23:53:43Z" hostname="309a2673c371" tests="8" skipped="4" failures="0" errors="0" time="2.792">
    <testcase time="0.53400000000002" classname="table_lgrt02" name="LGRT02_without_interaction_term_is_produced_correctly"/>
    <testcase time="0.113999999999976" classname="table_lgrt02" name="LGRT02_without_interaction_term_is_produced_correctly">
      <skipped message="Reason: On CRAN ('test-table_lgrt02.R:52')"/>
    </testcase>
    <testcase time="0.640000000000015" classname="table_lgrt02" name="LGRT02_with_categorical_interaction_is_produced_correctly"/>
    <testcase time="0.123999999999995" classname="table_lgrt02" name="LGRT02_with_categorical_interaction_is_produced_correctly">
      <skipped message="Reason: On CRAN ('test-table_lgrt02.R:78')"/>
    </testcase>
    <testcase time="0.640999999999991" classname="table_lgrt02" name="LGRT02_with_continuous_interaction_is_produced_correctly"/>
    <testcase time="0.125" classname="table_lgrt02" name="LGRT02_with_continuous_interaction_is_produced_correctly">
      <skipped message="Reason: On CRAN ('test-table_lgrt02.R:104')"/>
    </testcase>
    <testcase time="0.5" classname="table_lgrt02" name="LGRT02_with_setting_values_indicating_an_event_and_custom_alpha_level_is_produced_correctly"/>
    <testcase time="0.114000000000004" classname="table_lgrt02" name="LGRT02_with_setting_values_indicating_an_event_and_custom_alpha_level_is_produced_correctly">
      <skipped message="Reason: On CRAN ('test-table_lgrt02.R:130')"/>
    </testcase>
  </testsuite>
  <testsuite name="table_mht01" timestamp="2023-02-01T23:53:46Z" hostname="309a2673c371" tests="8" skipped="4" failures="0" errors="0" time="1.545">
    <testcase time="0.346000000000004" classname="table_mht01" name="MHT01_variant_1_is_produced_accurately"/>
    <testcase time="0.0929999999999893" classname="table_mht01" name="MHT01_variant_1_is_produced_accurately">
      <skipped message="Reason: On CRAN ('test-table_mht01.R:41')"/>
    </testcase>
    <testcase time="0.14500000000001" classname="table_mht01" name="MHT01_variant_2_is_produced_accurately"/>
    <testcase time="0.0519999999999925" classname="table_mht01" name="MHT01_variant_2_is_produced_accurately">
      <skipped message="Reason: On CRAN ('test-table_mht01.R:82')"/>
    </testcase>
    <testcase time="0.306000000000012" classname="table_mht01" name="MHT01_variant_3_is_produced_accurately"/>
    <testcase time="0.0939999999999941" classname="table_mht01" name="MHT01_variant_3_is_produced_accurately">
      <skipped message="Reason: On CRAN ('test-table_mht01.R:120')"/>
    </testcase>
    <testcase time="0.402000000000015" classname="table_mht01" name="MHT01_variant_5_is_produced_accurately"/>
    <testcase time="0.106999999999999" classname="table_mht01" name="MHT01_variant_5_is_produced_accurately">
      <skipped message="Reason: On CRAN ('test-table_mht01.R:163')"/>
    </testcase>
  </testsuite>
  <testsuite name="table_onct05" timestamp="2023-02-01T23:53:47Z" hostname="309a2673c371" tests="8" skipped="4" failures="0" errors="0" time="2.831">
    <testcase time="0.744999999999976" classname="table_onct05" name="ONCT05_variant_1_Objective_Response_Rate_by_Subgroup_is_produced_correctly"/>
    <testcase time="0.0700000000000216" classname="table_onct05" name="ONCT05_variant_1_Objective_Response_Rate_by_Subgroup_is_produced_correctly">
      <skipped message="Reason: On CRAN ('test-table_onct05.R:33')"/>
    </testcase>
    <testcase time="0.808999999999997" classname="table_onct05" name="ONCT05_variant_2_Specifying_class_variables_is_produced_correctly"/>
    <testcase time="0.0879999999999939" classname="table_onct05" name="ONCT05_variant_2_Specifying_class_variables_is_produced_correctly">
      <skipped message="Reason: On CRAN ('test-table_onct05.R:57')"/>
    </testcase>
    <testcase time="0.253999999999991" classname="table_onct05" name="ONCT05_variant_3_selecting_columns_and_changing_the_alpha_level_is_produced_correctly"/>
    <testcase time="0.0490000000000066" classname="table_onct05" name="ONCT05_variant_3_selecting_columns_and_changing_the_alpha_level_is_produced_correctly">
      <skipped message="Reason: On CRAN ('test-table_onct05.R:75')"/>
    </testcase>
    <testcase time="0.745000000000005" classname="table_onct05" name="ONCT05_variant_4_setting_values_indicating_response_is_produced_correctly"/>
    <testcase time="0.070999999999998" classname="table_onct05" name="ONCT05_variant_4_setting_values_indicating_response_is_produced_correctly">
      <skipped message="Reason: On CRAN ('test-table_onct05.R:96')"/>
    </testcase>
  </testsuite>
  <testsuite name="table_pdt01" timestamp="2023-02-01T23:53:50Z" hostname="309a2673c371" tests="2" skipped="1" failures="0" errors="0" time="0.424">
    <testcase time="0.300999999999988" classname="table_pdt01" name="PDT01_is_produced_correctly"/>
    <testcase time="0.123000000000019" classname="table_pdt01" name="PDT01_is_produced_correctly">
      <skipped message="Reason: On CRAN ('test-table_pdt01.R:38')"/>
    </testcase>
  </testsuite>
  <testsuite name="table_pdt02" timestamp="2023-02-01T23:53:51Z" hostname="309a2673c371" tests="2" skipped="1" failures="0" errors="0" time="0.209">
    <testcase time="0.164999999999992" classname="table_pdt02" name="PDT02_is_produced_correctly"/>
    <testcase time="0.0440000000000111" classname="table_pdt02" name="PDT02_is_produced_correctly">
      <skipped message="Reason: On CRAN ('test-table_pdt02.R:33')"/>
    </testcase>
  </testsuite>
  <testsuite name="table_pkct01" timestamp="2023-02-01T23:53:51Z" hostname="309a2673c371" tests="8" skipped="2" failures="0" errors="0" time="6.049">
    <testcase time="0.48399999999998" classname="table_pkct01" name="PKCT01_is_produced_correctly"/>
    <testcase time="0.102000000000004" classname="table_pkct01" name="PKCT01_is_produced_correctly">
      <skipped message="Reason: On CRAN ('test-table_pkct01.R:20')"/>
    </testcase>
    <testcase time="1.536" classname="table_pkct01" name="Specific_PKCT01_features_are_present"/>
    <testcase time="0.00399999999999068" classname="table_pkct01" name="Specific_PKCT01_features_are_present"/>
    <testcase time="3.417" classname="table_pkct01" name="Specific_PKCT01_features_are_present"/>
    <testcase time="0.363" classname="table_pkct01" name="Specific_PKCT01_features_are_present"/>
    <testcase time="0.00200000000000955" classname="table_pkct01" name="Specific_PKCT01_features_are_present"/>
    <testcase time="0.140999999999991" classname="table_pkct01" name="Specific_PKCT01_features_are_present">
      <skipped message="Reason: On CRAN ('test-table_pkct01.R:140')"/>
    </testcase>
  </testsuite>
  <testsuite name="table_pkpt02" timestamp="2023-02-01T23:53:57Z" hostname="309a2673c371" tests="4" skipped="2" failures="0" errors="0" time="0.532">
    <testcase time="0.224999999999994" classname="table_pkpt02" name="PKPT02_is_produced_correctly_for_Drug_X"/>
    <testcase time="0.0740000000000123" classname="table_pkpt02" name="PKPT02_is_produced_correctly_for_Drug_X">
      <skipped message="Reason: On CRAN ('test-table_pkpt02.R:42')"/>
    </testcase>
    <testcase time="0.146999999999991" classname="table_pkpt02" name="PKPT02_is_produced_correctly_for_Drug_Y"/>
    <testcase time="0.0860000000000127" classname="table_pkpt02" name="PKPT02_is_produced_correctly_for_Drug_Y">
      <skipped message="Reason: On CRAN ('test-table_pkpt02.R:55')"/>
    </testcase>
  </testsuite>
  <testsuite name="table_pkpt03" timestamp="2023-02-01T23:53:57Z" hostname="309a2673c371" tests="4" skipped="2" failures="0" errors="0" time="0.878">
    <testcase time="0.472999999999985" classname="table_pkpt03" name="PKPT03_Drug_X_is_produced_correctly"/>
    <testcase time="0.085000000000008" classname="table_pkpt03" name="PKPT03_Drug_X_is_produced_correctly">
      <skipped message="Reason: On CRAN ('test-table_pkpt03.R:66')"/>
    </testcase>
    <testcase time="0.262" classname="table_pkpt03" name="PKPT03_Drug_Y_is_produced_correctly"/>
    <testcase time="0.0579999999999927" classname="table_pkpt03" name="PKPT03_Drug_Y_is_produced_correctly">
      <skipped message="Reason: On CRAN ('test-table_pkpt03.R:80')"/>
    </testcase>
  </testsuite>
  <testsuite name="table_pkpt04" timestamp="2023-02-01T23:53:58Z" hostname="309a2673c371" tests="4" skipped="2" failures="0" errors="0" time="0.658">
    <testcase time="0.280000000000001" classname="table_pkpt04" name="PKPT04_is_produced_correctly_for_Drug_X"/>
    <testcase time="0.0949999999999989" classname="table_pkpt04" name="PKPT04_is_produced_correctly_for_Drug_X">
      <skipped message="Reason: On CRAN ('test-table_pkpt04.R:42')"/>
    </testcase>
    <testcase time="0.201999999999998" classname="table_pkpt04" name="PKPT04_is_produced_correctly_for_Drug_Y"/>
    <testcase time="0.0810000000000173" classname="table_pkpt04" name="PKPT04_is_produced_correctly_for_Drug_Y">
      <skipped message="Reason: On CRAN ('test-table_pkpt04.R:55')"/>
    </testcase>
  </testsuite>
  <testsuite name="table_pkpt05" timestamp="2023-02-01T23:53:59Z" hostname="309a2673c371" tests="4" skipped="2" failures="0" errors="0" time="1.113">
    <testcase time="0.621999999999986" classname="table_pkpt05" name="PKPT05_Drug_X_is_produced_correctly"/>
    <testcase time="0.102000000000004" classname="table_pkpt05" name="PKPT05_Drug_X_is_produced_correctly">
      <skipped message="Reason: On CRAN ('test-table_pkpt05.R:65')"/>
    </testcase>
    <testcase time="0.323000000000008" classname="table_pkpt05" name="PKPT05_Drug_Y_is_produced_correctly"/>
    <testcase time="0.0660000000000025" classname="table_pkpt05" name="PKPT05_Drug_Y_is_produced_correctly">
      <skipped message="Reason: On CRAN ('test-table_pkpt05.R:80')"/>
    </testcase>
  </testsuite>
  <testsuite name="table_pkpt06" timestamp="2023-02-01T23:54:00Z" hostname="309a2673c371" tests="4" skipped="2" failures="0" errors="0" time="0.294">
    <testcase time="0.129999999999995" classname="table_pkpt06" name="PKPT06_is_produced_correctly_for_Drug_X"/>
    <testcase time="0.0360000000000014" classname="table_pkpt06" name="PKPT06_is_produced_correctly_for_Drug_X">
      <skipped message="Reason: On CRAN ('test-table_pkpt06.R:48')"/>
    </testcase>
    <testcase time="0.0979999999999848" classname="table_pkpt06" name="PKPT06_is_produced_correctly_for_Drug_Y"/>
    <testcase time="0.0300000000000011" classname="table_pkpt06" name="PKPT06_is_produced_correctly_for_Drug_Y">
      <skipped message="Reason: On CRAN ('test-table_pkpt06.R:61')"/>
    </testcase>
  </testsuite>
  <testsuite name="table_pkpt07" timestamp="2023-02-01T23:54:00Z" hostname="309a2673c371" tests="4" skipped="2" failures="0" errors="0" time="0.472">
    <testcase time="0.235000000000014" classname="table_pkpt07" name="PKPT07_Drug_X_is_produced_correctly"/>
    <testcase time="0.054000000000002" classname="table_pkpt07" name="PKPT07_Drug_X_is_produced_correctly">
      <skipped message="Reason: On CRAN ('test-table_pkpt07.R:72')"/>
    </testcase>
    <testcase time="0.140999999999991" classname="table_pkpt07" name="PKPT07_Drug_Y_is_produced_correctly"/>
    <testcase time="0.0420000000000016" classname="table_pkpt07" name="PKPT07_Drug_Y_is_produced_correctly">
      <skipped message="Reason: On CRAN ('test-table_pkpt07.R:87')"/>
    </testcase>
  </testsuite>
  <testsuite name="table_rspt01" timestamp="2023-02-01T23:54:01Z" hostname="309a2673c371" tests="12" skipped="6" failures="0" errors="0" time="2.387">
    <testcase time="0.33499999999998" classname="table_rspt01" name="RSPT01_1._Best_Overall_Response"/>
    <testcase time="0.0800000000000125" classname="table_rspt01" name="RSPT01_1._Best_Overall_Response">
      <skipped message="Reason: On CRAN ('test-table_rspt01.R:46')"/>
    </testcase>
    <testcase time="0.281000000000006" classname="table_rspt01" name="RSPT01_2._Best_Overall_Response_selecting_sections_to_display_"/>
    <testcase time="0.078000000000003" classname="table_rspt01" name="RSPT01_2._Best_Overall_Response_selecting_sections_to_display_">
      <skipped message="Reason: On CRAN ('test-table_rspt01.R:73')"/>
    </testcase>
    <testcase time="0.36099999999999" classname="table_rspt01" name="RSPT01_3._Best_Overall_Response_modifying_settings_"/>
    <testcase time="0.078000000000003" classname="table_rspt01" name="RSPT01_3._Best_Overall_Response_modifying_settings_">
      <skipped message="Reason: On CRAN ('test-table_rspt01.R:116')"/>
    </testcase>
    <testcase time="0.388000000000005" classname="table_rspt01" name="RSPT01_4._Best_Overall_Response_with_stratified_analysis_"/>
    <testcase time="0.0970000000000084" classname="table_rspt01" name="RSPT01_4._Best_Overall_Response_with_stratified_analysis_">
      <skipped message="Reason: On CRAN ('test-table_rspt01.R:166')"/>
    </testcase>
    <testcase time="0.295999999999992" classname="table_rspt01" name="RSPT01_5._Best_Overall_Response_modifying_the_definition_of_overall_response_"/>
    <testcase time="0.0819999999999936" classname="table_rspt01" name="RSPT01_5._Best_Overall_Response_modifying_the_definition_of_overall_response_">
      <skipped message="Reason: On CRAN ('test-table_rspt01.R:198')"/>
    </testcase>
    <testcase time="0.244" classname="table_rspt01" name="RSPT01_6._Best_Overall_Response_define_new_sections_to_display_"/>
    <testcase time="0.0670000000000073" classname="table_rspt01" name="RSPT01_6._Best_Overall_Response_define_new_sections_to_display_">
      <skipped message="Reason: On CRAN ('test-table_rspt01.R:248')"/>
    </testcase>
  </testsuite>
  <testsuite name="table_ttet01" timestamp="2023-02-01T23:54:03Z" hostname="309a2673c371" tests="12" skipped="6" failures="0" errors="0" time="2.874">
    <testcase time="0.457999999999998" classname="table_ttet01" name="TTET01_default_variant_is_produced_correctly"/>
    <testcase time="0.121999999999986" classname="table_ttet01" name="TTET01_default_variant_is_produced_correctly">
      <skipped message="Reason: On CRAN ('test-table_ttet01.R:79')"/>
    </testcase>
    <testcase time="0.227000000000004" classname="table_ttet01" name="TTET01_variant_2_selecting_sections_to_display"/>
    <testcase time="0.114000000000004" classname="table_ttet01" name="TTET01_variant_2_selecting_sections_to_display">
      <skipped message="Reason: On CRAN ('test-table_ttet01.R:124')"/>
    </testcase>
    <testcase time="0.340000000000003" classname="table_ttet01" name="TTET01_variant_3_modifying_analysis_details_like_conftype_ties_alpha_level"/>
    <testcase time="0.106999999999999" classname="table_ttet01" name="TTET01_variant_3_modifying_analysis_details_like_conftype_ties_alpha_level">
      <skipped message="Reason: On CRAN ('test-table_ttet01.R:190')"/>
    </testcase>
    <testcase time="0.413000000000011" classname="table_ttet01" name="TTET01_variant_4_with_stratified_analysis"/>
    <testcase time="0.0939999999999941" classname="table_ttet01" name="TTET01_variant_4_with_stratified_analysis">
      <skipped message="Reason: On CRAN ('test-table_ttet01.R:251')"/>
    </testcase>
    <testcase time="0.35899999999998" classname="table_ttet01" name="TTET01_variant_5_modifying_time_point"/>
    <testcase time="0.085000000000008" classname="table_ttet01" name="TTET01_variant_5_modifying_time_point">
      <skipped message="Reason: On CRAN ('test-table_ttet01.R:306')"/>
    </testcase>
    <testcase time="0.441000000000003" classname="table_ttet01" name="TTET01_variant_6_requesting_more_than_one_p_value"/>
    <testcase time="0.114000000000004" classname="table_ttet01" name="TTET01_variant_6_requesting_more_than_one_p_value">
      <skipped message="Reason: On CRAN ('test-table_ttet01.R:379')"/>
    </testcase>
  </testsuite>
  <testsuite name="table_vst01" timestamp="2023-02-01T23:54:06Z" hostname="309a2673c371" tests="2" skipped="1" failures="0" errors="0" time="1.393">
    <testcase time="1.13900000000001" classname="table_vst01" name="VST01_default_variant_is_produced_correctly"/>
    <testcase time="0.253999999999991" classname="table_vst01" name="VST01_default_variant_is_produced_correctly">
      <skipped message="Reason: On CRAN ('test-table_vst01.R:66')"/>
    </testcase>
  </testsuite>
  <testsuite name="table_vst02" timestamp="2023-02-01T23:54:08Z" hostname="309a2673c371" tests="4" skipped="2" failures="0" errors="0" time="0.83">
    <testcase time="0.337999999999994" classname="table_vst02" name="1._Vital_Sign_Abnormalities_Regardless_of_Abnormality_at_Baseline_VST02_1_"/>
    <testcase time="0.085000000000008" classname="table_vst02" name="1._Vital_Sign_Abnormalities_Regardless_of_Abnormality_at_Baseline_VST02_1_">
      <skipped message="Reason: On CRAN ('test-table_vst02.R:18')"/>
    </testcase>
    <testcase time="0.323999999999984" classname="table_vst02" name="2._Vital_Sign_Abnormalities_Among_Subject_Without_Abnormality_at_Baseline_VST02_2_"/>
    <testcase time="0.0829999999999984" classname="table_vst02" name="2._Vital_Sign_Abnormalities_Among_Subject_Without_Abnormality_at_Baseline_VST02_2_">
      <skipped message="Reason: On CRAN ('test-table_vst02.R:33')"/>
    </testcase>
  </testsuite>
  <testsuite name="test_proportion_diff" timestamp="2023-02-01T23:54:08Z" hostname="309a2673c371" tests="23" skipped="11" failures="0" errors="0" time="0.509">
    <testcase time="0.021000000000015" classname="test_proportion_diff" name="prop_chisq_returns_right_result"/>
    <testcase time="0.00499999999999545" classname="test_proportion_diff" name="prop_chisq_returns_right_result">
      <skipped message="Reason: On CRAN ('test-test_proportion_diff.R:12')"/>
    </testcase>
    <testcase time="0.01400000000001" classname="test_proportion_diff" name="prop_cmh_returns_right_result"/>
    <testcase time="0.00499999999999545" classname="test_proportion_diff" name="prop_cmh_returns_right_result">
      <skipped message="Reason: On CRAN ('test-test_proportion_diff.R:24')"/>
    </testcase>
    <testcase time="0.0169999999999959" classname="test_proportion_diff" name="prop_cmh_also_works_when_there_are_strata_with_just_one_observation"/>
    <testcase time="0.00100000000000477" classname="test_proportion_diff" name="prop_cmh_also_works_when_there_are_strata_with_just_one_observation"/>
    <testcase time="0.00600000000000023" classname="test_proportion_diff" name="prop_cmh_also_works_when_there_are_strata_with_just_one_observation">
      <skipped message="Reason: On CRAN ('test-test_proportion_diff.R:49')"/>
    </testcase>
    <testcase time="0.0130000000000052" classname="test_proportion_diff" name="prop_fisher_returns_right_result"/>
    <testcase time="0.00499999999999545" classname="test_proportion_diff" name="prop_fisher_returns_right_result">
      <skipped message="Reason: On CRAN ('test-test_proportion_diff.R:63')"/>
    </testcase>
    <testcase time="0.0739999999999839" classname="test_proportion_diff" name="prop_schouten_returns_right_result"/>
    <testcase time="0.00600000000000023" classname="test_proportion_diff" name="prop_schouten_returns_right_result">
      <skipped message="Reason: On CRAN ('test-test_proportion_diff.R:89')"/>
    </testcase>
    <testcase time="0.0150000000000148" classname="test_proportion_diff" name="s_test_proportion_diff_and_d_test_proportion_diff_return_right_result"/>
    <testcase time="0.00499999999999545" classname="test_proportion_diff" name="s_test_proportion_diff_and_d_test_proportion_diff_return_right_result">
      <skipped message="Reason: On CRAN ('test-test_proportion_diff.R:113')"/>
    </testcase>
    <testcase time="0.0449999999999875" classname="test_proportion_diff" name="test_proportion_diff_returns_right_result"/>
    <testcase time="0.0169999999999959" classname="test_proportion_diff" name="test_proportion_diff_returns_right_result">
      <skipped message="Reason: On CRAN ('test-test_proportion_diff.R:133')"/>
    </testcase>
    <testcase time="0.0630000000000166" classname="test_proportion_diff" name="test_proportion_diff_edge_case_all_responder_by_chisq"/>
    <testcase time="0.0180000000000007" classname="test_proportion_diff" name="test_proportion_diff_edge_case_all_responder_by_chisq">
      <skipped message="Reason: On CRAN ('test-test_proportion_diff.R:151')"/>
    </testcase>
    <testcase time="0.0430000000000064" classname="test_proportion_diff" name="test_proportion_diff_edge_case_all_responder_by_schouten"/>
    <testcase time="0.0159999999999911" classname="test_proportion_diff" name="test_proportion_diff_edge_case_all_responder_by_schouten">
      <skipped message="Reason: On CRAN ('test-test_proportion_diff.R:169')"/>
    </testcase>
    <testcase time="0.0420000000000016" classname="test_proportion_diff" name="test_proportion_diff_edge_case_all_responder_by_fisher"/>
    <testcase time="0.0169999999999959" classname="test_proportion_diff" name="test_proportion_diff_edge_case_all_responder_by_fisher">
      <skipped message="Reason: On CRAN ('test-test_proportion_diff.R:187')"/>
    </testcase>
    <testcase time="0.0439999999999827" classname="test_proportion_diff" name="test_proportion_diff_edge_case_all_responder_by_CMH"/>
    <testcase time="0.0170000000000243" classname="test_proportion_diff" name="test_proportion_diff_edge_case_all_responder_by_CMH">
      <skipped message="Reason: On CRAN ('test-test_proportion_diff.R:207')"/>
    </testcase>
  </testsuite>
  <testsuite name="utils" timestamp="2023-02-01T23:54:09Z" hostname="309a2673c371" tests="134" skipped="59" failures="0" errors="0" time="1.317">
    <testcase time="0.0249999999999773" classname="utils" name="f_conf_level_works_for_proportion"/>
    <testcase time="0.00500000000002387" classname="utils" name="f_conf_level_works_for_proportion">
      <skipped message="Reason: On CRAN ('test-utils.R:5')"/>
    </testcase>
    <testcase time="0.0159999999999911" classname="utils" name="f_conf_level_fails_for_non_proportion_input"/>
    <testcase time="0.00600000000000023" classname="utils" name="f_conf_level_fails_for_non_proportion_input"/>
    <testcase time="0.00499999999999545" classname="utils" name="f_pval_works_for_numeric_input"/>
    <testcase time="0.00499999999999545" classname="utils" name="f_pval_works_for_numeric_input">
      <skipped message="Reason: On CRAN ('test-utils.R:17')"/>
    </testcase>
    <testcase time="0.0160000000000196" classname="utils" name="f_pval_fails_for_non_numeric_input"/>
    <testcase time="0.00600000000000023" classname="utils" name="f_pval_fails_for_non_numeric_input"/>
    <testcase time="0.00499999999999545" classname="utils" name="make_names_works_as_expected"/>
    <testcase time="0.00499999999999545" classname="utils" name="make_names_works_as_expected">
      <skipped message="Reason: On CRAN ('test-utils.R:30')"/>
    </testcase>
    <testcase time="0.0120000000000005" classname="utils" name="get_covariates_works_for_a_character_vector"/>
    <testcase time="0.00600000000000023" classname="utils" name="get_covariates_works_for_a_character_vector">
      <skipped message="Reason: On CRAN ('test-utils.R:37')"/>
    </testcase>
    <testcase time="0.0149999999999864" classname="utils" name="get_covariates_fails_for_non_character_input"/>
    <testcase time="0.00600000000000023" classname="utils" name="get_covariates_fails_for_non_character_input"/>
    <testcase time="0.00499999999999545" classname="utils" name="month2day_works_correctly"/>
    <testcase time="0.00600000000000023" classname="utils" name="month2day_works_correctly">
      <skipped message="Reason: On CRAN ('test-utils.R:50')"/>
    </testcase>
    <testcase time="0.0120000000000005" classname="utils" name="day2month_works_correctly"/>
    <testcase time="0.00500000000002387" classname="utils" name="day2month_works_correctly">
      <skipped message="Reason: On CRAN ('test-utils.R:58')"/>
    </testcase>
    <testcase time="0.025999999999982" classname="utils" name="empty_vector_if_na_works_correctly"/>
    <testcase time="0.00600000000000023" classname="utils" name="empty_vector_if_na_works_correctly">
      <skipped message="Reason: On CRAN ('test-utils.R:66')"/>
    </testcase>
    <testcase time="0.0190000000000055" classname="utils" name="extract_by_name_works_for_NULL_input"/>
    <testcase time="0.00800000000000978" classname="utils" name="extract_by_name_works_for_non_NULL_input"/>
    <testcase time="0.00499999999999545" classname="utils" name="extract_by_name_returns_NULL_when_there_is_no_overlap"/>
    <testcase time="0.00600000000000023" classname="utils" name="extract_by_name_returns_NULL_when_there_is_no_overlap">
      <skipped message="Reason: On CRAN ('test-utils.R:89')"/>
    </testcase>
    <testcase time="0.0120000000000005" classname="utils" name="aesi_label_works_as_expected_for_SMQ"/>
    <testcase time="0.00600000000000023" classname="utils" name="aesi_label_works_as_expected_for_SMQ">
      <skipped message="Reason: On CRAN ('test-utils.R:98')"/>
    </testcase>
    <testcase time="0.0120000000000005" classname="utils" name="aesi_label_works_as_expected_for_CQ"/>
    <testcase time="0.00499999999999545" classname="utils" name="aesi_label_works_as_expected_for_CQ">
      <skipped message="Reason: On CRAN ('test-utils.R:106')"/>
    </testcase>
    <testcase time="0.0120000000000005" classname="utils" name="aesi_label_works_as_expected_when_input_includes_multiple_values"/>
    <testcase time="0.00499999999999545" classname="utils" name="aesi_label_works_as_expected_when_input_includes_multiple_values">
      <skipped message="Reason: On CRAN ('test-utils.R:114')"/>
    </testcase>
    <testcase time="0.0200000000000102" classname="utils" name="get_smooths_dimensions_without_grouping"/>
    <testcase time="0.00399999999999068" classname="utils" name="get_smooths_dimensions_without_grouping"/>
    <testcase time="0.0120000000000005" classname="utils" name="get_smooths_dimensions_with_grouping"/>
    <testcase time="0.00399999999999068" classname="utils" name="get_smooths_dimensions_with_grouping"/>
    <testcase time="0.0170000000000243" classname="utils" name="get_smooths_proper_splits_across_groups"/>
    <testcase time="0.0249999999999773" classname="utils" name="get_smooths_relative_intervals_level"/>
    <testcase time="0.0040000000000191" classname="utils" name="get_smooths_relative_intervals_level"/>
    <testcase time="0.00499999999999545" classname="utils" name="n_available_works_as_expected"/>
    <testcase time="0.00600000000000023" classname="utils" name="n_available_works_as_expected">
      <skipped message="Reason: On CRAN ('test-utils.R:160')"/>
    </testcase>
    <testcase time="0.0120000000000005" classname="utils" name="range_noinf_for_INT_no_zero_len_data_no_NAs_no_Inf_and_with_all_default_options"/>
    <testcase time="0.00600000000000023" classname="utils" name="range_noinf_for_INT_no_zero_len_data_no_NAs_no_Inf_and_with_all_default_options">
      <skipped message="Reason: On CRAN ('test-utils.R:175')"/>
    </testcase>
    <testcase time="0.0130000000000052" classname="utils" name="range_noinf_for_INT_no_zero_len_data_no_NAs_no_Inf_with_na.rm_TRUE_finite_FALSE_d_"/>
    <testcase time="0.00499999999999545" classname="utils" name="range_noinf_for_INT_no_zero_len_data_no_NAs_no_Inf_with_na.rm_TRUE_finite_FALSE_d_">
      <skipped message="Reason: On CRAN ('test-utils.R:184')"/>
    </testcase>
    <testcase time="0.0130000000000052" classname="utils" name="range_noinf_for_INT_no_zero_len_data_no_NAs_no_Inf_with_na.rm_FALSE_def_finite_TRUE_"/>
    <testcase time="0.00499999999999545" classname="utils" name="range_noinf_for_INT_no_zero_len_data_no_NAs_no_Inf_with_na.rm_FALSE_def_finite_TRUE_">
      <skipped message="Reason: On CRAN ('test-utils.R:195')"/>
    </testcase>
    <testcase time="0.0130000000000052" classname="utils" name="range_noinf_for_INT_no_zero_len_data_no_NAs_no_Inf_with_na.rm_TRUE_finite_TRUE_"/>
    <testcase time="0.00600000000000023" classname="utils" name="range_noinf_for_INT_no_zero_len_data_no_NAs_no_Inf_with_na.rm_TRUE_finite_TRUE_">
      <skipped message="Reason: On CRAN ('test-utils.R:205')"/>
    </testcase>
    <testcase time="0.0120000000000005" classname="utils" name="range_noinf_for_INT_no_zero_len_data_with_NAs_no_Inf_and_with_default_options"/>
    <testcase time="0.00599999999997181" classname="utils" name="range_noinf_for_INT_no_zero_len_data_with_NAs_no_Inf_and_with_default_options">
      <skipped message="Reason: On CRAN ('test-utils.R:216')"/>
    </testcase>
    <testcase time="0.0130000000000052" classname="utils" name="range_noinf_for_INT_no_zero_len_data_with_NAs_no_Inf_with_na.rm_TRUE_finite_FALSE_def_"/>
    <testcase time="0.00499999999999545" classname="utils" name="range_noinf_for_INT_no_zero_len_data_with_NAs_no_Inf_with_na.rm_TRUE_finite_FALSE_def_">
      <skipped message="Reason: On CRAN ('test-utils.R:227')"/>
    </testcase>
    <testcase time="0.0130000000000052" classname="utils" name="range_noinf_for_INT_no_zero_len_data_with_NAs_no_Inf_with_na.rm_FALSE_def_finite_TRUE_"/>
    <testcase time="0.00499999999999545" classname="utils" name="range_noinf_for_INT_no_zero_len_data_with_NAs_no_Inf_with_na.rm_FALSE_def_finite_TRUE_">
      <skipped message="Reason: On CRAN ('test-utils.R:239')"/>
    </testcase>
    <testcase time="0.0120000000000005" classname="utils" name="range_noinf_for_INT_no_zero_len_data_with_NAs_no_Inf_with_na.rm_TRUE_finite_TRUE_"/>
    <testcase time="0.00600000000000023" classname="utils" name="range_noinf_for_INT_no_zero_len_data_with_NAs_no_Inf_with_na.rm_TRUE_finite_TRUE_">
      <skipped message="Reason: On CRAN ('test-utils.R:249')"/>
    </testcase>
    <testcase time="0.0130000000000052" classname="utils" name="range_noinf_for_INT_with_zero_len_data_no_NAs_no_Inf_and_with_all_default_options"/>
    <testcase time="0.00600000000000023" classname="utils" name="range_noinf_for_INT_with_zero_len_data_no_NAs_no_Inf_and_with_all_default_options">
      <skipped message="Reason: On CRAN ('test-utils.R:260')"/>
    </testcase>
    <testcase time="0.0120000000000005" classname="utils" name="range_noinf_for_INT_with_zero_len_data_no_NAs_no_Inf_with_na.rm_TRUE_finite_FALSE_def_"/>
    <testcase time="0.00600000000000023" classname="utils" name="range_noinf_for_INT_with_zero_len_data_no_NAs_no_Inf_with_na.rm_TRUE_finite_FALSE_def_">
      <skipped message="Reason: On CRAN ('test-utils.R:271')"/>
    </testcase>
    <testcase time="0.0120000000000005" classname="utils" name="range_noinf_for_INT_with_zero_len_data_no_NAs_no_Inf_with_na.rm_FALSE_def_finite_TRUE_"/>
    <testcase time="0.00600000000000023" classname="utils" name="range_noinf_for_INT_with_zero_len_data_no_NAs_no_Inf_with_na.rm_FALSE_def_finite_TRUE_">
      <skipped message="Reason: On CRAN ('test-utils.R:283')"/>
    </testcase>
    <testcase time="0.0250000000000057" classname="utils" name="range_noinf_for_INT_with_zero_len_data_no_NAs_no_Inf_with_na.rm_TRUE_finite_TRUE_"/>
    <testcase time="0.00800000000000978" classname="utils" name="range_noinf_for_INT_with_zero_len_data_no_NAs_no_Inf_with_na.rm_TRUE_finite_TRUE_">
      <skipped message="Reason: On CRAN ('test-utils.R:293')"/>
    </testcase>
    <testcase time="0.0169999999999959" classname="utils" name="range_noinf_for_INT_with_zero_len_data_with_NAs_no_Inf_and_with_default_options"/>
    <testcase time="0.00600000000000023" classname="utils" name="range_noinf_for_INT_with_zero_len_data_with_NAs_no_Inf_and_with_default_options">
      <skipped message="Reason: On CRAN ('test-utils.R:304')"/>
    </testcase>
    <testcase time="0.0139999999999816" classname="utils" name="range_noinf_for_INT_with_zero_len_data_with_NAs_no_Inf_with_na.rm_TRUE_finite_FALSE_def_"/>
    <testcase time="0.00600000000000023" classname="utils" name="range_noinf_for_INT_with_zero_len_data_with_NAs_no_Inf_with_na.rm_TRUE_finite_FALSE_def_">
      <skipped message="Reason: On CRAN ('test-utils.R:315')"/>
    </testcase>
    <testcase time="0.0130000000000052" classname="utils" name="range_noinf_for_INT_with_zero_len_data_with_NAs_no_Inf_with_na.rm_FALSE_def_finite_TRUE_"/>
    <testcase time="0.00600000000000023" classname="utils" name="range_noinf_for_INT_with_zero_len_data_with_NAs_no_Inf_with_na.rm_FALSE_def_finite_TRUE_">
      <skipped message="Reason: On CRAN ('test-utils.R:327')"/>
    </testcase>
    <testcase time="0.0120000000000005" classname="utils" name="range_noinf_for_INT_with_zero_len_data_with_NAs_no_Inf_with_na.rm_TRUE_finite_TRUE_"/>
    <testcase time="0.007000000000005" classname="utils" name="range_noinf_for_INT_with_zero_len_data_with_NAs_no_Inf_with_na.rm_TRUE_finite_TRUE_">
      <skipped message="Reason: On CRAN ('test-utils.R:337')"/>
    </testcase>
    <testcase time="0.0130000000000052" classname="utils" name="range_noinf_for_DOUBLE_no_zero_len_data_no_NAs_no_Inf_and_with_all_default_options"/>
    <testcase time="0.00600000000000023" classname="utils" name="range_noinf_for_DOUBLE_no_zero_len_data_no_NAs_no_Inf_and_with_all_default_options">
      <skipped message="Reason: On CRAN ('test-utils.R:348')"/>
    </testcase>
    <testcase time="0.0120000000000005" classname="utils" name="range_noinf_for_DOUBLE_no_zero_len_data_no_NAs_no_Inf_with_na.rm_TRUE_finite_FALSE_def_"/>
    <testcase time="0.00600000000000023" classname="utils" name="range_noinf_for_DOUBLE_no_zero_len_data_no_NAs_no_Inf_with_na.rm_TRUE_finite_FALSE_def_">
      <skipped message="Reason: On CRAN ('test-utils.R:359')"/>
    </testcase>
    <testcase time="0.0130000000000052" classname="utils" name="range_noinf_for_DOUBLE_no_zero_len_data_no_NAs_no_Inf_with_na.rm_FALSE_def_finite_TRUE_"/>
    <testcase time="0.00600000000000023" classname="utils" name="range_noinf_for_DOUBLE_no_zero_len_data_no_NAs_no_Inf_with_na.rm_FALSE_def_finite_TRUE_">
      <skipped message="Reason: On CRAN ('test-utils.R:371')"/>
    </testcase>
    <testcase time="0.0129999999999768" classname="utils" name="range_noinf_for_DOUBLE_no_zero_len_data_no_NAs_no_Inf_with_na.rm_TRUE_finite_TRUE_"/>
    <testcase time="0.00600000000000023" classname="utils" name="range_noinf_for_DOUBLE_no_zero_len_data_no_NAs_no_Inf_with_na.rm_TRUE_finite_TRUE_">
      <skipped message="Reason: On CRAN ('test-utils.R:381')"/>
    </testcase>
    <testcase time="0.0120000000000005" classname="utils" name="range_noinf_for_DOUBLE_no_zero_len_data_no_NAs_with_Inf_and_with_all_default_options"/>
    <testcase time="0.00600000000000023" classname="utils" name="range_noinf_for_DOUBLE_no_zero_len_data_no_NAs_with_Inf_and_with_all_default_options">
      <skipped message="Reason: On CRAN ('test-utils.R:392')"/>
    </testcase>
    <testcase time="0.0130000000000052" classname="utils" name="range_noinf_for_DOUBLE_no_zero_len_data_no_NAs_with_Inf_with_na.rm_TRUE_finite_FALSE_def_"/>
    <testcase time="0.00600000000000023" classname="utils" name="range_noinf_for_DOUBLE_no_zero_len_data_no_NAs_with_Inf_with_na.rm_TRUE_finite_FALSE_def_">
      <skipped message="Reason: On CRAN ('test-utils.R:403')"/>
    </testcase>
    <testcase time="0.0130000000000052" classname="utils" name="range_noinf_for_DOUBLE_no_zero_len_data_no_NAs_with_Inf_with_na.rm_FALSE_def_finite_TRUE_"/>
    <testcase time="0.00600000000000023" classname="utils" name="range_noinf_for_DOUBLE_no_zero_len_data_no_NAs_with_Inf_with_na.rm_FALSE_def_finite_TRUE_">
      <skipped message="Reason: On CRAN ('test-utils.R:415')"/>
    </testcase>
    <testcase time="0.01400000000001" classname="utils" name="range_noinf_for_DOUBLE_no_zero_len_data_no_NAs_with_Inf_with_na.rm_TRUE_finite_TRUE_"/>
    <testcase time="0.00600000000000023" classname="utils" name="range_noinf_for_DOUBLE_no_zero_len_data_no_NAs_with_Inf_with_na.rm_TRUE_finite_TRUE_">
      <skipped message="Reason: On CRAN ('test-utils.R:427')"/>
    </testcase>
    <testcase time="0.0129999999999768" classname="utils" name="range_noinf_for_DOUBLE_no_zero_len_data_with_NAs_no_Inf_and_with_default_options"/>
    <testcase time="0.00600000000000023" classname="utils" name="range_noinf_for_DOUBLE_no_zero_len_data_with_NAs_no_Inf_and_with_default_options">
      <skipped message="Reason: On CRAN ('test-utils.R:439')"/>
    </testcase>
    <testcase time="0.0120000000000005" classname="utils" name="range_noinf_for_DOUBLE_no_zero_len_data_with_NAs_no_Inf_with_na.rm_TRUE_finite_FALSE_def_"/>
    <testcase time="0.00600000000000023" classname="utils" name="range_noinf_for_DOUBLE_no_zero_len_data_with_NAs_no_Inf_with_na.rm_TRUE_finite_FALSE_def_">
      <skipped message="Reason: On CRAN ('test-utils.R:450')"/>
    </testcase>
    <testcase time="0.0130000000000052" classname="utils" name="range_noinf_for_DOUBLE_no_zero_len_data_with_NAs_no_Inf_with_na.rm_FALSE_def_finite_TRUE_"/>
    <testcase time="0.00600000000000023" classname="utils" name="range_noinf_for_DOUBLE_no_zero_len_data_with_NAs_no_Inf_with_na.rm_FALSE_def_finite_TRUE_">
      <skipped message="Reason: On CRAN ('test-utils.R:462')"/>
    </testcase>
    <testcase time="0.0130000000000052" classname="utils" name="range_noinf_for_DOUBLE_no_zero_len_data_with_NAs_no_Inf_with_na.rm_TRUE_finite_TRUE_"/>
    <testcase time="0.00600000000000023" classname="utils" name="range_noinf_for_DOUBLE_no_zero_len_data_with_NAs_no_Inf_with_na.rm_TRUE_finite_TRUE_">
      <skipped message="Reason: On CRAN ('test-utils.R:474')"/>
    </testcase>
    <testcase time="0.0150000000000148" classname="utils" name="range_noinf_for_DOUBLE_no_zero_len_data_with_NAs_with_Inf_and_with_default_options"/>
    <testcase time="0.00600000000000023" classname="utils" name="range_noinf_for_DOUBLE_no_zero_len_data_with_NAs_with_Inf_with_na.rm_TRUE_finite_FALSE_def_"/>
    <testcase time="0.00600000000000023" classname="utils" name="range_noinf_for_DOUBLE_no_zero_len_data_with_NAs_with_Inf_with_na.rm_TRUE_finite_FALSE_def_">
      <skipped message="Reason: On CRAN ('test-utils.R:497')"/>
    </testcase>
    <testcase time="0.0129999999999768" classname="utils" name="range_noinf_for_DOUBLE_no_zero_len_data_with_NAs_with_Inf_with_na.rm_FALSE_def_finite_TRUE_"/>
    <testcase time="0.00600000000000023" classname="utils" name="range_noinf_for_DOUBLE_no_zero_len_data_with_NAs_with_Inf_with_na.rm_FALSE_def_finite_TRUE_">
      <skipped message="Reason: On CRAN ('test-utils.R:509')"/>
    </testcase>
    <testcase time="0.0130000000000052" classname="utils" name="range_noinf_for_DOUBLE_no_zero_len_data_with_NAs_with_Inf_with_na.rm_TRUE_finite_TRUE_"/>
    <testcase time="0.007000000000005" classname="utils" name="range_noinf_for_DOUBLE_no_zero_len_data_with_NAs_with_Inf_with_na.rm_TRUE_finite_TRUE_">
      <skipped message="Reason: On CRAN ('test-utils.R:521')"/>
    </testcase>
    <testcase time="0.0279999999999916" classname="utils" name="range_noinf_for_DOUBLE_with_zero_len_data_no_NAs_no_Inf_and_with_all_default_options"/>
    <testcase time="0.00800000000000978" classname="utils" name="range_noinf_for_DOUBLE_with_zero_len_data_no_NAs_no_Inf_and_with_all_default_options">
      <skipped message="Reason: On CRAN ('test-utils.R:533')"/>
    </testcase>
    <testcase time="0.0169999999999959" classname="utils" name="range_noinf_for_DOUBLE_with_zero_len_data_no_NAs_no_Inf_with_na.rm_TRUE_finite_FALSE_def_"/>
    <testcase time="0.007000000000005" classname="utils" name="range_noinf_for_DOUBLE_with_zero_len_data_no_NAs_no_Inf_with_na.rm_TRUE_finite_FALSE_def_">
      <skipped message="Reason: On CRAN ('test-utils.R:544')"/>
    </testcase>
    <testcase time="0.0130000000000052" classname="utils" name="range_noinf_for_DOUBLE_with_zero_len_data_no_NAs_no_Inf_with_na.rm_FALSE_def_finite_TRUE_"/>
    <testcase time="0.00600000000000023" classname="utils" name="range_noinf_for_DOUBLE_with_zero_len_data_no_NAs_no_Inf_with_na.rm_FALSE_def_finite_TRUE_">
      <skipped message="Reason: On CRAN ('test-utils.R:556')"/>
    </testcase>
    <testcase time="0.0130000000000052" classname="utils" name="range_noinf_for_DOUBLE_with_zero_len_data_no_NAs_no_Inf_with_na.rm_TRUE_finite_TRUE_"/>
    <testcase time="0.00699999999997658" classname="utils" name="range_noinf_for_DOUBLE_with_zero_len_data_no_NAs_no_Inf_with_na.rm_TRUE_finite_TRUE_">
      <skipped message="Reason: On CRAN ('test-utils.R:566')"/>
    </testcase>
    <testcase time="0.0130000000000052" classname="utils" name="range_noinf_for_DOUBLE_with_zero_len_data_no_NAs_with_Inf_and_with_all_default_options"/>
    <testcase time="0.00600000000000023" classname="utils" name="range_noinf_for_DOUBLE_with_zero_len_data_no_NAs_with_Inf_and_with_all_default_options">
      <skipped message="Reason: On CRAN ('test-utils.R:577')"/>
    </testcase>
    <testcase time="0.0130000000000052" classname="utils" name="range_noinf_for_DOUBLE_with_zero_len_data_no_NAs_with_Inf_with_na.rm_TRUE_finite_FALSE_def_"/>
    <testcase time="0.00600000000000023" classname="utils" name="range_noinf_for_DOUBLE_with_zero_len_data_no_NAs_with_Inf_with_na.rm_TRUE_finite_FALSE_def_">
      <skipped message="Reason: On CRAN ('test-utils.R:587')"/>
    </testcase>
    <testcase time="0.0130000000000052" classname="utils" name="range_noinf_for_DOUBLE_with_zero_len_data_no_NAs_with_Inf_with_na.rm_FALSE_def_finite_TRUE_"/>
    <testcase time="0.00600000000000023" classname="utils" name="range_noinf_for_DOUBLE_with_zero_len_data_no_NAs_with_Inf_with_na.rm_FALSE_def_finite_TRUE_">
      <skipped message="Reason: On CRAN ('test-utils.R:597')"/>
    </testcase>
    <testcase time="0.0130000000000052" classname="utils" name="range_noinf_for_DOUBLE_with_zero_len_data_no_NAs_with_Inf_with_na.rm_TRUE_finite_TRUE_"/>
    <testcase time="0.00600000000000023" classname="utils" name="range_noinf_for_DOUBLE_with_zero_len_data_no_NAs_with_Inf_with_na.rm_TRUE_finite_TRUE_">
      <skipped message="Reason: On CRAN ('test-utils.R:607')"/>
    </testcase>
    <testcase time="0.0129999999999768" classname="utils" name="range_noinf_for_DOUBLE_with_zero_len_data_with_NAs_no_Inf_and_with_default_options"/>
    <testcase time="0.00600000000000023" classname="utils" name="range_noinf_for_DOUBLE_with_zero_len_data_with_NAs_no_Inf_and_with_default_options">
      <skipped message="Reason: On CRAN ('test-utils.R:618')"/>
    </testcase>
    <testcase time="0.0130000000000052" classname="utils" name="range_noinf_for_DOUBLE_with_zero_len_data_with_NAs_no_Inf_with_na.rm_TRUE_finite_FALSE_def_"/>
    <testcase time="0.007000000000005" classname="utils" name="range_noinf_for_DOUBLE_with_zero_len_data_with_NAs_no_Inf_with_na.rm_TRUE_finite_FALSE_def_">
      <skipped message="Reason: On CRAN ('test-utils.R:629')"/>
    </testcase>
    <testcase time="0.0130000000000052" classname="utils" name="range_noinf_for_DOUBLE_with_zero_len_data_with_NAs_no_Inf_with_na.rm_FALSE_def_finite_TRUE_"/>
    <testcase time="0.00600000000000023" classname="utils" name="range_noinf_for_DOUBLE_with_zero_len_data_with_NAs_no_Inf_with_na.rm_FALSE_def_finite_TRUE_">
      <skipped message="Reason: On CRAN ('test-utils.R:641')"/>
    </testcase>
    <testcase time="0.0130000000000052" classname="utils" name="range_noinf_for_DOUBLE_with_zero_len_data_with_NAs_no_Inf_with_na.rm_TRUE_finite_TRUE_"/>
    <testcase time="0.00699999999997658" classname="utils" name="range_noinf_for_DOUBLE_with_zero_len_data_with_NAs_no_Inf_with_na.rm_TRUE_finite_TRUE_">
      <skipped message="Reason: On CRAN ('test-utils.R:653')"/>
    </testcase>
    <testcase time="0.0130000000000052" classname="utils" name="range_noinf_for_DOUBLE_with_zero_len_data_with_NAs_with_Inf_and_with_default_options"/>
    <testcase time="0.00600000000000023" classname="utils" name="range_noinf_for_DOUBLE_with_zero_len_data_with_NAs_with_Inf_and_with_default_options">
      <skipped message="Reason: On CRAN ('test-utils.R:665')"/>
    </testcase>
    <testcase time="0.0130000000000052" classname="utils" name="range_noinf_for_DOUBLE_with_zero_len_data_with_NAs_with_Inf_with_na.rm_TRUE_finite_FALSE_def_"/>
    <testcase time="0.00600000000000023" classname="utils" name="range_noinf_for_DOUBLE_with_zero_len_data_with_NAs_with_Inf_with_na.rm_TRUE_finite_FALSE_def_">
      <skipped message="Reason: On CRAN ('test-utils.R:676')"/>
    </testcase>
    <testcase time="0.01400000000001" classname="utils" name="range_noinf_for_DOUBLE_with_zero_len_data_with_NAs_with_Inf_with_na.rm_FALSE_def_finite_TRUE_"/>
    <testcase time="0.00600000000000023" classname="utils" name="range_noinf_for_DOUBLE_with_zero_len_data_with_NAs_with_Inf_with_na.rm_FALSE_def_finite_TRUE_">
      <skipped message="Reason: On CRAN ('test-utils.R:688')"/>
    </testcase>
    <testcase time="0.0129999999999768" classname="utils" name="range_noinf_for_DOUBLE_with_zero_len_data_with_NAs_with_Inf_with_na.rm_TRUE_finite_TRUE_"/>
    <testcase time="0.007000000000005" classname="utils" name="range_noinf_for_DOUBLE_with_zero_len_data_with_NAs_with_Inf_with_na.rm_TRUE_finite_TRUE_">
      <skipped message="Reason: On CRAN ('test-utils.R:700')"/>
    </testcase>
  </testsuite>
  <testsuite name="utils_checkmate" timestamp="2023-02-01T23:54:10Z" hostname="309a2673c371" tests="42" skipped="0" failures="0" errors="0" time="0.252">
    <testcase time="0.0200000000000102" classname="utils_checkmate" name="assert_list_of_variables_is_silent_with_healthy_input"/>
    <testcase time="0.00200000000000955" classname="utils_checkmate" name="assert_list_of_variables_is_silent_with_healthy_input"/>
    <testcase time="0.00199999999998113" classname="utils_checkmate" name="assert_list_of_variables_is_silent_with_healthy_input"/>
    <testcase time="0.00800000000000978" classname="utils_checkmate" name="assert_list_of_variables_fails_with_wrong_input"/>
    <testcase time="0.00600000000000023" classname="utils_checkmate" name="assert_list_of_variables_fails_with_wrong_input"/>
    <testcase time="0.00499999999999545" classname="utils_checkmate" name="assert_list_of_variables_fails_with_wrong_input"/>
    <testcase time="0.00600000000000023" classname="utils_checkmate" name="assert_list_of_variables_fails_with_wrong_input"/>
    <testcase time="0.0180000000000007" classname="utils_checkmate" name="assert_df_with_variables_is_silent_with_healthy_input"/>
    <testcase time="0.0029999999999859" classname="utils_checkmate" name="assert_df_with_variables_is_silent_with_healthy_input"/>
    <testcase time="0.00300000000001432" classname="utils_checkmate" name="assert_df_with_variables_is_silent_with_healthy_input"/>
    <testcase time="0.0120000000000005" classname="utils_checkmate" name="assert_df_with_variables_fails_with_wrong_input"/>
    <testcase time="0.00800000000000978" classname="utils_checkmate" name="assert_df_with_variables_fails_with_wrong_input"/>
    <testcase time="0.00600000000000023" classname="utils_checkmate" name="assert_df_with_variables_fails_with_wrong_input"/>
    <testcase time="0.00600000000000023" classname="utils_checkmate" name="assert_df_with_variables_fails_with_wrong_input"/>
    <testcase time="0.00600000000000023" classname="utils_checkmate" name="assert_df_with_variables_fails_with_wrong_input"/>
    <testcase time="0.00600000000000023" classname="utils_checkmate" name="assert_valid_factor_is_silent_with_healthy_input"/>
    <testcase time="0.00199999999998113" classname="utils_checkmate" name="assert_valid_factor_is_silent_with_healthy_input"/>
    <testcase time="0.00800000000000978" classname="utils_checkmate" name="assert_valid_factor_fails_with_wrong_input"/>
    <testcase time="0.00600000000000023" classname="utils_checkmate" name="assert_valid_factor_fails_with_wrong_input"/>
    <testcase time="0.00499999999999545" classname="utils_checkmate" name="assert_valid_factor_fails_with_wrong_input"/>
    <testcase time="0.00600000000000023" classname="utils_checkmate" name="assert_valid_factor_fails_with_wrong_input"/>
    <testcase time="0.00499999999999545" classname="utils_checkmate" name="assert_df_with_factors_is_silent_with_healthy_input"/>
    <testcase time="0.00300000000001432" classname="utils_checkmate" name="assert_df_with_factors_is_silent_with_healthy_input"/>
    <testcase time="0.0029999999999859" classname="utils_checkmate" name="assert_df_with_factors_is_silent_with_healthy_input"/>
    <testcase time="0.00200000000000955" classname="utils_checkmate" name="assert_df_with_factors_is_silent_with_healthy_input"/>
    <testcase time="0.00999999999999091" classname="utils_checkmate" name="assert_df_with_factors_fails_with_wrong_input"/>
    <testcase time="0.00600000000000023" classname="utils_checkmate" name="assert_df_with_factors_fails_with_wrong_input"/>
    <testcase time="0.00600000000000023" classname="utils_checkmate" name="assert_df_with_factors_fails_with_wrong_input"/>
    <testcase time="0.00600000000000023" classname="utils_checkmate" name="assert_df_with_factors_fails_with_wrong_input"/>
    <testcase time="0.00600000000000023" classname="utils_checkmate" name="assert_df_with_factors_fails_with_wrong_input"/>
    <testcase time="0.00600000000000023" classname="utils_checkmate" name="assert_df_with_factors_fails_with_wrong_input"/>
    <testcase time="0.00499999999999545" classname="utils_checkmate" name="assert_df_with_factors_fails_with_wrong_input"/>
    <testcase time="0.00600000000000023" classname="utils_checkmate" name="assert_df_with_factors_fails_with_wrong_input"/>
    <testcase time="0.00499999999999545" classname="utils_checkmate" name="assert_proportion_value_is_silent_with_healthy_input"/>
    <testcase time="0.00300000000001432" classname="utils_checkmate" name="assert_proportion_value_is_silent_with_healthy_input"/>
    <testcase time="0.00200000000000955" classname="utils_checkmate" name="assert_proportion_value_is_silent_with_healthy_input"/>
    <testcase time="0.00199999999998113" classname="utils_checkmate" name="assert_proportion_value_is_silent_with_healthy_input"/>
    <testcase time="0.00900000000001455" classname="utils_checkmate" name="assert_proportion_value_fails_with_wrong_input"/>
    <testcase time="0.00499999999999545" classname="utils_checkmate" name="assert_proportion_value_fails_with_wrong_input"/>
    <testcase time="0.00600000000000023" classname="utils_checkmate" name="assert_proportion_value_fails_with_wrong_input"/>
    <testcase time="0.00600000000000023" classname="utils_checkmate" name="assert_proportion_value_fails_with_wrong_input"/>
    <testcase time="0.00600000000000023" classname="utils_checkmate" name="assert_proportion_value_fails_with_wrong_input"/>
  </testsuite>
  <testsuite name="utils_factor" timestamp="2023-02-01T23:54:10Z" hostname="309a2673c371" tests="39" skipped="13" failures="0" errors="0" time="0.34">
    <testcase time="0.0180000000000007" classname="utils_factor" name="combine_vectors_works_correctly"/>
    <testcase time="0.00799999999998136" classname="utils_factor" name="as_factor_keep_attributes_works_correctly_for_a_character_vector"/>
    <testcase time="0.00200000000000955" classname="utils_factor" name="as_factor_keep_attributes_works_correctly_for_a_character_vector"/>
    <testcase time="0.00600000000000023" classname="utils_factor" name="as_factor_keep_attributes_works_correctly_for_a_character_vector">
      <skipped message="Reason: On CRAN ('test-utils_factor.R:25')"/>
    </testcase>
    <testcase time="0.0159999999999911" classname="utils_factor" name="as_factor_keep_attributes_converts_empty_strings_for_a_character_vector"/>
    <testcase time="0.00200000000000955" classname="utils_factor" name="as_factor_keep_attributes_converts_empty_strings_for_a_character_vector"/>
    <testcase time="0.00499999999999545" classname="utils_factor" name="as_factor_keep_attributes_converts_empty_strings_for_a_character_vector">
      <skipped message="Reason: On CRAN ('test-utils_factor.R:36')"/>
    </testcase>
    <testcase time="0.0160000000000196" classname="utils_factor" name="as_factor_keep_attributes_shows_correct_name_of_vector_in_warning"/>
    <testcase time="0.00499999999999545" classname="utils_factor" name="as_factor_keep_attributes_does_not_modify_a_factor_at_all"/>
    <testcase time="0.00199999999998113" classname="utils_factor" name="as_factor_keep_attributes_does_not_modify_a_factor_at_all"/>
    <testcase time="0.00600000000000023" classname="utils_factor" name="as_factor_keep_attributes_does_not_modify_a_factor_at_all">
      <skipped message="Reason: On CRAN ('test-utils_factor.R:51')"/>
    </testcase>
    <testcase time="0.0120000000000005" classname="utils_factor" name="bins_percent_labels_works_as_expected"/>
    <testcase time="0.00500000000002387" classname="utils_factor" name="bins_percent_labels_works_as_expected">
      <skipped message="Reason: On CRAN ('test-utils_factor.R:58')"/>
    </testcase>
    <testcase time="0.0129999999999768" classname="utils_factor" name="cut_quantile_bins_works_as_expected_with_default_settings"/>
    <testcase time="0.00200000000000955" classname="utils_factor" name="cut_quantile_bins_works_as_expected_with_default_settings"/>
    <testcase time="0.00499999999999545" classname="utils_factor" name="cut_quantile_bins_works_as_expected_with_default_settings">
      <skipped message="Reason: On CRAN ('test-utils_factor.R:74')"/>
    </testcase>
    <testcase time="0.0130000000000052" classname="utils_factor" name="cut_quantile_bins_works_with_custom_quantiles"/>
    <testcase time="0.00499999999999545" classname="utils_factor" name="cut_quantile_bins_works_with_custom_quantiles">
      <skipped message="Reason: On CRAN ('test-utils_factor.R:86')"/>
    </testcase>
    <testcase time="0.0130000000000052" classname="utils_factor" name="cut_quantile_bins_works_with_custom_labels"/>
    <testcase time="0.00499999999999545" classname="utils_factor" name="cut_quantile_bins_works_with_custom_labels">
      <skipped message="Reason: On CRAN ('test-utils_factor.R:97')"/>
    </testcase>
    <testcase time="0.0149999999999864" classname="utils_factor" name="cut_quantile_bins_preserves_NAs_in_result"/>
    <testcase time="0.00500000000002387" classname="utils_factor" name="cut_quantile_bins_also_works_when_there_are_only_NAs"/>
    <testcase time="0.00199999999998113" classname="utils_factor" name="cut_quantile_bins_also_works_when_there_are_only_NAs"/>
    <testcase time="0.00600000000000023" classname="utils_factor" name="cut_quantile_bins_also_works_when_there_are_only_NAs">
      <skipped message="Reason: On CRAN ('test-utils_factor.R:115')"/>
    </testcase>
    <testcase time="0.0289999999999964" classname="utils_factor" name="cut_quantile_bins_gives_error_message_if_there_are_duplicate_quantiles"/>
    <testcase time="0.00800000000000978" classname="utils_factor" name="cut_quantile_bins_does_work_also_if_an_empty_probs_vector_is_used"/>
    <testcase time="0.00399999999999068" classname="utils_factor" name="cut_quantile_bins_does_work_also_if_an_empty_probs_vector_is_used"/>
    <testcase time="0.00600000000000023" classname="utils_factor" name="cut_quantile_bins_does_work_also_if_an_empty_probs_vector_is_used"/>
    <testcase time="0.00600000000000023" classname="utils_factor" name="fct_discard_works_as_expected"/>
    <testcase time="0.00600000000000023" classname="utils_factor" name="fct_discard_works_as_expected">
      <skipped message="Reason: On CRAN ('test-utils_factor.R:138')"/>
    </testcase>
    <testcase time="0.01400000000001" classname="utils_factor" name="fct_explicit_na_if_works_as_expected_with_factor_input"/>
    <testcase time="0.00600000000000023" classname="utils_factor" name="fct_explicit_na_if_works_as_expected_with_factor_input">
      <skipped message="Reason: On CRAN ('test-utils_factor.R:149')"/>
    </testcase>
    <testcase time="0.0130000000000052" classname="utils_factor" name="fct_collapse_only_works_as_expected"/>
    <testcase time="0.00600000000000023" classname="utils_factor" name="fct_collapse_only_works_as_expected">
      <skipped message="Reason: On CRAN ('test-utils_factor.R:159')"/>
    </testcase>
    <testcase time="0.0129999999999768" classname="utils_factor" name="fct_collapse_only_uses_the_customized_na_level_as_expected"/>
    <testcase time="0.00600000000000023" classname="utils_factor" name="fct_collapse_only_uses_the_customized_na_level_as_expected">
      <skipped message="Reason: On CRAN ('test-utils_factor.R:167')"/>
    </testcase>
    <testcase time="0.01400000000001" classname="utils_factor" name="fct_collapse_only_works_as_expected_with_character_input"/>
    <testcase time="0.00600000000000023" classname="utils_factor" name="fct_collapse_only_works_as_expected_with_character_input">
      <skipped message="Reason: On CRAN ('test-utils_factor.R:175')"/>
    </testcase>
    <testcase time="0.0159999999999911" classname="utils_factor" name="fct_collapse_only_gives_comprehensible_error_when_.na_level_is_contained_in_new_levels"/>
  </testsuite>
  <testsuite name="utils_grid" timestamp="2023-02-01T23:54:11Z" hostname="309a2673c371" tests="8" skipped="0" failures="0" errors="0" time="0.087">
    <testcase time="0.0170000000000243" classname="utils_grid" name="stack_grobs_works_with_default_settings"/>
    <testcase time="0.00600000000000023" classname="utils_grid" name="stack_grobs_works_with_a_single_grob"/>
    <testcase time="0.0139999999999816" classname="utils_grid" name="arrange_grobs_works_with_default_settings"/>
    <testcase time="0.01400000000001" classname="utils_grid" name="arrange_grobs_works_with_multiple_dimensions"/>
    <testcase time="0.0139999999999816" classname="utils_grid" name="arrange_grobs_works_with_a_single_column"/>
    <testcase time="0.0100000000000193" classname="utils_grid" name="arrange_grobs_returns_error_when_invalid_dimensions_are_given"/>
    <testcase time="0.00600000000000023" classname="utils_grid" name="arrange_grobs_works_with_a_single_grob"/>
    <testcase time="0.00600000000000023" classname="utils_grid" name="draw_grob_works_with_viewport_specified"/>
  </testsuite>
  <testsuite name="utils_rtables" timestamp="2023-02-01T23:54:11Z" hostname="309a2673c371" tests="34" skipped="16" failures="0" errors="0" time="2.94">
    <testcase time="0.631999999999977" classname="utils_rtables" name="to_string_matrix_works_correctly"/>
    <testcase time="0.00600000000000023" classname="utils_rtables" name="to_string_matrix_works_correctly">
      <skipped message="Reason: On CRAN ('test-utils_rtables.R:14')"/>
    </testcase>
    <testcase time="0.0120000000000005" classname="utils_rtables" name="unlist_and_blank_na_works_as_expected_if_not_all_missing"/>
    <testcase time="0.00500000000002387" classname="utils_rtables" name="unlist_and_blank_na_works_as_expected_if_not_all_missing">
      <skipped message="Reason: On CRAN ('test-utils_rtables.R:44')"/>
    </testcase>
    <testcase time="0.0110000000000241" classname="utils_rtables" name="unlist_and_blank_na_works_as_expected_if_all_missing"/>
    <testcase time="0.00499999999999545" classname="utils_rtables" name="unlist_and_blank_na_works_as_expected_if_all_missing">
      <skipped message="Reason: On CRAN ('test-utils_rtables.R:52')"/>
    </testcase>
    <testcase time="0.0109999999999957" classname="utils_rtables" name="cfun_by_flag_works_as_expected"/>
    <testcase time="0.00200000000000955" classname="utils_rtables" name="cfun_by_flag_works_as_expected"/>
    <testcase time="0.00499999999999545" classname="utils_rtables" name="cfun_by_flag_works_as_expected">
      <skipped message="Reason: On CRAN ('test-utils_rtables.R:66')"/>
    </testcase>
    <testcase time="0.0130000000000052" classname="utils_rtables" name="labels_or_names_works_correctly"/>
    <testcase time="0.00499999999999545" classname="utils_rtables" name="labels_or_names_works_correctly">
      <skipped message="Reason: On CRAN ('test-utils_rtables.R:71')"/>
    </testcase>
    <testcase time="0.0120000000000005" classname="utils_rtables" name="c_label_n_works_as_expected"/>
    <testcase time="0.00499999999999545" classname="utils_rtables" name="c_label_n_works_as_expected">
      <skipped message="Reason: On CRAN ('test-utils_rtables.R:87')"/>
    </testcase>
    <testcase time="0.0529999999999973" classname="utils_rtables" name="add_rowcounts_works_with_one_row_split"/>
    <testcase time="0.0169999999999959" classname="utils_rtables" name="add_rowcounts_works_with_one_row_split">
      <skipped message="Reason: On CRAN ('test-utils_rtables.R:97')"/>
    </testcase>
    <testcase time="1.34399999999999" classname="utils_rtables" name="add_rowcounts_works_with_multiple_column_and_row_splits"/>
    <testcase time="0.278999999999996" classname="utils_rtables" name="add_rowcounts_works_with_multiple_column_and_row_splits">
      <skipped message="Reason: On CRAN ('test-utils_rtables.R:112')"/>
    </testcase>
    <testcase time="0.0330000000000155" classname="utils_rtables" name="h_col_indices_works_as_expected"/>
    <testcase time="0.00499999999999545" classname="utils_rtables" name="h_col_indices_works_as_expected">
      <skipped message="Reason: On CRAN ('test-utils_rtables.R:122')"/>
    </testcase>
    <testcase time="0.0310000000000059" classname="utils_rtables" name="as.rtable.data.frame_works_correctly"/>
    <testcase time="0.0389999999999873" classname="utils_rtables" name="as.rtable.data.frame_works_correctly">
      <skipped message="Reason: On CRAN ('test-utils_rtables.R:134')"/>
    </testcase>
    <testcase time="0.0169999999999959" classname="utils_rtables" name="as.rtable.data.frame_fails_when_a_column_is_not_numeric"/>
    <testcase time="0.0240000000000009" classname="utils_rtables" name="as.rtable.data.frame_uses_variable_labels_for_column_headers_when_they_are_available"/>
    <testcase time="0.00499999999999545" classname="utils_rtables" name="as.rtable.data.frame_uses_variable_labels_for_column_headers_when_they_are_available">
      <skipped message="Reason: On CRAN ('test-utils_rtables.R:155')"/>
    </testcase>
    <testcase time="0.0130000000000052" classname="utils_rtables" name="h_split_param_divides_param_values"/>
    <testcase time="0.00499999999999545" classname="utils_rtables" name="h_split_param_divides_param_values">
      <skipped message="Reason: On CRAN ('test-utils_rtables.R:168')"/>
    </testcase>
    <testcase time="0.0130000000000052" classname="utils_rtables" name="afun_selected_stats_works_for_NULL_input"/>
    <testcase time="0.00499999999999545" classname="utils_rtables" name="afun_selected_stats_works_for_NULL_input">
      <skipped message="Reason: On CRAN ('test-utils_rtables.R:181')"/>
    </testcase>
    <testcase time="0.0120000000000005" classname="utils_rtables" name="afun_selected_stats_works_for_character_input"/>
    <testcase time="0.00600000000000023" classname="utils_rtables" name="afun_selected_stats_works_for_character_input">
      <skipped message="Reason: On CRAN ('test-utils_rtables.R:188')"/>
    </testcase>
    <testcase time="0.104000000000013" classname="utils_rtables" name="append_varlabels_works_as_expected"/>
    <testcase time="0.0589999999999975" classname="utils_rtables" name="append_varlabels_works_as_expected">
      <skipped message="Reason: On CRAN ('test-utils_rtables.R:202')"/>
    </testcase>
    <testcase time="0.114000000000004" classname="utils_rtables" name="append_varlabels_correctly_concatenates_multiple_variable_labels"/>
    <testcase time="0.0379999999999825" classname="utils_rtables" name="append_varlabels_correctly_concatenates_multiple_variable_labels">
      <skipped message="Reason: On CRAN ('test-utils_rtables.R:214')"/>
    </testcase>
  </testsuite>
  <testsuite name="wrap_text" timestamp="2023-02-01T23:54:14Z" hostname="309a2673c371" tests="2" skipped="1" failures="0" errors="0" time="0.031">
    <testcase time="0.0250000000000057" classname="wrap_text" name="wrap_text_works_with_default_settings"/>
    <testcase time="0.00600000000000023" classname="wrap_text" name="wrap_text_works_with_default_settings">
      <skipped message="Reason: On CRAN ('test-wrap_text.R:7')"/>
    </testcase>
  </testsuite>
</testsuites>
